
============ PROCESS INFORMATION =============
||=====================Job description====================================||
You will get an output cif file for a list of dictionary restraints
based on the input cif file
Your input cif file : DB00231_fromSmiles_TMP/DB00231_fromSmiles_libcheck.lib
Your monomer name : UNL
The output dictionary file(cif) : DB00231_fromSmiles_TMP/DB00231_fromSmiles_cod.rst
||========================================================================||
The work mode is 11
NBDepth	1
inCifName	DB00231_fromSmiles_TMP/DB00231_fromSmiles_libcheck.lib
libMolTabDir	/Applications/ccp4-6.4.0/share/acedrg/tables
monoRootName	UNL
userOutName	DB00231_fromSmiles_TMP/DB00231_fromSmiles_cod.rst

Atom 0 : 
Its ID : O1
Its Chemical Type : O
Its CCP4 chemical type O
Its bonding index : 0
Its residue Name: SMILE
Its connected atoms are : 
C9
The coords for the atom are : 
0
0
0

Atom 1 : 
Its ID : C9
Its Chemical Type : C
Its CCP4 chemical type C
Its bonding index : 2
Its residue Name: SMILE
Its connected atoms are : 
C8
N
O1
The coords for the atom are : 
0.863
0.863
0

Atom 2 : 
Its ID : N
Its Chemical Type : N
Its CCP4 chemical type N
Its bonding index : 2
Its residue Name: SMILE
Its connected atoms are : 
C
C1
C9
The coords for the atom are : 
2.164
0.586
0

Atom 3 : 
Its ID : C
Its Chemical Type : C
Its CCP4 chemical type CH3
Its bonding index : 3
Its residue Name: SMILE
Its connected atoms are : 
N
H
H1
H2
The coords for the atom are : 
3.262
1.541
0

Atom 4 : 
Its ID : H2
Its Chemical Type : H
Its CCP4 chemical type H
Its bonding index : 0
Its residue Name: SMILE
Its connected atoms are : 
C
The coords for the atom are : 
3.201
2.149
-0.865

Atom 5 : 
Its ID : H1
Its Chemical Type : H
Its CCP4 chemical type H
Its bonding index : 0
Its residue Name: SMILE
Its connected atoms are : 
C
The coords for the atom are : 
3.201
2.149
0.865

Atom 6 : 
Its ID : H
Its Chemical Type : H
Its CCP4 chemical type H
Its bonding index : 0
Its residue Name: SMILE
Its connected atoms are : 
C
The coords for the atom are : 
4.183
1.019
0

Atom 7 : 
Its ID : C8
Its Chemical Type : C
Its CCP4 chemical type CH1
Its bonding index : 3
Its residue Name: SMILE
Its connected atoms are : 
N1
O
C9
H6
The coords for the atom are : 
0.487
2.315
0

Atom 8 : 
Its ID : H6
Its Chemical Type : H
Its CCP4 chemical type H
Its bonding index : 0
Its residue Name: SMILE
Its connected atoms are : 
C8
The coords for the atom are : 
-0.116
2.531
-0.893

Atom 9 : 
Its ID : O
Its Chemical Type : O
Its CCP4 chemical type OH1
Its bonding index : 2
Its residue Name: SMILE
Its connected atoms are : 
C8
H7
The coords for the atom are : 
-0.286
2.608
1.169

Atom 10 : 
Its ID : H7
Its Chemical Type : H
Its CCP4 chemical type H
Its bonding index : 0
Its residue Name: SMILE
Its connected atoms are : 
O
The coords for the atom are : 
-0.528
3.544
1.169

Atom 11 : 
Its ID : N1
Its Chemical Type : N
Its CCP4 chemical type N
Its bonding index : 2
Its residue Name: SMILE
Its connected atoms are : 
C7
C8
The coords for the atom are : 
1.663
3.172
0

Atom 12 : 
Its ID : C7
Its Chemical Type : C
Its CCP4 chemical type C
Its bonding index : 2
Its residue Name: SMILE
Its connected atoms are : 
C2
N1
C10
The coords for the atom are : 
2.823
2.682
0

Atom 13 : 
Its ID : C2
Its Chemical Type : C
Its CCP4 chemical type CR6
Its bonding index : 2
Its residue Name: SMILE
Its connected atoms are : 
C1
C3
C7
The coords for the atom are : 
3.009
1.193
0

Atom 14 : 
Its ID : C3
Its Chemical Type : C
Its CCP4 chemical type CR16
Its bonding index : 2
Its residue Name: SMILE
Its connected atoms are : 
C2
C4
H3
The coords for the atom are : 
4.289
0.652
0

Atom 15 : 
Its ID : H3
Its Chemical Type : H
Its CCP4 chemical type H
Its bonding index : 0
Its residue Name: SMILE
Its connected atoms are : 
C3
The coords for the atom are : 
4.423
-0.422
0

Atom 16 : 
Its ID : C4
Its Chemical Type : C
Its CCP4 chemical type CR6
Its bonding index : 2
Its residue Name: SMILE
Its connected atoms are : 
C3
CL
C5
The coords for the atom are : 
5.398
1.491
0

Atom 17 : 
Its ID : CL
Its Chemical Type : Cl
Its CCP4 chemical type CL
Its bonding index : 0
Its residue Name: SMILE
Its connected atoms are : 
C4
The coords for the atom are : 
7.051
0.792
0

Atom 18 : 
Its ID : C5
Its Chemical Type : C
Its CCP4 chemical type CR16
Its bonding index : 2
Its residue Name: SMILE
Its connected atoms are : 
C4
C6
H4
The coords for the atom are : 
5.226
2.87
0

Atom 19 : 
Its ID : H4
Its Chemical Type : H
Its CCP4 chemical type H
Its bonding index : 0
Its residue Name: SMILE
Its connected atoms are : 
C5
The coords for the atom are : 
6.09
3.524
0

Atom 20 : 
Its ID : C6
Its Chemical Type : C
Its CCP4 chemical type CR16
Its bonding index : 2
Its residue Name: SMILE
Its connected atoms are : 
C5
C1
H5
The coords for the atom are : 
3.946
3.411
0

Atom 21 : 
Its ID : H5
Its Chemical Type : H
Its CCP4 chemical type H
Its bonding index : 0
Its residue Name: SMILE
Its connected atoms are : 
C6
The coords for the atom are : 
3.812
4.486
0

Atom 22 : 
Its ID : C1
Its Chemical Type : C
Its CCP4 chemical type CR6
Its bonding index : 2
Its residue Name: SMILE
Its connected atoms are : 
N
C2
C6
The coords for the atom are : 
2.837
2.573
0

Atom 23 : 
Its ID : C10
Its Chemical Type : C
Its CCP4 chemical type CR6
Its bonding index : 2
Its residue Name: SMILE
Its connected atoms are : 
C7
C11
C15
The coords for the atom are : 
4.02
3.587
0

Atom 24 : 
Its ID : C15
Its Chemical Type : C
Its CCP4 chemical type CR16
Its bonding index : 2
Its residue Name: SMILE
Its connected atoms are : 
C14
C10
H12
The coords for the atom are : 
5.3
3.046
0

Atom 25 : 
Its ID : H12
Its Chemical Type : H
Its CCP4 chemical type H
Its bonding index : 0
Its residue Name: SMILE
Its connected atoms are : 
C15
The coords for the atom are : 
6.164
3.699
0

Atom 26 : 
Its ID : C14
Its Chemical Type : C
Its CCP4 chemical type CR16
Its bonding index : 2
Its residue Name: SMILE
Its connected atoms are : 
C13
C15
H11
The coords for the atom are : 
5.472
1.666
0

Atom 27 : 
Its ID : H11
Its Chemical Type : H
Its CCP4 chemical type H
Its bonding index : 0
Its residue Name: SMILE
Its connected atoms are : 
C14
The coords for the atom are : 
6.47
1.245
0

Atom 28 : 
Its ID : C13
Its Chemical Type : C
Its CCP4 chemical type CR16
Its bonding index : 2
Its residue Name: SMILE
Its connected atoms are : 
C12
C14
H10
The coords for the atom are : 
4.363
0.828
0

Atom 29 : 
Its ID : H10
Its Chemical Type : H
Its CCP4 chemical type H
Its bonding index : 0
Its residue Name: SMILE
Its connected atoms are : 
C13
The coords for the atom are : 
4.497
-0.247
0

Atom 30 : 
Its ID : C12
Its Chemical Type : C
Its CCP4 chemical type CR16
Its bonding index : 2
Its residue Name: SMILE
Its connected atoms are : 
C11
C13
H9
The coords for the atom are : 
3.083
1.369
0

Atom 31 : 
Its ID : H9
Its Chemical Type : H
Its CCP4 chemical type H
Its bonding index : 0
Its residue Name: SMILE
Its connected atoms are : 
C12
The coords for the atom are : 
2.219
0.716
0

Atom 32 : 
Its ID : C11
Its Chemical Type : C
Its CCP4 chemical type CR16
Its bonding index : 2
Its residue Name: SMILE
Its connected atoms are : 
C10
C12
H8
The coords for the atom are : 
2.911
2.748
0

Atom 33 : 
Its ID : H8
Its Chemical Type : H
Its CCP4 chemical type H
Its bonding index : 0
Its residue Name: SMILE
Its connected atoms are : 
C11
The coords for the atom are : 
1.914
3.17
0
For Bond : 0
It is in Residue: SMILE
Its component atom1 C
Its component atom2 N
For Bond : 1
It is in Residue: SMILE
Its component atom1 N
Its component atom2 C1
For Bond : 2
It is in Residue: SMILE
Its component atom1 C1
Its component atom2 C2
For Bond : 3
It is in Residue: SMILE
Its component atom1 C3
Its component atom2 C2
For Bond : 4
It is in Residue: SMILE
Its component atom1 C4
Its component atom2 C3
For Bond : 5
It is in Residue: SMILE
Its component atom1 CL
Its component atom2 C4
For Bond : 6
It is in Residue: SMILE
Its component atom1 C5
Its component atom2 C4
For Bond : 7
It is in Residue: SMILE
Its component atom1 C6
Its component atom2 C5
For Bond : 8
It is in Residue: SMILE
Its component atom1 C1
Its component atom2 C6
For Bond : 9
It is in Residue: SMILE
Its component atom1 C2
Its component atom2 C7
For Bond : 10
It is in Residue: SMILE
Its component atom1 C7
Its component atom2 N1
For Bond : 11
It is in Residue: SMILE
Its component atom1 N1
Its component atom2 C8
For Bond : 12
It is in Residue: SMILE
Its component atom1 O
Its component atom2 C8
For Bond : 13
It is in Residue: SMILE
Its component atom1 C8
Its component atom2 C9
For Bond : 14
It is in Residue: SMILE
Its component atom1 N
Its component atom2 C9
For Bond : 15
It is in Residue: SMILE
Its component atom1 C9
Its component atom2 O1
For Bond : 16
It is in Residue: SMILE
Its component atom1 C10
Its component atom2 C7
For Bond : 17
It is in Residue: SMILE
Its component atom1 C10
Its component atom2 C11
For Bond : 18
It is in Residue: SMILE
Its component atom1 C11
Its component atom2 C12
For Bond : 19
It is in Residue: SMILE
Its component atom1 C12
Its component atom2 C13
For Bond : 20
It is in Residue: SMILE
Its component atom1 C13
Its component atom2 C14
For Bond : 21
It is in Residue: SMILE
Its component atom1 C14
Its component atom2 C15
For Bond : 22
It is in Residue: SMILE
Its component atom1 C15
Its component atom2 C10
For Bond : 23
It is in Residue: SMILE
Its component atom1 H
Its component atom2 C
For Bond : 24
It is in Residue: SMILE
Its component atom1 H1
Its component atom2 C
For Bond : 25
It is in Residue: SMILE
Its component atom1 H2
Its component atom2 C
For Bond : 26
It is in Residue: SMILE
Its component atom1 H3
Its component atom2 C3
For Bond : 27
It is in Residue: SMILE
Its component atom1 H4
Its component atom2 C5
For Bond : 28
It is in Residue: SMILE
Its component atom1 H5
Its component atom2 C6
For Bond : 29
It is in Residue: SMILE
Its component atom1 H6
Its component atom2 C8
For Bond : 30
It is in Residue: SMILE
Its component atom1 H7
Its component atom2 O
For Bond : 31
It is in Residue: SMILE
Its component atom1 H8
Its component atom2 C11
For Bond : 32
It is in Residue: SMILE
Its component atom1 H9
Its component atom2 C12
For Bond : 33
It is in Residue: SMILE
Its component atom1 H10
Its component atom2 C13
For Bond : 34
It is in Residue: SMILE
Its component atom1 H11
Its component atom2 C14
For Bond : 35
It is in Residue: SMILE
Its component atom1 H12
Its component atom2 C15
Atom ID: O1
Atom chemType: O
Atom chemType of COD classes: O
Atom ID: C9
Atom chemType: C
Atom chemType of COD classes: c
Atom ID: N
Atom chemType: N
Atom chemType of COD classes: n
Atom ID: C
Atom chemType: C
Atom chemType of COD classes: C
Atom ID: H2
Atom chemType: H
Atom chemType of COD classes: H
Atom ID: H1
Atom chemType: H
Atom chemType of COD classes: H
Atom ID: H
Atom chemType: H
Atom chemType of COD classes: H
Atom ID: C8
Atom chemType: C
Atom chemType of COD classes: C
Atom ID: H6
Atom chemType: H
Atom chemType of COD classes: H
Atom ID: O
Atom chemType: O
Atom chemType of COD classes: o
Atom ID: H7
Atom chemType: H
Atom chemType of COD classes: H
Atom ID: N1
Atom chemType: N
Atom chemType of COD classes: n
Atom ID: C7
Atom chemType: C
Atom chemType of COD classes: c
Atom ID: C2
Atom chemType: C
Atom chemType of COD classes: c
Atom ID: C3
Atom chemType: C
Atom chemType of COD classes: c
Atom ID: H3
Atom chemType: H
Atom chemType of COD classes: H
Atom ID: C4
Atom chemType: C
Atom chemType of COD classes: c
Atom ID: CL
Atom chemType: Cl
Atom chemType of COD classes: Cl
Atom ID: C5
Atom chemType: C
Atom chemType of COD classes: c
Atom ID: H4
Atom chemType: H
Atom chemType of COD classes: H
Atom ID: C6
Atom chemType: C
Atom chemType of COD classes: c
Atom ID: H5
Atom chemType: H
Atom chemType of COD classes: H
Atom ID: C1
Atom chemType: C
Atom chemType of COD classes: c
Atom ID: C10
Atom chemType: C
Atom chemType of COD classes: c
Atom ID: C15
Atom chemType: C
Atom chemType of COD classes: c
Atom ID: H12
Atom chemType: H
Atom chemType of COD classes: H
Atom ID: C14
Atom chemType: C
Atom chemType of COD classes: c
Atom ID: H11
Atom chemType: H
Atom chemType of COD classes: H
Atom ID: C13
Atom chemType: C
Atom chemType of COD classes: c
Atom ID: H10
Atom chemType: H
Atom chemType of COD classes: H
Atom ID: C12
Atom chemType: C
Atom chemType of COD classes: c
Atom ID: H9
Atom chemType: H
Atom chemType of COD classes: H
Atom ID: C11
Atom chemType: C
Atom chemType of COD classes: c
Atom ID: H8
Atom chemType: H
Atom chemType of COD classes: H
Set torsion angles around the bond of atom C and N
Set torsion angles around the bond of atom C1 and N
Set torsion angles around the bond of atom C2 and C3
Set torsion angles around the bond of atom C2 and C7
Set torsion angles around the bond of atom C7 and N1
Set torsion angles around the bond of atom C8 and N1
Set torsion angles around the bond of atom C8 and O
Set torsion angles around the bond of atom C8 and C9
Set torsion angles around the bond of atom C9 and N
Set torsion angles around the bond of atom C10 and C7
Set torsion angles around the bond of atom C10 and C15
All torsions have been setup 
Torsion angle 0
Its atoms are : 
atom C15
atom C10
atom C11
atom C12
Torsion angle 1
Its atoms are : 
atom C15
atom C10
atom C11
atom H8
Torsion angle 2
Its atoms are : 
atom C7
atom C10
atom C11
atom C12
Torsion angle 3
Its atoms are : 
atom C7
atom C10
atom C11
atom H8
Torsion angle 4
Its atoms are : 
atom C10
atom C11
atom C12
atom C13
Torsion angle 5
Its atoms are : 
atom C10
atom C11
atom C12
atom H9
Torsion angle 6
Its atoms are : 
atom H8
atom C11
atom C12
atom C13
Torsion angle 7
Its atoms are : 
atom H8
atom C11
atom C12
atom H9
Torsion angle 8
Its atoms are : 
atom C11
atom C12
atom C13
atom C14
Torsion angle 9
Its atoms are : 
atom C11
atom C12
atom C13
atom H10
Torsion angle 10
Its atoms are : 
atom H9
atom C12
atom C13
atom C14
Torsion angle 11
Its atoms are : 
atom H9
atom C12
atom C13
atom H10
Torsion angle 12
Its atoms are : 
atom C12
atom C13
atom C14
atom C15
Torsion angle 13
Its atoms are : 
atom C12
atom C13
atom C14
atom H11
Torsion angle 14
Its atoms are : 
atom H10
atom C13
atom C14
atom C15
Torsion angle 15
Its atoms are : 
atom H10
atom C13
atom C14
atom H11
Torsion angle 16
Its atoms are : 
atom C13
atom C14
atom C15
atom C10
Torsion angle 17
Its atoms are : 
atom C13
atom C14
atom C15
atom H12
Torsion angle 18
Its atoms are : 
atom H11
atom C14
atom C15
atom C10
Torsion angle 19
Its atoms are : 
atom H11
atom C14
atom C15
atom H12
Torsion angle 20
Its atoms are : 
atom C6
atom C1
atom C2
atom C3
Torsion angle 21
Its atoms are : 
atom C6
atom C1
atom C2
atom C7
Torsion angle 22
Its atoms are : 
atom N
atom C1
atom C2
atom C3
Torsion angle 23
Its atoms are : 
atom N
atom C1
atom C2
atom C7
Torsion angle 24
Its atoms are : 
atom C2
atom C1
atom C6
atom C5
Torsion angle 25
Its atoms are : 
atom C2
atom C1
atom C6
atom H5
Torsion angle 26
Its atoms are : 
atom N
atom C1
atom C6
atom C5
Torsion angle 27
Its atoms are : 
atom N
atom C1
atom C6
atom H5
Torsion angle 28
Its atoms are : 
atom C4
atom C5
atom C6
atom C1
Torsion angle 29
Its atoms are : 
atom C4
atom C5
atom C6
atom H5
Torsion angle 30
Its atoms are : 
atom H4
atom C5
atom C6
atom C1
Torsion angle 31
Its atoms are : 
atom H4
atom C5
atom C6
atom H5
Torsion angle 32
Its atoms are : 
atom C3
atom C4
atom C5
atom C6
Torsion angle 33
Its atoms are : 
atom C3
atom C4
atom C5
atom H4
Torsion angle 34
Its atoms are : 
atom CL
atom C4
atom C5
atom C6
Torsion angle 35
Its atoms are : 
atom CL
atom C4
atom C5
atom H4
Torsion angle 36
Its atoms are : 
atom C2
atom C3
atom C4
atom C5
Torsion angle 37
Its atoms are : 
atom C2
atom C3
atom C4
atom CL
Torsion angle 38
Its atoms are : 
atom H3
atom C3
atom C4
atom C5
Torsion angle 39
Its atoms are : 
atom H3
atom C3
atom C4
atom CL
Torsion angle 40
Its atoms are : 
atom C1
atom N
atom C
atom H
Torsion angle 41
Its atoms are : 
atom C1
atom N
atom C
atom H1
Torsion angle 42
Its atoms are : 
atom C1
atom N
atom C
atom H2
Torsion angle 43
Its atoms are : 
atom C9
atom N
atom C
atom H
Torsion angle 44
Its atoms are : 
atom C9
atom N
atom C
atom H1
Torsion angle 45
Its atoms are : 
atom C9
atom N
atom C
atom H2
Torsion angle 46
Its atoms are : 
atom C2
atom C1
atom N
atom C9
Torsion angle 47
Its atoms are : 
atom C2
atom C1
atom N
atom C
Torsion angle 48
Its atoms are : 
atom C6
atom C1
atom N
atom C9
Torsion angle 49
Its atoms are : 
atom C6
atom C1
atom N
atom C
Torsion angle 50
Its atoms are : 
atom C1
atom C2
atom C3
atom C4
Torsion angle 51
Its atoms are : 
atom C1
atom C2
atom C3
atom H3
Torsion angle 52
Its atoms are : 
atom C7
atom C2
atom C3
atom C4
Torsion angle 53
Its atoms are : 
atom C7
atom C2
atom C3
atom H3
Torsion angle 54
Its atoms are : 
atom C1
atom C2
atom C7
atom C10
Torsion angle 55
Its atoms are : 
atom C1
atom C2
atom C7
atom N1
Torsion angle 56
Its atoms are : 
atom C3
atom C2
atom C7
atom C10
Torsion angle 57
Its atoms are : 
atom C3
atom C2
atom C7
atom N1
Torsion angle 58
Its atoms are : 
atom C2
atom C7
atom N1
atom C8
Torsion angle 59
Its atoms are : 
atom C10
atom C7
atom N1
atom C8
Torsion angle 60
Its atoms are : 
atom C7
atom N1
atom C8
atom C9
Torsion angle 61
Its atoms are : 
atom C7
atom N1
atom C8
atom O
Torsion angle 62
Its atoms are : 
atom C7
atom N1
atom C8
atom H6
Torsion angle 63
Its atoms are : 
atom N1
atom C8
atom O
atom H7
Torsion angle 64
Its atoms are : 
atom C9
atom C8
atom O
atom H7
Torsion angle 65
Its atoms are : 
atom H6
atom C8
atom O
atom H7
Torsion angle 66
Its atoms are : 
atom N
atom C9
atom C8
atom O
Torsion angle 67
Its atoms are : 
atom N
atom C9
atom C8
atom N1
Torsion angle 68
Its atoms are : 
atom N
atom C9
atom C8
atom H6
Torsion angle 69
Its atoms are : 
atom O1
atom C9
atom C8
atom O
Torsion angle 70
Its atoms are : 
atom O1
atom C9
atom C8
atom N1
Torsion angle 71
Its atoms are : 
atom O1
atom C9
atom C8
atom H6
Torsion angle 72
Its atoms are : 
atom C8
atom C9
atom N
atom C1
Torsion angle 73
Its atoms are : 
atom C8
atom C9
atom N
atom C
Torsion angle 74
Its atoms are : 
atom O1
atom C9
atom N
atom C1
Torsion angle 75
Its atoms are : 
atom O1
atom C9
atom N
atom C
Torsion angle 76
Its atoms are : 
atom C11
atom C10
atom C7
atom C2
Torsion angle 77
Its atoms are : 
atom C11
atom C10
atom C7
atom N1
Torsion angle 78
Its atoms are : 
atom C15
atom C10
atom C7
atom C2
Torsion angle 79
Its atoms are : 
atom C15
atom C10
atom C7
atom N1
Torsion angle 80
Its atoms are : 
atom C11
atom C10
atom C15
atom C14
Torsion angle 81
Its atoms are : 
atom C11
atom C10
atom C15
atom H12
Torsion angle 82
Its atoms are : 
atom C7
atom C10
atom C15
atom C14
Torsion angle 83
Its atoms are : 
atom C7
atom C10
atom C15
atom H12

Atom 0 : 
Its ID : O1
Its Chemical Type : O
Its bonding index : 0
Its CCP4 atom type : O
Its residue Name: SMILE
Its connected atoms are : 
C9

Atom 1 : 
Its ID : C9
Its Chemical Type : C
Its bonding index : 2
Its CCP4 atom type : C
Its residue Name: SMILE
Its connected atoms are : 
C8
N
O1

Atom 2 : 
Its ID : N
Its Chemical Type : N
Its bonding index : 2
Its CCP4 atom type : N
Its residue Name: SMILE
Its connected atoms are : 
C
C1
C9

Atom 3 : 
Its ID : C
Its Chemical Type : C
Its bonding index : 3
Its CCP4 atom type : CH3
Its residue Name: SMILE
Its connected atoms are : 
N
H
H1
H2

Atom 4 : 
Its ID : H2
Its Chemical Type : H
Its bonding index : 0
Its CCP4 atom type : H
Its residue Name: SMILE
Its connected atoms are : 
C

Atom 5 : 
Its ID : H1
Its Chemical Type : H
Its bonding index : 0
Its CCP4 atom type : H
Its residue Name: SMILE
Its connected atoms are : 
C

Atom 6 : 
Its ID : H
Its Chemical Type : H
Its bonding index : 0
Its CCP4 atom type : H
Its residue Name: SMILE
Its connected atoms are : 
C

Atom 7 : 
Its ID : C8
Its Chemical Type : C
Its bonding index : 3
Its CCP4 atom type : CH1
Its residue Name: SMILE
Its connected atoms are : 
N1
O
C9
H6

Atom 8 : 
Its ID : H6
Its Chemical Type : H
Its bonding index : 0
Its CCP4 atom type : H
Its residue Name: SMILE
Its connected atoms are : 
C8

Atom 9 : 
Its ID : O
Its Chemical Type : O
Its bonding index : 2
Its CCP4 atom type : OH1
Its residue Name: SMILE
Its connected atoms are : 
C8
H7

Atom 10 : 
Its ID : H7
Its Chemical Type : H
Its bonding index : 0
Its CCP4 atom type : H
Its residue Name: SMILE
Its connected atoms are : 
O

Atom 11 : 
Its ID : N1
Its Chemical Type : N
Its bonding index : 2
Its CCP4 atom type : N
Its residue Name: SMILE
Its connected atoms are : 
C7
C8

Atom 12 : 
Its ID : C7
Its Chemical Type : C
Its bonding index : 2
Its CCP4 atom type : C
Its residue Name: SMILE
Its connected atoms are : 
C2
N1
C10

Atom 13 : 
Its ID : C2
Its Chemical Type : C
Its bonding index : 2
Its CCP4 atom type : CR6
Its residue Name: SMILE
Its connected atoms are : 
C1
C3
C7

Atom 14 : 
Its ID : C3
Its Chemical Type : C
Its bonding index : 2
Its CCP4 atom type : CR16
Its residue Name: SMILE
Its connected atoms are : 
C2
C4
H3

Atom 15 : 
Its ID : H3
Its Chemical Type : H
Its bonding index : 0
Its CCP4 atom type : H
Its residue Name: SMILE
Its connected atoms are : 
C3

Atom 16 : 
Its ID : C4
Its Chemical Type : C
Its bonding index : 2
Its CCP4 atom type : CR6
Its residue Name: SMILE
Its connected atoms are : 
C3
CL
C5

Atom 17 : 
Its ID : CL
Its Chemical Type : Cl
Its bonding index : 0
Its CCP4 atom type : CL
Its residue Name: SMILE
Its connected atoms are : 
C4

Atom 18 : 
Its ID : C5
Its Chemical Type : C
Its bonding index : 2
Its CCP4 atom type : CR16
Its residue Name: SMILE
Its connected atoms are : 
C4
C6
H4

Atom 19 : 
Its ID : H4
Its Chemical Type : H
Its bonding index : 0
Its CCP4 atom type : H
Its residue Name: SMILE
Its connected atoms are : 
C5

Atom 20 : 
Its ID : C6
Its Chemical Type : C
Its bonding index : 2
Its CCP4 atom type : CR16
Its residue Name: SMILE
Its connected atoms are : 
C5
C1
H5

Atom 21 : 
Its ID : H5
Its Chemical Type : H
Its bonding index : 0
Its CCP4 atom type : H
Its residue Name: SMILE
Its connected atoms are : 
C6

Atom 22 : 
Its ID : C1
Its Chemical Type : C
Its bonding index : 2
Its CCP4 atom type : CR6
Its residue Name: SMILE
Its connected atoms are : 
N
C2
C6

Atom 23 : 
Its ID : C10
Its Chemical Type : C
Its bonding index : 2
Its CCP4 atom type : CR6
Its residue Name: SMILE
Its connected atoms are : 
C7
C11
C15

Atom 24 : 
Its ID : C15
Its Chemical Type : C
Its bonding index : 2
Its CCP4 atom type : CR16
Its residue Name: SMILE
Its connected atoms are : 
C14
C10
H12

Atom 25 : 
Its ID : H12
Its Chemical Type : H
Its bonding index : 0
Its CCP4 atom type : H
Its residue Name: SMILE
Its connected atoms are : 
C15

Atom 26 : 
Its ID : C14
Its Chemical Type : C
Its bonding index : 2
Its CCP4 atom type : CR16
Its residue Name: SMILE
Its connected atoms are : 
C13
C15
H11

Atom 27 : 
Its ID : H11
Its Chemical Type : H
Its bonding index : 0
Its CCP4 atom type : H
Its residue Name: SMILE
Its connected atoms are : 
C14

Atom 28 : 
Its ID : C13
Its Chemical Type : C
Its bonding index : 2
Its CCP4 atom type : CR16
Its residue Name: SMILE
Its connected atoms are : 
C12
C14
H10

Atom 29 : 
Its ID : H10
Its Chemical Type : H
Its bonding index : 0
Its CCP4 atom type : H
Its residue Name: SMILE
Its connected atoms are : 
C13

Atom 30 : 
Its ID : C12
Its Chemical Type : C
Its bonding index : 2
Its CCP4 atom type : CR16
Its residue Name: SMILE
Its connected atoms are : 
C11
C13
H9

Atom 31 : 
Its ID : H9
Its Chemical Type : H
Its bonding index : 0
Its CCP4 atom type : H
Its residue Name: SMILE
Its connected atoms are : 
C12

Atom 32 : 
Its ID : C11
Its Chemical Type : C
Its bonding index : 2
Its CCP4 atom type : CR16
Its residue Name: SMILE
Its connected atoms are : 
C10
C12
H8

Atom 33 : 
Its ID : H8
Its Chemical Type : H
Its bonding index : 0
Its CCP4 atom type : H
Its residue Name: SMILE
Its connected atoms are : 
C11

For atom O1
class is O(CCN)

For atom C9
class is C(CHNO)(NCC)(O)

For atom N
class is N(C[6]CC)(CH3)(CCO)

For atom C
class is C(NCC)(H)3

For atom H2
class is H(CHHN)

For atom H1
class is H(CHHN)

For atom H
class is H(CHHN)

For atom C8
class is C(CNO)(NC)(OH)(H)

For atom H6
class is H(CCNO)

For atom O
class is O(CCHN)(H)

For atom H7
class is H(OC)

For atom N1
class is N(CCHO)(CCC)

For atom C7
class is C(C[6]CC)2(NC)

For atom C2
class is C[6](C[6]CH)(C[6]CN)(CCN)

For atom C3
class is C[6](C[6]ClC)(C[6]CC)(H)

For atom H3
class is H(C[6]CC)

For atom C4
class is C[6](C[6]CH)2(Cl)

For atom CL
class is Cl(C[6]CC)

For atom C5
class is C[6](C[6]ClC)(C[6]CH)(H)

For atom H4
class is H(C[6]CC)

For atom C6
class is C[6](C[6]CH)(C[6]CN)(H)

For atom H5
class is H(C[6]CC)

For atom C1
class is C[6](C[6]CC)(C[6]CH)(NCC)

For atom C10
class is C[6](C[6]CH)2(CCN)

For atom C15
class is C[6](C[6]CC)(C[6]CH)(H)

For atom H12
class is H(C[6]CC)

For atom C14
class is C[6](C[6]CH)2(H)

For atom H11
class is H(C[6]CC)

For atom C13
class is C[6](C[6]CH)2(H)

For atom H10
class is H(C[6]CC)

For atom C12
class is C[6](C[6]CH)2(H)

For atom H9
class is H(C[6]CC)

For atom C11
class is C[6](C[6]CC)(C[6]CH)(H)

For atom H8
class is H(C[6]CC)
libmol table should be /Applications/ccp4-6.4.0/share/acedrg/tables
Clustering COD org bonds started at Thu Oct  9 20:26:31 2014
Finish clustering COD org bonds 
finished at Thu Oct  9 20:26:33 2014
it takes 2 seconds to finish group COD bonds 
Group COD bonds involving metal elements 
Bond between C and N
 search a org-related bond c 
for target bond of atoms C and N
chemType : C COD classes : C(NCC)(H)3
chemType : N COD classes : N(C[6]CC)(CH3)(CCO)
ha1 673 ha2 981
 a1NB2 3:1:1:1: a2NB2 3:4:3:
 a1NB N-3:H-1:H-1:H-1: a2NB C[6]-3:C-4:C-3:
 a1C C(NCC)(H)3 a2C N(C[6]CC)(CH3)(CCO)
atom 1 CH3  atom 2 N
Found all hashing codes
find 3:1:1:1:
 find 3:4:3:
 find N-3:H-1:H-1:H-1:
 find C[6]-3:C-4:C-3:
 find C(NCC)(H)3
Found exact matches of atom cod-classes 
The final target bond value is 1.47
Bond between N and C1
 search a org-related bond c 
for target bond of atoms N and C1
chemType : C COD classes : C[6](C[6]CC)(C[6]CH)(NCC)
chemType : N COD classes : N(C[6]CC)(CH3)(CCO)
ha1 29 ha2 981
 a1NB2 3:3:3: a2NB2 3:4:3:
 a1NB C[6]-3:C[6]-3:N-3: a2NB C[6]-3:C-4:C-3:
 a1C C[6](C[6]CC)(C[6]CH)(NCC) a2C N(C[6]CC)(CH3)(CCO)
atom 1 CR6  atom 2 N
Found all hashing codes
find 3:3:3:
 find 3:4:3:
 find C[6]-3:C[6]-3:N-3:
 find C[6]-3:C-4:C-3:
 find C[6](C[6]CC)(C[6]CH)(NCC)
Found exact matches of atom cod-classes 
The final target bond value is 1.44
Bond between C1 and C2
 search a org-related bond c 
for target bond of atoms C1 and C2
chemType : C COD classes : C[6](C[6]CC)(C[6]CH)(NCC)
chemType : C COD classes : C[6](C[6]CH)(C[6]CN)(CCN)
ha1 29 ha2 29
 a1NB2 3:3:3: a2NB2 3:3:3:
 a1NB C[6]-3:C[6]-3:N-3: a2NB C[6]-3:C[6]-3:C-3:
 a1C C[6](C[6]CC)(C[6]CH)(NCC) a2C C[6](C[6]CH)(C[6]CN)(CCN)
atom 1 CR6  atom 2 CR6
Found all hashing codes
find 3:3:3:
 find 3:3:3:
 find C[6]-3:C[6]-3:N-3:
 find C[6]-3:C[6]-3:C-3:
 find C[6](C[6]CC)(C[6]CH)(NCC)
iFind 6
The final target bond value is 1.4
Bond between C3 and C2
 search a org-related bond c 
for target bond of atoms C3 and C2
chemType : C COD classes : C[6](C[6]CH)(C[6]CN)(CCN)
chemType : C COD classes : C[6](C[6]ClC)(C[6]CC)(H)
ha1 29 ha2 29
 a1NB2 3:3:1: a2NB2 3:3:3:
 a1NB C[6]-3:C[6]-3:H-1: a2NB C[6]-3:C[6]-3:C-3:
 a1C C[6](C[6]ClC)(C[6]CC)(H) a2C C[6](C[6]CH)(C[6]CN)(CCN)
atom 1 CR6  atom 2 CR16
Found all hashing codes
find 3:3:1:
 find 3:3:3:
 find C[6]-3:C[6]-3:H-1:
 find C[6]-3:C[6]-3:C-3:
 find C[6](C[6]ClC)(C[6]CC)(H)
Found exact matches of atom cod-classes 
The final target bond value is 1.4
Bond between C4 and C3
 search a org-related bond c 
for target bond of atoms C4 and C3
chemType : C COD classes : C[6](C[6]ClC)(C[6]CC)(H)
chemType : C COD classes : C[6](C[6]CH)2(Cl)
ha1 29 ha2 29
 a1NB2 3:3:1: a2NB2 3:3:1:
 a1NB C[6]-3:C[6]-3:Cl-1: a2NB C[6]-3:C[6]-3:H-1:
 a1C C[6](C[6]CH)2(Cl) a2C C[6](C[6]ClC)(C[6]CC)(H)
atom 1 CR16  atom 2 CR6
Found all hashing codes
find 3:3:1:
 find 3:3:1:
 find C[6]-3:C[6]-3:Cl-1:
 find C[6]-3:C[6]-3:H-1:
 find C[6](C[6]CH)2(Cl)
Found exact matches of atom cod-classes 
The final target bond value is 1.38
Bond between CL and C4
 search a org-related bond c 
for target bond of atoms CL and C4
chemType : C COD classes : C[6](C[6]CH)2(Cl)
chemType : Cl COD classes : Cl(C[6]CC)
ha1 29 ha2 517
 a1NB2 3:3:1: a2NB2 3:
 a1NB C[6]-3:C[6]-3:Cl-1: a2NB C[6]-3:
 a1C C[6](C[6]CH)2(Cl) a2C Cl(C[6]CC)
atom 1 CR6  atom 2 CL
Found all hashing codes
find 3:3:1:
 find 3:
 find C[6]-3:C[6]-3:Cl-1:
 find C[6]-3:
 find C[6](C[6]CH)2(Cl)
Found exact matches of atom cod-classes 
The final target bond value is 1.74
Bond between C5 and C4
 search a org-related bond c 
for target bond of atoms C5 and C4
chemType : C COD classes : C[6](C[6]CH)2(Cl)
chemType : C COD classes : C[6](C[6]ClC)(C[6]CH)(H)
ha1 29 ha2 29
 a1NB2 3:3:1: a2NB2 3:3:1:
 a1NB C[6]-3:C[6]-3:Cl-1: a2NB C[6]-3:C[6]-3:H-1:
 a1C C[6](C[6]CH)2(Cl) a2C C[6](C[6]ClC)(C[6]CH)(H)
atom 1 CR6  atom 2 CR16
Found all hashing codes
find 3:3:1:
 find 3:3:1:
 find C[6]-3:C[6]-3:Cl-1:
 find C[6]-3:C[6]-3:H-1:
 find C[6](C[6]CH)2(Cl)
Found exact matches of atom cod-classes 
The final target bond value is 1.38
Bond between C6 and C5
 search a org-related bond c 
for target bond of atoms C6 and C5
chemType : C COD classes : C[6](C[6]ClC)(C[6]CH)(H)
chemType : C COD classes : C[6](C[6]CH)(C[6]CN)(H)
ha1 29 ha2 29
 a1NB2 3:3:1: a2NB2 3:3:1:
 a1NB C[6]-3:C[6]-3:H-1: a2NB C[6]-3:C[6]-3:H-1:
 a1C C[6](C[6]CH)(C[6]CN)(H) a2C C[6](C[6]ClC)(C[6]CH)(H)
atom 1 CR16  atom 2 CR16
Found all hashing codes
find 3:3:1:
 find 3:3:1:
 find C[6]-3:C[6]-3:H-1:
 find C[6]-3:C[6]-3:H-1:
 find C[6](C[6]CH)(C[6]CN)(H)
Found exact matches of atom cod-classes 
The final target bond value is 1.38
Bond between C1 and C6
 search a org-related bond c 
for target bond of atoms C1 and C6
chemType : C COD classes : C[6](C[6]CC)(C[6]CH)(NCC)
chemType : C COD classes : C[6](C[6]CH)(C[6]CN)(H)
ha1 29 ha2 29
 a1NB2 3:3:1: a2NB2 3:3:3:
 a1NB C[6]-3:C[6]-3:H-1: a2NB C[6]-3:C[6]-3:N-3:
 a1C C[6](C[6]CH)(C[6]CN)(H) a2C C[6](C[6]CC)(C[6]CH)(NCC)
atom 1 CR6  atom 2 CR16
Found all hashing codes
find 3:3:1:
 find 3:3:3:
 find C[6]-3:C[6]-3:H-1:
 find C[6]-3:C[6]-3:N-3:
 find C[6](C[6]CH)(C[6]CN)(H)
Found exact matches of atom cod-classes 
The final target bond value is 1.4
Bond between C2 and C7
 search a org-related bond c 
for target bond of atoms C2 and C7
chemType : C COD classes : C[6](C[6]CH)(C[6]CN)(CCN)
chemType : C COD classes : C(C[6]CC)2(NC)
ha1 29 ha2 699
 a1NB2 3:3:3: a2NB2 3:3:2:
 a1NB C[6]-3:C[6]-3:C-3: a2NB C[6]-3:C[6]-3:N-2:
 a1C C[6](C[6]CH)(C[6]CN)(CCN) a2C C(C[6]CC)2(NC)
atom 1 CR6  atom 2 C
Found all hashing codes
find 3:3:3:
 find 3:3:2:
 find C[6]-3:C[6]-3:C-3:
 find C[6]-3:C[6]-3:N-2:
 find C[6](C[6]CH)(C[6]CN)(CCN)
iFind 6
The final target bond value is 1.49
Bond between C7 and N1
 search a org-related bond c 
for target bond of atoms C7 and N1
chemType : C COD classes : C(C[6]CC)2(NC)
chemType : N COD classes : N(CCHO)(CCC)
ha1 269 ha2 699
 a1NB2 4:3: a2NB2 3:3:2:
 a1NB C-4:C-3: a2NB C[6]-3:C[6]-3:N-2:
 a1C N(CCHO)(CCC) a2C C(C[6]CC)2(NC)
atom 1 C  atom 2 N
Found all hashing codes
find 4:3:
 find 3:3:2:
 find C-4:C-3:
 find C[6]-3:C[6]-3:N-2:
iFind 5
The final target bond value is 1.29
Bond between N1 and C8
 search a org-related bond c 
for target bond of atoms N1 and C8
chemType : C COD classes : C(CNO)(NC)(OH)(H)
chemType : N COD classes : N(CCHO)(CCC)
ha1 269 ha2 673
 a1NB2 4:3: a2NB2 3:2:2:1:
 a1NB C-4:C-3: a2NB C-3:N-2:O-2:H-1:
 a1C N(CCHO)(CCC) a2C C(CNO)(NC)(OH)(H)
atom 1 CH1  atom 2 N
Found all hashing codes
find 4:3:
 find 3:2:2:1:
 find C-4:C-3:
iFind 4
The final target bond value is 1.46
Bond between O and C8
 search a org-related bond c 
for target bond of atoms O and C8
chemType : C COD classes : C(CNO)(NC)(OH)(H)
chemType : O COD classes : O(CCHN)(H)
ha1 111 ha2 673
 a1NB2 4:1: a2NB2 3:2:2:1:
 a1NB C-4:H-1: a2NB C-3:N-2:O-2:H-1:
 a1C O(CCHN)(H) a2C C(CNO)(NC)(OH)(H)
atom 1 CH1  atom 2 OH1
Found all hashing codes
find 4:1:
iFind 2
The final target bond value is 1.43
Bond between C8 and C9
 search a org-related bond c 
for target bond of atoms C8 and C9
chemType : C COD classes : C(CNO)(NC)(OH)(H)
chemType : C COD classes : C(CHNO)(NCC)(O)
ha1 673 ha2 699
 a1NB2 3:2:2:1: a2NB2 4:3:1:
 a1NB C-3:N-2:O-2:H-1: a2NB C-4:N-3:O-1:
 a1C C(CNO)(NC)(OH)(H) a2C C(CHNO)(NCC)(O)
atom 1 CH1  atom 2 C
Found all hashing codes
The final target bond value is 1.5
Bond between N and C9
 search a org-related bond c 
for target bond of atoms N and C9
chemType : C COD classes : C(CHNO)(NCC)(O)
chemType : N COD classes : N(C[6]CC)(CH3)(CCO)
ha1 699 ha2 981
 a1NB2 4:3:1: a2NB2 3:4:3:
 a1NB C-4:N-3:O-1: a2NB C[6]-3:C-4:C-3:
 a1C C(CHNO)(NCC)(O) a2C N(C[6]CC)(CH3)(CCO)
atom 1 C  atom 2 N
Found all hashing codes
find 4:3:1:
 find 3:4:3:
 find C-4:N-3:O-1:
 find C[6]-3:C-4:C-3:
iFind 5
The final target bond value is 1.35
Bond between C9 and O1
 search a org-related bond c 
for target bond of atoms C9 and O1
chemType : C COD classes : C(CHNO)(NCC)(O)
chemType : O COD classes : O(CCN)
ha1 157 ha2 699
 a1NB2 3: a2NB2 4:3:1:
 a1NB C-3: a2NB C-4:N-3:O-1:
 a1C O(CCN) a2C C(CHNO)(NCC)(O)
atom 1 C  atom 2 O
Found all hashing codes
find 3:
 find 4:3:1:
 find C-3:
 find C-4:N-3:O-1:
 find O(CCN)
iFind 6
The final target bond value is 1.23
Bond between C10 and C7
 search a org-related bond c 
for target bond of atoms C10 and C7
chemType : C COD classes : C[6](C[6]CH)2(CCN)
chemType : C COD classes : C(C[6]CC)2(NC)
ha1 29 ha2 699
 a1NB2 3:3:3: a2NB2 3:3:2:
 a1NB C[6]-3:C[6]-3:C-3: a2NB C[6]-3:C[6]-3:N-2:
 a1C C[6](C[6]CH)2(CCN) a2C C(C[6]CC)2(NC)
atom 1 CR6  atom 2 C
Found all hashing codes
find 3:3:3:
 find 3:3:2:
 find C[6]-3:C[6]-3:C-3:
 find C[6]-3:C[6]-3:N-2:
 find C[6](C[6]CH)2(CCN)
Found exact matches of atom cod-classes 
The final target bond value is 1.49
Bond between C10 and C11
 search a org-related bond c 
for target bond of atoms C10 and C11
chemType : C COD classes : C[6](C[6]CH)2(CCN)
chemType : C COD classes : C[6](C[6]CC)(C[6]CH)(H)
ha1 29 ha2 29
 a1NB2 3:3:3: a2NB2 3:3:1:
 a1NB C[6]-3:C[6]-3:C-3: a2NB C[6]-3:C[6]-3:H-1:
 a1C C[6](C[6]CH)2(CCN) a2C C[6](C[6]CC)(C[6]CH)(H)
atom 1 CR6  atom 2 CR16
Found all hashing codes
find 3:3:3:
 find 3:3:1:
 find C[6]-3:C[6]-3:C-3:
 find C[6]-3:C[6]-3:H-1:
 find C[6](C[6]CH)2(CCN)
Found exact matches of atom cod-classes 
The final target bond value is 1.39
Bond between C11 and C12
 search a org-related bond c 
for target bond of atoms C11 and C12
chemType : C COD classes : C[6](C[6]CC)(C[6]CH)(H)
chemType : C COD classes : C[6](C[6]CH)2(H)
ha1 29 ha2 29
 a1NB2 3:3:1: a2NB2 3:3:1:
 a1NB C[6]-3:C[6]-3:H-1: a2NB C[6]-3:C[6]-3:H-1:
 a1C C[6](C[6]CH)2(H) a2C C[6](C[6]CC)(C[6]CH)(H)
atom 1 CR16  atom 2 CR16
Found all hashing codes
find 3:3:1:
 find 3:3:1:
 find C[6]-3:C[6]-3:H-1:
 find C[6]-3:C[6]-3:H-1:
 find C[6](C[6]CH)2(H)
Found exact matches of atom cod-classes 
The final target bond value is 1.38
Bond between C12 and C13
 search a org-related bond c 
for target bond of atoms C12 and C13
chemType : C COD classes : C[6](C[6]CH)2(H)
chemType : C COD classes : C[6](C[6]CH)2(H)
ha1 29 ha2 29
 a1NB2 3:3:1: a2NB2 3:3:1:
 a1NB C[6]-3:C[6]-3:H-1: a2NB C[6]-3:C[6]-3:H-1:
 a1C C[6](C[6]CH)2(H) a2C C[6](C[6]CH)2(H)
atom 1 CR16  atom 2 CR16
Found all hashing codes
find 3:3:1:
 find 3:3:1:
 find C[6]-3:C[6]-3:H-1:
 find C[6]-3:C[6]-3:H-1:
 find C[6](C[6]CH)2(H)
Found exact matches of atom cod-classes 
The final target bond value is 1.37
Bond between C13 and C14
 search a org-related bond c 
for target bond of atoms C13 and C14
chemType : C COD classes : C[6](C[6]CH)2(H)
chemType : C COD classes : C[6](C[6]CH)2(H)
ha1 29 ha2 29
 a1NB2 3:3:1: a2NB2 3:3:1:
 a1NB C[6]-3:C[6]-3:H-1: a2NB C[6]-3:C[6]-3:H-1:
 a1C C[6](C[6]CH)2(H) a2C C[6](C[6]CH)2(H)
atom 1 CR16  atom 2 CR16
Found all hashing codes
find 3:3:1:
 find 3:3:1:
 find C[6]-3:C[6]-3:H-1:
 find C[6]-3:C[6]-3:H-1:
 find C[6](C[6]CH)2(H)
Found exact matches of atom cod-classes 
The final target bond value is 1.37
Bond between C14 and C15
 search a org-related bond c 
for target bond of atoms C14 and C15
chemType : C COD classes : C[6](C[6]CH)2(H)
chemType : C COD classes : C[6](C[6]CC)(C[6]CH)(H)
ha1 29 ha2 29
 a1NB2 3:3:1: a2NB2 3:3:1:
 a1NB C[6]-3:C[6]-3:H-1: a2NB C[6]-3:C[6]-3:H-1:
 a1C C[6](C[6]CH)2(H) a2C C[6](C[6]CC)(C[6]CH)(H)
atom 1 CR16  atom 2 CR16
Found all hashing codes
find 3:3:1:
 find 3:3:1:
 find C[6]-3:C[6]-3:H-1:
 find C[6]-3:C[6]-3:H-1:
 find C[6](C[6]CH)2(H)
Found exact matches of atom cod-classes 
The final target bond value is 1.38
Bond between C15 and C10
 search a org-related bond c 
for target bond of atoms C15 and C10
chemType : C COD classes : C[6](C[6]CH)2(CCN)
chemType : C COD classes : C[6](C[6]CC)(C[6]CH)(H)
ha1 29 ha2 29
 a1NB2 3:3:3: a2NB2 3:3:1:
 a1NB C[6]-3:C[6]-3:C-3: a2NB C[6]-3:C[6]-3:H-1:
 a1C C[6](C[6]CH)2(CCN) a2C C[6](C[6]CC)(C[6]CH)(H)
atom 1 CR6  atom 2 CR16
Found all hashing codes
find 3:3:3:
 find 3:3:1:
 find C[6]-3:C[6]-3:C-3:
 find C[6]-3:C[6]-3:H-1:
 find C[6](C[6]CH)2(CCN)
Found exact matches of atom cod-classes 
The final target bond value is 1.39
Bond between H and C
 search a org-related bond c 
for target bond of atoms H and C
chemType : C COD classes : C(NCC)(H)3
chemType : H COD classes : H(CHHN)
ha1 673 ha2 887
 a1NB2 3:1:1:1: a2NB2 4:
 a1NB N-3:H-1:H-1:H-1: a2NB C-4:
 a1C C(NCC)(H)3 a2C H(CHHN)
atom 1 CH3  atom 2 H
Found all hashing codes
find 3:1:1:1:
 find 4:
 find N-3:H-1:H-1:H-1:
 find C-4:
 find C(NCC)(H)3
Found exact matches of atom cod-classes 
The final target bond value is 0.971
Bond between H1 and C
 search a org-related bond c 
for target bond of atoms H1 and C
chemType : C COD classes : C(NCC)(H)3
chemType : H COD classes : H(CHHN)
ha1 673 ha2 887
 a1NB2 3:1:1:1: a2NB2 4:
 a1NB N-3:H-1:H-1:H-1: a2NB C-4:
 a1C C(NCC)(H)3 a2C H(CHHN)
atom 1 CH3  atom 2 H
Found all hashing codes
find 3:1:1:1:
 find 4:
 find N-3:H-1:H-1:H-1:
 find C-4:
 find C(NCC)(H)3
Found exact matches of atom cod-classes 
The final target bond value is 0.971
Bond between H2 and C
 search a org-related bond c 
for target bond of atoms H2 and C
chemType : C COD classes : C(NCC)(H)3
chemType : H COD classes : H(CHHN)
ha1 673 ha2 887
 a1NB2 3:1:1:1: a2NB2 4:
 a1NB N-3:H-1:H-1:H-1: a2NB C-4:
 a1C C(NCC)(H)3 a2C H(CHHN)
atom 1 CH3  atom 2 H
Found all hashing codes
find 3:1:1:1:
 find 4:
 find N-3:H-1:H-1:H-1:
 find C-4:
 find C(NCC)(H)3
Found exact matches of atom cod-classes 
The final target bond value is 0.971
Bond between H3 and C3
 search a org-related bond c 
for target bond of atoms H3 and C3
chemType : C COD classes : C[6](C[6]ClC)(C[6]CC)(H)
chemType : H COD classes : H(C[6]CC)
ha1 29 ha2 887
 a1NB2 3:3:1: a2NB2 3:
 a1NB C[6]-3:C[6]-3:H-1: a2NB C[6]-3:
 a1C C[6](C[6]ClC)(C[6]CC)(H) a2C H(C[6]CC)
atom 1 CR16  atom 2 H
Found all hashing codes
find 3:3:1:
 find 3:
 find C[6]-3:C[6]-3:H-1:
 find C[6]-3:
 find C[6](C[6]ClC)(C[6]CC)(H)
Found exact matches of atom cod-classes 
The final target bond value is 0.939
Bond between H4 and C5
 search a org-related bond c 
for target bond of atoms H4 and C5
chemType : C COD classes : C[6](C[6]ClC)(C[6]CH)(H)
chemType : H COD classes : H(C[6]CC)
ha1 29 ha2 887
 a1NB2 3:3:1: a2NB2 3:
 a1NB C[6]-3:C[6]-3:H-1: a2NB C[6]-3:
 a1C C[6](C[6]ClC)(C[6]CH)(H) a2C H(C[6]CC)
atom 1 CR16  atom 2 H
Found all hashing codes
find 3:3:1:
 find 3:
 find C[6]-3:C[6]-3:H-1:
 find C[6]-3:
 find C[6](C[6]ClC)(C[6]CH)(H)
Found exact matches of atom cod-classes 
The final target bond value is 0.941
Bond between H5 and C6
 search a org-related bond c 
for target bond of atoms H5 and C6
chemType : C COD classes : C[6](C[6]CH)(C[6]CN)(H)
chemType : H COD classes : H(C[6]CC)
ha1 29 ha2 887
 a1NB2 3:3:1: a2NB2 3:
 a1NB C[6]-3:C[6]-3:H-1: a2NB C[6]-3:
 a1C C[6](C[6]CH)(C[6]CN)(H) a2C H(C[6]CC)
atom 1 CR16  atom 2 H
Found all hashing codes
find 3:3:1:
 find 3:
 find C[6]-3:C[6]-3:H-1:
 find C[6]-3:
 find C[6](C[6]CH)(C[6]CN)(H)
Found exact matches of atom cod-classes 
The final target bond value is 0.951
Bond between H6 and C8
 search a org-related bond c 
for target bond of atoms H6 and C8
chemType : C COD classes : C(CNO)(NC)(OH)(H)
chemType : H COD classes : H(CCNO)
ha1 673 ha2 887
 a1NB2 3:2:2:1: a2NB2 4:
 a1NB C-3:N-2:O-2:H-1: a2NB C-4:
 a1C C(CNO)(NC)(OH)(H) a2C H(CCNO)
atom 1 CH1  atom 2 H
Found all hashing codes
find 3:2:2:1:
 find 4:
iFind 3 A
The final target bond value is 0.982
Bond between H7 and O
 search a org-related bond c 
for target bond of atoms H7 and O
chemType : H COD classes : H(OC)
chemType : O COD classes : O(CCHN)(H)
ha1 111 ha2 887
 a1NB2 4:1: a2NB2 2:
 a1NB C-4:H-1: a2NB O-2:
 a1C O(CCHN)(H) a2C H(OC)
atom 1 H  atom 2 OH1
Found all hashing codes
find 4:1:
 find 2:
 find C-4:H-1:
 find O-2:
iFind 5
The final target bond value is 0.851
Bond between H8 and C11
 search a org-related bond c 
for target bond of atoms H8 and C11
chemType : C COD classes : C[6](C[6]CC)(C[6]CH)(H)
chemType : H COD classes : H(C[6]CC)
ha1 29 ha2 887
 a1NB2 3:3:1: a2NB2 3:
 a1NB C[6]-3:C[6]-3:H-1: a2NB C[6]-3:
 a1C C[6](C[6]CC)(C[6]CH)(H) a2C H(C[6]CC)
atom 1 CR16  atom 2 H
Found all hashing codes
find 3:3:1:
 find 3:
 find C[6]-3:C[6]-3:H-1:
 find C[6]-3:
 find C[6](C[6]CC)(C[6]CH)(H)
Found exact matches of atom cod-classes 
The final target bond value is 0.955
Bond between H9 and C12
 search a org-related bond c 
for target bond of atoms H9 and C12
chemType : C COD classes : C[6](C[6]CH)2(H)
chemType : H COD classes : H(C[6]CC)
ha1 29 ha2 887
 a1NB2 3:3:1: a2NB2 3:
 a1NB C[6]-3:C[6]-3:H-1: a2NB C[6]-3:
 a1C C[6](C[6]CH)2(H) a2C H(C[6]CC)
atom 1 CR16  atom 2 H
Found all hashing codes
find 3:3:1:
 find 3:
 find C[6]-3:C[6]-3:H-1:
 find C[6]-3:
 find C[6](C[6]CH)2(H)
Found exact matches of atom cod-classes 
The final target bond value is 0.958
Bond between H10 and C13
 search a org-related bond c 
for target bond of atoms H10 and C13
chemType : C COD classes : C[6](C[6]CH)2(H)
chemType : H COD classes : H(C[6]CC)
ha1 29 ha2 887
 a1NB2 3:3:1: a2NB2 3:
 a1NB C[6]-3:C[6]-3:H-1: a2NB C[6]-3:
 a1C C[6](C[6]CH)2(H) a2C H(C[6]CC)
atom 1 CR16  atom 2 H
Found all hashing codes
find 3:3:1:
 find 3:
 find C[6]-3:C[6]-3:H-1:
 find C[6]-3:
 find C[6](C[6]CH)2(H)
Found exact matches of atom cod-classes 
The final target bond value is 0.958
Bond between H11 and C14
 search a org-related bond c 
for target bond of atoms H11 and C14
chemType : C COD classes : C[6](C[6]CH)2(H)
chemType : H COD classes : H(C[6]CC)
ha1 29 ha2 887
 a1NB2 3:3:1: a2NB2 3:
 a1NB C[6]-3:C[6]-3:H-1: a2NB C[6]-3:
 a1C C[6](C[6]CH)2(H) a2C H(C[6]CC)
atom 1 CR16  atom 2 H
Found all hashing codes
find 3:3:1:
 find 3:
 find C[6]-3:C[6]-3:H-1:
 find C[6]-3:
 find C[6](C[6]CH)2(H)
Found exact matches of atom cod-classes 
The final target bond value is 0.958
Bond between H12 and C15
 search a org-related bond c 
for target bond of atoms H12 and C15
chemType : C COD classes : C[6](C[6]CC)(C[6]CH)(H)
chemType : H COD classes : H(C[6]CC)
ha1 29 ha2 887
 a1NB2 3:3:1: a2NB2 3:
 a1NB C[6]-3:C[6]-3:H-1: a2NB C[6]-3:
 a1C C[6](C[6]CC)(C[6]CH)(H) a2C H(C[6]CC)
atom 1 CR16  atom 2 H
Found all hashing codes
find 3:3:1:
 find 3:
 find C[6]-3:C[6]-3:H-1:
 find C[6]-3:
 find C[6](C[6]CC)(C[6]CH)(H)
Found exact matches of atom cod-classes 
The final target bond value is 0.955
Number of Bonds to be found 36
Number of Bonds found 36
Finish setDefaultCoordGeos() 
Clustering all COD angles started at Thu Oct  9 20:26:35 2014
Clustering COD org angles finished at Thu Oct  9 20:26:40 2014
it takes 5 seconds to finish group COD angles 
Finish groupCodOrgAngles() 
Finish groupCodMetAngles() 
Finish groupCodAnglesWithNonCenteredMetal() 
Angle between C9(center) and C8 and N
Atom1 C9 Its Cod class C(CHNO)(NCC)(O) and Hashing 699
 Its codNBSymb C-4:N-3:O-1: its codNB2Symb 4:3:1:
Atom2 C8 Its Cod class C(CNO)(NC)(OH)(H) and Hashing 673
 Its codNBSymb C-3:N-2:O-2:H-1: its codNB2Symb 3:2:2:1:
Atom3 N Its Cod class N(C[6]CC)(CH3)(CCO) and Hashing 981
 Its codNBSymb C[6]-3:C-4:C-3: its codNB2Symb 3:4:3:
Found 4:3:1:
not Found 3:2:2:1: iFind2 
Target angle value : 116
Angle between C9(center) and C8 and O1
Atom1 C9 Its Cod class C(CHNO)(NCC)(O) and Hashing 699
 Its codNBSymb C-4:N-3:O-1: its codNB2Symb 4:3:1:
Atom2 O1 Its Cod class O(CCN) and Hashing 157
 Its codNBSymb C-3: its codNB2Symb 3:
Atom3 C8 Its Cod class C(CNO)(NC)(OH)(H) and Hashing 673
 Its codNBSymb C-3:N-2:O-2:H-1: its codNB2Symb 3:2:2:1:
Found 4:3:1:
Found 3:
not Found 3:2:2:1: iFind3 
Target angle value : 121
Angle between C9(center) and N and O1
Atom1 C9 Its Cod class C(CHNO)(NCC)(O) and Hashing 699
 Its codNBSymb C-4:N-3:O-1: its codNB2Symb 4:3:1:
Atom2 O1 Its Cod class O(CCN) and Hashing 157
 Its codNBSymb C-3: its codNB2Symb 3:
Atom3 N Its Cod class N(C[6]CC)(CH3)(CCO) and Hashing 981
 Its codNBSymb C[6]-3:C-4:C-3: its codNB2Symb 3:4:3:
Found 4:3:1:
Found 3:
Found 3:4:3:
Found C-4:N-3:O-1:
Found C-3:
Found C[6]-3:C-4:C-3:
not Found C(CHNO)(NCC)(O) iFind7 
Target angle value : 122
Angle between N(center) and C and C1
Atom1 N Its Cod class N(C[6]CC)(CH3)(CCO) and Hashing 981
 Its codNBSymb C[6]-3:C-4:C-3: its codNB2Symb 3:4:3:
Atom2 C1 Its Cod class C[6](C[6]CC)(C[6]CH)(NCC) and Hashing 29
 Its codNBSymb C[6]-3:C[6]-3:N-3: its codNB2Symb 3:3:3:
Atom3 C Its Cod class C(NCC)(H)3 and Hashing 673
 Its codNBSymb N-3:H-1:H-1:H-1: its codNB2Symb 3:1:1:1:
Found 3:4:3:
Found 3:3:3:
Found 3:1:1:1:
Found C[6]-3:C-4:C-3:
Found C[6]-3:C[6]-3:N-3:
Found N-3:H-1:H-1:H-1:
Found N(C[6]CC)(CH3)(CCO)
Found C[6](C[6]CC)(C[6]CH)(NCC)
COD finds the exact value 117
the sigma value 0.847
Target angle value : 117
Angle between N(center) and C and C9
Atom1 N Its Cod class N(C[6]CC)(CH3)(CCO) and Hashing 981
 Its codNBSymb C[6]-3:C-4:C-3: its codNB2Symb 3:4:3:
Atom2 C Its Cod class C(NCC)(H)3 and Hashing 673
 Its codNBSymb N-3:H-1:H-1:H-1: its codNB2Symb 3:1:1:1:
Atom3 C9 Its Cod class C(CHNO)(NCC)(O) and Hashing 699
 Its codNBSymb C-4:N-3:O-1: its codNB2Symb 4:3:1:
Found 3:4:3:
Found 3:1:1:1:
Found 4:3:1:
Found C[6]-3:C-4:C-3:
Found N-3:H-1:H-1:H-1:
Found C-4:N-3:O-1:
Found N(C[6]CC)(CH3)(CCO)
Found C(NCC)(H)3
Target angle value : 119
Angle between N(center) and C1 and C9
Atom1 N Its Cod class N(C[6]CC)(CH3)(CCO) and Hashing 981
 Its codNBSymb C[6]-3:C-4:C-3: its codNB2Symb 3:4:3:
Atom2 C1 Its Cod class C[6](C[6]CC)(C[6]CH)(NCC) and Hashing 29
 Its codNBSymb C[6]-3:C[6]-3:N-3: its codNB2Symb 3:3:3:
Atom3 C9 Its Cod class C(CHNO)(NCC)(O) and Hashing 699
 Its codNBSymb C-4:N-3:O-1: its codNB2Symb 4:3:1:
Found 3:4:3:
Found 3:3:3:
Found 4:3:1:
Found C[6]-3:C-4:C-3:
Found C[6]-3:C[6]-3:N-3:
Found C-4:N-3:O-1:
Found N(C[6]CC)(CH3)(CCO)
Found C[6](C[6]CC)(C[6]CH)(NCC)
Target angle value : 123
Angle between C(center) and N and H
Atom1 C Its Cod class C(NCC)(H)3 and Hashing 673
 Its codNBSymb N-3:H-1:H-1:H-1: its codNB2Symb 3:1:1:1:
Atom2 H Its Cod class H(CHHN) and Hashing 887
 Its codNBSymb C-4: its codNB2Symb 4:
Atom3 N Its Cod class N(C[6]CC)(CH3)(CCO) and Hashing 981
 Its codNBSymb C[6]-3:C-4:C-3: its codNB2Symb 3:4:3:
Found 3:1:1:1:
Found 4:
Found 3:4:3:
Found N-3:H-1:H-1:H-1:
Found C-4:
Found C[6]-3:C-4:C-3:
Found C(NCC)(H)3
Found H(CHHN)
COD finds the exact value 110
the sigma value 0.523
Target angle value : 110
Angle between C(center) and N and H1
Atom1 C Its Cod class C(NCC)(H)3 and Hashing 673
 Its codNBSymb N-3:H-1:H-1:H-1: its codNB2Symb 3:1:1:1:
Atom2 H1 Its Cod class H(CHHN) and Hashing 887
 Its codNBSymb C-4: its codNB2Symb 4:
Atom3 N Its Cod class N(C[6]CC)(CH3)(CCO) and Hashing 981
 Its codNBSymb C[6]-3:C-4:C-3: its codNB2Symb 3:4:3:
Found 3:1:1:1:
Found 4:
Found 3:4:3:
Found N-3:H-1:H-1:H-1:
Found C-4:
Found C[6]-3:C-4:C-3:
Found C(NCC)(H)3
Found H(CHHN)
COD finds the exact value 110
the sigma value 0.523
Target angle value : 110
Angle between C(center) and N and H2
Atom1 C Its Cod class C(NCC)(H)3 and Hashing 673
 Its codNBSymb N-3:H-1:H-1:H-1: its codNB2Symb 3:1:1:1:
Atom2 H2 Its Cod class H(CHHN) and Hashing 887
 Its codNBSymb C-4: its codNB2Symb 4:
Atom3 N Its Cod class N(C[6]CC)(CH3)(CCO) and Hashing 981
 Its codNBSymb C[6]-3:C-4:C-3: its codNB2Symb 3:4:3:
Found 3:1:1:1:
Found 4:
Found 3:4:3:
Found N-3:H-1:H-1:H-1:
Found C-4:
Found C[6]-3:C-4:C-3:
Found C(NCC)(H)3
Found H(CHHN)
COD finds the exact value 110
the sigma value 0.523
Target angle value : 110
Angle between C(center) and H and H1
Atom1 C Its Cod class C(NCC)(H)3 and Hashing 673
 Its codNBSymb N-3:H-1:H-1:H-1: its codNB2Symb 3:1:1:1:
Atom2 H Its Cod class H(CHHN) and Hashing 887
 Its codNBSymb C-4: its codNB2Symb 4:
Atom3 H1 Its Cod class H(CHHN) and Hashing 887
 Its codNBSymb C-4: its codNB2Symb 4:
Found 3:1:1:1:
Found 4:
Found 4:
Found N-3:H-1:H-1:H-1:
Found C-4:
Found C-4:
Found C(NCC)(H)3
Found H(CHHN)
COD finds the exact value 109
the sigma value 1.6
Target angle value : 109
Angle between C(center) and H and H2
Atom1 C Its Cod class C(NCC)(H)3 and Hashing 673
 Its codNBSymb N-3:H-1:H-1:H-1: its codNB2Symb 3:1:1:1:
Atom2 H Its Cod class H(CHHN) and Hashing 887
 Its codNBSymb C-4: its codNB2Symb 4:
Atom3 H2 Its Cod class H(CHHN) and Hashing 887
 Its codNBSymb C-4: its codNB2Symb 4:
Found 3:1:1:1:
Found 4:
Found 4:
Found N-3:H-1:H-1:H-1:
Found C-4:
Found C-4:
Found C(NCC)(H)3
Found H(CHHN)
COD finds the exact value 109
the sigma value 1.6
Target angle value : 109
Angle between C(center) and H1 and H2
Atom1 C Its Cod class C(NCC)(H)3 and Hashing 673
 Its codNBSymb N-3:H-1:H-1:H-1: its codNB2Symb 3:1:1:1:
Atom2 H1 Its Cod class H(CHHN) and Hashing 887
 Its codNBSymb C-4: its codNB2Symb 4:
Atom3 H2 Its Cod class H(CHHN) and Hashing 887
 Its codNBSymb C-4: its codNB2Symb 4:
Found 3:1:1:1:
Found 4:
Found 4:
Found N-3:H-1:H-1:H-1:
Found C-4:
Found C-4:
Found C(NCC)(H)3
Found H(CHHN)
COD finds the exact value 109
the sigma value 1.6
Target angle value : 109
Angle between C8(center) and N1 and O
Atom1 C8 Its Cod class C(CNO)(NC)(OH)(H) and Hashing 673
 Its codNBSymb C-3:N-2:O-2:H-1: its codNB2Symb 3:2:2:1:
Atom2 O Its Cod class O(CCHN)(H) and Hashing 111
 Its codNBSymb C-4:H-1: its codNB2Symb 4:1:
Atom3 N1 Its Cod class N(CCHO)(CCC) and Hashing 269
 Its codNBSymb C-4:C-3: its codNB2Symb 4:3:
not Found 3:2:2:1: iFind1 
center atom CCP4 type  C8
number of candidate angles 1
selected angle position 0
Target angle value : 109
Angle between C8(center) and N1 and C9
Atom1 C8 Its Cod class C(CNO)(NC)(OH)(H) and Hashing 673
 Its codNBSymb C-3:N-2:O-2:H-1: its codNB2Symb 3:2:2:1:
Atom2 N1 Its Cod class N(CCHO)(CCC) and Hashing 269
 Its codNBSymb C-4:C-3: its codNB2Symb 4:3:
Atom3 C9 Its Cod class C(CHNO)(NCC)(O) and Hashing 699
 Its codNBSymb C-4:N-3:O-1: its codNB2Symb 4:3:1:
not Found 3:2:2:1: iFind1 
Target angle value : 110
Angle between C8(center) and N1 and H6
Atom1 C8 Its Cod class C(CNO)(NC)(OH)(H) and Hashing 673
 Its codNBSymb C-3:N-2:O-2:H-1: its codNB2Symb 3:2:2:1:
Atom2 N1 Its Cod class N(CCHO)(CCC) and Hashing 269
 Its codNBSymb C-4:C-3: its codNB2Symb 4:3:
Atom3 H6 Its Cod class H(CCNO) and Hashing 887
 Its codNBSymb C-4: its codNB2Symb 4:
Found 3:2:2:1:
Found 4:3:
Found 4:
not Found C-3:N-2:O-2:H-1: iFind4 
Target angle value : 109
Angle between C8(center) and O and C9
Atom1 C8 Its Cod class C(CNO)(NC)(OH)(H) and Hashing 673
 Its codNBSymb C-3:N-2:O-2:H-1: its codNB2Symb 3:2:2:1:
Atom2 O Its Cod class O(CCHN)(H) and Hashing 111
 Its codNBSymb C-4:H-1: its codNB2Symb 4:1:
Atom3 C9 Its Cod class C(CHNO)(NCC)(O) and Hashing 699
 Its codNBSymb C-4:N-3:O-1: its codNB2Symb 4:3:1:
not Found 3:2:2:1: iFind1 
Target angle value : 110
Angle between C8(center) and O and H6
Atom1 C8 Its Cod class C(CNO)(NC)(OH)(H) and Hashing 673
 Its codNBSymb C-3:N-2:O-2:H-1: its codNB2Symb 3:2:2:1:
Atom2 O Its Cod class O(CCHN)(H) and Hashing 111
 Its codNBSymb C-4:H-1: its codNB2Symb 4:1:
Atom3 H6 Its Cod class H(CCNO) and Hashing 887
 Its codNBSymb C-4: its codNB2Symb 4:
Found 3:2:2:1:
not Found 4:1: iFind2 
Target angle value : 109
Angle between C8(center) and C9 and H6
Atom1 C8 Its Cod class C(CNO)(NC)(OH)(H) and Hashing 673
 Its codNBSymb C-3:N-2:O-2:H-1: its codNB2Symb 3:2:2:1:
Atom2 C9 Its Cod class C(CHNO)(NCC)(O) and Hashing 699
 Its codNBSymb C-4:N-3:O-1: its codNB2Symb 4:3:1:
Atom3 H6 Its Cod class H(CCNO) and Hashing 887
 Its codNBSymb C-4: its codNB2Symb 4:
not Found 3:2:2:1: iFind1 
Target angle value : 109
Angle between O(center) and C8 and H7
Atom1 O Its Cod class O(CCHN)(H) and Hashing 111
 Its codNBSymb C-4:H-1: its codNB2Symb 4:1:
Atom2 C8 Its Cod class C(CNO)(NC)(OH)(H) and Hashing 673
 Its codNBSymb C-3:N-2:O-2:H-1: its codNB2Symb 3:2:2:1:
Atom3 H7 Its Cod class H(OC) and Hashing 887
 Its codNBSymb O-2: its codNB2Symb 2:
Found 4:1:
not Found 3:2:2:1: iFind2 
center atom CCP4 type  O
number of candidate angles 224
selected angle position 0
angle value 110
Three atom are : 
Atom COD code O(CH3)(H)
Atom COD code C(OH)(H)3
Atom COD code H(OC)
Target angle value : 110
Angle between N1(center) and C7 and C8
Atom1 N1 Its Cod class N(CCHO)(CCC) and Hashing 269
 Its codNBSymb C-4:C-3: its codNB2Symb 4:3:
Atom2 C8 Its Cod class C(CNO)(NC)(OH)(H) and Hashing 673
 Its codNBSymb C-3:N-2:O-2:H-1: its codNB2Symb 3:2:2:1:
Atom3 C7 Its Cod class C(C[6]CC)2(NC) and Hashing 699
 Its codNBSymb C[6]-3:C[6]-3:N-2: its codNB2Symb 3:3:2:
Found 4:3:
Found 3:2:2:1:
not Found 3:3:2: iFind3 
Target angle value : 120
Angle between C7(center) and C2 and N1
Atom1 C7 Its Cod class C(C[6]CC)2(NC) and Hashing 699
 Its codNBSymb C[6]-3:C[6]-3:N-2: its codNB2Symb 3:3:2:
Atom2 C2 Its Cod class C[6](C[6]CH)(C[6]CN)(CCN) and Hashing 29
 Its codNBSymb C[6]-3:C[6]-3:C-3: its codNB2Symb 3:3:3:
Atom3 N1 Its Cod class N(CCHO)(CCC) and Hashing 269
 Its codNBSymb C-4:C-3: its codNB2Symb 4:3:
Found 3:3:2:
Found 3:3:3:
Found 4:3:
Found C[6]-3:C[6]-3:N-2:
Found C[6]-3:C[6]-3:C-3:
Found C-4:C-3:
Found C(C[6]CC)2(NC)
not Found C[6](C[6]CH)(C[6]CN)(CCN) iFind8 
Target angle value : 121
Angle between C7(center) and C2 and C10
Atom1 C7 Its Cod class C(C[6]CC)2(NC) and Hashing 699
 Its codNBSymb C[6]-3:C[6]-3:N-2: its codNB2Symb 3:3:2:
Atom2 C10 Its Cod class C[6](C[6]CH)2(CCN) and Hashing 29
 Its codNBSymb C[6]-3:C[6]-3:C-3: its codNB2Symb 3:3:3:
Atom3 C2 Its Cod class C[6](C[6]CH)(C[6]CN)(CCN) and Hashing 29
 Its codNBSymb C[6]-3:C[6]-3:C-3: its codNB2Symb 3:3:3:
Found 3:3:2:
Found 3:3:3:
Found 3:3:3:
Found C[6]-3:C[6]-3:N-2:
Found C[6]-3:C[6]-3:C-3:
Found C[6]-3:C[6]-3:C-3:
Found C(C[6]CC)2(NC)
Found C[6](C[6]CH)2(CCN)
Target angle value : 119
Angle between C7(center) and N1 and C10
Atom1 C7 Its Cod class C(C[6]CC)2(NC) and Hashing 699
 Its codNBSymb C[6]-3:C[6]-3:N-2: its codNB2Symb 3:3:2:
Atom2 C10 Its Cod class C[6](C[6]CH)2(CCN) and Hashing 29
 Its codNBSymb C[6]-3:C[6]-3:C-3: its codNB2Symb 3:3:3:
Atom3 N1 Its Cod class N(CCHO)(CCC) and Hashing 269
 Its codNBSymb C-4:C-3: its codNB2Symb 4:3:
Found 3:3:2:
Found 3:3:3:
Found 4:3:
Found C[6]-3:C[6]-3:N-2:
Found C[6]-3:C[6]-3:C-3:
Found C-4:C-3:
Found C(C[6]CC)2(NC)
Found C[6](C[6]CH)2(CCN)
Target angle value : 121
Angle between C2(center) and C1 and C3
Atom1 C2 Its Cod class C[6](C[6]CH)(C[6]CN)(CCN) and Hashing 29
 Its codNBSymb C[6]-3:C[6]-3:C-3: its codNB2Symb 3:3:3:
Atom2 C3 Its Cod class C[6](C[6]ClC)(C[6]CC)(H) and Hashing 29
 Its codNBSymb C[6]-3:C[6]-3:H-1: its codNB2Symb 3:3:1:
Atom3 C1 Its Cod class C[6](C[6]CC)(C[6]CH)(NCC) and Hashing 29
 Its codNBSymb C[6]-3:C[6]-3:N-3: its codNB2Symb 3:3:3:
Found 3:3:3:
Found 3:3:1:
Found 3:3:3:
Found C[6]-3:C[6]-3:C-3:
Found C[6]-3:C[6]-3:H-1:
Found C[6]-3:C[6]-3:N-3:
Found C[6](C[6]CH)(C[6]CN)(CCN)
Found C[6](C[6]ClC)(C[6]CC)(H)
Target angle value : 118
Angle between C2(center) and C1 and C7
Atom1 C2 Its Cod class C[6](C[6]CH)(C[6]CN)(CCN) and Hashing 29
 Its codNBSymb C[6]-3:C[6]-3:C-3: its codNB2Symb 3:3:3:
Atom2 C1 Its Cod class C[6](C[6]CC)(C[6]CH)(NCC) and Hashing 29
 Its codNBSymb C[6]-3:C[6]-3:N-3: its codNB2Symb 3:3:3:
Atom3 C7 Its Cod class C(C[6]CC)2(NC) and Hashing 699
 Its codNBSymb C[6]-3:C[6]-3:N-2: its codNB2Symb 3:3:2:
Found 3:3:3:
Found 3:3:3:
Found 3:3:2:
Found C[6]-3:C[6]-3:C-3:
Found C[6]-3:C[6]-3:N-3:
Found C[6]-3:C[6]-3:N-2:
Found C[6](C[6]CH)(C[6]CN)(CCN)
not Found C[6](C[6]CC)(C[6]CH)(NCC) iFind8 
Target angle value : 123
Angle between C2(center) and C3 and C7
Atom1 C2 Its Cod class C[6](C[6]CH)(C[6]CN)(CCN) and Hashing 29
 Its codNBSymb C[6]-3:C[6]-3:C-3: its codNB2Symb 3:3:3:
Atom2 C3 Its Cod class C[6](C[6]ClC)(C[6]CC)(H) and Hashing 29
 Its codNBSymb C[6]-3:C[6]-3:H-1: its codNB2Symb 3:3:1:
Atom3 C7 Its Cod class C(C[6]CC)2(NC) and Hashing 699
 Its codNBSymb C[6]-3:C[6]-3:N-2: its codNB2Symb 3:3:2:
Found 3:3:3:
Found 3:3:1:
Found 3:3:2:
Found C[6]-3:C[6]-3:C-3:
Found C[6]-3:C[6]-3:H-1:
Found C[6]-3:C[6]-3:N-2:
Found C[6](C[6]CH)(C[6]CN)(CCN)
Found C[6](C[6]ClC)(C[6]CC)(H)
Target angle value : 121
Angle between C3(center) and C2 and C4
Atom1 C3 Its Cod class C[6](C[6]ClC)(C[6]CC)(H) and Hashing 29
 Its codNBSymb C[6]-3:C[6]-3:H-1: its codNB2Symb 3:3:1:
Atom2 C4 Its Cod class C[6](C[6]CH)2(Cl) and Hashing 29
 Its codNBSymb C[6]-3:C[6]-3:Cl-1: its codNB2Symb 3:3:1:
Atom3 C2 Its Cod class C[6](C[6]CH)(C[6]CN)(CCN) and Hashing 29
 Its codNBSymb C[6]-3:C[6]-3:C-3: its codNB2Symb 3:3:3:
Found 3:3:1:
Found 3:3:1:
Found 3:3:3:
Found C[6]-3:C[6]-3:H-1:
Found C[6]-3:C[6]-3:Cl-1:
Found C[6]-3:C[6]-3:C-3:
Found C[6](C[6]ClC)(C[6]CC)(H)
Found C[6](C[6]CH)2(Cl)
COD finds the exact value 121
the sigma value 0.805
Target angle value : 121
Angle between C3(center) and C2 and H3
Atom1 C3 Its Cod class C[6](C[6]ClC)(C[6]CC)(H) and Hashing 29
 Its codNBSymb C[6]-3:C[6]-3:H-1: its codNB2Symb 3:3:1:
Atom2 C2 Its Cod class C[6](C[6]CH)(C[6]CN)(CCN) and Hashing 29
 Its codNBSymb C[6]-3:C[6]-3:C-3: its codNB2Symb 3:3:3:
Atom3 H3 Its Cod class H(C[6]CC) and Hashing 887
 Its codNBSymb C[6]-3: its codNB2Symb 3:
Found 3:3:1:
Found 3:3:3:
Found 3:
Found C[6]-3:C[6]-3:H-1:
Found C[6]-3:C[6]-3:C-3:
Found C[6]-3:
Found C[6](C[6]ClC)(C[6]CC)(H)
Found C[6](C[6]CH)(C[6]CN)(CCN)
COD finds the exact value 119
the sigma value 0.668
Target angle value : 119
Angle between C3(center) and C4 and H3
Atom1 C3 Its Cod class C[6](C[6]ClC)(C[6]CC)(H) and Hashing 29
 Its codNBSymb C[6]-3:C[6]-3:H-1: its codNB2Symb 3:3:1:
Atom2 C4 Its Cod class C[6](C[6]CH)2(Cl) and Hashing 29
 Its codNBSymb C[6]-3:C[6]-3:Cl-1: its codNB2Symb 3:3:1:
Atom3 H3 Its Cod class H(C[6]CC) and Hashing 887
 Its codNBSymb C[6]-3: its codNB2Symb 3:
Found 3:3:1:
Found 3:3:1:
Found 3:
Found C[6]-3:C[6]-3:H-1:
Found C[6]-3:C[6]-3:Cl-1:
Found C[6]-3:
Found C[6](C[6]ClC)(C[6]CC)(H)
Found C[6](C[6]CH)2(Cl)
COD finds the exact value 120
the sigma value 0.701
Target angle value : 120
Angle between C4(center) and C3 and CL
Atom1 C4 Its Cod class C[6](C[6]CH)2(Cl) and Hashing 29
 Its codNBSymb C[6]-3:C[6]-3:Cl-1: its codNB2Symb 3:3:1:
Atom2 C3 Its Cod class C[6](C[6]ClC)(C[6]CC)(H) and Hashing 29
 Its codNBSymb C[6]-3:C[6]-3:H-1: its codNB2Symb 3:3:1:
Atom3 CL Its Cod class Cl(C[6]CC) and Hashing 517
 Its codNBSymb C[6]-3: its codNB2Symb 3:
Found 3:3:1:
Found 3:3:1:
Found 3:
Found C[6]-3:C[6]-3:Cl-1:
Found C[6]-3:C[6]-3:H-1:
Found C[6]-3:
Found C[6](C[6]CH)2(Cl)
Found C[6](C[6]ClC)(C[6]CC)(H)
COD finds the exact value 119
the sigma value 0.749
Target angle value : 119
Angle between C4(center) and C3 and C5
Atom1 C4 Its Cod class C[6](C[6]CH)2(Cl) and Hashing 29
 Its codNBSymb C[6]-3:C[6]-3:Cl-1: its codNB2Symb 3:3:1:
Atom2 C3 Its Cod class C[6](C[6]ClC)(C[6]CC)(H) and Hashing 29
 Its codNBSymb C[6]-3:C[6]-3:H-1: its codNB2Symb 3:3:1:
Atom3 C5 Its Cod class C[6](C[6]ClC)(C[6]CH)(H) and Hashing 29
 Its codNBSymb C[6]-3:C[6]-3:H-1: its codNB2Symb 3:3:1:
Found 3:3:1:
Found 3:3:1:
Found 3:3:1:
Found C[6]-3:C[6]-3:Cl-1:
Found C[6]-3:C[6]-3:H-1:
Found C[6]-3:C[6]-3:H-1:
Found C[6](C[6]CH)2(Cl)
Found C[6](C[6]ClC)(C[6]CC)(H)
Target angle value : 121
Angle between C4(center) and CL and C5
Atom1 C4 Its Cod class C[6](C[6]CH)2(Cl) and Hashing 29
 Its codNBSymb C[6]-3:C[6]-3:Cl-1: its codNB2Symb 3:3:1:
Atom2 C5 Its Cod class C[6](C[6]ClC)(C[6]CH)(H) and Hashing 29
 Its codNBSymb C[6]-3:C[6]-3:H-1: its codNB2Symb 3:3:1:
Atom3 CL Its Cod class Cl(C[6]CC) and Hashing 517
 Its codNBSymb C[6]-3: its codNB2Symb 3:
Found 3:3:1:
Found 3:3:1:
Found 3:
Found C[6]-3:C[6]-3:Cl-1:
Found C[6]-3:C[6]-3:H-1:
Found C[6]-3:
Found C[6](C[6]CH)2(Cl)
Found C[6](C[6]ClC)(C[6]CH)(H)
COD finds the exact value 119
the sigma value 0.813
Target angle value : 119
Angle between C5(center) and C4 and C6
Atom1 C5 Its Cod class C[6](C[6]ClC)(C[6]CH)(H) and Hashing 29
 Its codNBSymb C[6]-3:C[6]-3:H-1: its codNB2Symb 3:3:1:
Atom2 C4 Its Cod class C[6](C[6]CH)2(Cl) and Hashing 29
 Its codNBSymb C[6]-3:C[6]-3:Cl-1: its codNB2Symb 3:3:1:
Atom3 C6 Its Cod class C[6](C[6]CH)(C[6]CN)(H) and Hashing 29
 Its codNBSymb C[6]-3:C[6]-3:H-1: its codNB2Symb 3:3:1:
Found 3:3:1:
Found 3:3:1:
Found 3:3:1:
Found C[6]-3:C[6]-3:H-1:
Found C[6]-3:C[6]-3:Cl-1:
Found C[6]-3:C[6]-3:H-1:
Found C[6](C[6]ClC)(C[6]CH)(H)
Found C[6](C[6]CH)2(Cl)
COD finds the exact value 120
the sigma value 0.757
Target angle value : 120
Angle between C5(center) and C4 and H4
Atom1 C5 Its Cod class C[6](C[6]ClC)(C[6]CH)(H) and Hashing 29
 Its codNBSymb C[6]-3:C[6]-3:H-1: its codNB2Symb 3:3:1:
Atom2 C4 Its Cod class C[6](C[6]CH)2(Cl) and Hashing 29
 Its codNBSymb C[6]-3:C[6]-3:Cl-1: its codNB2Symb 3:3:1:
Atom3 H4 Its Cod class H(C[6]CC) and Hashing 887
 Its codNBSymb C[6]-3: its codNB2Symb 3:
Found 3:3:1:
Found 3:3:1:
Found 3:
Found C[6]-3:C[6]-3:H-1:
Found C[6]-3:C[6]-3:Cl-1:
Found C[6]-3:
Found C[6](C[6]ClC)(C[6]CH)(H)
Found C[6](C[6]CH)2(Cl)
COD finds the exact value 120
the sigma value 0.75
Target angle value : 120
Angle between C5(center) and C6 and H4
Atom1 C5 Its Cod class C[6](C[6]ClC)(C[6]CH)(H) and Hashing 29
 Its codNBSymb C[6]-3:C[6]-3:H-1: its codNB2Symb 3:3:1:
Atom2 C6 Its Cod class C[6](C[6]CH)(C[6]CN)(H) and Hashing 29
 Its codNBSymb C[6]-3:C[6]-3:H-1: its codNB2Symb 3:3:1:
Atom3 H4 Its Cod class H(C[6]CC) and Hashing 887
 Its codNBSymb C[6]-3: its codNB2Symb 3:
Found 3:3:1:
Found 3:3:1:
Found 3:
Found C[6]-3:C[6]-3:H-1:
Found C[6]-3:C[6]-3:H-1:
Found C[6]-3:
Found C[6](C[6]ClC)(C[6]CH)(H)
Found C[6](C[6]CH)(C[6]CN)(H)
COD finds the exact value 120
the sigma value 0.634
Target angle value : 120
Angle between C6(center) and C5 and C1
Atom1 C6 Its Cod class C[6](C[6]CH)(C[6]CN)(H) and Hashing 29
 Its codNBSymb C[6]-3:C[6]-3:H-1: its codNB2Symb 3:3:1:
Atom2 C5 Its Cod class C[6](C[6]ClC)(C[6]CH)(H) and Hashing 29
 Its codNBSymb C[6]-3:C[6]-3:H-1: its codNB2Symb 3:3:1:
Atom3 C1 Its Cod class C[6](C[6]CC)(C[6]CH)(NCC) and Hashing 29
 Its codNBSymb C[6]-3:C[6]-3:N-3: its codNB2Symb 3:3:3:
Found 3:3:1:
Found 3:3:1:
Found 3:3:3:
Found C[6]-3:C[6]-3:H-1:
Found C[6]-3:C[6]-3:H-1:
Found C[6]-3:C[6]-3:N-3:
Found C[6](C[6]CH)(C[6]CN)(H)
Found C[6](C[6]ClC)(C[6]CH)(H)
Target angle value : 120
Angle between C6(center) and C5 and H5
Atom1 C6 Its Cod class C[6](C[6]CH)(C[6]CN)(H) and Hashing 29
 Its codNBSymb C[6]-3:C[6]-3:H-1: its codNB2Symb 3:3:1:
Atom2 C5 Its Cod class C[6](C[6]ClC)(C[6]CH)(H) and Hashing 29
 Its codNBSymb C[6]-3:C[6]-3:H-1: its codNB2Symb 3:3:1:
Atom3 H5 Its Cod class H(C[6]CC) and Hashing 887
 Its codNBSymb C[6]-3: its codNB2Symb 3:
Found 3:3:1:
Found 3:3:1:
Found 3:
Found C[6]-3:C[6]-3:H-1:
Found C[6]-3:C[6]-3:H-1:
Found C[6]-3:
Found C[6](C[6]CH)(C[6]CN)(H)
Found C[6](C[6]ClC)(C[6]CH)(H)
COD finds the exact value 120
the sigma value 0.726
Target angle value : 120
Angle between C6(center) and C1 and H5
Atom1 C6 Its Cod class C[6](C[6]CH)(C[6]CN)(H) and Hashing 29
 Its codNBSymb C[6]-3:C[6]-3:H-1: its codNB2Symb 3:3:1:
Atom2 C1 Its Cod class C[6](C[6]CC)(C[6]CH)(NCC) and Hashing 29
 Its codNBSymb C[6]-3:C[6]-3:N-3: its codNB2Symb 3:3:3:
Atom3 H5 Its Cod class H(C[6]CC) and Hashing 887
 Its codNBSymb C[6]-3: its codNB2Symb 3:
Found 3:3:1:
Found 3:3:3:
Found 3:
Found C[6]-3:C[6]-3:H-1:
Found C[6]-3:C[6]-3:N-3:
Found C[6]-3:
Found C[6](C[6]CH)(C[6]CN)(H)
Found C[6](C[6]CC)(C[6]CH)(NCC)
COD finds the exact value 120
the sigma value 0.797
Target angle value : 120
Angle between C1(center) and N and C2
Atom1 C1 Its Cod class C[6](C[6]CC)(C[6]CH)(NCC) and Hashing 29
 Its codNBSymb C[6]-3:C[6]-3:N-3: its codNB2Symb 3:3:3:
Atom2 C2 Its Cod class C[6](C[6]CH)(C[6]CN)(CCN) and Hashing 29
 Its codNBSymb C[6]-3:C[6]-3:C-3: its codNB2Symb 3:3:3:
Atom3 N Its Cod class N(C[6]CC)(CH3)(CCO) and Hashing 981
 Its codNBSymb C[6]-3:C-4:C-3: its codNB2Symb 3:4:3:
Found 3:3:3:
Found 3:3:3:
Found 3:4:3:
Found C[6]-3:C[6]-3:N-3:
Found C[6]-3:C[6]-3:C-3:
Found C[6]-3:C-4:C-3:
Found C[6](C[6]CC)(C[6]CH)(NCC)
not Found C[6](C[6]CH)(C[6]CN)(CCN) iFind8 
Target angle value : 121
Angle between C1(center) and N and C6
Atom1 C1 Its Cod class C[6](C[6]CC)(C[6]CH)(NCC) and Hashing 29
 Its codNBSymb C[6]-3:C[6]-3:N-3: its codNB2Symb 3:3:3:
Atom2 C6 Its Cod class C[6](C[6]CH)(C[6]CN)(H) and Hashing 29
 Its codNBSymb C[6]-3:C[6]-3:H-1: its codNB2Symb 3:3:1:
Atom3 N Its Cod class N(C[6]CC)(CH3)(CCO) and Hashing 981
 Its codNBSymb C[6]-3:C-4:C-3: its codNB2Symb 3:4:3:
Found 3:3:3:
Found 3:3:1:
Found 3:4:3:
Found C[6]-3:C[6]-3:N-3:
Found C[6]-3:C[6]-3:H-1:
Found C[6]-3:C-4:C-3:
Found C[6](C[6]CC)(C[6]CH)(NCC)
Found C[6](C[6]CH)(C[6]CN)(H)
COD finds the exact value 118
the sigma value 1.52
Target angle value : 118
Angle between C1(center) and C2 and C6
Atom1 C1 Its Cod class C[6](C[6]CC)(C[6]CH)(NCC) and Hashing 29
 Its codNBSymb C[6]-3:C[6]-3:N-3: its codNB2Symb 3:3:3:
Atom2 C6 Its Cod class C[6](C[6]CH)(C[6]CN)(H) and Hashing 29
 Its codNBSymb C[6]-3:C[6]-3:H-1: its codNB2Symb 3:3:1:
Atom3 C2 Its Cod class C[6](C[6]CH)(C[6]CN)(CCN) and Hashing 29
 Its codNBSymb C[6]-3:C[6]-3:C-3: its codNB2Symb 3:3:3:
Found 3:3:3:
Found 3:3:1:
Found 3:3:3:
Found C[6]-3:C[6]-3:N-3:
Found C[6]-3:C[6]-3:H-1:
Found C[6]-3:C[6]-3:C-3:
Found C[6](C[6]CC)(C[6]CH)(NCC)
Found C[6](C[6]CH)(C[6]CN)(H)
Target angle value : 121
Angle between C10(center) and C7 and C11
Atom1 C10 Its Cod class C[6](C[6]CH)2(CCN) and Hashing 29
 Its codNBSymb C[6]-3:C[6]-3:C-3: its codNB2Symb 3:3:3:
Atom2 C11 Its Cod class C[6](C[6]CC)(C[6]CH)(H) and Hashing 29
 Its codNBSymb C[6]-3:C[6]-3:H-1: its codNB2Symb 3:3:1:
Atom3 C7 Its Cod class C(C[6]CC)2(NC) and Hashing 699
 Its codNBSymb C[6]-3:C[6]-3:N-2: its codNB2Symb 3:3:2:
Found 3:3:3:
Found 3:3:1:
Found 3:3:2:
Found C[6]-3:C[6]-3:C-3:
Found C[6]-3:C[6]-3:H-1:
Found C[6]-3:C[6]-3:N-2:
Found C[6](C[6]CH)2(CCN)
Found C[6](C[6]CC)(C[6]CH)(H)
COD finds the exact value 121
the sigma value 0.941
Target angle value : 121
Angle between C10(center) and C7 and C15
Atom1 C10 Its Cod class C[6](C[6]CH)2(CCN) and Hashing 29
 Its codNBSymb C[6]-3:C[6]-3:C-3: its codNB2Symb 3:3:3:
Atom2 C15 Its Cod class C[6](C[6]CC)(C[6]CH)(H) and Hashing 29
 Its codNBSymb C[6]-3:C[6]-3:H-1: its codNB2Symb 3:3:1:
Atom3 C7 Its Cod class C(C[6]CC)2(NC) and Hashing 699
 Its codNBSymb C[6]-3:C[6]-3:N-2: its codNB2Symb 3:3:2:
Found 3:3:3:
Found 3:3:1:
Found 3:3:2:
Found C[6]-3:C[6]-3:C-3:
Found C[6]-3:C[6]-3:H-1:
Found C[6]-3:C[6]-3:N-2:
Found C[6](C[6]CH)2(CCN)
Found C[6](C[6]CC)(C[6]CH)(H)
COD finds the exact value 121
the sigma value 0.941
Target angle value : 121
Angle between C10(center) and C11 and C15
Atom1 C10 Its Cod class C[6](C[6]CH)2(CCN) and Hashing 29
 Its codNBSymb C[6]-3:C[6]-3:C-3: its codNB2Symb 3:3:3:
Atom2 C11 Its Cod class C[6](C[6]CC)(C[6]CH)(H) and Hashing 29
 Its codNBSymb C[6]-3:C[6]-3:H-1: its codNB2Symb 3:3:1:
Atom3 C15 Its Cod class C[6](C[6]CC)(C[6]CH)(H) and Hashing 29
 Its codNBSymb C[6]-3:C[6]-3:H-1: its codNB2Symb 3:3:1:
Found 3:3:3:
Found 3:3:1:
Found 3:3:1:
Found C[6]-3:C[6]-3:C-3:
Found C[6]-3:C[6]-3:H-1:
Found C[6]-3:C[6]-3:H-1:
Found C[6](C[6]CH)2(CCN)
Found C[6](C[6]CC)(C[6]CH)(H)
COD finds the exact value 119
the sigma value 0.917
Target angle value : 119
Angle between C15(center) and C14 and C10
Atom1 C15 Its Cod class C[6](C[6]CC)(C[6]CH)(H) and Hashing 29
 Its codNBSymb C[6]-3:C[6]-3:H-1: its codNB2Symb 3:3:1:
Atom2 C14 Its Cod class C[6](C[6]CH)2(H) and Hashing 29
 Its codNBSymb C[6]-3:C[6]-3:H-1: its codNB2Symb 3:3:1:
Atom3 C10 Its Cod class C[6](C[6]CH)2(CCN) and Hashing 29
 Its codNBSymb C[6]-3:C[6]-3:C-3: its codNB2Symb 3:3:3:
Found 3:3:1:
Found 3:3:1:
Found 3:3:3:
Found C[6]-3:C[6]-3:H-1:
Found C[6]-3:C[6]-3:H-1:
Found C[6]-3:C[6]-3:C-3:
Found C[6](C[6]CC)(C[6]CH)(H)
Found C[6](C[6]CH)2(H)
COD finds the exact value 120
the sigma value 0.766
Target angle value : 120
Angle between C15(center) and C14 and H12
Atom1 C15 Its Cod class C[6](C[6]CC)(C[6]CH)(H) and Hashing 29
 Its codNBSymb C[6]-3:C[6]-3:H-1: its codNB2Symb 3:3:1:
Atom2 C14 Its Cod class C[6](C[6]CH)2(H) and Hashing 29
 Its codNBSymb C[6]-3:C[6]-3:H-1: its codNB2Symb 3:3:1:
Atom3 H12 Its Cod class H(C[6]CC) and Hashing 887
 Its codNBSymb C[6]-3: its codNB2Symb 3:
Found 3:3:1:
Found 3:3:1:
Found 3:
Found C[6]-3:C[6]-3:H-1:
Found C[6]-3:C[6]-3:H-1:
Found C[6]-3:
Found C[6](C[6]CC)(C[6]CH)(H)
Found C[6](C[6]CH)2(H)
COD finds the exact value 120
the sigma value 0.941
Target angle value : 120
Angle between C15(center) and C10 and H12
Atom1 C15 Its Cod class C[6](C[6]CC)(C[6]CH)(H) and Hashing 29
 Its codNBSymb C[6]-3:C[6]-3:H-1: its codNB2Symb 3:3:1:
Atom2 C10 Its Cod class C[6](C[6]CH)2(CCN) and Hashing 29
 Its codNBSymb C[6]-3:C[6]-3:C-3: its codNB2Symb 3:3:3:
Atom3 H12 Its Cod class H(C[6]CC) and Hashing 887
 Its codNBSymb C[6]-3: its codNB2Symb 3:
Found 3:3:1:
Found 3:3:3:
Found 3:
Found C[6]-3:C[6]-3:H-1:
Found C[6]-3:C[6]-3:C-3:
Found C[6]-3:
Found C[6](C[6]CC)(C[6]CH)(H)
Found C[6](C[6]CH)2(CCN)
COD finds the exact value 120
the sigma value 0.574
Target angle value : 120
Angle between C14(center) and C13 and C15
Atom1 C14 Its Cod class C[6](C[6]CH)2(H) and Hashing 29
 Its codNBSymb C[6]-3:C[6]-3:H-1: its codNB2Symb 3:3:1:
Atom2 C13 Its Cod class C[6](C[6]CH)2(H) and Hashing 29
 Its codNBSymb C[6]-3:C[6]-3:H-1: its codNB2Symb 3:3:1:
Atom3 C15 Its Cod class C[6](C[6]CC)(C[6]CH)(H) and Hashing 29
 Its codNBSymb C[6]-3:C[6]-3:H-1: its codNB2Symb 3:3:1:
Found 3:3:1:
Found 3:3:1:
Found 3:3:1:
Found C[6]-3:C[6]-3:H-1:
Found C[6]-3:C[6]-3:H-1:
Found C[6]-3:C[6]-3:H-1:
Found C[6](C[6]CH)2(H)
Found C[6](C[6]CH)2(H)
COD finds the exact value 120
the sigma value 1.28
Target angle value : 120
Angle between C14(center) and C13 and H11
Atom1 C14 Its Cod class C[6](C[6]CH)2(H) and Hashing 29
 Its codNBSymb C[6]-3:C[6]-3:H-1: its codNB2Symb 3:3:1:
Atom2 C13 Its Cod class C[6](C[6]CH)2(H) and Hashing 29
 Its codNBSymb C[6]-3:C[6]-3:H-1: its codNB2Symb 3:3:1:
Atom3 H11 Its Cod class H(C[6]CC) and Hashing 887
 Its codNBSymb C[6]-3: its codNB2Symb 3:
Found 3:3:1:
Found 3:3:1:
Found 3:
Found C[6]-3:C[6]-3:H-1:
Found C[6]-3:C[6]-3:H-1:
Found C[6]-3:
Found C[6](C[6]CH)2(H)
Found C[6](C[6]CH)2(H)
COD finds the exact value 120
the sigma value 1.29
Target angle value : 120
Angle between C14(center) and C15 and H11
Atom1 C14 Its Cod class C[6](C[6]CH)2(H) and Hashing 29
 Its codNBSymb C[6]-3:C[6]-3:H-1: its codNB2Symb 3:3:1:
Atom2 C15 Its Cod class C[6](C[6]CC)(C[6]CH)(H) and Hashing 29
 Its codNBSymb C[6]-3:C[6]-3:H-1: its codNB2Symb 3:3:1:
Atom3 H11 Its Cod class H(C[6]CC) and Hashing 887
 Its codNBSymb C[6]-3: its codNB2Symb 3:
Found 3:3:1:
Found 3:3:1:
Found 3:
Found C[6]-3:C[6]-3:H-1:
Found C[6]-3:C[6]-3:H-1:
Found C[6]-3:
Found C[6](C[6]CH)2(H)
Found C[6](C[6]CC)(C[6]CH)(H)
COD finds the exact value 120
the sigma value 1.04
Target angle value : 120
Angle between C13(center) and C12 and C14
Atom1 C13 Its Cod class C[6](C[6]CH)2(H) and Hashing 29
 Its codNBSymb C[6]-3:C[6]-3:H-1: its codNB2Symb 3:3:1:
Atom2 C12 Its Cod class C[6](C[6]CH)2(H) and Hashing 29
 Its codNBSymb C[6]-3:C[6]-3:H-1: its codNB2Symb 3:3:1:
Atom3 C14 Its Cod class C[6](C[6]CH)2(H) and Hashing 29
 Its codNBSymb C[6]-3:C[6]-3:H-1: its codNB2Symb 3:3:1:
Found 3:3:1:
Found 3:3:1:
Found 3:3:1:
Found C[6]-3:C[6]-3:H-1:
Found C[6]-3:C[6]-3:H-1:
Found C[6]-3:C[6]-3:H-1:
Found C[6](C[6]CH)2(H)
Found C[6](C[6]CH)2(H)
COD finds the exact value 120
the sigma value 1.4
Target angle value : 120
Angle between C13(center) and C12 and H10
Atom1 C13 Its Cod class C[6](C[6]CH)2(H) and Hashing 29
 Its codNBSymb C[6]-3:C[6]-3:H-1: its codNB2Symb 3:3:1:
Atom2 C12 Its Cod class C[6](C[6]CH)2(H) and Hashing 29
 Its codNBSymb C[6]-3:C[6]-3:H-1: its codNB2Symb 3:3:1:
Atom3 H10 Its Cod class H(C[6]CC) and Hashing 887
 Its codNBSymb C[6]-3: its codNB2Symb 3:
Found 3:3:1:
Found 3:3:1:
Found 3:
Found C[6]-3:C[6]-3:H-1:
Found C[6]-3:C[6]-3:H-1:
Found C[6]-3:
Found C[6](C[6]CH)2(H)
Found C[6](C[6]CH)2(H)
COD finds the exact value 120
the sigma value 1.29
Target angle value : 120
Angle between C13(center) and C14 and H10
Atom1 C13 Its Cod class C[6](C[6]CH)2(H) and Hashing 29
 Its codNBSymb C[6]-3:C[6]-3:H-1: its codNB2Symb 3:3:1:
Atom2 C14 Its Cod class C[6](C[6]CH)2(H) and Hashing 29
 Its codNBSymb C[6]-3:C[6]-3:H-1: its codNB2Symb 3:3:1:
Atom3 H10 Its Cod class H(C[6]CC) and Hashing 887
 Its codNBSymb C[6]-3: its codNB2Symb 3:
Found 3:3:1:
Found 3:3:1:
Found 3:
Found C[6]-3:C[6]-3:H-1:
Found C[6]-3:C[6]-3:H-1:
Found C[6]-3:
Found C[6](C[6]CH)2(H)
Found C[6](C[6]CH)2(H)
COD finds the exact value 120
the sigma value 1.29
Target angle value : 120
Angle between C12(center) and C11 and C13
Atom1 C12 Its Cod class C[6](C[6]CH)2(H) and Hashing 29
 Its codNBSymb C[6]-3:C[6]-3:H-1: its codNB2Symb 3:3:1:
Atom2 C13 Its Cod class C[6](C[6]CH)2(H) and Hashing 29
 Its codNBSymb C[6]-3:C[6]-3:H-1: its codNB2Symb 3:3:1:
Atom3 C11 Its Cod class C[6](C[6]CC)(C[6]CH)(H) and Hashing 29
 Its codNBSymb C[6]-3:C[6]-3:H-1: its codNB2Symb 3:3:1:
Found 3:3:1:
Found 3:3:1:
Found 3:3:1:
Found C[6]-3:C[6]-3:H-1:
Found C[6]-3:C[6]-3:H-1:
Found C[6]-3:C[6]-3:H-1:
Found C[6](C[6]CH)2(H)
Found C[6](C[6]CH)2(H)
COD finds the exact value 120
the sigma value 1.28
Target angle value : 120
Angle between C12(center) and C11 and H9
Atom1 C12 Its Cod class C[6](C[6]CH)2(H) and Hashing 29
 Its codNBSymb C[6]-3:C[6]-3:H-1: its codNB2Symb 3:3:1:
Atom2 C11 Its Cod class C[6](C[6]CC)(C[6]CH)(H) and Hashing 29
 Its codNBSymb C[6]-3:C[6]-3:H-1: its codNB2Symb 3:3:1:
Atom3 H9 Its Cod class H(C[6]CC) and Hashing 887
 Its codNBSymb C[6]-3: its codNB2Symb 3:
Found 3:3:1:
Found 3:3:1:
Found 3:
Found C[6]-3:C[6]-3:H-1:
Found C[6]-3:C[6]-3:H-1:
Found C[6]-3:
Found C[6](C[6]CH)2(H)
Found C[6](C[6]CC)(C[6]CH)(H)
COD finds the exact value 120
the sigma value 1.04
Target angle value : 120
Angle between C12(center) and C13 and H9
Atom1 C12 Its Cod class C[6](C[6]CH)2(H) and Hashing 29
 Its codNBSymb C[6]-3:C[6]-3:H-1: its codNB2Symb 3:3:1:
Atom2 C13 Its Cod class C[6](C[6]CH)2(H) and Hashing 29
 Its codNBSymb C[6]-3:C[6]-3:H-1: its codNB2Symb 3:3:1:
Atom3 H9 Its Cod class H(C[6]CC) and Hashing 887
 Its codNBSymb C[6]-3: its codNB2Symb 3:
Found 3:3:1:
Found 3:3:1:
Found 3:
Found C[6]-3:C[6]-3:H-1:
Found C[6]-3:C[6]-3:H-1:
Found C[6]-3:
Found C[6](C[6]CH)2(H)
Found C[6](C[6]CH)2(H)
COD finds the exact value 120
the sigma value 1.29
Target angle value : 120
Angle between C11(center) and C10 and C12
Atom1 C11 Its Cod class C[6](C[6]CC)(C[6]CH)(H) and Hashing 29
 Its codNBSymb C[6]-3:C[6]-3:H-1: its codNB2Symb 3:3:1:
Atom2 C12 Its Cod class C[6](C[6]CH)2(H) and Hashing 29
 Its codNBSymb C[6]-3:C[6]-3:H-1: its codNB2Symb 3:3:1:
Atom3 C10 Its Cod class C[6](C[6]CH)2(CCN) and Hashing 29
 Its codNBSymb C[6]-3:C[6]-3:C-3: its codNB2Symb 3:3:3:
Found 3:3:1:
Found 3:3:1:
Found 3:3:3:
Found C[6]-3:C[6]-3:H-1:
Found C[6]-3:C[6]-3:H-1:
Found C[6]-3:C[6]-3:C-3:
Found C[6](C[6]CC)(C[6]CH)(H)
Found C[6](C[6]CH)2(H)
COD finds the exact value 120
the sigma value 0.766
Target angle value : 120
Angle between C11(center) and C10 and H8
Atom1 C11 Its Cod class C[6](C[6]CC)(C[6]CH)(H) and Hashing 29
 Its codNBSymb C[6]-3:C[6]-3:H-1: its codNB2Symb 3:3:1:
Atom2 C10 Its Cod class C[6](C[6]CH)2(CCN) and Hashing 29
 Its codNBSymb C[6]-3:C[6]-3:C-3: its codNB2Symb 3:3:3:
Atom3 H8 Its Cod class H(C[6]CC) and Hashing 887
 Its codNBSymb C[6]-3: its codNB2Symb 3:
Found 3:3:1:
Found 3:3:3:
Found 3:
Found C[6]-3:C[6]-3:H-1:
Found C[6]-3:C[6]-3:C-3:
Found C[6]-3:
Found C[6](C[6]CC)(C[6]CH)(H)
Found C[6](C[6]CH)2(CCN)
COD finds the exact value 120
the sigma value 0.574
Target angle value : 120
Angle between C11(center) and C12 and H8
Atom1 C11 Its Cod class C[6](C[6]CC)(C[6]CH)(H) and Hashing 29
 Its codNBSymb C[6]-3:C[6]-3:H-1: its codNB2Symb 3:3:1:
Atom2 C12 Its Cod class C[6](C[6]CH)2(H) and Hashing 29
 Its codNBSymb C[6]-3:C[6]-3:H-1: its codNB2Symb 3:3:1:
Atom3 H8 Its Cod class H(C[6]CC) and Hashing 887
 Its codNBSymb C[6]-3: its codNB2Symb 3:
Found 3:3:1:
Found 3:3:1:
Found 3:
Found C[6]-3:C[6]-3:H-1:
Found C[6]-3:C[6]-3:H-1:
Found C[6]-3:
Found C[6](C[6]CC)(C[6]CH)(H)
Found C[6](C[6]CH)2(H)
COD finds the exact value 120
the sigma value 0.941
Target angle value : 120
There are 2 rings 
These are: 
Ring C10C11C12C13C14C15.
Ring size:  6
Atom C10
Atom C15
Atom C14
Atom C13
Atom C12
Atom C11
Ring C1C2C3C4C5C6.
Ring size:  6
Atom C2
Atom C3
Atom C4
Atom C5
Atom C6
Atom C1
Finish searching angles 
There are 2 planes 
One Plane. It has 12 They are : 
Atom C10
Atom C11
Atom C12
Atom C13
Atom C14
Atom C15
Atom C7
Atom H10
Atom H11
Atom H12
Atom H8
Atom H9
One Plane. It has 12 They are : 
Atom C1
Atom C2
Atom C3
Atom C4
Atom C5
Atom C6
Atom C7
Atom CL
Atom H3
Atom H4
Atom H5
Atom N
O1
O1
C9
C9
N
N
C
C
H2
H2
H1
H1
H
H
C8
C8
H6
H6
O
O
H7
H7
N1
N1
C7
C7
C2
C2
C3
C3
H3
H3
C4
C4
CL
CL
C5
C5
H4
H4
C6
C6
H5
H5
C1
C1
C10
C10
C15
C15
H12
H12
C14
C14
H11
H11
C13
C13
H10
H10
C12
C12
H9
H9
C11
C11
H8
H8
=========END OF PROCESS INFORMATION
 ==========
