
============ PROCESS INFORMATION =============
||=====================Job description====================================||
You will get an output cif file for a list of dictionary restraints
based on the input MOL/SDF file
Your input MOL/SDF file : ./inMol/DB00201.mol
Your monomer name : UNL
The output dictionary file(cif) : DB00201_fromMol_TMP/DB00201_fromMol_cod.rst
||========================================================================||
The work mode is 13
NBDepth	1
inSdfName	./inMol/DB00201.mol
libMolTabDir	/Applications/ccp4-6.4.0/share/acedrg/tables
monoRootName	UNL
userOutName	DB00201_fromMol_TMP/DB00201_fromMol_cod.rst
201
Mrv0541 02231214312D

14 15  0  0  0  0            999 V2000
3.0791    1.6500    0.0000 O   0  0  0  0  0  0  0  0  0  0  0  0
1.6500   -0.8250    0.0000 O   0  0  0  0  0  0  0  0  0  0  0  0
3.0791   -0.8250    0.0000 N   0  0  0  0  0  0  0  0  0  0  0  0
4.5741    0.6639    0.0000 N   0  0  0  0  0  0  0  0  0  0  0  0
2.3645    0.4125    0.0000 N   0  0  0  0  0  0  0  0  0  0  0  0
4.5741   -0.6639    0.0000 N   0  0  0  0  0  0  0  0  0  0  0  0
3.7935    0.4125    0.0000 C   0  0  0  0  0  0  0  0  0  0  0  0
3.7935   -0.4125    0.0000 C   0  0  0  0  0  0  0  0  0  0  0  0
3.0791    0.8250    0.0000 C   0  0  0  0  0  0  0  0  0  0  0  0
2.3645   -0.4125    0.0000 C   0  0  0  0  0  0  0  0  0  0  0  0
5.0556    0.0000    0.0000 C   0  0  0  0  0  0  0  0  0  0  0  0
3.0791   -1.6500    0.0000 C   0  0  0  0  0  0  0  0  0  0  0  0
4.8305    1.4482    0.0000 C   0  0  0  0  0  0  0  0  0  0  0  0
1.6500    0.8250    0.0000 C   0  0  0  0  0  0  0  0  0  0  0  0
1  9  2  0  0  0  0
aBond.seriNum 0
2 10  2  0  0  0  0
aBond.seriNum 1
3  8  1  0  0  0  0
aBond.seriNum 2
3 10  1  0  0  0  0
aBond.seriNum 3
3 12  1  0  0  0  0
aBond.seriNum 4
4  7  1  0  0  0  0
aBond.seriNum 5
4 11  1  0  0  0  0
aBond.seriNum 6
4 13  1  0  0  0  0
aBond.seriNum 7
5  9  1  0  0  0  0
aBond.seriNum 8
5 10  1  0  0  0  0
aBond.seriNum 9
5 14  1  0  0  0  0
aBond.seriNum 10
6  8  1  0  0  0  0
aBond.seriNum 11
6 11  2  0  0  0  0
aBond.seriNum 12
7  8  2  0  0  0  0
aBond.seriNum 13
7  9  1  0  0  0  0
aBond.seriNum 14
M  END

The property key word in SDF file is 
For atom O1
Total bond order is 2
formal charge is 0
For atom O2
Total bond order is 2
formal charge is 0
For atom N1
Total bond order is 3
formal charge is 0
For atom N2
Total bond order is 3
formal charge is 0
For atom N3
Total bond order is 3
formal charge is 0
For atom N4
Total bond order is 3
formal charge is 0
For atom C1
Total bond order is 4
formal charge is 0
For atom C2
Total bond order is 4
formal charge is 0
For atom C3
Total bond order is 4
formal charge is 0
For atom C4
Total bond order is 4
formal charge is 0
For atom C5
Total bond order is 3
formal charge is 0
1 H atom should be added to bind atom C5
1 H atoms have been added to bind atom C5
For atom C6
Total bond order is 1
formal charge is 0
3 H atom should be added to bind atom C6
3 H atoms have been added to bind atom C6
For atom C7
Total bond order is 1
formal charge is 0
3 H atom should be added to bind atom C7
3 H atoms have been added to bind atom C7
For atom C8
Total bond order is 1
formal charge is 0
3 H atom should be added to bind atom C8
3 H atoms have been added to bind atom C8
set H atom H1 coords 
Tor is 180
atom1 C1 atom2 N2 atom3 C5 H atom added H1
check distance: 0.95
check angle: 120
Tor is 120
atom1 C2 atom2 N1 atom3 C6 H atom added H2
check distance 0.95
check angle: 109.5
Tor is 240
atom1 C2 atom2 N1 atom3 C6 H atom added H3
check distance 0.95
check angle: 109.5
Tor is -5.68434e-14
atom1 C2 atom2 N1 atom3 C6 H atom added H4
check distance 0.95
check angle: 109.5
Tor is 120
atom1 C1 atom2 N2 atom3 C7 H atom added H5
check distance 0.95
check angle: 109.5
Tor is 240
atom1 C1 atom2 N2 atom3 C7 H atom added H6
check distance 0.95
check angle: 109.5
Tor is -5.68434e-14
atom1 C1 atom2 N2 atom3 C7 H atom added H7
check distance 0.95
check angle: 109.5
Tor is 120
atom1 C3 atom2 N3 atom3 C8 H atom added H8
check distance 0.95
check angle: 109.5
Tor is 240
atom1 C3 atom2 N3 atom3 C8 H atom added H9
check distance 0.95
check angle: 109.5
Tor is -5.68434e-14
atom1 C3 atom2 N3 atom3 C8 H atom added H10
check distance 0.95
check angle: 109.5
There are 1 molecule(s) in the SDF file 
For Molecule No. 1 : 
Its header information is 
201
Mrv0541 02231214312D

The molecule has 24 atoms, including 10 newly added H atoms. 
These atoms are : 
atom 1	O id : O1	 charge 0
Coordinates : 3.0791	1.65	0
It connects to the following atoms: 
Atom C3
Its is in 0 chirals 
atom 2	O id : O2	 charge 0
Coordinates : 1.65	-0.825	0
It connects to the following atoms: 
Atom C4
Its is in 0 chirals 
atom 3	N id : N1	 charge 0
Coordinates : 3.0791	-0.825	0
It connects to the following atoms: 
Atom C2
Atom C4
Atom C6
Its is in 0 chirals 
atom 4	N id : N2	 charge 0
Coordinates : 4.5741	0.6639	0
It connects to the following atoms: 
Atom C1
Atom C5
Atom C7
Its is in 0 chirals 
atom 5	N id : N3	 charge 0
Coordinates : 2.3645	0.4125	0
It connects to the following atoms: 
Atom C3
Atom C4
Atom C8
Its is in 0 chirals 
atom 6	N id : N4	 charge 0
Coordinates : 4.5741	-0.6639	0
It connects to the following atoms: 
Atom C2
Atom C5
Its is in 0 chirals 
atom 7	C id : C1	 charge 0
Coordinates : 3.7935	0.4125	0
It connects to the following atoms: 
Atom N2
Atom C2
Atom C3
Its is in 0 chirals 
atom 8	C id : C2	 charge 0
Coordinates : 3.7935	-0.4125	0
It connects to the following atoms: 
Atom N1
Atom N4
Atom C1
Its is in 0 chirals 
atom 9	C id : C3	 charge 0
Coordinates : 3.0791	0.825	0
It connects to the following atoms: 
Atom O1
Atom N3
Atom C1
Its is in 0 chirals 
atom 10	C id : C4	 charge 0
Coordinates : 2.3645	-0.4125	0
It connects to the following atoms: 
Atom O2
Atom N1
Atom N3
Its is in 0 chirals 
atom 11	C id : C5	 charge 0
Coordinates : 5.0556	0	0
It connects to the following atoms: 
Atom N2
Atom N4
Atom H1
It bonds to 1H atoms 
Its is in 0 chirals 
atom 12	C id : C6	 charge 0
Coordinates : 3.0791	-1.65	0
It connects to the following atoms: 
Atom N1
Atom H2
Atom H3
Atom H4
It bonds to 3H atoms 
Its is in 0 chirals 
atom 13	C id : C7	 charge 0
Coordinates : 4.8305	1.4482	0
It connects to the following atoms: 
Atom N2
Atom H5
Atom H6
Atom H7
It bonds to 3H atoms 
Its is in 0 chirals 
atom 14	C id : C8	 charge 0
Coordinates : 1.65	0.825	0
It connects to the following atoms: 
Atom N3
Atom H8
Atom H9
Atom H10
It bonds to 3H atoms 
Its is in 0 chirals 
atom 15	H id : H1	 charge 0
Coordinates : 6.00048	0.0985083	0
It connects to the following atoms: 
Atom C5
Its is in 0 chirals 
atom 16	H id : H2	 charge 0
Coordinates : 2.63135	-1.96712	0.775534
It connects to the following atoms: 
Atom C6
Its is in 0 chirals 
atom 17	H id : H3	 charge 0
Coordinates : 2.63135	-1.96712	-0.775534
It connects to the following atoms: 
Atom C6
Its is in 0 chirals 
atom 18	H id : H4	 charge 0
Coordinates : 3.97461	-1.96712	0
It connects to the following atoms: 
Atom C6
Its is in 0 chirals 
atom 19	H id : H5	 charge 0
Coordinates : 5.35463	1.61049	0.775534
It connects to the following atoms: 
Atom C7
Its is in 0 chirals 
atom 20	H id : H6	 charge 0
Coordinates : 5.35463	1.61049	-0.775534
It connects to the following atoms: 
Atom C7
Its is in 0 chirals 
atom 21	H id : H7	 charge 0
Coordinates : 4.07786	2.02788	0
It connects to the following atoms: 
Atom C7
Its is in 0 chirals 
atom 22	H id : H8	 charge 0
Coordinates : 1.1515	0.595783	-0.775534
It connects to the following atoms: 
Atom C8
Its is in 0 chirals 
atom 23	H id : H9	 charge 0
Coordinates : 1.1515	0.595783	0.775534
It connects to the following atoms: 
Atom C8
Its is in 0 chirals 
atom 24	H id : H10	 charge 0
Coordinates : 1.82311	1.7591	0
It connects to the following atoms: 
Atom C8
Its is in 0 chirals 
There are 25 bonds in the molecule and they are :
bond 1
 between atom 1 and atom 9 of order double
bond 2
 between atom 2 and atom 10 of order double
bond 3
 between atom 3 and atom 8 of order single
bond 4
 between atom 3 and atom 10 of order single
bond 5
 between atom 3 and atom 12 of order single
bond 6
 between atom 4 and atom 7 of order single
bond 7
 between atom 4 and atom 11 of order single
bond 8
 between atom 4 and atom 13 of order single
bond 9
 between atom 5 and atom 9 of order single
bond 10
 between atom 5 and atom 10 of order single
bond 11
 between atom 5 and atom 14 of order single
bond 12
 between atom 6 and atom 8 of order single
bond 13
 between atom 6 and atom 11 of order double
bond 14
 between atom 7 and atom 8 of order double
bond 15
 between atom 7 and atom 9 of order single
bond 16
 between atom 11 and atom 15 of order single
bond 17
 between atom 12 and atom 16 of order single
bond 18
 between atom 12 and atom 17 of order single
bond 19
 between atom 12 and atom 18 of order single
bond 20
 between atom 13 and atom 19 of order single
bond 21
 between atom 13 and atom 20 of order single
bond 22
 between atom 13 and atom 21 of order single
bond 23
 between atom 14 and atom 22 of order single
bond 24
 between atom 14 and atom 23 of order single
bond 25
 between atom 14 and atom 24 of order single
Atom ID: O1
Atom chemType: O
Atom chemType of COD classes: O
Atom ID: O2
Atom chemType: O
Atom chemType of COD classes: O
Atom ID: N1
Atom chemType: N
Atom chemType of COD classes: n
Atom ID: N2
Atom chemType: N
Atom chemType of COD classes: n
Atom ID: N3
Atom chemType: N
Atom chemType of COD classes: n
Atom ID: N4
Atom chemType: N
Atom chemType of COD classes: n
Atom ID: C1
Atom chemType: C
Atom chemType of COD classes: c
Atom ID: C2
Atom chemType: C
Atom chemType of COD classes: c
Atom ID: C3
Atom chemType: C
Atom chemType of COD classes: c
Atom ID: C4
Atom chemType: C
Atom chemType of COD classes: c
Atom ID: C5
Atom chemType: C
Atom chemType of COD classes: c
Atom ID: C6
Atom chemType: C
Atom chemType of COD classes: C
Atom ID: C7
Atom chemType: C
Atom chemType of COD classes: C
Atom ID: C8
Atom chemType: C
Atom chemType of COD classes: C
Atom ID: H1
Atom chemType: H
Atom chemType of COD classes: H
Atom ID: H2
Atom chemType: H
Atom chemType of COD classes: H
Atom ID: H3
Atom chemType: H
Atom chemType of COD classes: H
Atom ID: H4
Atom chemType: H
Atom chemType of COD classes: H
Atom ID: H5
Atom chemType: H
Atom chemType of COD classes: H
Atom ID: H6
Atom chemType: H
Atom chemType of COD classes: H
Atom ID: H7
Atom chemType: H
Atom chemType of COD classes: H
Atom ID: H8
Atom chemType: H
Atom chemType of COD classes: H
Atom ID: H9
Atom chemType: H
Atom chemType of COD classes: H
Atom ID: H10
Atom chemType: H
Atom chemType of COD classes: H
 Set atom id O1 bond idx 0
 Its ccp4 type O
 Set atom id O2 bond idx 0
 Its ccp4 type O
 Set atom id N1 bond idx 2
 Its ccp4 type N
 Set atom id N2 bond idx 2
 Its ccp4 type N
 Set atom id N3 bond idx 2
 Its ccp4 type N
 Set atom id N4 bond idx 2
 Its ccp4 type N
atom id C1 C atom 
 H atom connection 0
 Set atom id C1 bond idx 2
 Its ccp4 type CR56
atom id C2 C atom 
 H atom connection 0
 Set atom id C2 bond idx 2
 Its ccp4 type CR56
atom id C3 C atom 
 H atom connection 0
 Set atom id C3 bond idx 2
 Its ccp4 type CR6
atom id C4 C atom 
 H atom connection 0
 Set atom id C4 bond idx 2
 Its ccp4 type CR6
atom id C5 C atom 
 H atom connection 1
 Set atom id C5 bond idx 2
 Its ccp4 type CR15
atom id C6 C atom 
 H atom connection 3
 Set atom id C6 bond idx 3
 Its ccp4 type CH3
atom id C7 C atom 
 H atom connection 3
 Set atom id C7 bond idx 3
 Its ccp4 type CH3
atom id C8 C atom 
 H atom connection 3
 Set atom id C8 bond idx 3
 Its ccp4 type CH3
Atom O1 Its sp idx 0 CCP4 atom type is O
Atom O2 Its sp idx 0 CCP4 atom type is O
Atom N1 Its sp idx 2 CCP4 atom type is N
Atom N2 Its sp idx 2 CCP4 atom type is N
Atom N3 Its sp idx 2 CCP4 atom type is N
Atom N4 Its sp idx 2 CCP4 atom type is N
Atom C1 Its sp idx 2 CCP4 atom type is CR56
Atom C2 Its sp idx 2 CCP4 atom type is CR56
Atom C3 Its sp idx 2 CCP4 atom type is CR6
Atom C4 Its sp idx 2 CCP4 atom type is CR6
Atom C5 Its sp idx 2 CCP4 atom type is CR15
Atom C6 Its sp idx 3 CCP4 atom type is CH3
Atom C7 Its sp idx 3 CCP4 atom type is CH3
Atom C8 Its sp idx 3 CCP4 atom type is CH3
Atom H1 Its sp idx 0 CCP4 atom type is H
Atom H2 Its sp idx 0 CCP4 atom type is H
Atom H3 Its sp idx 0 CCP4 atom type is H
Atom H4 Its sp idx 0 CCP4 atom type is H
Atom H5 Its sp idx 0 CCP4 atom type is H
Atom H6 Its sp idx 0 CCP4 atom type is H
Atom H7 Its sp idx 0 CCP4 atom type is H
Atom H8 Its sp idx 0 CCP4 atom type is H
Atom H9 Its sp idx 0 CCP4 atom type is H
Atom H10 Its sp idx 0 CCP4 atom type is H
Set torsion angles around the bond of atom C4 and N1
Set torsion angles around the bond of atom C6 and N1
Set torsion angles around the bond of atom C5 and N2
Set torsion angles around the bond of atom C7 and N2
Set torsion angles around the bond of atom C8 and N3
All torsions have been setup 
Torsion angle 0
Its atoms are : 
atom C1
atom C2
atom N1
atom C4
Torsion angle 1
Its atoms are : 
atom C1
atom C2
atom N1
atom C6
Torsion angle 2
Its atoms are : 
atom N4
atom C2
atom N1
atom C4
Torsion angle 3
Its atoms are : 
atom N4
atom C2
atom N1
atom C6
Torsion angle 4
Its atoms are : 
atom N2
atom C1
atom C2
atom N4
Torsion angle 5
Its atoms are : 
atom N2
atom C1
atom C2
atom N1
Torsion angle 6
Its atoms are : 
atom C3
atom C1
atom C2
atom N4
Torsion angle 7
Its atoms are : 
atom C3
atom C1
atom C2
atom N1
Torsion angle 8
Its atoms are : 
atom C2
atom C1
atom C3
atom N3
Torsion angle 9
Its atoms are : 
atom C2
atom C1
atom C3
atom O1
Torsion angle 10
Its atoms are : 
atom N2
atom C1
atom C3
atom N3
Torsion angle 11
Its atoms are : 
atom N2
atom C1
atom C3
atom O1
Torsion angle 12
Its atoms are : 
atom C1
atom C3
atom N3
atom C4
Torsion angle 13
Its atoms are : 
atom C1
atom C3
atom N3
atom C8
Torsion angle 14
Its atoms are : 
atom O1
atom C3
atom N3
atom C4
Torsion angle 15
Its atoms are : 
atom O1
atom C3
atom N3
atom C8
Torsion angle 16
Its atoms are : 
atom N1
atom C4
atom N3
atom C3
Torsion angle 17
Its atoms are : 
atom N1
atom C4
atom N3
atom C8
Torsion angle 18
Its atoms are : 
atom O2
atom C4
atom N3
atom C3
Torsion angle 19
Its atoms are : 
atom O2
atom C4
atom N3
atom C8
Torsion angle 20
Its atoms are : 
atom C2
atom C1
atom N2
atom C5
Torsion angle 21
Its atoms are : 
atom C2
atom C1
atom N2
atom C7
Torsion angle 22
Its atoms are : 
atom C3
atom C1
atom N2
atom C5
Torsion angle 23
Its atoms are : 
atom C3
atom C1
atom N2
atom C7
Torsion angle 24
Its atoms are : 
atom N2
atom C1
atom C2
atom N4
Torsion angle 25
Its atoms are : 
atom N2
atom C1
atom C2
atom N1
Torsion angle 26
Its atoms are : 
atom C3
atom C1
atom C2
atom N4
Torsion angle 27
Its atoms are : 
atom C3
atom C1
atom C2
atom N1
Torsion angle 28
Its atoms are : 
atom C1
atom C2
atom N4
atom C5
Torsion angle 29
Its atoms are : 
atom N1
atom C2
atom N4
atom C5
Torsion angle 30
Its atoms are : 
atom N2
atom C5
atom N4
atom C2
Torsion angle 31
Its atoms are : 
atom H1
atom C5
atom N4
atom C2
Torsion angle 32
Its atoms are : 
atom N3
atom C4
atom N1
atom C2
Torsion angle 33
Its atoms are : 
atom N3
atom C4
atom N1
atom C6
Torsion angle 34
Its atoms are : 
atom O2
atom C4
atom N1
atom C2
Torsion angle 35
Its atoms are : 
atom O2
atom C4
atom N1
atom C6
Torsion angle 36
Its atoms are : 
atom C2
atom N1
atom C6
atom H2
Torsion angle 37
Its atoms are : 
atom C2
atom N1
atom C6
atom H3
Torsion angle 38
Its atoms are : 
atom C2
atom N1
atom C6
atom H4
Torsion angle 39
Its atoms are : 
atom C4
atom N1
atom C6
atom H2
Torsion angle 40
Its atoms are : 
atom C4
atom N1
atom C6
atom H3
Torsion angle 41
Its atoms are : 
atom C4
atom N1
atom C6
atom H4
Torsion angle 42
Its atoms are : 
atom N4
atom C5
atom N2
atom C1
Torsion angle 43
Its atoms are : 
atom N4
atom C5
atom N2
atom C7
Torsion angle 44
Its atoms are : 
atom H1
atom C5
atom N2
atom C1
Torsion angle 45
Its atoms are : 
atom H1
atom C5
atom N2
atom C7
Torsion angle 46
Its atoms are : 
atom C1
atom N2
atom C7
atom H5
Torsion angle 47
Its atoms are : 
atom C1
atom N2
atom C7
atom H6
Torsion angle 48
Its atoms are : 
atom C1
atom N2
atom C7
atom H7
Torsion angle 49
Its atoms are : 
atom C5
atom N2
atom C7
atom H5
Torsion angle 50
Its atoms are : 
atom C5
atom N2
atom C7
atom H6
Torsion angle 51
Its atoms are : 
atom C5
atom N2
atom C7
atom H7
Torsion angle 52
Its atoms are : 
atom C3
atom N3
atom C8
atom H8
Torsion angle 53
Its atoms are : 
atom C3
atom N3
atom C8
atom H9
Torsion angle 54
Its atoms are : 
atom C3
atom N3
atom C8
atom H10
Torsion angle 55
Its atoms are : 
atom C4
atom N3
atom C8
atom H8
Torsion angle 56
Its atoms are : 
atom C4
atom N3
atom C8
atom H9
Torsion angle 57
Its atoms are : 
atom C4
atom N3
atom C8
atom H10
 Set atom id O1 bond idx 0
 Its ccp4 type O
 Set atom id O2 bond idx 0
 Its ccp4 type O
 Set atom id N1 bond idx 2
 Its ccp4 type N
 Set atom id N2 bond idx 2
 Its ccp4 type N
 Set atom id N3 bond idx 2
 Its ccp4 type N
 Set atom id N4 bond idx 2
 Its ccp4 type N
atom id C1 C atom 
 H atom connection 0
 Set atom id C1 bond idx 2
 Its ccp4 type CR56
atom id C2 C atom 
 H atom connection 0
 Set atom id C2 bond idx 2
 Its ccp4 type CR56
atom id C3 C atom 
 H atom connection 0
 Set atom id C3 bond idx 2
 Its ccp4 type CR6
atom id C4 C atom 
 H atom connection 0
 Set atom id C4 bond idx 2
 Its ccp4 type CR6
atom id C5 C atom 
 H atom connection 1
 Set atom id C5 bond idx 2
 Its ccp4 type CR15
atom id C6 C atom 
 H atom connection 3
 Set atom id C6 bond idx 3
 Its ccp4 type CH3
atom id C7 C atom 
 H atom connection 3
 Set atom id C7 bond idx 3
 Its ccp4 type CH3
atom id C8 C atom 
 H atom connection 3
 Set atom id C8 bond idx 3
 Its ccp4 type CH3
Atom O1 Its sp idx 0 CCP4 atom type is O
Atom O2 Its sp idx 0 CCP4 atom type is O
Atom N1 Its sp idx 2 CCP4 atom type is N
Atom N2 Its sp idx 2 CCP4 atom type is N
Atom N3 Its sp idx 2 CCP4 atom type is N
Atom N4 Its sp idx 2 CCP4 atom type is N
Atom C1 Its sp idx 2 CCP4 atom type is CR56
Atom C2 Its sp idx 2 CCP4 atom type is CR56
Atom C3 Its sp idx 2 CCP4 atom type is CR6
Atom C4 Its sp idx 2 CCP4 atom type is CR6
Atom C5 Its sp idx 2 CCP4 atom type is CR15
Atom C6 Its sp idx 3 CCP4 atom type is CH3
Atom C7 Its sp idx 3 CCP4 atom type is CH3
Atom C8 Its sp idx 3 CCP4 atom type is CH3
Atom H1 Its sp idx 0 CCP4 atom type is H
Atom H2 Its sp idx 0 CCP4 atom type is H
Atom H3 Its sp idx 0 CCP4 atom type is H
Atom H4 Its sp idx 0 CCP4 atom type is H
Atom H5 Its sp idx 0 CCP4 atom type is H
Atom H6 Its sp idx 0 CCP4 atom type is H
Atom H7 Its sp idx 0 CCP4 atom type is H
Atom H8 Its sp idx 0 CCP4 atom type is H
Atom H9 Its sp idx 0 CCP4 atom type is H
Atom H10 Its sp idx 0 CCP4 atom type is H

Atom 0 : 
Its ID : O1
Its Chemical Type : O
Its bonding index : 0
Its CCP4 atom type : O
Its residue Name: 
Its connected atoms are : 
C3

Atom 1 : 
Its ID : O2
Its Chemical Type : O
Its bonding index : 0
Its CCP4 atom type : O
Its residue Name: 
Its connected atoms are : 
C4

Atom 2 : 
Its ID : N1
Its Chemical Type : N
Its bonding index : 2
Its CCP4 atom type : N
Its residue Name: 
Its connected atoms are : 
C2
C4
C6

Atom 3 : 
Its ID : N2
Its Chemical Type : N
Its bonding index : 2
Its CCP4 atom type : N
Its residue Name: 
Its connected atoms are : 
C1
C5
C7

Atom 4 : 
Its ID : N3
Its Chemical Type : N
Its bonding index : 2
Its CCP4 atom type : N
Its residue Name: 
Its connected atoms are : 
C3
C4
C8

Atom 5 : 
Its ID : N4
Its Chemical Type : N
Its bonding index : 2
Its CCP4 atom type : N
Its residue Name: 
Its connected atoms are : 
C2
C5

Atom 6 : 
Its ID : C1
Its Chemical Type : C
Its bonding index : 2
Its CCP4 atom type : CR56
Its residue Name: 
Its connected atoms are : 
N2
C2
C3

Atom 7 : 
Its ID : C2
Its Chemical Type : C
Its bonding index : 2
Its CCP4 atom type : CR56
Its residue Name: 
Its connected atoms are : 
N1
N4
C1

Atom 8 : 
Its ID : C3
Its Chemical Type : C
Its bonding index : 2
Its CCP4 atom type : CR6
Its residue Name: 
Its connected atoms are : 
O1
N3
C1

Atom 9 : 
Its ID : C4
Its Chemical Type : C
Its bonding index : 2
Its CCP4 atom type : CR6
Its residue Name: 
Its connected atoms are : 
O2
N1
N3

Atom 10 : 
Its ID : C5
Its Chemical Type : C
Its bonding index : 2
Its CCP4 atom type : CR15
Its residue Name: 
Its connected atoms are : 
N2
N4
H1

Atom 11 : 
Its ID : C6
Its Chemical Type : C
Its bonding index : 3
Its CCP4 atom type : CH3
Its residue Name: 
Its connected atoms are : 
N1
H2
H3
H4

Atom 12 : 
Its ID : C7
Its Chemical Type : C
Its bonding index : 3
Its CCP4 atom type : CH3
Its residue Name: 
Its connected atoms are : 
N2
H5
H6
H7

Atom 13 : 
Its ID : C8
Its Chemical Type : C
Its bonding index : 3
Its CCP4 atom type : CH3
Its residue Name: 
Its connected atoms are : 
N3
H8
H9
H10

Atom 14 : 
Its ID : H1
Its Chemical Type : H
Its bonding index : 0
Its CCP4 atom type : H
Its residue Name: 
Its connected atoms are : 
C5

Atom 15 : 
Its ID : H2
Its Chemical Type : H
Its bonding index : 0
Its CCP4 atom type : H
Its residue Name: 
Its connected atoms are : 
C6

Atom 16 : 
Its ID : H3
Its Chemical Type : H
Its bonding index : 0
Its CCP4 atom type : H
Its residue Name: 
Its connected atoms are : 
C6

Atom 17 : 
Its ID : H4
Its Chemical Type : H
Its bonding index : 0
Its CCP4 atom type : H
Its residue Name: 
Its connected atoms are : 
C6

Atom 18 : 
Its ID : H5
Its Chemical Type : H
Its bonding index : 0
Its CCP4 atom type : H
Its residue Name: 
Its connected atoms are : 
C7

Atom 19 : 
Its ID : H6
Its Chemical Type : H
Its bonding index : 0
Its CCP4 atom type : H
Its residue Name: 
Its connected atoms are : 
C7

Atom 20 : 
Its ID : H7
Its Chemical Type : H
Its bonding index : 0
Its CCP4 atom type : H
Its residue Name: 
Its connected atoms are : 
C7

Atom 21 : 
Its ID : H8
Its Chemical Type : H
Its bonding index : 0
Its CCP4 atom type : H
Its residue Name: 
Its connected atoms are : 
C8

Atom 22 : 
Its ID : H9
Its Chemical Type : H
Its bonding index : 0
Its CCP4 atom type : H
Its residue Name: 
Its connected atoms are : 
C8

Atom 23 : 
Its ID : H10
Its Chemical Type : H
Its bonding index : 0
Its CCP4 atom type : H
Its residue Name: 
Its connected atoms are : 
C8

For atom O1
class is O(C[6]CN)

For atom O2
class is O(C[6]NN)

For atom N1
class is N[6](C[5,6]CN)(C[6]NO)(CH3)

For atom N2
class is N[5](C[5,6]CC)(C[5]HN)(CH3)

For atom N3
class is N[6](C[6]CO)(C[6]NO)(CH3)

For atom N4
class is N[5](C[5,6]CN)(C[5]HN)

For atom C1
class is C[5,6](C[5,6]NN)(C[6]NO)(N[5]CC)

For atom C2
class is C[5,6](C[5,6]CN)(N[6]CC)(N[5]C)

For atom C3
class is C[6](C[5,6]CN)(N[6]CC)(O)

For atom C4
class is C[6](N[6]CC)2(O)

For atom C5
class is C[5](N[5]CC)(N[5]C)(H)

For atom C6
class is C(N[6]CC)(H)3

For atom C7
class is C(N[5]CC)(H)3

For atom C8
class is C(N[6]CC)(H)3

For atom H1
class is H(C[5]NN)

For atom H2
class is H(CHHN)

For atom H3
class is H(CHHN)

For atom H4
class is H(CHHN)

For atom H5
class is H(CHHN)

For atom H6
class is H(CHHN)

For atom H7
class is H(CHHN)

For atom H8
class is H(CHHN)

For atom H9
class is H(CHHN)

For atom H10
class is H(CHHN)
libmol table should be /Applications/ccp4-6.4.0/share/acedrg/tables
Clustering COD org bonds started at Fri Sep 12 13:58:22 2014
Finish clustering COD org bonds 
finished at Fri Sep 12 13:58:24 2014
it takes 2 seconds to finish group COD bonds 
Group COD bonds involving metal elements 
Bond between O1 and C3
 search a org-related bond c 
for target bond of atoms O1 and C3
chemType : C COD classes : C[6](C[5,6]CN)(N[6]CC)(O)
chemType : O COD classes : O(C[6]CN)
ha1 29 ha2 157
 a1NB2 3:3:1: a2NB2 3:
 a1NB C[5,6]-3:N[6]-3:O-1: a2NB C[6]-3:
 a1C C[6](C[5,6]CN)(N[6]CC)(O) a2C O(C[6]CN)
atom 1 CR6  atom 2 O
Found all hashing codes
find 3:3:1:
 find 3:
 find C[5,6]-3:N[6]-3:O-1:
 find C[6]-3:
 find C[6](C[5,6]CN)(N[6]CC)(O)
Found exact matches of atom cod-classes 
The final target bond value is 1.22
Bond between O2 and C4
 search a org-related bond c 
for target bond of atoms O2 and C4
chemType : C COD classes : C[6](N[6]CC)2(O)
chemType : O COD classes : O(C[6]NN)
ha1 29 ha2 157
 a1NB2 3:3:1: a2NB2 3:
 a1NB N[6]-3:N[6]-3:O-1: a2NB C[6]-3:
 a1C C[6](N[6]CC)2(O) a2C O(C[6]NN)
atom 1 CR6  atom 2 O
Found all hashing codes
find 3:3:1:
 find 3:
 find N[6]-3:N[6]-3:O-1:
 find C[6]-3:
 find C[6](N[6]CC)2(O)
Found exact matches of atom cod-classes 
The final target bond value is 1.22
Bond between N1 and C2
 search a org-related bond c 
for target bond of atoms N1 and C2
chemType : C COD classes : C[5,6](C[5,6]CN)(N[6]CC)(N[5]C)
chemType : N COD classes : N[6](C[5,6]CN)(C[6]NO)(CH3)
ha1 563 ha2 983
 a1NB2 3:3:2: a2NB2 3:3:4:
 a1NB C[5,6]-3:N[6]-3:N[5]-2: a2NB C[5,6]-3:C[6]-3:C-4:
 a1C C[5,6](C[5,6]CN)(N[6]CC)(N[5]C) a2C N[6](C[5,6]CN)(C[6]NO)(CH3)
atom 1 CR56  atom 2 N
Found all hashing codes
find 3:3:2:
 find 3:3:4:
 find C[5,6]-3:N[6]-3:N[5]-2:
 find C[5,6]-3:C[6]-3:C-4:
 find C[5,6](C[5,6]CN)(N[6]CC)(N[5]C)
Found exact matches of atom cod-classes 
The final target bond value is 1.38
Bond between N1 and C4
 search a org-related bond c 
for target bond of atoms N1 and C4
chemType : C COD classes : C[6](N[6]CC)2(O)
chemType : N COD classes : N[6](C[5,6]CN)(C[6]NO)(CH3)
ha1 29 ha2 983
 a1NB2 3:3:1: a2NB2 3:3:4:
 a1NB N[6]-3:N[6]-3:O-1: a2NB C[5,6]-3:C[6]-3:C-4:
 a1C C[6](N[6]CC)2(O) a2C N[6](C[5,6]CN)(C[6]NO)(CH3)
atom 1 CR6  atom 2 N
Found all hashing codes
find 3:3:1:
 find 3:3:4:
 find N[6]-3:N[6]-3:O-1:
 find C[5,6]-3:C[6]-3:C-4:
 find C[6](N[6]CC)2(O)
Found exact matches of atom cod-classes 
The final target bond value is 1.38
Bond between N1 and C6
 search a org-related bond c 
for target bond of atoms N1 and C6
chemType : C COD classes : C(N[6]CC)(H)3
chemType : N COD classes : N[6](C[5,6]CN)(C[6]NO)(CH3)
ha1 673 ha2 983
 a1NB2 3:1:1:1: a2NB2 3:3:4:
 a1NB N[6]-3:H-1:H-1:H-1: a2NB C[5,6]-3:C[6]-3:C-4:
 a1C C(N[6]CC)(H)3 a2C N[6](C[5,6]CN)(C[6]NO)(CH3)
atom 1 CH3  atom 2 N
Found all hashing codes
find 3:1:1:1:
 find 3:3:4:
 find N[6]-3:H-1:H-1:H-1:
 find C[5,6]-3:C[6]-3:C-4:
 find C(N[6]CC)(H)3
Found exact matches of atom cod-classes 
The final target bond value is 1.46
Bond between N2 and C1
 search a org-related bond c 
for target bond of atoms N2 and C1
chemType : C COD classes : C[5,6](C[5,6]NN)(C[6]NO)(N[5]CC)
chemType : N COD classes : N[5](C[5,6]CC)(C[5]HN)(CH3)
ha1 563 ha2 767
 a1NB2 3:3:3: a2NB2 3:3:4:
 a1NB C[5,6]-3:C[6]-3:N[5]-3: a2NB C[5,6]-3:C[5]-3:C-4:
 a1C C[5,6](C[5,6]NN)(C[6]NO)(N[5]CC) a2C N[5](C[5,6]CC)(C[5]HN)(CH3)
atom 1 CR56  atom 2 N
Found all hashing codes
find 3:3:3:
 find 3:3:4:
 find C[5,6]-3:C[6]-3:N[5]-3:
 find C[5,6]-3:C[5]-3:C-4:
 find C[5,6](C[5,6]NN)(C[6]NO)(N[5]CC)
Found exact matches of atom cod-classes 
The final target bond value is 1.38
Bond between N2 and C5
 search a org-related bond c 
for target bond of atoms N2 and C5
chemType : C COD classes : C[5](N[5]CC)(N[5]C)(H)
chemType : N COD classes : N[5](C[5,6]CC)(C[5]HN)(CH3)
ha1 563 ha2 767
 a1NB2 3:2:1: a2NB2 3:3:4:
 a1NB N[5]-3:N[5]-2:H-1: a2NB C[5,6]-3:C[5]-3:C-4:
 a1C C[5](N[5]CC)(N[5]C)(H) a2C N[5](C[5,6]CC)(C[5]HN)(CH3)
atom 1 CR15  atom 2 N
Found all hashing codes
find 3:2:1:
 find 3:3:4:
 find N[5]-3:N[5]-2:H-1:
 find C[5,6]-3:C[5]-3:C-4:
 find C[5](N[5]CC)(N[5]C)(H)
Found exact matches of atom cod-classes 
The final target bond value is 1.34
Bond between N2 and C7
 search a org-related bond c 
for target bond of atoms N2 and C7
chemType : C COD classes : C(N[5]CC)(H)3
chemType : N COD classes : N[5](C[5,6]CC)(C[5]HN)(CH3)
ha1 673 ha2 767
 a1NB2 3:1:1:1: a2NB2 3:3:4:
 a1NB N[5]-3:H-1:H-1:H-1: a2NB C[5,6]-3:C[5]-3:C-4:
 a1C C(N[5]CC)(H)3 a2C N[5](C[5,6]CC)(C[5]HN)(CH3)
atom 1 CH3  atom 2 N
Found all hashing codes
find 3:1:1:1:
 find 3:3:4:
 find N[5]-3:H-1:H-1:H-1:
 find C[5,6]-3:C[5]-3:C-4:
 find C(N[5]CC)(H)3
Found exact matches of atom cod-classes 
The final target bond value is 1.46
Bond between N3 and C3
 search a org-related bond c 
for target bond of atoms N3 and C3
chemType : C COD classes : C[6](C[5,6]CN)(N[6]CC)(O)
chemType : N COD classes : N[6](C[6]CO)(C[6]NO)(CH3)
ha1 29 ha2 983
 a1NB2 3:3:1: a2NB2 3:3:4:
 a1NB C[5,6]-3:N[6]-3:O-1: a2NB C[6]-3:C[6]-3:C-4:
 a1C C[6](C[5,6]CN)(N[6]CC)(O) a2C N[6](C[6]CO)(C[6]NO)(CH3)
atom 1 CR6  atom 2 N
Found all hashing codes
find 3:3:1:
 find 3:3:4:
 find C[5,6]-3:N[6]-3:O-1:
 find C[6]-3:C[6]-3:C-4:
 find C[6](C[5,6]CN)(N[6]CC)(O)
Found exact matches of atom cod-classes 
The final target bond value is 1.4
Bond between N3 and C4
 search a org-related bond c 
for target bond of atoms N3 and C4
chemType : C COD classes : C[6](N[6]CC)2(O)
chemType : N COD classes : N[6](C[6]CO)(C[6]NO)(CH3)
ha1 29 ha2 983
 a1NB2 3:3:1: a2NB2 3:3:4:
 a1NB N[6]-3:N[6]-3:O-1: a2NB C[6]-3:C[6]-3:C-4:
 a1C C[6](N[6]CC)2(O) a2C N[6](C[6]CO)(C[6]NO)(CH3)
atom 1 CR6  atom 2 N
Found all hashing codes
find 3:3:1:
 find 3:3:4:
 find N[6]-3:N[6]-3:O-1:
 find C[6]-3:C[6]-3:C-4:
 find C[6](N[6]CC)2(O)
Found exact matches of atom cod-classes 
The final target bond value is 1.39
Bond between N3 and C8
 search a org-related bond c 
for target bond of atoms N3 and C8
chemType : C COD classes : C(N[6]CC)(H)3
chemType : N COD classes : N[6](C[6]CO)(C[6]NO)(CH3)
ha1 673 ha2 983
 a1NB2 3:1:1:1: a2NB2 3:3:4:
 a1NB N[6]-3:H-1:H-1:H-1: a2NB C[6]-3:C[6]-3:C-4:
 a1C C(N[6]CC)(H)3 a2C N[6](C[6]CO)(C[6]NO)(CH3)
atom 1 CH3  atom 2 N
Found all hashing codes
find 3:1:1:1:
 find 3:3:4:
 find N[6]-3:H-1:H-1:H-1:
 find C[6]-3:C[6]-3:C-4:
 find C(N[6]CC)(H)3
Found exact matches of atom cod-classes 
The final target bond value is 1.47
Bond between N4 and C2
 search a org-related bond c 
for target bond of atoms N4 and C2
chemType : C COD classes : C[5,6](C[5,6]CN)(N[6]CC)(N[5]C)
chemType : N COD classes : N[5](C[5,6]CN)(C[5]HN)
ha1 563 ha2 653
 a1NB2 3:3:2: a2NB2 3:3:
 a1NB C[5,6]-3:N[6]-3:N[5]-2: a2NB C[5,6]-3:C[5]-3:
 a1C C[5,6](C[5,6]CN)(N[6]CC)(N[5]C) a2C N[5](C[5,6]CN)(C[5]HN)
atom 1 CR56  atom 2 N
Found all hashing codes
find 3:3:2:
 find 3:3:
 find C[5,6]-3:N[6]-3:N[5]-2:
 find C[5,6]-3:C[5]-3:
 find C[5,6](C[5,6]CN)(N[6]CC)(N[5]C)
Found exact matches of atom cod-classes 
The final target bond value is 1.35
Bond between N4 and C5
 search a org-related bond c 
for target bond of atoms N4 and C5
chemType : C COD classes : C[5](N[5]CC)(N[5]C)(H)
chemType : N COD classes : N[5](C[5,6]CN)(C[5]HN)
ha1 563 ha2 653
 a1NB2 3:2:1: a2NB2 3:3:
 a1NB N[5]-3:N[5]-2:H-1: a2NB C[5,6]-3:C[5]-3:
 a1C C[5](N[5]CC)(N[5]C)(H) a2C N[5](C[5,6]CN)(C[5]HN)
atom 1 CR15  atom 2 N
Found all hashing codes
find 3:2:1:
 find 3:3:
 find N[5]-3:N[5]-2:H-1:
 find C[5,6]-3:C[5]-3:
 find C[5](N[5]CC)(N[5]C)(H)
Found exact matches of atom cod-classes 
The final target bond value is 1.34
Bond between C1 and C2
 search a org-related bond c 
for target bond of atoms C1 and C2
chemType : C COD classes : C[5,6](C[5,6]NN)(C[6]NO)(N[5]CC)
chemType : C COD classes : C[5,6](C[5,6]CN)(N[6]CC)(N[5]C)
ha1 563 ha2 563
 a1NB2 3:3:2: a2NB2 3:3:3:
 a1NB C[5,6]-3:N[6]-3:N[5]-2: a2NB C[5,6]-3:C[6]-3:N[5]-3:
 a1C C[5,6](C[5,6]CN)(N[6]CC)(N[5]C) a2C C[5,6](C[5,6]NN)(C[6]NO)(N[5]CC)
atom 1 CR56  atom 2 CR56
Found all hashing codes
find 3:3:2:
 find 3:3:3:
 find C[5,6]-3:N[6]-3:N[5]-2:
 find C[5,6]-3:C[6]-3:N[5]-3:
 find C[5,6](C[5,6]CN)(N[6]CC)(N[5]C)
Found exact matches of atom cod-classes 
The final target bond value is 1.37
Bond between C1 and C3
 search a org-related bond c 
for target bond of atoms C1 and C3
chemType : C COD classes : C[5,6](C[5,6]NN)(C[6]NO)(N[5]CC)
chemType : C COD classes : C[6](C[5,6]CN)(N[6]CC)(O)
ha1 29 ha2 563
 a1NB2 3:3:1: a2NB2 3:3:3:
 a1NB C[5,6]-3:N[6]-3:O-1: a2NB C[5,6]-3:C[6]-3:N[5]-3:
 a1C C[6](C[5,6]CN)(N[6]CC)(O) a2C C[5,6](C[5,6]NN)(C[6]NO)(N[5]CC)
atom 1 CR56  atom 2 CR6
Found all hashing codes
find 3:3:1:
 find 3:3:3:
 find C[5,6]-3:N[6]-3:O-1:
 find C[5,6]-3:C[6]-3:N[5]-3:
 find C[6](C[5,6]CN)(N[6]CC)(O)
Found exact matches of atom cod-classes 
The final target bond value is 1.42
Bond between C5 and H51
 search a org-related bond c 
for target bond of atoms C5 and H51
chemType : C COD classes : C[5](N[5]CC)(N[5]C)(H)
chemType : H COD classes : H(C[5]NN)
ha1 563 ha2 887
 a1NB2 3:2:1: a2NB2 3:
 a1NB N[5]-3:N[5]-2:H-1: a2NB C[5]-3:
 a1C C[5](N[5]CC)(N[5]C)(H) a2C H(C[5]NN)
atom 1 CR15  atom 2 H
Found all hashing codes
find 3:2:1:
 find 3:
 find N[5]-3:N[5]-2:H-1:
 find C[5]-3:
 find C[5](N[5]CC)(N[5]C)(H)
Found exact matches of atom cod-classes 
The final target bond value is 0.943
Bond between C6 and H61
 search a org-related bond c 
for target bond of atoms C6 and H61
chemType : C COD classes : C(N[6]CC)(H)3
chemType : H COD classes : H(CHHN)
ha1 673 ha2 887
 a1NB2 3:1:1:1: a2NB2 4:
 a1NB N[6]-3:H-1:H-1:H-1: a2NB C-4:
 a1C C(N[6]CC)(H)3 a2C H(CHHN)
atom 1 CH3  atom 2 H
Found all hashing codes
find 3:1:1:1:
 find 4:
 find N[6]-3:H-1:H-1:H-1:
 find C-4:
 find C(N[6]CC)(H)3
Found exact matches of atom cod-classes 
The final target bond value is 0.969
Bond between C6 and H62
 search a org-related bond c 
for target bond of atoms C6 and H62
chemType : C COD classes : C(N[6]CC)(H)3
chemType : H COD classes : H(CHHN)
ha1 673 ha2 887
 a1NB2 3:1:1:1: a2NB2 4:
 a1NB N[6]-3:H-1:H-1:H-1: a2NB C-4:
 a1C C(N[6]CC)(H)3 a2C H(CHHN)
atom 1 CH3  atom 2 H
Found all hashing codes
find 3:1:1:1:
 find 4:
 find N[6]-3:H-1:H-1:H-1:
 find C-4:
 find C(N[6]CC)(H)3
Found exact matches of atom cod-classes 
The final target bond value is 0.969
Bond between C6 and H63
 search a org-related bond c 
for target bond of atoms C6 and H63
chemType : C COD classes : C(N[6]CC)(H)3
chemType : H COD classes : H(CHHN)
ha1 673 ha2 887
 a1NB2 3:1:1:1: a2NB2 4:
 a1NB N[6]-3:H-1:H-1:H-1: a2NB C-4:
 a1C C(N[6]CC)(H)3 a2C H(CHHN)
atom 1 CH3  atom 2 H
Found all hashing codes
find 3:1:1:1:
 find 4:
 find N[6]-3:H-1:H-1:H-1:
 find C-4:
 find C(N[6]CC)(H)3
Found exact matches of atom cod-classes 
The final target bond value is 0.969
Bond between C7 and H71
 search a org-related bond c 
for target bond of atoms C7 and H71
chemType : C COD classes : C(N[5]CC)(H)3
chemType : H COD classes : H(CHHN)
ha1 673 ha2 887
 a1NB2 3:1:1:1: a2NB2 4:
 a1NB N[5]-3:H-1:H-1:H-1: a2NB C-4:
 a1C C(N[5]CC)(H)3 a2C H(CHHN)
atom 1 CH3  atom 2 H
Found all hashing codes
find 3:1:1:1:
 find 4:
 find N[5]-3:H-1:H-1:H-1:
 find C-4:
 find C(N[5]CC)(H)3
Found exact matches of atom cod-classes 
The final target bond value is 0.969
Bond between C7 and H72
 search a org-related bond c 
for target bond of atoms C7 and H72
chemType : C COD classes : C(N[5]CC)(H)3
chemType : H COD classes : H(CHHN)
ha1 673 ha2 887
 a1NB2 3:1:1:1: a2NB2 4:
 a1NB N[5]-3:H-1:H-1:H-1: a2NB C-4:
 a1C C(N[5]CC)(H)3 a2C H(CHHN)
atom 1 CH3  atom 2 H
Found all hashing codes
find 3:1:1:1:
 find 4:
 find N[5]-3:H-1:H-1:H-1:
 find C-4:
 find C(N[5]CC)(H)3
Found exact matches of atom cod-classes 
The final target bond value is 0.969
Bond between C7 and H73
 search a org-related bond c 
for target bond of atoms C7 and H73
chemType : C COD classes : C(N[5]CC)(H)3
chemType : H COD classes : H(CHHN)
ha1 673 ha2 887
 a1NB2 3:1:1:1: a2NB2 4:
 a1NB N[5]-3:H-1:H-1:H-1: a2NB C-4:
 a1C C(N[5]CC)(H)3 a2C H(CHHN)
atom 1 CH3  atom 2 H
Found all hashing codes
find 3:1:1:1:
 find 4:
 find N[5]-3:H-1:H-1:H-1:
 find C-4:
 find C(N[5]CC)(H)3
Found exact matches of atom cod-classes 
The final target bond value is 0.969
Bond between C8 and H81
 search a org-related bond c 
for target bond of atoms C8 and H81
chemType : C COD classes : C(N[6]CC)(H)3
chemType : H COD classes : H(CHHN)
ha1 673 ha2 887
 a1NB2 3:1:1:1: a2NB2 4:
 a1NB N[6]-3:H-1:H-1:H-1: a2NB C-4:
 a1C C(N[6]CC)(H)3 a2C H(CHHN)
atom 1 CH3  atom 2 H
Found all hashing codes
find 3:1:1:1:
 find 4:
 find N[6]-3:H-1:H-1:H-1:
 find C-4:
 find C(N[6]CC)(H)3
Found exact matches of atom cod-classes 
The final target bond value is 0.969
Bond between C8 and H82
 search a org-related bond c 
for target bond of atoms C8 and H82
chemType : C COD classes : C(N[6]CC)(H)3
chemType : H COD classes : H(CHHN)
ha1 673 ha2 887
 a1NB2 3:1:1:1: a2NB2 4:
 a1NB N[6]-3:H-1:H-1:H-1: a2NB C-4:
 a1C C(N[6]CC)(H)3 a2C H(CHHN)
atom 1 CH3  atom 2 H
Found all hashing codes
find 3:1:1:1:
 find 4:
 find N[6]-3:H-1:H-1:H-1:
 find C-4:
 find C(N[6]CC)(H)3
Found exact matches of atom cod-classes 
The final target bond value is 0.969
Bond between C8 and H83
 search a org-related bond c 
for target bond of atoms C8 and H83
chemType : C COD classes : C(N[6]CC)(H)3
chemType : H COD classes : H(CHHN)
ha1 673 ha2 887
 a1NB2 3:1:1:1: a2NB2 4:
 a1NB N[6]-3:H-1:H-1:H-1: a2NB C-4:
 a1C C(N[6]CC)(H)3 a2C H(CHHN)
atom 1 CH3  atom 2 H
Found all hashing codes
find 3:1:1:1:
 find 4:
 find N[6]-3:H-1:H-1:H-1:
 find C-4:
 find C(N[6]CC)(H)3
Found exact matches of atom cod-classes 
The final target bond value is 0.969
Number of Bonds to be found 25
Number of Bonds found 25
Finish setDefaultCoordGeos() 
Clustering all COD angles started at Fri Sep 12 13:58:26 2014
Clustering COD org angles finished at Fri Sep 12 13:58:29 2014
it takes 3 seconds to finish group COD angles 
Finish groupCodOrgAngles() 
Finish groupCodMetAngles() 
Finish groupCodAnglesWithNonCenteredMetal() 
Angle between N1(center) and C2 and C4
Atom1 N1 Its Cod class N[6](C[5,6]CN)(C[6]NO)(CH3) and Hashing 983
 Its codNBSymb C[5,6]-3:C[6]-3:C-4: its codNB2Symb 3:3:4:
Atom2 C4 Its Cod class C[6](N[6]CC)2(O) and Hashing 29
 Its codNBSymb N[6]-3:N[6]-3:O-1: its codNB2Symb 3:3:1:
Atom3 C2 Its Cod class C[5,6](C[5,6]CN)(N[6]CC)(N[5]C) and Hashing 563
 Its codNBSymb C[5,6]-3:N[6]-3:N[5]-2: its codNB2Symb 3:3:2:
Found 3:3:4:
Found 3:3:1:
Found 3:3:2:
Found C[5,6]-3:C[6]-3:C-4:
Found N[6]-3:N[6]-3:O-1:
Found C[5,6]-3:N[6]-3:N[5]-2:
Found N[6](C[5,6]CN)(C[6]NO)(CH3)
Found C[6](N[6]CC)2(O)
COD finds the exact value 120
the sigma value 0.595
Target angle value : 120
Angle between N1(center) and C2 and C6
Atom1 N1 Its Cod class N[6](C[5,6]CN)(C[6]NO)(CH3) and Hashing 983
 Its codNBSymb C[5,6]-3:C[6]-3:C-4: its codNB2Symb 3:3:4:
Atom2 C2 Its Cod class C[5,6](C[5,6]CN)(N[6]CC)(N[5]C) and Hashing 563
 Its codNBSymb C[5,6]-3:N[6]-3:N[5]-2: its codNB2Symb 3:3:2:
Atom3 C6 Its Cod class C(N[6]CC)(H)3 and Hashing 673
 Its codNBSymb N[6]-3:H-1:H-1:H-1: its codNB2Symb 3:1:1:1:
Found 3:3:4:
Found 3:3:2:
Found 3:1:1:1:
Found C[5,6]-3:C[6]-3:C-4:
Found C[5,6]-3:N[6]-3:N[5]-2:
Found N[6]-3:H-1:H-1:H-1:
Found N[6](C[5,6]CN)(C[6]NO)(CH3)
Found C[5,6](C[5,6]CN)(N[6]CC)(N[5]C)
COD finds the exact value 121
the sigma value 0.73
Target angle value : 121
Angle between N1(center) and C4 and C6
Atom1 N1 Its Cod class N[6](C[5,6]CN)(C[6]NO)(CH3) and Hashing 983
 Its codNBSymb C[5,6]-3:C[6]-3:C-4: its codNB2Symb 3:3:4:
Atom2 C4 Its Cod class C[6](N[6]CC)2(O) and Hashing 29
 Its codNBSymb N[6]-3:N[6]-3:O-1: its codNB2Symb 3:3:1:
Atom3 C6 Its Cod class C(N[6]CC)(H)3 and Hashing 673
 Its codNBSymb N[6]-3:H-1:H-1:H-1: its codNB2Symb 3:1:1:1:
Found 3:3:4:
Found 3:3:1:
Found 3:1:1:1:
Found C[5,6]-3:C[6]-3:C-4:
Found N[6]-3:N[6]-3:O-1:
Found N[6]-3:H-1:H-1:H-1:
Found N[6](C[5,6]CN)(C[6]NO)(CH3)
Found C[6](N[6]CC)2(O)
COD finds the exact value 119
the sigma value 1.2
Target angle value : 119
Angle between N2(center) and C1 and C5
Atom1 N2 Its Cod class N[5](C[5,6]CC)(C[5]HN)(CH3) and Hashing 767
 Its codNBSymb C[5,6]-3:C[5]-3:C-4: its codNB2Symb 3:3:4:
Atom2 C5 Its Cod class C[5](N[5]CC)(N[5]C)(H) and Hashing 563
 Its codNBSymb N[5]-3:N[5]-2:H-1: its codNB2Symb 3:2:1:
Atom3 C1 Its Cod class C[5,6](C[5,6]NN)(C[6]NO)(N[5]CC) and Hashing 563
 Its codNBSymb C[5,6]-3:C[6]-3:N[5]-3: its codNB2Symb 3:3:3:
Found 3:3:4:
Found 3:2:1:
Found 3:3:3:
Found C[5,6]-3:C[5]-3:C-4:
Found N[5]-3:N[5]-2:H-1:
Found C[5,6]-3:C[6]-3:N[5]-3:
Found N[5](C[5,6]CC)(C[5]HN)(CH3)
Found C[5](N[5]CC)(N[5]C)(H)
COD finds the exact value 106
the sigma value 0.929
Target angle value : 106
Angle between N2(center) and C1 and C7
Atom1 N2 Its Cod class N[5](C[5,6]CC)(C[5]HN)(CH3) and Hashing 767
 Its codNBSymb C[5,6]-3:C[5]-3:C-4: its codNB2Symb 3:3:4:
Atom2 C1 Its Cod class C[5,6](C[5,6]NN)(C[6]NO)(N[5]CC) and Hashing 563
 Its codNBSymb C[5,6]-3:C[6]-3:N[5]-3: its codNB2Symb 3:3:3:
Atom3 C7 Its Cod class C(N[5]CC)(H)3 and Hashing 673
 Its codNBSymb N[5]-3:H-1:H-1:H-1: its codNB2Symb 3:1:1:1:
Found 3:3:4:
Found 3:3:3:
Found 3:1:1:1:
Found C[5,6]-3:C[5]-3:C-4:
Found C[5,6]-3:C[6]-3:N[5]-3:
Found N[5]-3:H-1:H-1:H-1:
Found N[5](C[5,6]CC)(C[5]HN)(CH3)
Found C[5,6](C[5,6]NN)(C[6]NO)(N[5]CC)
COD finds the exact value 127
the sigma value 1.1
Target angle value : 127
Angle between N2(center) and C5 and C7
Atom1 N2 Its Cod class N[5](C[5,6]CC)(C[5]HN)(CH3) and Hashing 767
 Its codNBSymb C[5,6]-3:C[5]-3:C-4: its codNB2Symb 3:3:4:
Atom2 C5 Its Cod class C[5](N[5]CC)(N[5]C)(H) and Hashing 563
 Its codNBSymb N[5]-3:N[5]-2:H-1: its codNB2Symb 3:2:1:
Atom3 C7 Its Cod class C(N[5]CC)(H)3 and Hashing 673
 Its codNBSymb N[5]-3:H-1:H-1:H-1: its codNB2Symb 3:1:1:1:
Found 3:3:4:
Found 3:2:1:
Found 3:1:1:1:
Found C[5,6]-3:C[5]-3:C-4:
Found N[5]-3:N[5]-2:H-1:
Found N[5]-3:H-1:H-1:H-1:
Found N[5](C[5,6]CC)(C[5]HN)(CH3)
Found C[5](N[5]CC)(N[5]C)(H)
COD finds the exact value 127
the sigma value 0.898
Target angle value : 127
Angle between N3(center) and C3 and C4
Atom1 N3 Its Cod class N[6](C[6]CO)(C[6]NO)(CH3) and Hashing 983
 Its codNBSymb C[6]-3:C[6]-3:C-4: its codNB2Symb 3:3:4:
Atom2 C4 Its Cod class C[6](N[6]CC)2(O) and Hashing 29
 Its codNBSymb N[6]-3:N[6]-3:O-1: its codNB2Symb 3:3:1:
Atom3 C3 Its Cod class C[6](C[5,6]CN)(N[6]CC)(O) and Hashing 29
 Its codNBSymb C[5,6]-3:N[6]-3:O-1: its codNB2Symb 3:3:1:
Found 3:3:4:
Found 3:3:1:
Found 3:3:1:
Found C[6]-3:C[6]-3:C-4:
Found N[6]-3:N[6]-3:O-1:
Found C[5,6]-3:N[6]-3:O-1:
Found N[6](C[6]CO)(C[6]NO)(CH3)
Found C[6](N[6]CC)2(O)
COD finds the exact value 126
the sigma value 0.896
Target angle value : 126
Angle between N3(center) and C3 and C8
Atom1 N3 Its Cod class N[6](C[6]CO)(C[6]NO)(CH3) and Hashing 983
 Its codNBSymb C[6]-3:C[6]-3:C-4: its codNB2Symb 3:3:4:
Atom2 C3 Its Cod class C[6](C[5,6]CN)(N[6]CC)(O) and Hashing 29
 Its codNBSymb C[5,6]-3:N[6]-3:O-1: its codNB2Symb 3:3:1:
Atom3 C8 Its Cod class C(N[6]CC)(H)3 and Hashing 673
 Its codNBSymb N[6]-3:H-1:H-1:H-1: its codNB2Symb 3:1:1:1:
Found 3:3:4:
Found 3:3:1:
Found 3:1:1:1:
Found C[6]-3:C[6]-3:C-4:
Found C[5,6]-3:N[6]-3:O-1:
Found N[6]-3:H-1:H-1:H-1:
Found N[6](C[6]CO)(C[6]NO)(CH3)
Found C[6](C[5,6]CN)(N[6]CC)(O)
COD finds the exact value 117
the sigma value 1.11
Target angle value : 117
Angle between N3(center) and C4 and C8
Atom1 N3 Its Cod class N[6](C[6]CO)(C[6]NO)(CH3) and Hashing 983
 Its codNBSymb C[6]-3:C[6]-3:C-4: its codNB2Symb 3:3:4:
Atom2 C4 Its Cod class C[6](N[6]CC)2(O) and Hashing 29
 Its codNBSymb N[6]-3:N[6]-3:O-1: its codNB2Symb 3:3:1:
Atom3 C8 Its Cod class C(N[6]CC)(H)3 and Hashing 673
 Its codNBSymb N[6]-3:H-1:H-1:H-1: its codNB2Symb 3:1:1:1:
Found 3:3:4:
Found 3:3:1:
Found 3:1:1:1:
Found C[6]-3:C[6]-3:C-4:
Found N[6]-3:N[6]-3:O-1:
Found N[6]-3:H-1:H-1:H-1:
Found N[6](C[6]CO)(C[6]NO)(CH3)
Found C[6](N[6]CC)2(O)
COD finds the exact value 117
the sigma value 0.806
Target angle value : 117
Angle between N4(center) and C2 and C5
Atom1 N4 Its Cod class N[5](C[5,6]CN)(C[5]HN) and Hashing 653
 Its codNBSymb C[5,6]-3:C[5]-3: its codNB2Symb 3:3:
Atom2 C5 Its Cod class C[5](N[5]CC)(N[5]C)(H) and Hashing 563
 Its codNBSymb N[5]-3:N[5]-2:H-1: its codNB2Symb 3:2:1:
Atom3 C2 Its Cod class C[5,6](C[5,6]CN)(N[6]CC)(N[5]C) and Hashing 563
 Its codNBSymb C[5,6]-3:N[6]-3:N[5]-2: its codNB2Symb 3:3:2:
Found 3:3:
Found 3:2:1:
Found 3:3:2:
Found C[5,6]-3:C[5]-3:
Found N[5]-3:N[5]-2:H-1:
Found C[5,6]-3:N[6]-3:N[5]-2:
Found N[5](C[5,6]CN)(C[5]HN)
Found C[5](N[5]CC)(N[5]C)(H)
COD finds the exact value 103
the sigma value 0.936
Target angle value : 103
Angle between C1(center) and N2 and C2
Atom1 C1 Its Cod class C[5,6](C[5,6]NN)(C[6]NO)(N[5]CC) and Hashing 563
 Its codNBSymb C[5,6]-3:C[6]-3:N[5]-3: its codNB2Symb 3:3:3:
Atom2 C2 Its Cod class C[5,6](C[5,6]CN)(N[6]CC)(N[5]C) and Hashing 563
 Its codNBSymb C[5,6]-3:N[6]-3:N[5]-2: its codNB2Symb 3:3:2:
Atom3 N2 Its Cod class N[5](C[5,6]CC)(C[5]HN)(CH3) and Hashing 767
 Its codNBSymb C[5,6]-3:C[5]-3:C-4: its codNB2Symb 3:3:4:
Found 3:3:3:
Found 3:3:2:
Found 3:3:4:
Found C[5,6]-3:C[6]-3:N[5]-3:
Found C[5,6]-3:N[6]-3:N[5]-2:
Found C[5,6]-3:C[5]-3:C-4:
Found C[5,6](C[5,6]NN)(C[6]NO)(N[5]CC)
Found C[5,6](C[5,6]CN)(N[6]CC)(N[5]C)
COD finds the exact value 106
the sigma value 0.903
Target angle value : 106
Angle between C1(center) and N2 and C3
Atom1 C1 Its Cod class C[5,6](C[5,6]NN)(C[6]NO)(N[5]CC) and Hashing 563
 Its codNBSymb C[5,6]-3:C[6]-3:N[5]-3: its codNB2Symb 3:3:3:
Atom2 C3 Its Cod class C[6](C[5,6]CN)(N[6]CC)(O) and Hashing 29
 Its codNBSymb C[5,6]-3:N[6]-3:O-1: its codNB2Symb 3:3:1:
Atom3 N2 Its Cod class N[5](C[5,6]CC)(C[5]HN)(CH3) and Hashing 767
 Its codNBSymb C[5,6]-3:C[5]-3:C-4: its codNB2Symb 3:3:4:
Found 3:3:3:
Found 3:3:1:
Found 3:3:4:
Found C[5,6]-3:C[6]-3:N[5]-3:
Found C[5,6]-3:N[6]-3:O-1:
Found C[5,6]-3:C[5]-3:C-4:
Found C[5,6](C[5,6]NN)(C[6]NO)(N[5]CC)
Found C[6](C[5,6]CN)(N[6]CC)(O)
COD finds the exact value 131
the sigma value 0.884
Target angle value : 131
Angle between C1(center) and C2 and C3
Atom1 C1 Its Cod class C[5,6](C[5,6]NN)(C[6]NO)(N[5]CC) and Hashing 563
 Its codNBSymb C[5,6]-3:C[6]-3:N[5]-3: its codNB2Symb 3:3:3:
Atom2 C3 Its Cod class C[6](C[5,6]CN)(N[6]CC)(O) and Hashing 29
 Its codNBSymb C[5,6]-3:N[6]-3:O-1: its codNB2Symb 3:3:1:
Atom3 C2 Its Cod class C[5,6](C[5,6]CN)(N[6]CC)(N[5]C) and Hashing 563
 Its codNBSymb C[5,6]-3:N[6]-3:N[5]-2: its codNB2Symb 3:3:2:
Found 3:3:3:
Found 3:3:1:
Found 3:3:2:
Found C[5,6]-3:C[6]-3:N[5]-3:
Found C[5,6]-3:N[6]-3:O-1:
Found C[5,6]-3:N[6]-3:N[5]-2:
Found C[5,6](C[5,6]NN)(C[6]NO)(N[5]CC)
Found C[6](C[5,6]CN)(N[6]CC)(O)
COD finds the exact value 123
the sigma value 1.13
Target angle value : 123
Angle between C2(center) and N1 and N4
Atom1 C2 Its Cod class C[5,6](C[5,6]CN)(N[6]CC)(N[5]C) and Hashing 563
 Its codNBSymb C[5,6]-3:N[6]-3:N[5]-2: its codNB2Symb 3:3:2:
Atom2 N4 Its Cod class N[5](C[5,6]CN)(C[5]HN) and Hashing 653
 Its codNBSymb C[5,6]-3:C[5]-3: its codNB2Symb 3:3:
Atom3 N1 Its Cod class N[6](C[5,6]CN)(C[6]NO)(CH3) and Hashing 983
 Its codNBSymb C[5,6]-3:C[6]-3:C-4: its codNB2Symb 3:3:4:
Found 3:3:2:
Found 3:3:
Found 3:3:4:
Found C[5,6]-3:N[6]-3:N[5]-2:
Found C[5,6]-3:C[5]-3:
Found C[5,6]-3:C[6]-3:C-4:
Found C[5,6](C[5,6]CN)(N[6]CC)(N[5]C)
Found N[5](C[5,6]CN)(C[5]HN)
COD finds the exact value 126
the sigma value 0.732
Target angle value : 126
Angle between C2(center) and N1 and C1
Atom1 C2 Its Cod class C[5,6](C[5,6]CN)(N[6]CC)(N[5]C) and Hashing 563
 Its codNBSymb C[5,6]-3:N[6]-3:N[5]-2: its codNB2Symb 3:3:2:
Atom2 C1 Its Cod class C[5,6](C[5,6]NN)(C[6]NO)(N[5]CC) and Hashing 563
 Its codNBSymb C[5,6]-3:C[6]-3:N[5]-3: its codNB2Symb 3:3:3:
Atom3 N1 Its Cod class N[6](C[5,6]CN)(C[6]NO)(CH3) and Hashing 983
 Its codNBSymb C[5,6]-3:C[6]-3:C-4: its codNB2Symb 3:3:4:
Found 3:3:2:
Found 3:3:3:
Found 3:3:4:
Found C[5,6]-3:N[6]-3:N[5]-2:
Found C[5,6]-3:C[6]-3:N[5]-3:
Found C[5,6]-3:C[6]-3:C-4:
Found C[5,6](C[5,6]CN)(N[6]CC)(N[5]C)
Found C[5,6](C[5,6]NN)(C[6]NO)(N[5]CC)
COD finds the exact value 122
the sigma value 0.764
Target angle value : 122
Angle between C2(center) and N4 and C1
Atom1 C2 Its Cod class C[5,6](C[5,6]CN)(N[6]CC)(N[5]C) and Hashing 563
 Its codNBSymb C[5,6]-3:N[6]-3:N[5]-2: its codNB2Symb 3:3:2:
Atom2 C1 Its Cod class C[5,6](C[5,6]NN)(C[6]NO)(N[5]CC) and Hashing 563
 Its codNBSymb C[5,6]-3:C[6]-3:N[5]-3: its codNB2Symb 3:3:3:
Atom3 N4 Its Cod class N[5](C[5,6]CN)(C[5]HN) and Hashing 653
 Its codNBSymb C[5,6]-3:C[5]-3: its codNB2Symb 3:3:
Found 3:3:2:
Found 3:3:3:
Found 3:3:
Found C[5,6]-3:N[6]-3:N[5]-2:
Found C[5,6]-3:C[6]-3:N[5]-3:
Found C[5,6]-3:C[5]-3:
Found C[5,6](C[5,6]CN)(N[6]CC)(N[5]C)
Found C[5,6](C[5,6]NN)(C[6]NO)(N[5]CC)
COD finds the exact value 112
the sigma value 0.879
Target angle value : 112
Angle between C3(center) and O1 and N3
Atom1 C3 Its Cod class C[6](C[5,6]CN)(N[6]CC)(O) and Hashing 29
 Its codNBSymb C[5,6]-3:N[6]-3:O-1: its codNB2Symb 3:3:1:
Atom2 O1 Its Cod class O(C[6]CN) and Hashing 157
 Its codNBSymb C[6]-3: its codNB2Symb 3:
Atom3 N3 Its Cod class N[6](C[6]CO)(C[6]NO)(CH3) and Hashing 983
 Its codNBSymb C[6]-3:C[6]-3:C-4: its codNB2Symb 3:3:4:
Found 3:3:1:
Found 3:
Found 3:3:4:
Found C[5,6]-3:N[6]-3:O-1:
Found C[6]-3:
Found C[6]-3:C[6]-3:C-4:
Found C[6](C[5,6]CN)(N[6]CC)(O)
Found O(C[6]CN)
COD finds the exact value 121
the sigma value 1.02
Target angle value : 121
Angle between C3(center) and O1 and C1
Atom1 C3 Its Cod class C[6](C[5,6]CN)(N[6]CC)(O) and Hashing 29
 Its codNBSymb C[5,6]-3:N[6]-3:O-1: its codNB2Symb 3:3:1:
Atom2 O1 Its Cod class O(C[6]CN) and Hashing 157
 Its codNBSymb C[6]-3: its codNB2Symb 3:
Atom3 C1 Its Cod class C[5,6](C[5,6]NN)(C[6]NO)(N[5]CC) and Hashing 563
 Its codNBSymb C[5,6]-3:C[6]-3:N[5]-3: its codNB2Symb 3:3:3:
Found 3:3:1:
Found 3:
Found 3:3:3:
Found C[5,6]-3:N[6]-3:O-1:
Found C[6]-3:
Found C[5,6]-3:C[6]-3:N[5]-3:
Found C[6](C[5,6]CN)(N[6]CC)(O)
Found O(C[6]CN)
COD finds the exact value 127
the sigma value 1.16
Target angle value : 127
Angle between C3(center) and N3 and C1
Atom1 C3 Its Cod class C[6](C[5,6]CN)(N[6]CC)(O) and Hashing 29
 Its codNBSymb C[5,6]-3:N[6]-3:O-1: its codNB2Symb 3:3:1:
Atom2 C1 Its Cod class C[5,6](C[5,6]NN)(C[6]NO)(N[5]CC) and Hashing 563
 Its codNBSymb C[5,6]-3:C[6]-3:N[5]-3: its codNB2Symb 3:3:3:
Atom3 N3 Its Cod class N[6](C[6]CO)(C[6]NO)(CH3) and Hashing 983
 Its codNBSymb C[6]-3:C[6]-3:C-4: its codNB2Symb 3:3:4:
Found 3:3:1:
Found 3:3:3:
Found 3:3:4:
Found C[5,6]-3:N[6]-3:O-1:
Found C[5,6]-3:C[6]-3:N[5]-3:
Found C[6]-3:C[6]-3:C-4:
Found C[6](C[5,6]CN)(N[6]CC)(O)
Found C[5,6](C[5,6]NN)(C[6]NO)(N[5]CC)
COD finds the exact value 112
the sigma value 1.5
Target angle value : 112
Angle between C4(center) and O2 and N1
Atom1 C4 Its Cod class C[6](N[6]CC)2(O) and Hashing 29
 Its codNBSymb N[6]-3:N[6]-3:O-1: its codNB2Symb 3:3:1:
Atom2 O2 Its Cod class O(C[6]NN) and Hashing 157
 Its codNBSymb C[6]-3: its codNB2Symb 3:
Atom3 N1 Its Cod class N[6](C[5,6]CN)(C[6]NO)(CH3) and Hashing 983
 Its codNBSymb C[5,6]-3:C[6]-3:C-4: its codNB2Symb 3:3:4:
Found 3:3:1:
Found 3:
Found 3:3:4:
Found N[6]-3:N[6]-3:O-1:
Found C[6]-3:
Found C[5,6]-3:C[6]-3:C-4:
Found C[6](N[6]CC)2(O)
Found O(C[6]NN)
COD finds the exact value 122
the sigma value 0.788
Target angle value : 122
Angle between C4(center) and O2 and N3
Atom1 C4 Its Cod class C[6](N[6]CC)2(O) and Hashing 29
 Its codNBSymb N[6]-3:N[6]-3:O-1: its codNB2Symb 3:3:1:
Atom2 O2 Its Cod class O(C[6]NN) and Hashing 157
 Its codNBSymb C[6]-3: its codNB2Symb 3:
Atom3 N3 Its Cod class N[6](C[6]CO)(C[6]NO)(CH3) and Hashing 983
 Its codNBSymb C[6]-3:C[6]-3:C-4: its codNB2Symb 3:3:4:
Found 3:3:1:
Found 3:
Found 3:3:4:
Found N[6]-3:N[6]-3:O-1:
Found C[6]-3:
Found C[6]-3:C[6]-3:C-4:
Found C[6](N[6]CC)2(O)
Found O(C[6]NN)
COD finds the exact value 121
the sigma value 0.806
Target angle value : 121
Angle between C4(center) and N1 and N3
Atom1 C4 Its Cod class C[6](N[6]CC)2(O) and Hashing 29
 Its codNBSymb N[6]-3:N[6]-3:O-1: its codNB2Symb 3:3:1:
Atom2 N3 Its Cod class N[6](C[6]CO)(C[6]NO)(CH3) and Hashing 983
 Its codNBSymb C[6]-3:C[6]-3:C-4: its codNB2Symb 3:3:4:
Atom3 N1 Its Cod class N[6](C[5,6]CN)(C[6]NO)(CH3) and Hashing 983
 Its codNBSymb C[5,6]-3:C[6]-3:C-4: its codNB2Symb 3:3:4:
Found 3:3:1:
Found 3:3:4:
Found 3:3:4:
Found N[6]-3:N[6]-3:O-1:
Found C[6]-3:C[6]-3:C-4:
Found C[5,6]-3:C[6]-3:C-4:
Found C[6](N[6]CC)2(O)
Found N[6](C[6]CO)(C[6]NO)(CH3)
COD finds the exact value 117
the sigma value 0.646
Target angle value : 117
Angle between C5(center) and N2 and N4
Atom1 C5 Its Cod class C[5](N[5]CC)(N[5]C)(H) and Hashing 563
 Its codNBSymb N[5]-3:N[5]-2:H-1: its codNB2Symb 3:2:1:
Atom2 N4 Its Cod class N[5](C[5,6]CN)(C[5]HN) and Hashing 653
 Its codNBSymb C[5,6]-3:C[5]-3: its codNB2Symb 3:3:
Atom3 N2 Its Cod class N[5](C[5,6]CC)(C[5]HN)(CH3) and Hashing 767
 Its codNBSymb C[5,6]-3:C[5]-3:C-4: its codNB2Symb 3:3:4:
Found 3:2:1:
Found 3:3:
Found 3:3:4:
Found N[5]-3:N[5]-2:H-1:
Found C[5,6]-3:C[5]-3:
Found C[5,6]-3:C[5]-3:C-4:
Found C[5](N[5]CC)(N[5]C)(H)
Found N[5](C[5,6]CN)(C[5]HN)
COD finds the exact value 113
the sigma value 0.891
Target angle value : 113
Angle between C5(center) and N2 and H1
Atom1 C5 Its Cod class C[5](N[5]CC)(N[5]C)(H) and Hashing 563
 Its codNBSymb N[5]-3:N[5]-2:H-1: its codNB2Symb 3:2:1:
Atom2 N2 Its Cod class N[5](C[5,6]CC)(C[5]HN)(CH3) and Hashing 767
 Its codNBSymb C[5,6]-3:C[5]-3:C-4: its codNB2Symb 3:3:4:
Atom3 H1 Its Cod class H(C[5]NN) and Hashing 887
 Its codNBSymb C[5]-3: its codNB2Symb 3:
Found 3:2:1:
Found 3:3:4:
Found 3:
Found N[5]-3:N[5]-2:H-1:
Found C[5,6]-3:C[5]-3:C-4:
Found C[5]-3:
Found C[5](N[5]CC)(N[5]C)(H)
Found N[5](C[5,6]CC)(C[5]HN)(CH3)
COD finds the exact value 123
the sigma value 1.13
Target angle value : 123
Angle between C5(center) and N4 and H1
Atom1 C5 Its Cod class C[5](N[5]CC)(N[5]C)(H) and Hashing 563
 Its codNBSymb N[5]-3:N[5]-2:H-1: its codNB2Symb 3:2:1:
Atom2 N4 Its Cod class N[5](C[5,6]CN)(C[5]HN) and Hashing 653
 Its codNBSymb C[5,6]-3:C[5]-3: its codNB2Symb 3:3:
Atom3 H1 Its Cod class H(C[5]NN) and Hashing 887
 Its codNBSymb C[5]-3: its codNB2Symb 3:
Found 3:2:1:
Found 3:3:
Found 3:
Found N[5]-3:N[5]-2:H-1:
Found C[5,6]-3:C[5]-3:
Found C[5]-3:
Found C[5](N[5]CC)(N[5]C)(H)
Found N[5](C[5,6]CN)(C[5]HN)
COD finds the exact value 124
the sigma value 1.23
Target angle value : 124
Angle between C6(center) and N1 and H2
Atom1 C6 Its Cod class C(N[6]CC)(H)3 and Hashing 673
 Its codNBSymb N[6]-3:H-1:H-1:H-1: its codNB2Symb 3:1:1:1:
Atom2 H2 Its Cod class H(CHHN) and Hashing 887
 Its codNBSymb C-4: its codNB2Symb 4:
Atom3 N1 Its Cod class N[6](C[5,6]CN)(C[6]NO)(CH3) and Hashing 983
 Its codNBSymb C[5,6]-3:C[6]-3:C-4: its codNB2Symb 3:3:4:
Found 3:1:1:1:
Found 4:
Found 3:3:4:
Found N[6]-3:H-1:H-1:H-1:
Found C-4:
Found C[5,6]-3:C[6]-3:C-4:
Found C(N[6]CC)(H)3
Found H(CHHN)
COD finds the exact value 109
the sigma value 1.35
Target angle value : 109
Angle between C6(center) and N1 and H3
Atom1 C6 Its Cod class C(N[6]CC)(H)3 and Hashing 673
 Its codNBSymb N[6]-3:H-1:H-1:H-1: its codNB2Symb 3:1:1:1:
Atom2 H3 Its Cod class H(CHHN) and Hashing 887
 Its codNBSymb C-4: its codNB2Symb 4:
Atom3 N1 Its Cod class N[6](C[5,6]CN)(C[6]NO)(CH3) and Hashing 983
 Its codNBSymb C[5,6]-3:C[6]-3:C-4: its codNB2Symb 3:3:4:
Found 3:1:1:1:
Found 4:
Found 3:3:4:
Found N[6]-3:H-1:H-1:H-1:
Found C-4:
Found C[5,6]-3:C[6]-3:C-4:
Found C(N[6]CC)(H)3
Found H(CHHN)
COD finds the exact value 109
the sigma value 1.35
Target angle value : 109
Angle between C6(center) and N1 and H4
Atom1 C6 Its Cod class C(N[6]CC)(H)3 and Hashing 673
 Its codNBSymb N[6]-3:H-1:H-1:H-1: its codNB2Symb 3:1:1:1:
Atom2 H4 Its Cod class H(CHHN) and Hashing 887
 Its codNBSymb C-4: its codNB2Symb 4:
Atom3 N1 Its Cod class N[6](C[5,6]CN)(C[6]NO)(CH3) and Hashing 983
 Its codNBSymb C[5,6]-3:C[6]-3:C-4: its codNB2Symb 3:3:4:
Found 3:1:1:1:
Found 4:
Found 3:3:4:
Found N[6]-3:H-1:H-1:H-1:
Found C-4:
Found C[5,6]-3:C[6]-3:C-4:
Found C(N[6]CC)(H)3
Found H(CHHN)
COD finds the exact value 109
the sigma value 1.35
Target angle value : 109
Angle between C6(center) and H2 and H3
Atom1 C6 Its Cod class C(N[6]CC)(H)3 and Hashing 673
 Its codNBSymb N[6]-3:H-1:H-1:H-1: its codNB2Symb 3:1:1:1:
Atom2 H2 Its Cod class H(CHHN) and Hashing 887
 Its codNBSymb C-4: its codNB2Symb 4:
Atom3 H3 Its Cod class H(CHHN) and Hashing 887
 Its codNBSymb C-4: its codNB2Symb 4:
Found 3:1:1:1:
Found 4:
Found 4:
Found N[6]-3:H-1:H-1:H-1:
Found C-4:
Found C-4:
Found C(N[6]CC)(H)3
Found H(CHHN)
COD finds the exact value 109
the sigma value 2.07
Target angle value : 109
Angle between C6(center) and H2 and H4
Atom1 C6 Its Cod class C(N[6]CC)(H)3 and Hashing 673
 Its codNBSymb N[6]-3:H-1:H-1:H-1: its codNB2Symb 3:1:1:1:
Atom2 H2 Its Cod class H(CHHN) and Hashing 887
 Its codNBSymb C-4: its codNB2Symb 4:
Atom3 H4 Its Cod class H(CHHN) and Hashing 887
 Its codNBSymb C-4: its codNB2Symb 4:
Found 3:1:1:1:
Found 4:
Found 4:
Found N[6]-3:H-1:H-1:H-1:
Found C-4:
Found C-4:
Found C(N[6]CC)(H)3
Found H(CHHN)
COD finds the exact value 109
the sigma value 2.07
Target angle value : 109
Angle between C6(center) and H3 and H4
Atom1 C6 Its Cod class C(N[6]CC)(H)3 and Hashing 673
 Its codNBSymb N[6]-3:H-1:H-1:H-1: its codNB2Symb 3:1:1:1:
Atom2 H3 Its Cod class H(CHHN) and Hashing 887
 Its codNBSymb C-4: its codNB2Symb 4:
Atom3 H4 Its Cod class H(CHHN) and Hashing 887
 Its codNBSymb C-4: its codNB2Symb 4:
Found 3:1:1:1:
Found 4:
Found 4:
Found N[6]-3:H-1:H-1:H-1:
Found C-4:
Found C-4:
Found C(N[6]CC)(H)3
Found H(CHHN)
COD finds the exact value 109
the sigma value 2.07
Target angle value : 109
Angle between C7(center) and N2 and H5
Atom1 C7 Its Cod class C(N[5]CC)(H)3 and Hashing 673
 Its codNBSymb N[5]-3:H-1:H-1:H-1: its codNB2Symb 3:1:1:1:
Atom2 N2 Its Cod class N[5](C[5,6]CC)(C[5]HN)(CH3) and Hashing 767
 Its codNBSymb C[5,6]-3:C[5]-3:C-4: its codNB2Symb 3:3:4:
Atom3 H5 Its Cod class H(CHHN) and Hashing 887
 Its codNBSymb C-4: its codNB2Symb 4:
Found 3:1:1:1:
Found 3:3:4:
Found 4:
Found N[5]-3:H-1:H-1:H-1:
Found C[5,6]-3:C[5]-3:C-4:
Found C-4:
Found C(N[5]CC)(H)3
Found N[5](C[5,6]CC)(C[5]HN)(CH3)
COD finds the exact value 110
the sigma value 1.29
Target angle value : 110
Angle between C7(center) and N2 and H6
Atom1 C7 Its Cod class C(N[5]CC)(H)3 and Hashing 673
 Its codNBSymb N[5]-3:H-1:H-1:H-1: its codNB2Symb 3:1:1:1:
Atom2 N2 Its Cod class N[5](C[5,6]CC)(C[5]HN)(CH3) and Hashing 767
 Its codNBSymb C[5,6]-3:C[5]-3:C-4: its codNB2Symb 3:3:4:
Atom3 H6 Its Cod class H(CHHN) and Hashing 887
 Its codNBSymb C-4: its codNB2Symb 4:
Found 3:1:1:1:
Found 3:3:4:
Found 4:
Found N[5]-3:H-1:H-1:H-1:
Found C[5,6]-3:C[5]-3:C-4:
Found C-4:
Found C(N[5]CC)(H)3
Found N[5](C[5,6]CC)(C[5]HN)(CH3)
COD finds the exact value 110
the sigma value 1.29
Target angle value : 110
Angle between C7(center) and N2 and H7
Atom1 C7 Its Cod class C(N[5]CC)(H)3 and Hashing 673
 Its codNBSymb N[5]-3:H-1:H-1:H-1: its codNB2Symb 3:1:1:1:
Atom2 N2 Its Cod class N[5](C[5,6]CC)(C[5]HN)(CH3) and Hashing 767
 Its codNBSymb C[5,6]-3:C[5]-3:C-4: its codNB2Symb 3:3:4:
Atom3 H7 Its Cod class H(CHHN) and Hashing 887
 Its codNBSymb C-4: its codNB2Symb 4:
Found 3:1:1:1:
Found 3:3:4:
Found 4:
Found N[5]-3:H-1:H-1:H-1:
Found C[5,6]-3:C[5]-3:C-4:
Found C-4:
Found C(N[5]CC)(H)3
Found N[5](C[5,6]CC)(C[5]HN)(CH3)
COD finds the exact value 110
the sigma value 1.29
Target angle value : 110
Angle between C7(center) and H5 and H6
Atom1 C7 Its Cod class C(N[5]CC)(H)3 and Hashing 673
 Its codNBSymb N[5]-3:H-1:H-1:H-1: its codNB2Symb 3:1:1:1:
Atom2 H5 Its Cod class H(CHHN) and Hashing 887
 Its codNBSymb C-4: its codNB2Symb 4:
Atom3 H6 Its Cod class H(CHHN) and Hashing 887
 Its codNBSymb C-4: its codNB2Symb 4:
Found 3:1:1:1:
Found 4:
Found 4:
Found N[5]-3:H-1:H-1:H-1:
Found C-4:
Found C-4:
Found C(N[5]CC)(H)3
Found H(CHHN)
COD finds the exact value 109
the sigma value 1.67
Target angle value : 109
Angle between C7(center) and H5 and H7
Atom1 C7 Its Cod class C(N[5]CC)(H)3 and Hashing 673
 Its codNBSymb N[5]-3:H-1:H-1:H-1: its codNB2Symb 3:1:1:1:
Atom2 H5 Its Cod class H(CHHN) and Hashing 887
 Its codNBSymb C-4: its codNB2Symb 4:
Atom3 H7 Its Cod class H(CHHN) and Hashing 887
 Its codNBSymb C-4: its codNB2Symb 4:
Found 3:1:1:1:
Found 4:
Found 4:
Found N[5]-3:H-1:H-1:H-1:
Found C-4:
Found C-4:
Found C(N[5]CC)(H)3
Found H(CHHN)
COD finds the exact value 109
the sigma value 1.67
Target angle value : 109
Angle between C7(center) and H6 and H7
Atom1 C7 Its Cod class C(N[5]CC)(H)3 and Hashing 673
 Its codNBSymb N[5]-3:H-1:H-1:H-1: its codNB2Symb 3:1:1:1:
Atom2 H6 Its Cod class H(CHHN) and Hashing 887
 Its codNBSymb C-4: its codNB2Symb 4:
Atom3 H7 Its Cod class H(CHHN) and Hashing 887
 Its codNBSymb C-4: its codNB2Symb 4:
Found 3:1:1:1:
Found 4:
Found 4:
Found N[5]-3:H-1:H-1:H-1:
Found C-4:
Found C-4:
Found C(N[5]CC)(H)3
Found H(CHHN)
COD finds the exact value 109
the sigma value 1.67
Target angle value : 109
Angle between C8(center) and N3 and H8
Atom1 C8 Its Cod class C(N[6]CC)(H)3 and Hashing 673
 Its codNBSymb N[6]-3:H-1:H-1:H-1: its codNB2Symb 3:1:1:1:
Atom2 H8 Its Cod class H(CHHN) and Hashing 887
 Its codNBSymb C-4: its codNB2Symb 4:
Atom3 N3 Its Cod class N[6](C[6]CO)(C[6]NO)(CH3) and Hashing 983
 Its codNBSymb C[6]-3:C[6]-3:C-4: its codNB2Symb 3:3:4:
Found 3:1:1:1:
Found 4:
Found 3:3:4:
Found N[6]-3:H-1:H-1:H-1:
Found C-4:
Found C[6]-3:C[6]-3:C-4:
Found C(N[6]CC)(H)3
Found H(CHHN)
COD finds the exact value 109
the sigma value 1.25
Target angle value : 109
Angle between C8(center) and N3 and H9
Atom1 C8 Its Cod class C(N[6]CC)(H)3 and Hashing 673
 Its codNBSymb N[6]-3:H-1:H-1:H-1: its codNB2Symb 3:1:1:1:
Atom2 H9 Its Cod class H(CHHN) and Hashing 887
 Its codNBSymb C-4: its codNB2Symb 4:
Atom3 N3 Its Cod class N[6](C[6]CO)(C[6]NO)(CH3) and Hashing 983
 Its codNBSymb C[6]-3:C[6]-3:C-4: its codNB2Symb 3:3:4:
Found 3:1:1:1:
Found 4:
Found 3:3:4:
Found N[6]-3:H-1:H-1:H-1:
Found C-4:
Found C[6]-3:C[6]-3:C-4:
Found C(N[6]CC)(H)3
Found H(CHHN)
COD finds the exact value 109
the sigma value 1.25
Target angle value : 109
Angle between C8(center) and N3 and H10
Atom1 C8 Its Cod class C(N[6]CC)(H)3 and Hashing 673
 Its codNBSymb N[6]-3:H-1:H-1:H-1: its codNB2Symb 3:1:1:1:
Atom2 H10 Its Cod class H(CHHN) and Hashing 887
 Its codNBSymb C-4: its codNB2Symb 4:
Atom3 N3 Its Cod class N[6](C[6]CO)(C[6]NO)(CH3) and Hashing 983
 Its codNBSymb C[6]-3:C[6]-3:C-4: its codNB2Symb 3:3:4:
Found 3:1:1:1:
Found 4:
Found 3:3:4:
Found N[6]-3:H-1:H-1:H-1:
Found C-4:
Found C[6]-3:C[6]-3:C-4:
Found C(N[6]CC)(H)3
Found H(CHHN)
COD finds the exact value 109
the sigma value 1.25
Target angle value : 109
Angle between C8(center) and H8 and H9
Atom1 C8 Its Cod class C(N[6]CC)(H)3 and Hashing 673
 Its codNBSymb N[6]-3:H-1:H-1:H-1: its codNB2Symb 3:1:1:1:
Atom2 H8 Its Cod class H(CHHN) and Hashing 887
 Its codNBSymb C-4: its codNB2Symb 4:
Atom3 H9 Its Cod class H(CHHN) and Hashing 887
 Its codNBSymb C-4: its codNB2Symb 4:
Found 3:1:1:1:
Found 4:
Found 4:
Found N[6]-3:H-1:H-1:H-1:
Found C-4:
Found C-4:
Found C(N[6]CC)(H)3
Found H(CHHN)
COD finds the exact value 109
the sigma value 2.07
Target angle value : 109
Angle between C8(center) and H8 and H10
Atom1 C8 Its Cod class C(N[6]CC)(H)3 and Hashing 673
 Its codNBSymb N[6]-3:H-1:H-1:H-1: its codNB2Symb 3:1:1:1:
Atom2 H8 Its Cod class H(CHHN) and Hashing 887
 Its codNBSymb C-4: its codNB2Symb 4:
Atom3 H10 Its Cod class H(CHHN) and Hashing 887
 Its codNBSymb C-4: its codNB2Symb 4:
Found 3:1:1:1:
Found 4:
Found 4:
Found N[6]-3:H-1:H-1:H-1:
Found C-4:
Found C-4:
Found C(N[6]CC)(H)3
Found H(CHHN)
COD finds the exact value 109
the sigma value 2.07
Target angle value : 109
Angle between C8(center) and H9 and H10
Atom1 C8 Its Cod class C(N[6]CC)(H)3 and Hashing 673
 Its codNBSymb N[6]-3:H-1:H-1:H-1: its codNB2Symb 3:1:1:1:
Atom2 H9 Its Cod class H(CHHN) and Hashing 887
 Its codNBSymb C-4: its codNB2Symb 4:
Atom3 H10 Its Cod class H(CHHN) and Hashing 887
 Its codNBSymb C-4: its codNB2Symb 4:
Found 3:1:1:1:
Found 4:
Found 4:
Found N[6]-3:H-1:H-1:H-1:
Found C-4:
Found C-4:
Found C(N[6]CC)(H)3
Found H(CHHN)
COD finds the exact value 109
the sigma value 2.07
Target angle value : 109
There are 2 rings 
These are: 
Ring C1C2C3C4N1N3.
Ring size:  6
Atom N1
Atom N3
Atom C1
Atom C2
Atom C3
Atom C4
Ring C1C2C5N2N4.
Ring size:  5
Atom N2
Atom N4
Atom C1
Atom C2
Atom C5
Finish searching angles 
The system for global optimization is initiated
Geometrical optimization started at Fri Sep 12 13:58:31 2014
 Not found start atom under the first atom 
Atom C5 is the starting atom 
Atom C5 has a child N2
Atom N2 has parent C5
Atom N2 has a child C1
Atom C1 has parent N2
Atom C5 has a child N4
Atom N4 has parent C5
Atom N4 has a child C2
Atom C2 has parent N4
Atom C1 has a child C3
Atom C3 has parent C1
Atom C2 has a child N1
Atom N1 has parent C2
Atom C3 has a child O1
Atom O1 has parent C3
Atom N1 has a child C6
Atom C6 has parent N1
Atom C3 has a child N3
Atom N3 has parent C3
Atom N3 has a child C4
Atom C4 has parent N3
Atom N3 has a child C8
Atom C8 has parent N3
Atom C4 has a child O2
Atom O2 has parent C4
Atom N2 has a child C7
Atom C7 has parent N2
Atom C5 has a child H1
Atom H1 has parent C5
Atom C6 has a child H2
Atom H2 has parent C6
Atom C8 has a child H8
Atom H8 has parent C8
Atom C7 has a child H6
Atom H6 has parent C7
Atom C6 has a child H3
Atom H3 has parent C6
Atom C8 has a child H9
Atom H9 has parent C8
Atom C7 has a child H5
Atom H5 has parent C7
Atom C6 has a child H4
Atom H4 has parent C6
Atom C8 has a child H10
Atom H10 has parent C8
Atom C7 has a child H7
Atom H7 has parent C7
******* Tree structure for all atoms 
O1	C3	END
O2	C4	END
N1	C2	C6
N2	C5	C1
N2	C5	C7
N3	C3	C4
N3	C3	C8
N4	C5	C2
C1	N2	C3
C2	N4	N1
C3	C1	O1
C3	C1	N3
C4	N3	O2
C5	BEGIN	N2
C5	BEGIN	N4
C5	BEGIN	H1
C6	N1	H2
C6	N1	H3
C6	N1	H4
C7	N2	H6
C7	N2	H5
C7	N2	H7
C8	N3	H8
C8	N3	H9
C8	N3	H10
H1	C5	END
H2	C6	END
H3	C6	END
H4	C6	END
H5	C7	END
H6	C7	END
H7	C7	END
H8	C8	END
H9	C8	END
H10	C8	END
number of atoms in start pack 2
atom in startPack 
atom N2
atom N4
The tree starts on atom C5 has 3 branches 
starting atom C5
Three children are N2 and N4 and H1
branch atoms are N4 and C5 and N2
branch atoms are N2 and C5 and N4
branch atoms are N2 and C5 and H1
atom id O1
Its tree bond 1.22	Its tree angle 2.21	Its tree torsion -0
atom id O2
Its tree bond 1.22	Its tree angle 2.12	Its tree torsion 3.14
atom id N1
Its tree bond 1.38	Its tree angle 2.21	Its tree torsion 3.14
atom id N2
Its tree bond 1.34	Its tree angle 1.98	Its tree torsion 0
atom id N3
Its tree bond 1.4	Its tree angle 1.95	Its tree torsion -3.14
atom id N4
Its tree bond 1.34	Its tree angle 1.98	Its tree torsion 0
atom id C1
Its tree bond 1.38	Its tree angle 1.85	Its tree torsion -0
atom id C2
Its tree bond 1.35	Its tree angle 1.8	Its tree torsion -0
atom id C3
Its tree bond 1.42	Its tree angle 2.3	Its tree torsion 3.14
atom id C4
Its tree bond 1.39	Its tree angle 2.21	Its tree torsion -0
atom id C5
Its tree bond 0	Its tree angle 0	Its tree torsion 0
atom id C6
Its tree bond 1.46	Its tree angle 2.11	Its tree torsion -0
atom id C7
Its tree bond 1.46	Its tree angle 2.22	Its tree torsion -3.14
atom id C8
Its tree bond 1.47	Its tree angle 2.04	Its tree torsion -3.14
atom id H1
Its tree bond 0.943	Its tree angle 2.15	Its tree torsion 3.14
atom id H2
Its tree bond 0.969	Its tree angle 1.91	Its tree torsion -2.62
atom id H3
Its tree bond 0.969	Its tree angle 1.91	Its tree torsion 1.57
atom id H4
Its tree bond 0.969	Its tree angle 1.91	Its tree torsion -0.524
atom id H5
Its tree bond 0.969	Its tree angle 1.91	Its tree torsion 0.524
atom id H6
Its tree bond 0.969	Its tree angle 1.91	Its tree torsion -1.57
atom id H7
Its tree bond 0.969	Its tree angle 1.91	Its tree torsion 2.62
atom id H8
Its tree bond 0.969	Its tree angle 1.91	Its tree torsion -2.62
atom id H9
Its tree bond 0.969	Its tree angle 1.91	Its tree torsion 1.57
atom id H10
Its tree bond 0.969	Its tree angle 1.91	Its tree torsion -0.524
H3 done21 
H4 done21 
Atom H3is in doneList 
Atom H4is in doneList 
C7 done22 
Use input 
Current set: 
10
3
6
Use input 
Current set: 
3
6
8
Use input 
Current set: 
6
8
4
Use input 
Current set: 
8
4
9
Use input 
Current set: 
4
9
2
Use input 
Current set: 
9
2
7
Atom O1is in doneList 
Atom N3is in doneList 
Atom C4is in doneList 
Atom C8is in doneList 
H9 done21 
H10 done21 
Atom H9is in doneList 
Atom H10is in doneList 
Atom C7is in doneList 
H5 done21 
H7 done21 
Atom H5is in doneList 
Atom H7is in doneList 
Global min stage starts 
number of local min to be found 10
We have 0 optimal sets 
number of local min found 1
We have 1 optimal sets 
The 3the OptimSet is stored 
Its curObjValue 4.55
number of local min found 3
We have 3 optimal sets 
The 5the OptimSet is stored 
Its curObjValue 2.43
number of local min found 5
We have 5 optimal sets 
number of local min found 6
We have 6 optimal sets 
number of local min found 7
We have 7 optimal sets 
number of local min found 8
We have 8 optimal sets 
number of local min found 9
We have 9 optimal sets 
The 11the OptimSet is stored 
Its curObjValue 2.33
number of local min found 11
The following are optimized sets 
Set objective value 2.33
Set objective value 2.33
Set objective value 2.43
Set objective value 2.43
Set objective value 2.51
Set objective value 2.95
Set objective value 3.08
Set objective value 4.55
Set objective value 4.55
Set objective value 8.45
Set objective value 15.3
 Geometrical optimization finished at Fri Sep 12 13:58:35 2014
it takes 4 seconds
=========END OF PROCESS INFORMATION
 ==========
