
============ PROCESS INFORMATION =============
||=====================Job description====================================||
You will get an output cif file for a list of dictionary restraints
based on the input cif file
Your input cif file : DB00211_fromSmiles_TMP/DB00211_fromSmiles_libcheck.lib
Your monomer name : UNL
The output dictionary file(cif) : DB00211_fromSmiles_TMP/DB00211_fromSmiles_cod.rst
||========================================================================||
The work mode is 11
NBDepth	1
inCifName	DB00211_fromSmiles_TMP/DB00211_fromSmiles_libcheck.lib
libMolTabDir	/Applications/ccp4-6.4.0/share/acedrg/tables
monoRootName	UNL
userOutName	DB00211_fromSmiles_TMP/DB00211_fromSmiles_cod.rst

Atom 0 : 
Its ID : O2
Its Chemical Type : O
Its CCP4 chemical type O
Its bonding index : 0
Its residue Name: SMILE
Its connected atoms are : 
C6
The coords for the atom are : 
0
0
0

Atom 1 : 
Its ID : C6
Its Chemical Type : C
Its CCP4 chemical type C
Its bonding index : 2
Its residue Name: SMILE
Its connected atoms are : 
N
O2
C7
The coords for the atom are : 
1.218
-0.341
-0.27

Atom 2 : 
Its ID : C7
Its Chemical Type : C
Its CCP4 chemical type CH2
Its bonding index : 3
Its residue Name: SMILE
Its connected atoms are : 
C6
N1
H9
H10
The coords for the atom are : 
1.379
-1.809
-0.265

Atom 3 : 
Its ID : H9
Its Chemical Type : H
Its CCP4 chemical type H
Its bonding index : 0
Its residue Name: SMILE
Its connected atoms are : 
C7
The coords for the atom are : 
1.725
-2.149
-1.243

Atom 4 : 
Its ID : H10
Its Chemical Type : H
Its CCP4 chemical type H
Its bonding index : 0
Its residue Name: SMILE
Its connected atoms are : 
C7
The coords for the atom are : 
0.425
-2.286
-0.032

Atom 5 : 
Its ID : N1
Its Chemical Type : N
Its CCP4 chemical type NT2
Its bonding index : 3
Its residue Name: SMILE
Its connected atoms are : 
C7
H11
H12
The coords for the atom are : 
2.454
-2.196
0.846

Atom 6 : 
Its ID : H12
Its Chemical Type : H
Its CCP4 chemical type H
Its bonding index : 0
Its residue Name: SMILE
Its connected atoms are : 
N1
The coords for the atom are : 
2.814
-1.345
1.33

Atom 7 : 
Its ID : H11
Its Chemical Type : H
Its CCP4 chemical type H
Its bonding index : 0
Its residue Name: SMILE
Its connected atoms are : 
N1
The coords for the atom are : 
2.597
-3.229
0.883

Atom 8 : 
Its ID : N
Its Chemical Type : N
Its CCP4 chemical type NH1
Its bonding index : 2
Its residue Name: SMILE
Its connected atoms are : 
C5
C6
H8
The coords for the atom are : 
2.113
0.684
-0.091

Atom 9 : 
Its ID : H8
Its Chemical Type : H
Its CCP4 chemical type H
Its bonding index : 0
Its residue Name: SMILE
Its connected atoms are : 
N
The coords for the atom are : 
1.593
1.519
0.139

Atom 10 : 
Its ID : C5
Its Chemical Type : C
Its CCP4 chemical type CH2
Its bonding index : 3
Its residue Name: SMILE
Its connected atoms are : 
C4
N
H6
H7
The coords for the atom are : 
3.592
1.036
-0.108

Atom 11 : 
Its ID : H6
Its Chemical Type : H
Its CCP4 chemical type H
Its bonding index : 0
Its residue Name: SMILE
Its connected atoms are : 
C5
The coords for the atom are : 
3.826
1.677
0.744

Atom 12 : 
Its ID : H7
Its Chemical Type : H
Its CCP4 chemical type H
Its bonding index : 0
Its residue Name: SMILE
Its connected atoms are : 
C5
The coords for the atom are : 
3.833
1.563
-1.034

Atom 13 : 
Its ID : C4
Its Chemical Type : C
Its CCP4 chemical type CH1
Its bonding index : 3
Its residue Name: SMILE
Its connected atoms are : 
C3
O1
C5
H4
The coords for the atom are : 
4.415
-0.249
-0.022

Atom 14 : 
Its ID : H4
Its Chemical Type : H
Its CCP4 chemical type H
Its bonding index : 0
Its residue Name: SMILE
Its connected atoms are : 
C4
The coords for the atom are : 
3.928
-0.8
0.794

Atom 15 : 
Its ID : O1
Its Chemical Type : O
Its CCP4 chemical type OH1
Its bonding index : 2
Its residue Name: SMILE
Its connected atoms are : 
C4
H5
The coords for the atom are : 
3.936
-0.873
-1.144

Atom 16 : 
Its ID : H5
Its Chemical Type : H
Its CCP4 chemical type H
Its bonding index : 0
Its residue Name: SMILE
Its connected atoms are : 
O1
The coords for the atom are : 
4.372
-1.726
-1.232

Atom 17 : 
Its ID : C3
Its Chemical Type : C
Its CCP4 chemical type CR6
Its bonding index : 2
Its residue Name: SMILE
Its connected atoms are : 
C2
C4
C8
The coords for the atom are : 
5.89
-0.006
0.537

Atom 18 : 
Its ID : C2
Its Chemical Type : C
Its CCP4 chemical type CR16
Its bonding index : 2
Its residue Name: SMILE
Its connected atoms are : 
C1
C3
H3
The coords for the atom are : 
5.727
1.196
1.484

Atom 19 : 
Its ID : H3
Its Chemical Type : H
Its CCP4 chemical type H
Its bonding index : 0
Its residue Name: SMILE
Its connected atoms are : 
C2
The coords for the atom are : 
6.215
2.044
1.948

Atom 20 : 
Its ID : C8
Its Chemical Type : C
Its CCP4 chemical type CR6
Its bonding index : 2
Its residue Name: SMILE
Its connected atoms are : 
C3
O3
C10
The coords for the atom are : 
6.771
-1.264
0.94

Atom 21 : 
Its ID : O3
Its Chemical Type : O
Its CCP4 chemical type O2
Its bonding index : 2
Its residue Name: SMILE
Its connected atoms are : 
C8
C9
The coords for the atom are : 
7.895
-0.605
0.699

Atom 22 : 
Its ID : C9
Its Chemical Type : C
Its CCP4 chemical type CH3
Its bonding index : 3
Its residue Name: SMILE
Its connected atoms are : 
O3
H13
H14
H15
The coords for the atom are : 
9.22
-1.043
0.932

Atom 23 : 
Its ID : H15
Its Chemical Type : H
Its CCP4 chemical type H
Its bonding index : 0
Its residue Name: SMILE
Its connected atoms are : 
C9
The coords for the atom are : 
9.345
-1.246
1.963

Atom 24 : 
Its ID : H14
Its Chemical Type : H
Its CCP4 chemical type H
Its bonding index : 0
Its residue Name: SMILE
Its connected atoms are : 
C9
The coords for the atom are : 
9.401
-1.923
0.372

Atom 25 : 
Its ID : H13
Its Chemical Type : H
Its CCP4 chemical type H
Its bonding index : 0
Its residue Name: SMILE
Its connected atoms are : 
C9
The coords for the atom are : 
9.897
-0.287
0.634

Atom 26 : 
Its ID : C10
Its Chemical Type : C
Its CCP4 chemical type CR16
Its bonding index : 2
Its residue Name: SMILE
Its connected atoms are : 
C8
C11
H16
The coords for the atom are : 
5.948
-1.727
0.072

Atom 27 : 
Its ID : H16
Its Chemical Type : H
Its CCP4 chemical type H
Its bonding index : 0
Its residue Name: SMILE
Its connected atoms are : 
C10
The coords for the atom are : 
6.015
-2.474
-0.709

Atom 28 : 
Its ID : C11
Its Chemical Type : C
Its CCP4 chemical type CR16
Its bonding index : 2
Its residue Name: SMILE
Its connected atoms are : 
C10
C1
H17
The coords for the atom are : 
4.866
-0.836
0.561

Atom 29 : 
Its ID : H17
Its Chemical Type : H
Its CCP4 chemical type H
Its bonding index : 0
Its residue Name: SMILE
Its connected atoms are : 
C11
The coords for the atom are : 
3.919
-1.26
0.251

Atom 30 : 
Its ID : C1
Its Chemical Type : C
Its CCP4 chemical type CR6
Its bonding index : 2
Its residue Name: SMILE
Its connected atoms are : 
O
C2
C11
The coords for the atom are : 
4.566
0.493
1.358

Atom 31 : 
Its ID : O
Its Chemical Type : O
Its CCP4 chemical type O2
Its bonding index : 2
Its residue Name: SMILE
Its connected atoms are : 
C
C1
The coords for the atom are : 
3.355
1.224
1.219

Atom 32 : 
Its ID : C
Its Chemical Type : C
Its CCP4 chemical type CH3
Its bonding index : 3
Its residue Name: SMILE
Its connected atoms are : 
O
H
H1
H2
The coords for the atom are : 
2.316
2.211
1.089

Atom 33 : 
Its ID : H2
Its Chemical Type : H
Its CCP4 chemical type H
Its bonding index : 0
Its residue Name: SMILE
Its connected atoms are : 
C
The coords for the atom are : 
2.319
2.845
1.938

Atom 34 : 
Its ID : H1
Its Chemical Type : H
Its CCP4 chemical type H
Its bonding index : 0
Its residue Name: SMILE
Its connected atoms are : 
C
The coords for the atom are : 
2.482
2.79
0.218

Atom 35 : 
Its ID : H
Its Chemical Type : H
Its CCP4 chemical type H
Its bonding index : 0
Its residue Name: SMILE
Its connected atoms are : 
C
The coords for the atom are : 
1.375
1.729
1.015
For Bond : 0
It is in Residue: SMILE
Its component atom1 C
Its component atom2 O
For Bond : 1
It is in Residue: SMILE
Its component atom1 O
Its component atom2 C1
For Bond : 2
It is in Residue: SMILE
Its component atom1 C1
Its component atom2 C2
For Bond : 3
It is in Residue: SMILE
Its component atom1 C2
Its component atom2 C3
For Bond : 4
It is in Residue: SMILE
Its component atom1 C3
Its component atom2 C4
For Bond : 5
It is in Residue: SMILE
Its component atom1 O1
Its component atom2 C4
For Bond : 6
It is in Residue: SMILE
Its component atom1 C4
Its component atom2 C5
For Bond : 7
It is in Residue: SMILE
Its component atom1 C5
Its component atom2 N
For Bond : 8
It is in Residue: SMILE
Its component atom1 N
Its component atom2 C6
For Bond : 9
It is in Residue: SMILE
Its component atom1 C6
Its component atom2 O2
For Bond : 10
It is in Residue: SMILE
Its component atom1 C7
Its component atom2 C6
For Bond : 11
It is in Residue: SMILE
Its component atom1 N1
Its component atom2 C7
For Bond : 12
It is in Residue: SMILE
Its component atom1 C8
Its component atom2 C3
For Bond : 13
It is in Residue: SMILE
Its component atom1 O3
Its component atom2 C8
For Bond : 14
It is in Residue: SMILE
Its component atom1 C9
Its component atom2 O3
For Bond : 15
It is in Residue: SMILE
Its component atom1 C10
Its component atom2 C8
For Bond : 16
It is in Residue: SMILE
Its component atom1 C11
Its component atom2 C10
For Bond : 17
It is in Residue: SMILE
Its component atom1 C1
Its component atom2 C11
For Bond : 18
It is in Residue: SMILE
Its component atom1 H
Its component atom2 C
For Bond : 19
It is in Residue: SMILE
Its component atom1 H1
Its component atom2 C
For Bond : 20
It is in Residue: SMILE
Its component atom1 H2
Its component atom2 C
For Bond : 21
It is in Residue: SMILE
Its component atom1 H3
Its component atom2 C2
For Bond : 22
It is in Residue: SMILE
Its component atom1 H4
Its component atom2 C4
For Bond : 23
It is in Residue: SMILE
Its component atom1 H5
Its component atom2 O1
For Bond : 24
It is in Residue: SMILE
Its component atom1 H6
Its component atom2 C5
For Bond : 25
It is in Residue: SMILE
Its component atom1 H7
Its component atom2 C5
For Bond : 26
It is in Residue: SMILE
Its component atom1 H8
Its component atom2 N
For Bond : 27
It is in Residue: SMILE
Its component atom1 H9
Its component atom2 C7
For Bond : 28
It is in Residue: SMILE
Its component atom1 H10
Its component atom2 C7
For Bond : 29
It is in Residue: SMILE
Its component atom1 H11
Its component atom2 N1
For Bond : 30
It is in Residue: SMILE
Its component atom1 H12
Its component atom2 N1
For Bond : 31
It is in Residue: SMILE
Its component atom1 H13
Its component atom2 C9
For Bond : 32
It is in Residue: SMILE
Its component atom1 H14
Its component atom2 C9
For Bond : 33
It is in Residue: SMILE
Its component atom1 H15
Its component atom2 C9
For Bond : 34
It is in Residue: SMILE
Its component atom1 H16
Its component atom2 C10
For Bond : 35
It is in Residue: SMILE
Its component atom1 H17
Its component atom2 C11
Atom ID: O2
Atom chemType: O
Atom chemType of COD classes: O
Atom ID: C6
Atom chemType: C
Atom chemType of COD classes: c
Atom ID: C7
Atom chemType: C
Atom chemType of COD classes: C
Atom ID: H9
Atom chemType: H
Atom chemType of COD classes: H
Atom ID: H10
Atom chemType: H
Atom chemType of COD classes: H
Atom ID: N1
Atom chemType: N
Atom chemType of COD classes: N
Atom ID: H12
Atom chemType: H
Atom chemType of COD classes: H
Atom ID: H11
Atom chemType: H
Atom chemType of COD classes: H
Atom ID: N
Atom chemType: N
Atom chemType of COD classes: n
Atom ID: H8
Atom chemType: H
Atom chemType of COD classes: H
Atom ID: C5
Atom chemType: C
Atom chemType of COD classes: C
Atom ID: H6
Atom chemType: H
Atom chemType of COD classes: H
Atom ID: H7
Atom chemType: H
Atom chemType of COD classes: H
Atom ID: C4
Atom chemType: C
Atom chemType of COD classes: C
Atom ID: H4
Atom chemType: H
Atom chemType of COD classes: H
Atom ID: O1
Atom chemType: O
Atom chemType of COD classes: o
Atom ID: H5
Atom chemType: H
Atom chemType of COD classes: H
Atom ID: C3
Atom chemType: C
Atom chemType of COD classes: c
Atom ID: C2
Atom chemType: C
Atom chemType of COD classes: c
Atom ID: H3
Atom chemType: H
Atom chemType of COD classes: H
Atom ID: C8
Atom chemType: C
Atom chemType of COD classes: c
Atom ID: O3
Atom chemType: O
Atom chemType of COD classes: o
Atom ID: C9
Atom chemType: C
Atom chemType of COD classes: C
Atom ID: H15
Atom chemType: H
Atom chemType of COD classes: H
Atom ID: H14
Atom chemType: H
Atom chemType of COD classes: H
Atom ID: H13
Atom chemType: H
Atom chemType of COD classes: H
Atom ID: C10
Atom chemType: C
Atom chemType of COD classes: c
Atom ID: H16
Atom chemType: H
Atom chemType of COD classes: H
Atom ID: C11
Atom chemType: C
Atom chemType of COD classes: c
Atom ID: H17
Atom chemType: H
Atom chemType of COD classes: H
Atom ID: C1
Atom chemType: C
Atom chemType of COD classes: c
Atom ID: O
Atom chemType: O
Atom chemType of COD classes: o
Atom ID: C
Atom chemType: C
Atom chemType of COD classes: C
Atom ID: H2
Atom chemType: H
Atom chemType of COD classes: H
Atom ID: H1
Atom chemType: H
Atom chemType of COD classes: H
Atom ID: H
Atom chemType: H
Atom chemType of COD classes: H
Set torsion angles around the bond of atom C and O
Set torsion angles around the bond of atom C1 and O
Set torsion angles around the bond of atom C3 and C4
Set torsion angles around the bond of atom C4 and O1
Set torsion angles around the bond of atom C4 and C5
Set torsion angles around the bond of atom C5 and N
Set torsion angles around the bond of atom C6 and N
Set torsion angles around the bond of atom C6 and C7
Set torsion angles around the bond of atom C7 and N1
Set torsion angles around the bond of atom C3 and C8
Set torsion angles around the bond of atom C8 and O3
Set torsion angles around the bond of atom C9 and O3
All torsions have been setup 
Torsion angle 0
Its atoms are : 
atom C1
atom C2
atom C3
atom C8
Torsion angle 1
Its atoms are : 
atom C1
atom C2
atom C3
atom C4
Torsion angle 2
Its atoms are : 
atom H3
atom C2
atom C3
atom C8
Torsion angle 3
Its atoms are : 
atom H3
atom C2
atom C3
atom C4
Torsion angle 4
Its atoms are : 
atom C11
atom C1
atom C2
atom C3
Torsion angle 5
Its atoms are : 
atom C11
atom C1
atom C2
atom H3
Torsion angle 6
Its atoms are : 
atom O
atom C1
atom C2
atom C3
Torsion angle 7
Its atoms are : 
atom O
atom C1
atom C2
atom H3
Torsion angle 8
Its atoms are : 
atom C2
atom C1
atom C11
atom C10
Torsion angle 9
Its atoms are : 
atom C2
atom C1
atom C11
atom H17
Torsion angle 10
Its atoms are : 
atom O
atom C1
atom C11
atom C10
Torsion angle 11
Its atoms are : 
atom O
atom C1
atom C11
atom H17
Torsion angle 12
Its atoms are : 
atom C8
atom C10
atom C11
atom C1
Torsion angle 13
Its atoms are : 
atom C8
atom C10
atom C11
atom H17
Torsion angle 14
Its atoms are : 
atom H16
atom C10
atom C11
atom C1
Torsion angle 15
Its atoms are : 
atom H16
atom C10
atom C11
atom H17
Torsion angle 16
Its atoms are : 
atom C11
atom C10
atom C8
atom C3
Torsion angle 17
Its atoms are : 
atom C11
atom C10
atom C8
atom O3
Torsion angle 18
Its atoms are : 
atom H16
atom C10
atom C8
atom C3
Torsion angle 19
Its atoms are : 
atom H16
atom C10
atom C8
atom O3
Torsion angle 20
Its atoms are : 
atom O
atom C
atom O
atom C1
Torsion angle 21
Its atoms are : 
atom H
atom C
atom O
atom C1
Torsion angle 22
Its atoms are : 
atom H1
atom C
atom O
atom C1
Torsion angle 23
Its atoms are : 
atom H2
atom C
atom O
atom C1
Torsion angle 24
Its atoms are : 
atom C2
atom C1
atom O
atom C
Torsion angle 25
Its atoms are : 
atom C11
atom C1
atom O
atom C
Torsion angle 26
Its atoms are : 
atom C2
atom C3
atom C4
atom C5
Torsion angle 27
Its atoms are : 
atom C2
atom C3
atom C4
atom O1
Torsion angle 28
Its atoms are : 
atom C2
atom C3
atom C4
atom H4
Torsion angle 29
Its atoms are : 
atom C8
atom C3
atom C4
atom C5
Torsion angle 30
Its atoms are : 
atom C8
atom C3
atom C4
atom O1
Torsion angle 31
Its atoms are : 
atom C8
atom C3
atom C4
atom H4
Torsion angle 32
Its atoms are : 
atom C3
atom C4
atom O1
atom H5
Torsion angle 33
Its atoms are : 
atom C5
atom C4
atom O1
atom H5
Torsion angle 34
Its atoms are : 
atom H4
atom C4
atom O1
atom H5
Torsion angle 35
Its atoms are : 
atom O1
atom C4
atom C5
atom N
Torsion angle 36
Its atoms are : 
atom O1
atom C4
atom C5
atom H6
Torsion angle 37
Its atoms are : 
atom O1
atom C4
atom C5
atom H7
Torsion angle 38
Its atoms are : 
atom C3
atom C4
atom C5
atom N
Torsion angle 39
Its atoms are : 
atom C3
atom C4
atom C5
atom H6
Torsion angle 40
Its atoms are : 
atom C3
atom C4
atom C5
atom H7
Torsion angle 41
Its atoms are : 
atom H4
atom C4
atom C5
atom N
Torsion angle 42
Its atoms are : 
atom H4
atom C4
atom C5
atom H6
Torsion angle 43
Its atoms are : 
atom H4
atom C4
atom C5
atom H7
Torsion angle 44
Its atoms are : 
atom C6
atom N
atom C5
atom H6
Torsion angle 45
Its atoms are : 
atom C6
atom N
atom C5
atom C4
Torsion angle 46
Its atoms are : 
atom C6
atom N
atom C5
atom H7
Torsion angle 47
Its atoms are : 
atom H8
atom N
atom C5
atom H6
Torsion angle 48
Its atoms are : 
atom H8
atom N
atom C5
atom C4
Torsion angle 49
Its atoms are : 
atom H8
atom N
atom C5
atom H7
Torsion angle 50
Its atoms are : 
atom C7
atom C6
atom N
atom C5
Torsion angle 51
Its atoms are : 
atom C7
atom C6
atom N
atom H8
Torsion angle 52
Its atoms are : 
atom O2
atom C6
atom N
atom C5
Torsion angle 53
Its atoms are : 
atom O2
atom C6
atom N
atom H8
Torsion angle 54
Its atoms are : 
atom N
atom C6
atom C7
atom H9
Torsion angle 55
Its atoms are : 
atom N
atom C6
atom C7
atom N1
Torsion angle 56
Its atoms are : 
atom N
atom C6
atom C7
atom H10
Torsion angle 57
Its atoms are : 
atom O2
atom C6
atom C7
atom H9
Torsion angle 58
Its atoms are : 
atom O2
atom C6
atom C7
atom N1
Torsion angle 59
Its atoms are : 
atom O2
atom C6
atom C7
atom H10
Torsion angle 60
Its atoms are : 
atom C6
atom C7
atom N1
atom H11
Torsion angle 61
Its atoms are : 
atom C6
atom C7
atom N1
atom H12
Torsion angle 62
Its atoms are : 
atom H9
atom C7
atom N1
atom H11
Torsion angle 63
Its atoms are : 
atom H9
atom C7
atom N1
atom H12
Torsion angle 64
Its atoms are : 
atom H10
atom C7
atom N1
atom H11
Torsion angle 65
Its atoms are : 
atom H10
atom C7
atom N1
atom H12
Torsion angle 66
Its atoms are : 
atom C2
atom C3
atom C8
atom C10
Torsion angle 67
Its atoms are : 
atom C2
atom C3
atom C8
atom O3
Torsion angle 68
Its atoms are : 
atom C4
atom C3
atom C8
atom C10
Torsion angle 69
Its atoms are : 
atom C4
atom C3
atom C8
atom O3
Torsion angle 70
Its atoms are : 
atom C3
atom C8
atom O3
atom C9
Torsion angle 71
Its atoms are : 
atom C10
atom C8
atom O3
atom C9
Torsion angle 72
Its atoms are : 
atom O3
atom C9
atom O3
atom C8
Torsion angle 73
Its atoms are : 
atom H13
atom C9
atom O3
atom C8
Torsion angle 74
Its atoms are : 
atom H14
atom C9
atom O3
atom C8
Torsion angle 75
Its atoms are : 
atom H15
atom C9
atom O3
atom C8

Atom 0 : 
Its ID : O2
Its Chemical Type : O
Its bonding index : 0
Its CCP4 atom type : O
Its residue Name: SMILE
Its connected atoms are : 
C6

Atom 1 : 
Its ID : C6
Its Chemical Type : C
Its bonding index : 2
Its CCP4 atom type : C
Its residue Name: SMILE
Its connected atoms are : 
N
O2
C7

Atom 2 : 
Its ID : C7
Its Chemical Type : C
Its bonding index : 3
Its CCP4 atom type : CH2
Its residue Name: SMILE
Its connected atoms are : 
C6
N1
H9
H10

Atom 3 : 
Its ID : H9
Its Chemical Type : H
Its bonding index : 0
Its CCP4 atom type : H
Its residue Name: SMILE
Its connected atoms are : 
C7

Atom 4 : 
Its ID : H10
Its Chemical Type : H
Its bonding index : 0
Its CCP4 atom type : H
Its residue Name: SMILE
Its connected atoms are : 
C7

Atom 5 : 
Its ID : N1
Its Chemical Type : N
Its bonding index : 3
Its CCP4 atom type : NT2
Its residue Name: SMILE
Its connected atoms are : 
C7
H11
H12

Atom 6 : 
Its ID : H12
Its Chemical Type : H
Its bonding index : 0
Its CCP4 atom type : H
Its residue Name: SMILE
Its connected atoms are : 
N1

Atom 7 : 
Its ID : H11
Its Chemical Type : H
Its bonding index : 0
Its CCP4 atom type : H
Its residue Name: SMILE
Its connected atoms are : 
N1

Atom 8 : 
Its ID : N
Its Chemical Type : N
Its bonding index : 2
Its CCP4 atom type : NH1
Its residue Name: SMILE
Its connected atoms are : 
C5
C6
H8

Atom 9 : 
Its ID : H8
Its Chemical Type : H
Its bonding index : 0
Its CCP4 atom type : H
Its residue Name: SMILE
Its connected atoms are : 
N

Atom 10 : 
Its ID : C5
Its Chemical Type : C
Its bonding index : 3
Its CCP4 atom type : CH2
Its residue Name: SMILE
Its connected atoms are : 
C4
N
H6
H7

Atom 11 : 
Its ID : H6
Its Chemical Type : H
Its bonding index : 0
Its CCP4 atom type : H
Its residue Name: SMILE
Its connected atoms are : 
C5

Atom 12 : 
Its ID : H7
Its Chemical Type : H
Its bonding index : 0
Its CCP4 atom type : H
Its residue Name: SMILE
Its connected atoms are : 
C5

Atom 13 : 
Its ID : C4
Its Chemical Type : C
Its bonding index : 3
Its CCP4 atom type : CH1
Its residue Name: SMILE
Its connected atoms are : 
C3
O1
C5
H4

Atom 14 : 
Its ID : H4
Its Chemical Type : H
Its bonding index : 0
Its CCP4 atom type : H
Its residue Name: SMILE
Its connected atoms are : 
C4

Atom 15 : 
Its ID : O1
Its Chemical Type : O
Its bonding index : 2
Its CCP4 atom type : OH1
Its residue Name: SMILE
Its connected atoms are : 
C4
H5

Atom 16 : 
Its ID : H5
Its Chemical Type : H
Its bonding index : 0
Its CCP4 atom type : H
Its residue Name: SMILE
Its connected atoms are : 
O1

Atom 17 : 
Its ID : C3
Its Chemical Type : C
Its bonding index : 2
Its CCP4 atom type : CR6
Its residue Name: SMILE
Its connected atoms are : 
C2
C4
C8

Atom 18 : 
Its ID : C2
Its Chemical Type : C
Its bonding index : 2
Its CCP4 atom type : CR16
Its residue Name: SMILE
Its connected atoms are : 
C1
C3
H3

Atom 19 : 
Its ID : H3
Its Chemical Type : H
Its bonding index : 0
Its CCP4 atom type : H
Its residue Name: SMILE
Its connected atoms are : 
C2

Atom 20 : 
Its ID : C8
Its Chemical Type : C
Its bonding index : 2
Its CCP4 atom type : CR6
Its residue Name: SMILE
Its connected atoms are : 
C3
O3
C10

Atom 21 : 
Its ID : O3
Its Chemical Type : O
Its bonding index : 2
Its CCP4 atom type : O2
Its residue Name: SMILE
Its connected atoms are : 
C8
C9

Atom 22 : 
Its ID : C9
Its Chemical Type : C
Its bonding index : 3
Its CCP4 atom type : CH3
Its residue Name: SMILE
Its connected atoms are : 
O3
H13
H14
H15

Atom 23 : 
Its ID : H15
Its Chemical Type : H
Its bonding index : 0
Its CCP4 atom type : H
Its residue Name: SMILE
Its connected atoms are : 
C9

Atom 24 : 
Its ID : H14
Its Chemical Type : H
Its bonding index : 0
Its CCP4 atom type : H
Its residue Name: SMILE
Its connected atoms are : 
C9

Atom 25 : 
Its ID : H13
Its Chemical Type : H
Its bonding index : 0
Its CCP4 atom type : H
Its residue Name: SMILE
Its connected atoms are : 
C9

Atom 26 : 
Its ID : C10
Its Chemical Type : C
Its bonding index : 2
Its CCP4 atom type : CR16
Its residue Name: SMILE
Its connected atoms are : 
C8
C11
H16

Atom 27 : 
Its ID : H16
Its Chemical Type : H
Its bonding index : 0
Its CCP4 atom type : H
Its residue Name: SMILE
Its connected atoms are : 
C10

Atom 28 : 
Its ID : C11
Its Chemical Type : C
Its bonding index : 2
Its CCP4 atom type : CR16
Its residue Name: SMILE
Its connected atoms are : 
C10
C1
H17

Atom 29 : 
Its ID : H17
Its Chemical Type : H
Its bonding index : 0
Its CCP4 atom type : H
Its residue Name: SMILE
Its connected atoms are : 
C11

Atom 30 : 
Its ID : C1
Its Chemical Type : C
Its bonding index : 2
Its CCP4 atom type : CR6
Its residue Name: SMILE
Its connected atoms are : 
O
C2
C11

Atom 31 : 
Its ID : O
Its Chemical Type : O
Its bonding index : 2
Its CCP4 atom type : O2
Its residue Name: SMILE
Its connected atoms are : 
C
C1

Atom 32 : 
Its ID : C
Its Chemical Type : C
Its bonding index : 3
Its CCP4 atom type : CH3
Its residue Name: SMILE
Its connected atoms are : 
O
H
H1
H2

Atom 33 : 
Its ID : H2
Its Chemical Type : H
Its bonding index : 0
Its CCP4 atom type : H
Its residue Name: SMILE
Its connected atoms are : 
C

Atom 34 : 
Its ID : H1
Its Chemical Type : H
Its bonding index : 0
Its CCP4 atom type : H
Its residue Name: SMILE
Its connected atoms are : 
C

Atom 35 : 
Its ID : H
Its Chemical Type : H
Its bonding index : 0
Its CCP4 atom type : H
Its residue Name: SMILE
Its connected atoms are : 
C

For atom O2
class is O(CCN)

For atom C6
class is C(CHHN)(NCH)(O)

For atom C7
class is C(CNO)(NHH)(H)2

For atom H9
class is H(CCHN)

For atom H10
class is H(CCHN)

For atom N1
class is N(CCHH)(H)2

For atom H12
class is H(NCH)

For atom H11
class is H(NCH)

For atom N
class is N(CCHH)(CCO)(H)

For atom H8
class is H(NCC)

For atom C5
class is C(CCHO)(NCH)(H)2

For atom H6
class is H(CCHN)

For atom H7
class is H(CCHN)

For atom C4
class is C(C[6]CC)(CHHN)(OH)(H)

For atom H4
class is H(CCCO)

For atom O1
class is O(CCCH)(H)

For atom H5
class is H(OC)

For atom C3
class is C[6](C[6]CH)(C[6]CO)(CCHO)

For atom C2
class is C[6](C[6]CC)(C[6]CO)(H)

For atom H3
class is H(C[6]CC)

For atom C8
class is C[6](C[6]CC)(C[6]CH)(OC)

For atom O3
class is O(C[6]CC)(CH3)

For atom C9
class is C(OC)(H)3

For atom H15
class is H(CHHO)

For atom H14
class is H(CHHO)

For atom H13
class is H(CHHO)

For atom C10
class is C[6](C[6]CH)(C[6]CO)(H)

For atom H16
class is H(C[6]CC)

For atom C11
class is C[6](C[6]CH)(C[6]CO)(H)

For atom H17
class is H(C[6]CC)

For atom C1
class is C[6](C[6]CH)2(OC)

For atom O
class is O(C[6]CC)(CH3)

For atom C
class is C(OC)(H)3

For atom H2
class is H(CHHO)

For atom H1
class is H(CHHO)

For atom H
class is H(CHHO)
libmol table should be /Applications/ccp4-6.4.0/share/acedrg/tables
Clustering COD org bonds started at Fri Sep 12 13:57:01 2014
Finish clustering COD org bonds 
finished at Fri Sep 12 13:57:03 2014
it takes 2 seconds to finish group COD bonds 
Group COD bonds involving metal elements 
Bond between C and O
 search a org-related bond c 
for target bond of atoms C and O
chemType : C COD classes : C(OC)(H)3
chemType : O COD classes : O(C[6]CC)(CH3)
ha1 111 ha2 673
 a1NB2 3:4: a2NB2 2:1:1:1:
 a1NB C[6]-3:C-4: a2NB O-2:H-1:H-1:H-1:
 a1C O(C[6]CC)(CH3) a2C C(OC)(H)3
atom 1 CH3  atom 2 O2
Found all hashing codes
find 3:4:
 find 2:1:1:1:
 find C[6]-3:C-4:
 find O-2:H-1:H-1:H-1:
 find O(C[6]CC)(CH3)
Found exact matches of atom cod-classes 
The final target bond value is 1.42
Bond between O and C1
 search a org-related bond c 
for target bond of atoms O and C1
chemType : C COD classes : C[6](C[6]CH)2(OC)
chemType : O COD classes : O(C[6]CC)(CH3)
ha1 29 ha2 111
 a1NB2 3:3:2: a2NB2 3:4:
 a1NB C[6]-3:C[6]-3:O-2: a2NB C[6]-3:C-4:
 a1C C[6](C[6]CH)2(OC) a2C O(C[6]CC)(CH3)
atom 1 CR6  atom 2 O2
Found all hashing codes
find 3:3:2:
 find 3:4:
 find C[6]-3:C[6]-3:O-2:
 find C[6]-3:C-4:
 find C[6](C[6]CH)2(OC)
Found exact matches of atom cod-classes 
The final target bond value is 1.37
Bond between C1 and C2
 search a org-related bond c 
for target bond of atoms C1 and C2
chemType : C COD classes : C[6](C[6]CH)2(OC)
chemType : C COD classes : C[6](C[6]CC)(C[6]CO)(H)
ha1 29 ha2 29
 a1NB2 3:3:2: a2NB2 3:3:1:
 a1NB C[6]-3:C[6]-3:O-2: a2NB C[6]-3:C[6]-3:H-1:
 a1C C[6](C[6]CH)2(OC) a2C C[6](C[6]CC)(C[6]CO)(H)
atom 1 CR6  atom 2 CR16
Found all hashing codes
find 3:3:2:
 find 3:3:1:
 find C[6]-3:C[6]-3:O-2:
 find C[6]-3:C[6]-3:H-1:
 find C[6](C[6]CH)2(OC)
Found exact matches of atom cod-classes 
The final target bond value is 1.39
Bond between C2 and C3
 search a org-related bond c 
for target bond of atoms C2 and C3
chemType : C COD classes : C[6](C[6]CC)(C[6]CO)(H)
chemType : C COD classes : C[6](C[6]CH)(C[6]CO)(CCHO)
ha1 29 ha2 29
 a1NB2 3:3:1: a2NB2 3:3:4:
 a1NB C[6]-3:C[6]-3:H-1: a2NB C[6]-3:C[6]-3:C-4:
 a1C C[6](C[6]CC)(C[6]CO)(H) a2C C[6](C[6]CH)(C[6]CO)(CCHO)
atom 1 CR16  atom 2 CR6
Found all hashing codes
find 3:3:1:
 find 3:3:4:
 find C[6]-3:C[6]-3:H-1:
 find C[6]-3:C[6]-3:C-4:
 find C[6](C[6]CC)(C[6]CO)(H)
iFind 6
The final target bond value is 1.39
Bond between C3 and C4
 search a org-related bond c 
for target bond of atoms C3 and C4
chemType : C COD classes : C[6](C[6]CH)(C[6]CO)(CCHO)
chemType : C COD classes : C(C[6]CC)(CHHN)(OH)(H)
ha1 29 ha2 673
 a1NB2 3:3:4: a2NB2 3:4:2:1:
 a1NB C[6]-3:C[6]-3:C-4: a2NB C[6]-3:C-4:O-2:H-1:
 a1C C[6](C[6]CH)(C[6]CO)(CCHO) a2C C(C[6]CC)(CHHN)(OH)(H)
atom 1 CR6  atom 2 CH1
Found all hashing codes
find 3:3:4:
 find 3:4:2:1:
 find C[6]-3:C[6]-3:C-4:
 find C[6]-3:C-4:O-2:H-1:
iFind 5
The final target bond value is 1.52
Bond between O1 and C4
 search a org-related bond c 
for target bond of atoms O1 and C4
chemType : C COD classes : C(C[6]CC)(CHHN)(OH)(H)
chemType : O COD classes : O(CCCH)(H)
ha1 111 ha2 673
 a1NB2 4:1: a2NB2 3:4:2:1:
 a1NB C-4:H-1: a2NB C[6]-3:C-4:O-2:H-1:
 a1C O(CCCH)(H) a2C C(C[6]CC)(CHHN)(OH)(H)
atom 1 CH1  atom 2 OH1
Found all hashing codes
find 4:1:
 find 3:4:2:1:
 find C-4:H-1:
 find C[6]-3:C-4:O-2:H-1:
 find O(CCCH)(H)
Found exact matches of atom cod-classes 
The final target bond value is 1.41
Bond between C4 and C5
 search a org-related bond c 
for target bond of atoms C4 and C5
chemType : C COD classes : C(C[6]CC)(CHHN)(OH)(H)
chemType : C COD classes : C(CCHO)(NCH)(H)2
ha1 673 ha2 673
 a1NB2 4:3:1:1: a2NB2 3:4:2:1:
 a1NB C-4:N-3:H-1:H-1: a2NB C[6]-3:C-4:O-2:H-1:
 a1C C(CCHO)(NCH)(H)2 a2C C(C[6]CC)(CHHN)(OH)(H)
atom 1 CH1  atom 2 CH2
Found all hashing codes
find 4:3:1:1:
 find 3:4:2:1:
 find C-4:N-3:H-1:H-1:
 find C[6]-3:C-4:O-2:H-1:
 find C(CCHO)(NCH)(H)2
Found exact matches of atom cod-classes 
The final target bond value is 1.52
Bond between C5 and N
 search a org-related bond c 
for target bond of atoms C5 and N
chemType : C COD classes : C(CCHO)(NCH)(H)2
chemType : N COD classes : N(CCHH)(CCO)(H)
ha1 673 ha2 981
 a1NB2 4:3:1:1: a2NB2 4:3:1:
 a1NB C-4:N-3:H-1:H-1: a2NB C-4:C-3:H-1:
 a1C C(CCHO)(NCH)(H)2 a2C N(CCHH)(CCO)(H)
atom 1 CH2  atom 2 NH1
Found all hashing codes
find 4:3:1:1:
 find 4:3:1:
 find C-4:N-3:H-1:H-1:
 find C-4:C-3:H-1:
 find C(CCHO)(NCH)(H)2
Found exact matches of atom cod-classes 
The final target bond value is 1.45
Bond between N and C6
 search a org-related bond c 
for target bond of atoms N and C6
chemType : C COD classes : C(CHHN)(NCH)(O)
chemType : N COD classes : N(CCHH)(CCO)(H)
ha1 699 ha2 981
 a1NB2 4:3:1: a2NB2 4:3:1:
 a1NB C-4:N-3:O-1: a2NB C-4:C-3:H-1:
 a1C C(CHHN)(NCH)(O) a2C N(CCHH)(CCO)(H)
atom 1 C  atom 2 NH1
Found all hashing codes
find 4:3:1:
 find 4:3:1:
 find C-4:N-3:O-1:
 find C-4:C-3:H-1:
 find C(CHHN)(NCH)(O)
Found exact matches of atom cod-classes 
The final target bond value is 1.33
Bond between C6 and O2
 search a org-related bond c 
for target bond of atoms C6 and O2
chemType : C COD classes : C(CHHN)(NCH)(O)
chemType : O COD classes : O(CCN)
ha1 157 ha2 699
 a1NB2 3: a2NB2 4:3:1:
 a1NB C-3: a2NB C-4:N-3:O-1:
 a1C O(CCN) a2C C(CHHN)(NCH)(O)
atom 1 C  atom 2 O
Found all hashing codes
find 3:
 find 4:3:1:
 find C-3:
 find C-4:N-3:O-1:
 find O(CCN)
Found exact matches of atom cod-classes 
The final target bond value is 1.23
Bond between C7 and C6
 search a org-related bond c 
for target bond of atoms C7 and C6
chemType : C COD classes : C(CHHN)(NCH)(O)
chemType : C COD classes : C(CNO)(NHH)(H)2
ha1 673 ha2 699
 a1NB2 3:3:1:1: a2NB2 4:3:1:
 a1NB C-3:N-3:H-1:H-1: a2NB C-4:N-3:O-1:
 a1C C(CNO)(NHH)(H)2 a2C C(CHHN)(NCH)(O)
atom 1 C  atom 2 CH2
Found all hashing codes
find 3:3:1:1:
 find 4:3:1:
 find C-3:N-3:H-1:H-1:
 find C-4:N-3:O-1:
iFind 5
The final target bond value is 1.52
Bond between N1 and C7
 search a org-related bond c 
for target bond of atoms N1 and C7
chemType : C COD classes : C(CNO)(NHH)(H)2
chemType : N COD classes : N(CCHH)(H)2
ha1 673 ha2 981
 a1NB2 3:3:1:1: a2NB2 4:1:1:
 a1NB C-3:N-3:H-1:H-1: a2NB C-4:H-1:H-1:
 a1C C(CNO)(NHH)(H)2 a2C N(CCHH)(H)2
atom 1 CH2  atom 2 NT2
Found all hashing codes
find 3:3:1:1:
 find 4:1:1:
iFind 3 D
The final target bond value is 1.52
Bond between C8 and C3
 search a org-related bond c 
for target bond of atoms C8 and C3
chemType : C COD classes : C[6](C[6]CH)(C[6]CO)(CCHO)
chemType : C COD classes : C[6](C[6]CC)(C[6]CH)(OC)
ha1 29 ha2 29
 a1NB2 3:3:2: a2NB2 3:3:4:
 a1NB C[6]-3:C[6]-3:O-2: a2NB C[6]-3:C[6]-3:C-4:
 a1C C[6](C[6]CC)(C[6]CH)(OC) a2C C[6](C[6]CH)(C[6]CO)(CCHO)
atom 1 CR6  atom 2 CR6
Found all hashing codes
find 3:3:2:
 find 3:3:4:
 find C[6]-3:C[6]-3:O-2:
 find C[6]-3:C[6]-3:C-4:
 find C[6](C[6]CC)(C[6]CH)(OC)
iFind 6
The final target bond value is 1.4
Bond between O3 and C8
 search a org-related bond c 
for target bond of atoms O3 and C8
chemType : C COD classes : C[6](C[6]CC)(C[6]CH)(OC)
chemType : O COD classes : O(C[6]CC)(CH3)
ha1 29 ha2 111
 a1NB2 3:3:2: a2NB2 3:4:
 a1NB C[6]-3:C[6]-3:O-2: a2NB C[6]-3:C-4:
 a1C C[6](C[6]CC)(C[6]CH)(OC) a2C O(C[6]CC)(CH3)
atom 1 CR6  atom 2 O2
Found all hashing codes
find 3:3:2:
 find 3:4:
 find C[6]-3:C[6]-3:O-2:
 find C[6]-3:C-4:
 find C[6](C[6]CC)(C[6]CH)(OC)
Found exact matches of atom cod-classes 
The final target bond value is 1.37
Bond between C9 and O3
 search a org-related bond c 
for target bond of atoms C9 and O3
chemType : C COD classes : C(OC)(H)3
chemType : O COD classes : O(C[6]CC)(CH3)
ha1 111 ha2 673
 a1NB2 3:4: a2NB2 2:1:1:1:
 a1NB C[6]-3:C-4: a2NB O-2:H-1:H-1:H-1:
 a1C O(C[6]CC)(CH3) a2C C(OC)(H)3
atom 1 CH3  atom 2 O2
Found all hashing codes
find 3:4:
 find 2:1:1:1:
 find C[6]-3:C-4:
 find O-2:H-1:H-1:H-1:
 find O(C[6]CC)(CH3)
Found exact matches of atom cod-classes 
The final target bond value is 1.42
Bond between C10 and C8
 search a org-related bond c 
for target bond of atoms C10 and C8
chemType : C COD classes : C[6](C[6]CH)(C[6]CO)(H)
chemType : C COD classes : C[6](C[6]CC)(C[6]CH)(OC)
ha1 29 ha2 29
 a1NB2 3:3:1: a2NB2 3:3:2:
 a1NB C[6]-3:C[6]-3:H-1: a2NB C[6]-3:C[6]-3:O-2:
 a1C C[6](C[6]CH)(C[6]CO)(H) a2C C[6](C[6]CC)(C[6]CH)(OC)
atom 1 CR16  atom 2 CR6
Found all hashing codes
find 3:3:1:
 find 3:3:2:
 find C[6]-3:C[6]-3:H-1:
 find C[6]-3:C[6]-3:O-2:
 find C[6](C[6]CH)(C[6]CO)(H)
Found exact matches of atom cod-classes 
The final target bond value is 1.39
Bond between C11 and C10
 search a org-related bond c 
for target bond of atoms C11 and C10
chemType : C COD classes : C[6](C[6]CH)(C[6]CO)(H)
chemType : C COD classes : C[6](C[6]CH)(C[6]CO)(H)
ha1 29 ha2 29
 a1NB2 3:3:1: a2NB2 3:3:1:
 a1NB C[6]-3:C[6]-3:H-1: a2NB C[6]-3:C[6]-3:H-1:
 a1C C[6](C[6]CH)(C[6]CO)(H) a2C C[6](C[6]CH)(C[6]CO)(H)
atom 1 CR16  atom 2 CR16
Found all hashing codes
find 3:3:1:
 find 3:3:1:
 find C[6]-3:C[6]-3:H-1:
 find C[6]-3:C[6]-3:H-1:
 find C[6](C[6]CH)(C[6]CO)(H)
Found exact matches of atom cod-classes 
The final target bond value is 1.38
Bond between C1 and C11
 search a org-related bond c 
for target bond of atoms C1 and C11
chemType : C COD classes : C[6](C[6]CH)2(OC)
chemType : C COD classes : C[6](C[6]CH)(C[6]CO)(H)
ha1 29 ha2 29
 a1NB2 3:3:2: a2NB2 3:3:1:
 a1NB C[6]-3:C[6]-3:O-2: a2NB C[6]-3:C[6]-3:H-1:
 a1C C[6](C[6]CH)2(OC) a2C C[6](C[6]CH)(C[6]CO)(H)
atom 1 CR6  atom 2 CR16
Found all hashing codes
find 3:3:2:
 find 3:3:1:
 find C[6]-3:C[6]-3:O-2:
 find C[6]-3:C[6]-3:H-1:
 find C[6](C[6]CH)2(OC)
Found exact matches of atom cod-classes 
The final target bond value is 1.38
Bond between H and C
 search a org-related bond c 
for target bond of atoms H and C
chemType : C COD classes : C(OC)(H)3
chemType : H COD classes : H(CHHO)
ha1 673 ha2 887
 a1NB2 2:1:1:1: a2NB2 4:
 a1NB O-2:H-1:H-1:H-1: a2NB C-4:
 a1C C(OC)(H)3 a2C H(CHHO)
atom 1 CH3  atom 2 H
Found all hashing codes
find 2:1:1:1:
 find 4:
 find O-2:H-1:H-1:H-1:
 find C-4:
 find C(OC)(H)3
Found exact matches of atom cod-classes 
The final target bond value is 0.973
Bond between H1 and C
 search a org-related bond c 
for target bond of atoms H1 and C
chemType : C COD classes : C(OC)(H)3
chemType : H COD classes : H(CHHO)
ha1 673 ha2 887
 a1NB2 2:1:1:1: a2NB2 4:
 a1NB O-2:H-1:H-1:H-1: a2NB C-4:
 a1C C(OC)(H)3 a2C H(CHHO)
atom 1 CH3  atom 2 H
Found all hashing codes
find 2:1:1:1:
 find 4:
 find O-2:H-1:H-1:H-1:
 find C-4:
 find C(OC)(H)3
Found exact matches of atom cod-classes 
The final target bond value is 0.973
Bond between H2 and C
 search a org-related bond c 
for target bond of atoms H2 and C
chemType : C COD classes : C(OC)(H)3
chemType : H COD classes : H(CHHO)
ha1 673 ha2 887
 a1NB2 2:1:1:1: a2NB2 4:
 a1NB O-2:H-1:H-1:H-1: a2NB C-4:
 a1C C(OC)(H)3 a2C H(CHHO)
atom 1 CH3  atom 2 H
Found all hashing codes
find 2:1:1:1:
 find 4:
 find O-2:H-1:H-1:H-1:
 find C-4:
 find C(OC)(H)3
Found exact matches of atom cod-classes 
The final target bond value is 0.973
Bond between H3 and C2
 search a org-related bond c 
for target bond of atoms H3 and C2
chemType : C COD classes : C[6](C[6]CC)(C[6]CO)(H)
chemType : H COD classes : H(C[6]CC)
ha1 29 ha2 887
 a1NB2 3:3:1: a2NB2 3:
 a1NB C[6]-3:C[6]-3:H-1: a2NB C[6]-3:
 a1C C[6](C[6]CC)(C[6]CO)(H) a2C H(C[6]CC)
atom 1 CR16  atom 2 H
Found all hashing codes
find 3:3:1:
 find 3:
 find C[6]-3:C[6]-3:H-1:
 find C[6]-3:
 find C[6](C[6]CC)(C[6]CO)(H)
Found exact matches of atom cod-classes 
The final target bond value is 0.943
Bond between H4 and C4
 search a org-related bond c 
for target bond of atoms H4 and C4
chemType : C COD classes : C(C[6]CC)(CHHN)(OH)(H)
chemType : H COD classes : H(CCCO)
ha1 673 ha2 887
 a1NB2 3:4:2:1: a2NB2 4:
 a1NB C[6]-3:C-4:O-2:H-1: a2NB C-4:
 a1C C(C[6]CC)(CHHN)(OH)(H) a2C H(CCCO)
atom 1 CH1  atom 2 H
Found all hashing codes
find 3:4:2:1:
 find 4:
 find C[6]-3:C-4:O-2:H-1:
 find C-4:
 find C(C[6]CC)(CHHN)(OH)(H)
Found exact matches of atom cod-classes 
The final target bond value is 0.987
Bond between H5 and O1
 search a org-related bond c 
for target bond of atoms H5 and O1
chemType : H COD classes : H(OC)
chemType : O COD classes : O(CCCH)(H)
ha1 111 ha2 887
 a1NB2 4:1: a2NB2 2:
 a1NB C-4:H-1: a2NB O-2:
 a1C O(CCCH)(H) a2C H(OC)
atom 1 H  atom 2 OH1
Found all hashing codes
find 4:1:
 find 2:
 find C-4:H-1:
 find O-2:
 find O(CCCH)(H)
Found exact matches of atom cod-classes 
The final target bond value is 0.853
Bond between H6 and C5
 search a org-related bond c 
for target bond of atoms H6 and C5
chemType : C COD classes : C(CCHO)(NCH)(H)2
chemType : H COD classes : H(CCHN)
ha1 673 ha2 887
 a1NB2 4:3:1:1: a2NB2 4:
 a1NB C-4:N-3:H-1:H-1: a2NB C-4:
 a1C C(CCHO)(NCH)(H)2 a2C H(CCHN)
atom 1 CH2  atom 2 H
Found all hashing codes
find 4:3:1:1:
 find 4:
 find C-4:N-3:H-1:H-1:
 find C-4:
 find C(CCHO)(NCH)(H)2
Found exact matches of atom cod-classes 
The final target bond value is 0.976
Bond between H7 and C5
 search a org-related bond c 
for target bond of atoms H7 and C5
chemType : C COD classes : C(CCHO)(NCH)(H)2
chemType : H COD classes : H(CCHN)
ha1 673 ha2 887
 a1NB2 4:3:1:1: a2NB2 4:
 a1NB C-4:N-3:H-1:H-1: a2NB C-4:
 a1C C(CCHO)(NCH)(H)2 a2C H(CCHN)
atom 1 CH2  atom 2 H
Found all hashing codes
find 4:3:1:1:
 find 4:
 find C-4:N-3:H-1:H-1:
 find C-4:
 find C(CCHO)(NCH)(H)2
Found exact matches of atom cod-classes 
The final target bond value is 0.976
Bond between H8 and N
 search a org-related bond c 
for target bond of atoms H8 and N
chemType : H COD classes : H(NCC)
chemType : N COD classes : N(CCHH)(CCO)(H)
ha1 887 ha2 981
 a1NB2 3: a2NB2 4:3:1:
 a1NB N-3: a2NB C-4:C-3:H-1:
 a1C H(NCC) a2C N(CCHH)(CCO)(H)
atom 1 H  atom 2 NH1
Found all hashing codes
find 3:
 find 4:3:1:
 find N-3:
 find C-4:C-3:H-1:
 find H(NCC)
Found exact matches of atom cod-classes 
The final target bond value is 0.87
Bond between H9 and C7
 search a org-related bond c 
for target bond of atoms H9 and C7
chemType : C COD classes : C(CNO)(NHH)(H)2
chemType : H COD classes : H(CCHN)
ha1 673 ha2 887
 a1NB2 3:3:1:1: a2NB2 4:
 a1NB C-3:N-3:H-1:H-1: a2NB C-4:
 a1C C(CNO)(NHH)(H)2 a2C H(CCHN)
atom 1 CH2  atom 2 H
Found all hashing codes
find 3:3:1:1:
 find 4:
 find C-3:N-3:H-1:H-1:
 find C-4:
iFind 5
The final target bond value is 0.979
Bond between H10 and C7
 search a org-related bond c 
for target bond of atoms H10 and C7
chemType : C COD classes : C(CNO)(NHH)(H)2
chemType : H COD classes : H(CCHN)
ha1 673 ha2 887
 a1NB2 3:3:1:1: a2NB2 4:
 a1NB C-3:N-3:H-1:H-1: a2NB C-4:
 a1C C(CNO)(NHH)(H)2 a2C H(CCHN)
atom 1 CH2  atom 2 H
Found all hashing codes
find 3:3:1:1:
 find 4:
 find C-3:N-3:H-1:H-1:
 find C-4:
iFind 5
The final target bond value is 0.979
Bond between H11 and N1
 search a org-related bond c 
for target bond of atoms H11 and N1
chemType : H COD classes : H(NCH)
chemType : N COD classes : N(CCHH)(H)2
ha1 887 ha2 981
 a1NB2 3: a2NB2 4:1:1:
 a1NB N-3: a2NB C-4:H-1:H-1:
 a1C H(NCH) a2C N(CCHH)(H)2
atom 1 H  atom 2 NT2
Found all hashing codes
find 3:
 find 4:1:1:
 find N-3:
 find C-4:H-1:H-1:
 find H(NCH)
Found exact matches of atom cod-classes 
The final target bond value is 0.901
Bond between H12 and N1
 search a org-related bond c 
for target bond of atoms H12 and N1
chemType : H COD classes : H(NCH)
chemType : N COD classes : N(CCHH)(H)2
ha1 887 ha2 981
 a1NB2 3: a2NB2 4:1:1:
 a1NB N-3: a2NB C-4:H-1:H-1:
 a1C H(NCH) a2C N(CCHH)(H)2
atom 1 H  atom 2 NT2
Found all hashing codes
find 3:
 find 4:1:1:
 find N-3:
 find C-4:H-1:H-1:
 find H(NCH)
Found exact matches of atom cod-classes 
The final target bond value is 0.901
Bond between H13 and C9
 search a org-related bond c 
for target bond of atoms H13 and C9
chemType : C COD classes : C(OC)(H)3
chemType : H COD classes : H(CHHO)
ha1 673 ha2 887
 a1NB2 2:1:1:1: a2NB2 4:
 a1NB O-2:H-1:H-1:H-1: a2NB C-4:
 a1C C(OC)(H)3 a2C H(CHHO)
atom 1 CH3  atom 2 H
Found all hashing codes
find 2:1:1:1:
 find 4:
 find O-2:H-1:H-1:H-1:
 find C-4:
 find C(OC)(H)3
Found exact matches of atom cod-classes 
The final target bond value is 0.973
Bond between H14 and C9
 search a org-related bond c 
for target bond of atoms H14 and C9
chemType : C COD classes : C(OC)(H)3
chemType : H COD classes : H(CHHO)
ha1 673 ha2 887
 a1NB2 2:1:1:1: a2NB2 4:
 a1NB O-2:H-1:H-1:H-1: a2NB C-4:
 a1C C(OC)(H)3 a2C H(CHHO)
atom 1 CH3  atom 2 H
Found all hashing codes
find 2:1:1:1:
 find 4:
 find O-2:H-1:H-1:H-1:
 find C-4:
 find C(OC)(H)3
Found exact matches of atom cod-classes 
The final target bond value is 0.973
Bond between H15 and C9
 search a org-related bond c 
for target bond of atoms H15 and C9
chemType : C COD classes : C(OC)(H)3
chemType : H COD classes : H(CHHO)
ha1 673 ha2 887
 a1NB2 2:1:1:1: a2NB2 4:
 a1NB O-2:H-1:H-1:H-1: a2NB C-4:
 a1C C(OC)(H)3 a2C H(CHHO)
atom 1 CH3  atom 2 H
Found all hashing codes
find 2:1:1:1:
 find 4:
 find O-2:H-1:H-1:H-1:
 find C-4:
 find C(OC)(H)3
Found exact matches of atom cod-classes 
The final target bond value is 0.973
Bond between H16 and C10
 search a org-related bond c 
for target bond of atoms H16 and C10
chemType : C COD classes : C[6](C[6]CH)(C[6]CO)(H)
chemType : H COD classes : H(C[6]CC)
ha1 29 ha2 887
 a1NB2 3:3:1: a2NB2 3:
 a1NB C[6]-3:C[6]-3:H-1: a2NB C[6]-3:
 a1C C[6](C[6]CH)(C[6]CO)(H) a2C H(C[6]CC)
atom 1 CR16  atom 2 H
Found all hashing codes
find 3:3:1:
 find 3:
 find C[6]-3:C[6]-3:H-1:
 find C[6]-3:
 find C[6](C[6]CH)(C[6]CO)(H)
Found exact matches of atom cod-classes 
The final target bond value is 0.949
Bond between H17 and C11
 search a org-related bond c 
for target bond of atoms H17 and C11
chemType : C COD classes : C[6](C[6]CH)(C[6]CO)(H)
chemType : H COD classes : H(C[6]CC)
ha1 29 ha2 887
 a1NB2 3:3:1: a2NB2 3:
 a1NB C[6]-3:C[6]-3:H-1: a2NB C[6]-3:
 a1C C[6](C[6]CH)(C[6]CO)(H) a2C H(C[6]CC)
atom 1 CR16  atom 2 H
Found all hashing codes
find 3:3:1:
 find 3:
 find C[6]-3:C[6]-3:H-1:
 find C[6]-3:
 find C[6](C[6]CH)(C[6]CO)(H)
Found exact matches of atom cod-classes 
The final target bond value is 0.949
Number of Bonds to be found 36
Number of Bonds found 36
Finish setDefaultCoordGeos() 
Clustering all COD angles started at Fri Sep 12 13:57:05 2014
Clustering COD org angles finished at Fri Sep 12 13:57:11 2014
it takes 6 seconds to finish group COD angles 
Finish groupCodOrgAngles() 
Finish groupCodMetAngles() 
Finish groupCodAnglesWithNonCenteredMetal() 
Angle between C6(center) and N and O2
Atom1 C6 Its Cod class C(CHHN)(NCH)(O) and Hashing 699
 Its codNBSymb C-4:N-3:O-1: its codNB2Symb 4:3:1:
Atom2 O2 Its Cod class O(CCN) and Hashing 157
 Its codNBSymb C-3: its codNB2Symb 3:
Atom3 N Its Cod class N(CCHH)(CCO)(H) and Hashing 981
 Its codNBSymb C-4:C-3:H-1: its codNB2Symb 4:3:1:
Found 4:3:1:
Found 3:
Found 4:3:1:
Found C-4:N-3:O-1:
Found C-3:
Found C-4:C-3:H-1:
Found C(CHHN)(NCH)(O)
Found O(CCN)
COD finds the exact value 123
the sigma value 0.945
Target angle value : 123
Angle between C6(center) and N and C7
Atom1 C6 Its Cod class C(CHHN)(NCH)(O) and Hashing 699
 Its codNBSymb C-4:N-3:O-1: its codNB2Symb 4:3:1:
Atom2 C7 Its Cod class C(CNO)(NHH)(H)2 and Hashing 673
 Its codNBSymb C-3:N-3:H-1:H-1: its codNB2Symb 3:3:1:1:
Atom3 N Its Cod class N(CCHH)(CCO)(H) and Hashing 981
 Its codNBSymb C-4:C-3:H-1: its codNB2Symb 4:3:1:
Found 4:3:1:
Found 3:3:1:1:
Found 4:3:1:
Found C-4:N-3:O-1:
Found C-3:N-3:H-1:H-1:
Found C-4:C-3:H-1:
Found C(CHHN)(NCH)(O)
not Found C(CNO)(NHH)(H)2 iFind8 
Target angle value : 116
Angle between C6(center) and O2 and C7
Atom1 C6 Its Cod class C(CHHN)(NCH)(O) and Hashing 699
 Its codNBSymb C-4:N-3:O-1: its codNB2Symb 4:3:1:
Atom2 O2 Its Cod class O(CCN) and Hashing 157
 Its codNBSymb C-3: its codNB2Symb 3:
Atom3 C7 Its Cod class C(CNO)(NHH)(H)2 and Hashing 673
 Its codNBSymb C-3:N-3:H-1:H-1: its codNB2Symb 3:3:1:1:
Found 4:3:1:
Found 3:
Found 3:3:1:1:
Found C-4:N-3:O-1:
Found C-3:
Found C-3:N-3:H-1:H-1:
Found C(CHHN)(NCH)(O)
Found O(CCN)
Target angle value : 121
Angle between C7(center) and C6 and N1
Atom1 C7 Its Cod class C(CNO)(NHH)(H)2 and Hashing 673
 Its codNBSymb C-3:N-3:H-1:H-1: its codNB2Symb 3:3:1:1:
Atom2 C6 Its Cod class C(CHHN)(NCH)(O) and Hashing 699
 Its codNBSymb C-4:N-3:O-1: its codNB2Symb 4:3:1:
Atom3 N1 Its Cod class N(CCHH)(H)2 and Hashing 981
 Its codNBSymb C-4:H-1:H-1: its codNB2Symb 4:1:1:
Found 3:3:1:1:
Found 4:3:1:
not Found 4:1:1: iFind3 
Target angle value : 111
Angle between C7(center) and C6 and H9
Atom1 C7 Its Cod class C(CNO)(NHH)(H)2 and Hashing 673
 Its codNBSymb C-3:N-3:H-1:H-1: its codNB2Symb 3:3:1:1:
Atom2 C6 Its Cod class C(CHHN)(NCH)(O) and Hashing 699
 Its codNBSymb C-4:N-3:O-1: its codNB2Symb 4:3:1:
Atom3 H9 Its Cod class H(CCHN) and Hashing 887
 Its codNBSymb C-4: its codNB2Symb 4:
Found 3:3:1:1:
Found 4:3:1:
Found 4:
Found C-3:N-3:H-1:H-1:
Found C-4:N-3:O-1:
Found C-4:
not Found C(CNO)(NHH)(H)2 iFind7 
Target angle value : 109
Angle between C7(center) and C6 and H10
Atom1 C7 Its Cod class C(CNO)(NHH)(H)2 and Hashing 673
 Its codNBSymb C-3:N-3:H-1:H-1: its codNB2Symb 3:3:1:1:
Atom2 C6 Its Cod class C(CHHN)(NCH)(O) and Hashing 699
 Its codNBSymb C-4:N-3:O-1: its codNB2Symb 4:3:1:
Atom3 H10 Its Cod class H(CCHN) and Hashing 887
 Its codNBSymb C-4: its codNB2Symb 4:
Found 3:3:1:1:
Found 4:3:1:
Found 4:
Found C-3:N-3:H-1:H-1:
Found C-4:N-3:O-1:
Found C-4:
not Found C(CNO)(NHH)(H)2 iFind7 
Target angle value : 109
Angle between C7(center) and N1 and H9
Atom1 C7 Its Cod class C(CNO)(NHH)(H)2 and Hashing 673
 Its codNBSymb C-3:N-3:H-1:H-1: its codNB2Symb 3:3:1:1:
Atom2 H9 Its Cod class H(CCHN) and Hashing 887
 Its codNBSymb C-4: its codNB2Symb 4:
Atom3 N1 Its Cod class N(CCHH)(H)2 and Hashing 981
 Its codNBSymb C-4:H-1:H-1: its codNB2Symb 4:1:1:
Found 3:3:1:1:
Found 4:
Found 4:1:1:
not Found C-3:N-3:H-1:H-1: iFind4 
Target angle value : 108
Angle between C7(center) and N1 and H10
Atom1 C7 Its Cod class C(CNO)(NHH)(H)2 and Hashing 673
 Its codNBSymb C-3:N-3:H-1:H-1: its codNB2Symb 3:3:1:1:
Atom2 H10 Its Cod class H(CCHN) and Hashing 887
 Its codNBSymb C-4: its codNB2Symb 4:
Atom3 N1 Its Cod class N(CCHH)(H)2 and Hashing 981
 Its codNBSymb C-4:H-1:H-1: its codNB2Symb 4:1:1:
Found 3:3:1:1:
Found 4:
Found 4:1:1:
not Found C-3:N-3:H-1:H-1: iFind4 
Target angle value : 108
Angle between C7(center) and H9 and H10
Atom1 C7 Its Cod class C(CNO)(NHH)(H)2 and Hashing 673
 Its codNBSymb C-3:N-3:H-1:H-1: its codNB2Symb 3:3:1:1:
Atom2 H9 Its Cod class H(CCHN) and Hashing 887
 Its codNBSymb C-4: its codNB2Symb 4:
Atom3 H10 Its Cod class H(CCHN) and Hashing 887
 Its codNBSymb C-4: its codNB2Symb 4:
Found 3:3:1:1:
Found 4:
Found 4:
Found C-3:N-3:H-1:H-1:
Found C-4:
Found C-4:
not Found C(CNO)(NHH)(H)2 iFind7 
Target angle value : 108
Angle between N1(center) and C7 and H11
Atom1 N1 Its Cod class N(CCHH)(H)2 and Hashing 981
 Its codNBSymb C-4:H-1:H-1: its codNB2Symb 4:1:1:
Atom2 C7 Its Cod class C(CNO)(NHH)(H)2 and Hashing 673
 Its codNBSymb C-3:N-3:H-1:H-1: its codNB2Symb 3:3:1:1:
Atom3 H11 Its Cod class H(NCH) and Hashing 887
 Its codNBSymb N-3: its codNB2Symb 3:
Found 4:1:1:
Found 3:3:1:1:
Found 3:
Found C-4:H-1:H-1:
not Found C-3:N-3:H-1:H-1: iFind5 
Target angle value : 113
Angle between N1(center) and C7 and H12
Atom1 N1 Its Cod class N(CCHH)(H)2 and Hashing 981
 Its codNBSymb C-4:H-1:H-1: its codNB2Symb 4:1:1:
Atom2 C7 Its Cod class C(CNO)(NHH)(H)2 and Hashing 673
 Its codNBSymb C-3:N-3:H-1:H-1: its codNB2Symb 3:3:1:1:
Atom3 H12 Its Cod class H(NCH) and Hashing 887
 Its codNBSymb N-3: its codNB2Symb 3:
Found 4:1:1:
Found 3:3:1:1:
Found 3:
Found C-4:H-1:H-1:
not Found C-3:N-3:H-1:H-1: iFind5 
Target angle value : 113
Angle between N1(center) and H11 and H12
Atom1 N1 Its Cod class N(CCHH)(H)2 and Hashing 981
 Its codNBSymb C-4:H-1:H-1: its codNB2Symb 4:1:1:
Atom2 H11 Its Cod class H(NCH) and Hashing 887
 Its codNBSymb N-3: its codNB2Symb 3:
Atom3 H12 Its Cod class H(NCH) and Hashing 887
 Its codNBSymb N-3: its codNB2Symb 3:
Found 4:1:1:
Found 3:
Found 3:
Found C-4:H-1:H-1:
Found N-3:
Found N-3:
Found N(CCHH)(H)2
Found H(NCH)
COD finds the exact value 110
the sigma value 3
Target angle value : 110
Angle between N(center) and C5 and C6
Atom1 N Its Cod class N(CCHH)(CCO)(H) and Hashing 981
 Its codNBSymb C-4:C-3:H-1: its codNB2Symb 4:3:1:
Atom2 C5 Its Cod class C(CCHO)(NCH)(H)2 and Hashing 673
 Its codNBSymb C-4:N-3:H-1:H-1: its codNB2Symb 4:3:1:1:
Atom3 C6 Its Cod class C(CHHN)(NCH)(O) and Hashing 699
 Its codNBSymb C-4:N-3:O-1: its codNB2Symb 4:3:1:
Found 4:3:1:
Found 4:3:1:1:
Found 4:3:1:
Found C-4:C-3:H-1:
Found C-4:N-3:H-1:H-1:
Found C-4:N-3:O-1:
Found N(CCHH)(CCO)(H)
Found C(CCHO)(NCH)(H)2
Target angle value : 123
Angle between N(center) and C5 and H8
Atom1 N Its Cod class N(CCHH)(CCO)(H) and Hashing 981
 Its codNBSymb C-4:C-3:H-1: its codNB2Symb 4:3:1:
Atom2 C5 Its Cod class C(CCHO)(NCH)(H)2 and Hashing 673
 Its codNBSymb C-4:N-3:H-1:H-1: its codNB2Symb 4:3:1:1:
Atom3 H8 Its Cod class H(NCC) and Hashing 887
 Its codNBSymb N-3: its codNB2Symb 3:
Found 4:3:1:
Found 4:3:1:1:
Found 3:
Found C-4:C-3:H-1:
Found C-4:N-3:H-1:H-1:
Found N-3:
Found N(CCHH)(CCO)(H)
Found C(CCHO)(NCH)(H)2
COD finds the exact value 119
the sigma value 0.771
Target angle value : 119
Angle between N(center) and C6 and H8
Atom1 N Its Cod class N(CCHH)(CCO)(H) and Hashing 981
 Its codNBSymb C-4:C-3:H-1: its codNB2Symb 4:3:1:
Atom2 C6 Its Cod class C(CHHN)(NCH)(O) and Hashing 699
 Its codNBSymb C-4:N-3:O-1: its codNB2Symb 4:3:1:
Atom3 H8 Its Cod class H(NCC) and Hashing 887
 Its codNBSymb N-3: its codNB2Symb 3:
Found 4:3:1:
Found 4:3:1:
Found 3:
Found C-4:C-3:H-1:
Found C-4:N-3:O-1:
Found N-3:
Found N(CCHH)(CCO)(H)
Found C(CHHN)(NCH)(O)
COD finds the exact value 119
the sigma value 1.18
Target angle value : 119
Angle between C5(center) and C4 and N
Atom1 C5 Its Cod class C(CCHO)(NCH)(H)2 and Hashing 673
 Its codNBSymb C-4:N-3:H-1:H-1: its codNB2Symb 4:3:1:1:
Atom2 C4 Its Cod class C(C[6]CC)(CHHN)(OH)(H) and Hashing 673
 Its codNBSymb C[6]-3:C-4:O-2:H-1: its codNB2Symb 3:4:2:1:
Atom3 N Its Cod class N(CCHH)(CCO)(H) and Hashing 981
 Its codNBSymb C-4:C-3:H-1: its codNB2Symb 4:3:1:
Found 4:3:1:1:
not Found 3:4:2:1: iFind2 
Target angle value : 112
Angle between C5(center) and C4 and H6
Atom1 C5 Its Cod class C(CCHO)(NCH)(H)2 and Hashing 673
 Its codNBSymb C-4:N-3:H-1:H-1: its codNB2Symb 4:3:1:1:
Atom2 C4 Its Cod class C(C[6]CC)(CHHN)(OH)(H) and Hashing 673
 Its codNBSymb C[6]-3:C-4:O-2:H-1: its codNB2Symb 3:4:2:1:
Atom3 H6 Its Cod class H(CCHN) and Hashing 887
 Its codNBSymb C-4: its codNB2Symb 4:
Found 4:3:1:1:
Found 3:4:2:1:
Found 4:
Found C-4:N-3:H-1:H-1:
Found C[6]-3:C-4:O-2:H-1:
Found C-4:
Found C(CCHO)(NCH)(H)2
Found C(C[6]CC)(CHHN)(OH)(H)
COD finds the exact value 109
the sigma value 0.985
Target angle value : 109
Angle between C5(center) and C4 and H7
Atom1 C5 Its Cod class C(CCHO)(NCH)(H)2 and Hashing 673
 Its codNBSymb C-4:N-3:H-1:H-1: its codNB2Symb 4:3:1:1:
Atom2 C4 Its Cod class C(C[6]CC)(CHHN)(OH)(H) and Hashing 673
 Its codNBSymb C[6]-3:C-4:O-2:H-1: its codNB2Symb 3:4:2:1:
Atom3 H7 Its Cod class H(CCHN) and Hashing 887
 Its codNBSymb C-4: its codNB2Symb 4:
Found 4:3:1:1:
Found 3:4:2:1:
Found 4:
Found C-4:N-3:H-1:H-1:
Found C[6]-3:C-4:O-2:H-1:
Found C-4:
Found C(CCHO)(NCH)(H)2
Found C(C[6]CC)(CHHN)(OH)(H)
COD finds the exact value 109
the sigma value 0.985
Target angle value : 109
Angle between C5(center) and N and H6
Atom1 C5 Its Cod class C(CCHO)(NCH)(H)2 and Hashing 673
 Its codNBSymb C-4:N-3:H-1:H-1: its codNB2Symb 4:3:1:1:
Atom2 H6 Its Cod class H(CCHN) and Hashing 887
 Its codNBSymb C-4: its codNB2Symb 4:
Atom3 N Its Cod class N(CCHH)(CCO)(H) and Hashing 981
 Its codNBSymb C-4:C-3:H-1: its codNB2Symb 4:3:1:
Found 4:3:1:1:
Found 4:
Found 4:3:1:
Found C-4:N-3:H-1:H-1:
Found C-4:
Found C-4:C-3:H-1:
Found C(CCHO)(NCH)(H)2
Found H(CCHN)
COD finds the exact value 109
the sigma value 0.342
Target angle value : 109
Angle between C5(center) and N and H7
Atom1 C5 Its Cod class C(CCHO)(NCH)(H)2 and Hashing 673
 Its codNBSymb C-4:N-3:H-1:H-1: its codNB2Symb 4:3:1:1:
Atom2 H7 Its Cod class H(CCHN) and Hashing 887
 Its codNBSymb C-4: its codNB2Symb 4:
Atom3 N Its Cod class N(CCHH)(CCO)(H) and Hashing 981
 Its codNBSymb C-4:C-3:H-1: its codNB2Symb 4:3:1:
Found 4:3:1:1:
Found 4:
Found 4:3:1:
Found C-4:N-3:H-1:H-1:
Found C-4:
Found C-4:C-3:H-1:
Found C(CCHO)(NCH)(H)2
Found H(CCHN)
COD finds the exact value 109
the sigma value 0.342
Target angle value : 109
Angle between C5(center) and H6 and H7
Atom1 C5 Its Cod class C(CCHO)(NCH)(H)2 and Hashing 673
 Its codNBSymb C-4:N-3:H-1:H-1: its codNB2Symb 4:3:1:1:
Atom2 H6 Its Cod class H(CCHN) and Hashing 887
 Its codNBSymb C-4: its codNB2Symb 4:
Atom3 H7 Its Cod class H(CCHN) and Hashing 887
 Its codNBSymb C-4: its codNB2Symb 4:
Found 4:3:1:1:
Found 4:
Found 4:
Found C-4:N-3:H-1:H-1:
Found C-4:
Found C-4:
Found C(CCHO)(NCH)(H)2
Found H(CCHN)
COD finds the exact value 108
the sigma value 0.744
Target angle value : 108
Angle between C4(center) and C3 and O1
Atom1 C4 Its Cod class C(C[6]CC)(CHHN)(OH)(H) and Hashing 673
 Its codNBSymb C[6]-3:C-4:O-2:H-1: its codNB2Symb 3:4:2:1:
Atom2 C3 Its Cod class C[6](C[6]CH)(C[6]CO)(CCHO) and Hashing 29
 Its codNBSymb C[6]-3:C[6]-3:C-4: its codNB2Symb 3:3:4:
Atom3 O1 Its Cod class O(CCCH)(H) and Hashing 111
 Its codNBSymb C-4:H-1: its codNB2Symb 4:1:
Found 3:4:2:1:
Found 3:3:4:
Found 4:1:
Found C[6]-3:C-4:O-2:H-1:
Found C[6]-3:C[6]-3:C-4:
Found C-4:H-1:
Found C(C[6]CC)(CHHN)(OH)(H)
not Found C[6](C[6]CH)(C[6]CO)(CCHO) iFind8 
Target angle value : 111
Angle between C4(center) and C3 and C5
Atom1 C4 Its Cod class C(C[6]CC)(CHHN)(OH)(H) and Hashing 673
 Its codNBSymb C[6]-3:C-4:O-2:H-1: its codNB2Symb 3:4:2:1:
Atom2 C3 Its Cod class C[6](C[6]CH)(C[6]CO)(CCHO) and Hashing 29
 Its codNBSymb C[6]-3:C[6]-3:C-4: its codNB2Symb 3:3:4:
Atom3 C5 Its Cod class C(CCHO)(NCH)(H)2 and Hashing 673
 Its codNBSymb C-4:N-3:H-1:H-1: its codNB2Symb 4:3:1:1:
Found 3:4:2:1:
Found 3:3:4:
Found 4:3:1:1:
Found C[6]-3:C-4:O-2:H-1:
Found C[6]-3:C[6]-3:C-4:
Found C-4:N-3:H-1:H-1:
Found C(C[6]CC)(CHHN)(OH)(H)
not Found C[6](C[6]CH)(C[6]CO)(CCHO) iFind8 
Target angle value : 110
Angle between C4(center) and C3 and H4
Atom1 C4 Its Cod class C(C[6]CC)(CHHN)(OH)(H) and Hashing 673
 Its codNBSymb C[6]-3:C-4:O-2:H-1: its codNB2Symb 3:4:2:1:
Atom2 C3 Its Cod class C[6](C[6]CH)(C[6]CO)(CCHO) and Hashing 29
 Its codNBSymb C[6]-3:C[6]-3:C-4: its codNB2Symb 3:3:4:
Atom3 H4 Its Cod class H(CCCO) and Hashing 887
 Its codNBSymb C-4: its codNB2Symb 4:
Found 3:4:2:1:
Found 3:3:4:
Found 4:
Found C[6]-3:C-4:O-2:H-1:
Found C[6]-3:C[6]-3:C-4:
Found C-4:
Found C(C[6]CC)(CHHN)(OH)(H)
not Found C[6](C[6]CH)(C[6]CO)(CCHO) iFind8 
Target angle value : 109
Angle between C4(center) and O1 and C5
Atom1 C4 Its Cod class C(C[6]CC)(CHHN)(OH)(H) and Hashing 673
 Its codNBSymb C[6]-3:C-4:O-2:H-1: its codNB2Symb 3:4:2:1:
Atom2 O1 Its Cod class O(CCCH)(H) and Hashing 111
 Its codNBSymb C-4:H-1: its codNB2Symb 4:1:
Atom3 C5 Its Cod class C(CCHO)(NCH)(H)2 and Hashing 673
 Its codNBSymb C-4:N-3:H-1:H-1: its codNB2Symb 4:3:1:1:
Found 3:4:2:1:
Found 4:1:
Found 4:3:1:1:
Found C[6]-3:C-4:O-2:H-1:
Found C-4:H-1:
Found C-4:N-3:H-1:H-1:
Found C(C[6]CC)(CHHN)(OH)(H)
Found O(CCCH)(H)
COD finds the exact value 109
the sigma value 2.37
Target angle value : 109
Angle between C4(center) and O1 and H4
Atom1 C4 Its Cod class C(C[6]CC)(CHHN)(OH)(H) and Hashing 673
 Its codNBSymb C[6]-3:C-4:O-2:H-1: its codNB2Symb 3:4:2:1:
Atom2 O1 Its Cod class O(CCCH)(H) and Hashing 111
 Its codNBSymb C-4:H-1: its codNB2Symb 4:1:
Atom3 H4 Its Cod class H(CCCO) and Hashing 887
 Its codNBSymb C-4: its codNB2Symb 4:
Found 3:4:2:1:
Found 4:1:
Found 4:
Found C[6]-3:C-4:O-2:H-1:
Found C-4:H-1:
Found C-4:
Found C(C[6]CC)(CHHN)(OH)(H)
Found O(CCCH)(H)
COD finds the exact value 109
the sigma value 1.16
Target angle value : 109
Angle between C4(center) and C5 and H4
Atom1 C4 Its Cod class C(C[6]CC)(CHHN)(OH)(H) and Hashing 673
 Its codNBSymb C[6]-3:C-4:O-2:H-1: its codNB2Symb 3:4:2:1:
Atom2 C5 Its Cod class C(CCHO)(NCH)(H)2 and Hashing 673
 Its codNBSymb C-4:N-3:H-1:H-1: its codNB2Symb 4:3:1:1:
Atom3 H4 Its Cod class H(CCCO) and Hashing 887
 Its codNBSymb C-4: its codNB2Symb 4:
Found 3:4:2:1:
Found 4:3:1:1:
Found 4:
Found C[6]-3:C-4:O-2:H-1:
Found C-4:N-3:H-1:H-1:
Found C-4:
Found C(C[6]CC)(CHHN)(OH)(H)
Found C(CCHO)(NCH)(H)2
COD finds the exact value 108
the sigma value 0.849
Target angle value : 108
Angle between O1(center) and C4 and H5
Atom1 O1 Its Cod class O(CCCH)(H) and Hashing 111
 Its codNBSymb C-4:H-1: its codNB2Symb 4:1:
Atom2 C4 Its Cod class C(C[6]CC)(CHHN)(OH)(H) and Hashing 673
 Its codNBSymb C[6]-3:C-4:O-2:H-1: its codNB2Symb 3:4:2:1:
Atom3 H5 Its Cod class H(OC) and Hashing 887
 Its codNBSymb O-2: its codNB2Symb 2:
Found 4:1:
Found 3:4:2:1:
Found 2:
Found C-4:H-1:
Found C[6]-3:C-4:O-2:H-1:
Found O-2:
Found O(CCCH)(H)
Found C(C[6]CC)(CHHN)(OH)(H)
COD finds the exact value 108
the sigma value 2.6
Target angle value : 108
Angle between C3(center) and C2 and C4
Atom1 C3 Its Cod class C[6](C[6]CH)(C[6]CO)(CCHO) and Hashing 29
 Its codNBSymb C[6]-3:C[6]-3:C-4: its codNB2Symb 3:3:4:
Atom2 C2 Its Cod class C[6](C[6]CC)(C[6]CO)(H) and Hashing 29
 Its codNBSymb C[6]-3:C[6]-3:H-1: its codNB2Symb 3:3:1:
Atom3 C4 Its Cod class C(C[6]CC)(CHHN)(OH)(H) and Hashing 673
 Its codNBSymb C[6]-3:C-4:O-2:H-1: its codNB2Symb 3:4:2:1:
Found 3:3:4:
Found 3:3:1:
Found 3:4:2:1:
Found C[6]-3:C[6]-3:C-4:
Found C[6]-3:C[6]-3:H-1:
Found C[6]-3:C-4:O-2:H-1:
not Found C[6](C[6]CH)(C[6]CO)(CCHO) iFind7 
Target angle value : 121
Angle between C3(center) and C2 and C8
Atom1 C3 Its Cod class C[6](C[6]CH)(C[6]CO)(CCHO) and Hashing 29
 Its codNBSymb C[6]-3:C[6]-3:C-4: its codNB2Symb 3:3:4:
Atom2 C2 Its Cod class C[6](C[6]CC)(C[6]CO)(H) and Hashing 29
 Its codNBSymb C[6]-3:C[6]-3:H-1: its codNB2Symb 3:3:1:
Atom3 C8 Its Cod class C[6](C[6]CC)(C[6]CH)(OC) and Hashing 29
 Its codNBSymb C[6]-3:C[6]-3:O-2: its codNB2Symb 3:3:2:
Found 3:3:4:
Found 3:3:1:
Found 3:3:2:
Found C[6]-3:C[6]-3:C-4:
Found C[6]-3:C[6]-3:H-1:
Found C[6]-3:C[6]-3:O-2:
Found C[6](C[6]CH)(C[6]CO)(CCHO)
not Found C[6](C[6]CC)(C[6]CO)(H) iFind8 
Target angle value : 118
Angle between C3(center) and C4 and C8
Atom1 C3 Its Cod class C[6](C[6]CH)(C[6]CO)(CCHO) and Hashing 29
 Its codNBSymb C[6]-3:C[6]-3:C-4: its codNB2Symb 3:3:4:
Atom2 C8 Its Cod class C[6](C[6]CC)(C[6]CH)(OC) and Hashing 29
 Its codNBSymb C[6]-3:C[6]-3:O-2: its codNB2Symb 3:3:2:
Atom3 C4 Its Cod class C(C[6]CC)(CHHN)(OH)(H) and Hashing 673
 Its codNBSymb C[6]-3:C-4:O-2:H-1: its codNB2Symb 3:4:2:1:
Found 3:3:4:
Found 3:3:2:
Found 3:4:2:1:
Found C[6]-3:C[6]-3:C-4:
Found C[6]-3:C[6]-3:O-2:
not Found C[6]-3:C-4:O-2:H-1: iFind6 
Target angle value : 120
Angle between C2(center) and C1 and C3
Atom1 C2 Its Cod class C[6](C[6]CC)(C[6]CO)(H) and Hashing 29
 Its codNBSymb C[6]-3:C[6]-3:H-1: its codNB2Symb 3:3:1:
Atom2 C1 Its Cod class C[6](C[6]CH)2(OC) and Hashing 29
 Its codNBSymb C[6]-3:C[6]-3:O-2: its codNB2Symb 3:3:2:
Atom3 C3 Its Cod class C[6](C[6]CH)(C[6]CO)(CCHO) and Hashing 29
 Its codNBSymb C[6]-3:C[6]-3:C-4: its codNB2Symb 3:3:4:
Found 3:3:1:
Found 3:3:2:
Found 3:3:4:
Found C[6]-3:C[6]-3:H-1:
Found C[6]-3:C[6]-3:O-2:
Found C[6]-3:C[6]-3:C-4:
Found C[6](C[6]CC)(C[6]CO)(H)
Found C[6](C[6]CH)2(OC)
Target angle value : 121
Angle between C2(center) and C1 and H3
Atom1 C2 Its Cod class C[6](C[6]CC)(C[6]CO)(H) and Hashing 29
 Its codNBSymb C[6]-3:C[6]-3:H-1: its codNB2Symb 3:3:1:
Atom2 C1 Its Cod class C[6](C[6]CH)2(OC) and Hashing 29
 Its codNBSymb C[6]-3:C[6]-3:O-2: its codNB2Symb 3:3:2:
Atom3 H3 Its Cod class H(C[6]CC) and Hashing 887
 Its codNBSymb C[6]-3: its codNB2Symb 3:
Found 3:3:1:
Found 3:3:2:
Found 3:
Found C[6]-3:C[6]-3:H-1:
Found C[6]-3:C[6]-3:O-2:
Found C[6]-3:
Found C[6](C[6]CC)(C[6]CO)(H)
Found C[6](C[6]CH)2(OC)
COD finds the exact value 120
the sigma value 0.688
Target angle value : 120
Angle between C2(center) and C3 and H3
Atom1 C2 Its Cod class C[6](C[6]CC)(C[6]CO)(H) and Hashing 29
 Its codNBSymb C[6]-3:C[6]-3:H-1: its codNB2Symb 3:3:1:
Atom2 C3 Its Cod class C[6](C[6]CH)(C[6]CO)(CCHO) and Hashing 29
 Its codNBSymb C[6]-3:C[6]-3:C-4: its codNB2Symb 3:3:4:
Atom3 H3 Its Cod class H(C[6]CC) and Hashing 887
 Its codNBSymb C[6]-3: its codNB2Symb 3:
Found 3:3:1:
Found 3:3:4:
Found 3:
Found C[6]-3:C[6]-3:H-1:
Found C[6]-3:C[6]-3:C-4:
Found C[6]-3:
Found C[6](C[6]CC)(C[6]CO)(H)
not Found C[6](C[6]CH)(C[6]CO)(CCHO) iFind8 
Target angle value : 119
Angle between C8(center) and C3 and O3
Atom1 C8 Its Cod class C[6](C[6]CC)(C[6]CH)(OC) and Hashing 29
 Its codNBSymb C[6]-3:C[6]-3:O-2: its codNB2Symb 3:3:2:
Atom2 C3 Its Cod class C[6](C[6]CH)(C[6]CO)(CCHO) and Hashing 29
 Its codNBSymb C[6]-3:C[6]-3:C-4: its codNB2Symb 3:3:4:
Atom3 O3 Its Cod class O(C[6]CC)(CH3) and Hashing 111
 Its codNBSymb C[6]-3:C-4: its codNB2Symb 3:4:
Found 3:3:2:
Found 3:3:4:
Found 3:4:
Found C[6]-3:C[6]-3:O-2:
Found C[6]-3:C[6]-3:C-4:
Found C[6]-3:C-4:
Found C[6](C[6]CC)(C[6]CH)(OC)
not Found C[6](C[6]CH)(C[6]CO)(CCHO) iFind8 
Target angle value : 118
Angle between C8(center) and C3 and C10
Atom1 C8 Its Cod class C[6](C[6]CC)(C[6]CH)(OC) and Hashing 29
 Its codNBSymb C[6]-3:C[6]-3:O-2: its codNB2Symb 3:3:2:
Atom2 C10 Its Cod class C[6](C[6]CH)(C[6]CO)(H) and Hashing 29
 Its codNBSymb C[6]-3:C[6]-3:H-1: its codNB2Symb 3:3:1:
Atom3 C3 Its Cod class C[6](C[6]CH)(C[6]CO)(CCHO) and Hashing 29
 Its codNBSymb C[6]-3:C[6]-3:C-4: its codNB2Symb 3:3:4:
Found 3:3:2:
Found 3:3:1:
Found 3:3:4:
Found C[6]-3:C[6]-3:O-2:
Found C[6]-3:C[6]-3:H-1:
Found C[6]-3:C[6]-3:C-4:
Found C[6](C[6]CC)(C[6]CH)(OC)
Found C[6](C[6]CH)(C[6]CO)(H)
Target angle value : 121
Angle between C8(center) and O3 and C10
Atom1 C8 Its Cod class C[6](C[6]CC)(C[6]CH)(OC) and Hashing 29
 Its codNBSymb C[6]-3:C[6]-3:O-2: its codNB2Symb 3:3:2:
Atom2 C10 Its Cod class C[6](C[6]CH)(C[6]CO)(H) and Hashing 29
 Its codNBSymb C[6]-3:C[6]-3:H-1: its codNB2Symb 3:3:1:
Atom3 O3 Its Cod class O(C[6]CC)(CH3) and Hashing 111
 Its codNBSymb C[6]-3:C-4: its codNB2Symb 3:4:
Found 3:3:2:
Found 3:3:1:
Found 3:4:
Found C[6]-3:C[6]-3:O-2:
Found C[6]-3:C[6]-3:H-1:
Found C[6]-3:C-4:
Found C[6](C[6]CC)(C[6]CH)(OC)
Found C[6](C[6]CH)(C[6]CO)(H)
COD finds the exact value 124
the sigma value 1.04
Target angle value : 124
Angle between O3(center) and C8 and C9
Atom1 O3 Its Cod class O(C[6]CC)(CH3) and Hashing 111
 Its codNBSymb C[6]-3:C-4: its codNB2Symb 3:4:
Atom2 C8 Its Cod class C[6](C[6]CC)(C[6]CH)(OC) and Hashing 29
 Its codNBSymb C[6]-3:C[6]-3:O-2: its codNB2Symb 3:3:2:
Atom3 C9 Its Cod class C(OC)(H)3 and Hashing 673
 Its codNBSymb O-2:H-1:H-1:H-1: its codNB2Symb 2:1:1:1:
Found 3:4:
Found 3:3:2:
Found 2:1:1:1:
Found C[6]-3:C-4:
Found C[6]-3:C[6]-3:O-2:
Found O-2:H-1:H-1:H-1:
Found O(C[6]CC)(CH3)
Found C[6](C[6]CC)(C[6]CH)(OC)
COD finds the exact value 118
the sigma value 1.22
Target angle value : 118
Angle between C9(center) and O3 and H13
Atom1 C9 Its Cod class C(OC)(H)3 and Hashing 673
 Its codNBSymb O-2:H-1:H-1:H-1: its codNB2Symb 2:1:1:1:
Atom2 O3 Its Cod class O(C[6]CC)(CH3) and Hashing 111
 Its codNBSymb C[6]-3:C-4: its codNB2Symb 3:4:
Atom3 H13 Its Cod class H(CHHO) and Hashing 887
 Its codNBSymb C-4: its codNB2Symb 4:
Found 2:1:1:1:
Found 3:4:
Found 4:
Found O-2:H-1:H-1:H-1:
Found C[6]-3:C-4:
Found C-4:
Found C(OC)(H)3
Found O(C[6]CC)(CH3)
COD finds the exact value 109
the sigma value 1.47
Target angle value : 109
Angle between C9(center) and O3 and H14
Atom1 C9 Its Cod class C(OC)(H)3 and Hashing 673
 Its codNBSymb O-2:H-1:H-1:H-1: its codNB2Symb 2:1:1:1:
Atom2 O3 Its Cod class O(C[6]CC)(CH3) and Hashing 111
 Its codNBSymb C[6]-3:C-4: its codNB2Symb 3:4:
Atom3 H14 Its Cod class H(CHHO) and Hashing 887
 Its codNBSymb C-4: its codNB2Symb 4:
Found 2:1:1:1:
Found 3:4:
Found 4:
Found O-2:H-1:H-1:H-1:
Found C[6]-3:C-4:
Found C-4:
Found C(OC)(H)3
Found O(C[6]CC)(CH3)
COD finds the exact value 109
the sigma value 1.47
Target angle value : 109
Angle between C9(center) and O3 and H15
Atom1 C9 Its Cod class C(OC)(H)3 and Hashing 673
 Its codNBSymb O-2:H-1:H-1:H-1: its codNB2Symb 2:1:1:1:
Atom2 O3 Its Cod class O(C[6]CC)(CH3) and Hashing 111
 Its codNBSymb C[6]-3:C-4: its codNB2Symb 3:4:
Atom3 H15 Its Cod class H(CHHO) and Hashing 887
 Its codNBSymb C-4: its codNB2Symb 4:
Found 2:1:1:1:
Found 3:4:
Found 4:
Found O-2:H-1:H-1:H-1:
Found C[6]-3:C-4:
Found C-4:
Found C(OC)(H)3
Found O(C[6]CC)(CH3)
COD finds the exact value 109
the sigma value 1.47
Target angle value : 109
Angle between C9(center) and H13 and H14
Atom1 C9 Its Cod class C(OC)(H)3 and Hashing 673
 Its codNBSymb O-2:H-1:H-1:H-1: its codNB2Symb 2:1:1:1:
Atom2 H13 Its Cod class H(CHHO) and Hashing 887
 Its codNBSymb C-4: its codNB2Symb 4:
Atom3 H14 Its Cod class H(CHHO) and Hashing 887
 Its codNBSymb C-4: its codNB2Symb 4:
Found 2:1:1:1:
Found 4:
Found 4:
Found O-2:H-1:H-1:H-1:
Found C-4:
Found C-4:
Found C(OC)(H)3
Found H(CHHO)
COD finds the exact value 110
the sigma value 2.23
Target angle value : 110
Angle between C9(center) and H13 and H15
Atom1 C9 Its Cod class C(OC)(H)3 and Hashing 673
 Its codNBSymb O-2:H-1:H-1:H-1: its codNB2Symb 2:1:1:1:
Atom2 H13 Its Cod class H(CHHO) and Hashing 887
 Its codNBSymb C-4: its codNB2Symb 4:
Atom3 H15 Its Cod class H(CHHO) and Hashing 887
 Its codNBSymb C-4: its codNB2Symb 4:
Found 2:1:1:1:
Found 4:
Found 4:
Found O-2:H-1:H-1:H-1:
Found C-4:
Found C-4:
Found C(OC)(H)3
Found H(CHHO)
COD finds the exact value 110
the sigma value 2.23
Target angle value : 110
Angle between C9(center) and H14 and H15
Atom1 C9 Its Cod class C(OC)(H)3 and Hashing 673
 Its codNBSymb O-2:H-1:H-1:H-1: its codNB2Symb 2:1:1:1:
Atom2 H14 Its Cod class H(CHHO) and Hashing 887
 Its codNBSymb C-4: its codNB2Symb 4:
Atom3 H15 Its Cod class H(CHHO) and Hashing 887
 Its codNBSymb C-4: its codNB2Symb 4:
Found 2:1:1:1:
Found 4:
Found 4:
Found O-2:H-1:H-1:H-1:
Found C-4:
Found C-4:
Found C(OC)(H)3
Found H(CHHO)
COD finds the exact value 110
the sigma value 2.23
Target angle value : 110
Angle between C10(center) and C8 and C11
Atom1 C10 Its Cod class C[6](C[6]CH)(C[6]CO)(H) and Hashing 29
 Its codNBSymb C[6]-3:C[6]-3:H-1: its codNB2Symb 3:3:1:
Atom2 C11 Its Cod class C[6](C[6]CH)(C[6]CO)(H) and Hashing 29
 Its codNBSymb C[6]-3:C[6]-3:H-1: its codNB2Symb 3:3:1:
Atom3 C8 Its Cod class C[6](C[6]CC)(C[6]CH)(OC) and Hashing 29
 Its codNBSymb C[6]-3:C[6]-3:O-2: its codNB2Symb 3:3:2:
Found 3:3:1:
Found 3:3:1:
Found 3:3:2:
Found C[6]-3:C[6]-3:H-1:
Found C[6]-3:C[6]-3:H-1:
Found C[6]-3:C[6]-3:O-2:
Found C[6](C[6]CH)(C[6]CO)(H)
Found C[6](C[6]CH)(C[6]CO)(H)
COD finds the exact value 120
the sigma value 0.946
Target angle value : 120
Angle between C10(center) and C8 and H16
Atom1 C10 Its Cod class C[6](C[6]CH)(C[6]CO)(H) and Hashing 29
 Its codNBSymb C[6]-3:C[6]-3:H-1: its codNB2Symb 3:3:1:
Atom2 C8 Its Cod class C[6](C[6]CC)(C[6]CH)(OC) and Hashing 29
 Its codNBSymb C[6]-3:C[6]-3:O-2: its codNB2Symb 3:3:2:
Atom3 H16 Its Cod class H(C[6]CC) and Hashing 887
 Its codNBSymb C[6]-3: its codNB2Symb 3:
Found 3:3:1:
Found 3:3:2:
Found 3:
Found C[6]-3:C[6]-3:H-1:
Found C[6]-3:C[6]-3:O-2:
Found C[6]-3:
Found C[6](C[6]CH)(C[6]CO)(H)
Found C[6](C[6]CC)(C[6]CH)(OC)
COD finds the exact value 120
the sigma value 0.665
Target angle value : 120
Angle between C10(center) and C11 and H16
Atom1 C10 Its Cod class C[6](C[6]CH)(C[6]CO)(H) and Hashing 29
 Its codNBSymb C[6]-3:C[6]-3:H-1: its codNB2Symb 3:3:1:
Atom2 C11 Its Cod class C[6](C[6]CH)(C[6]CO)(H) and Hashing 29
 Its codNBSymb C[6]-3:C[6]-3:H-1: its codNB2Symb 3:3:1:
Atom3 H16 Its Cod class H(C[6]CC) and Hashing 887
 Its codNBSymb C[6]-3: its codNB2Symb 3:
Found 3:3:1:
Found 3:3:1:
Found 3:
Found C[6]-3:C[6]-3:H-1:
Found C[6]-3:C[6]-3:H-1:
Found C[6]-3:
Found C[6](C[6]CH)(C[6]CO)(H)
Found C[6](C[6]CH)(C[6]CO)(H)
COD finds the exact value 120
the sigma value 1.02
Target angle value : 120
Angle between C11(center) and C10 and C1
Atom1 C11 Its Cod class C[6](C[6]CH)(C[6]CO)(H) and Hashing 29
 Its codNBSymb C[6]-3:C[6]-3:H-1: its codNB2Symb 3:3:1:
Atom2 C1 Its Cod class C[6](C[6]CH)2(OC) and Hashing 29
 Its codNBSymb C[6]-3:C[6]-3:O-2: its codNB2Symb 3:3:2:
Atom3 C10 Its Cod class C[6](C[6]CH)(C[6]CO)(H) and Hashing 29
 Its codNBSymb C[6]-3:C[6]-3:H-1: its codNB2Symb 3:3:1:
Found 3:3:1:
Found 3:3:2:
Found 3:3:1:
Found C[6]-3:C[6]-3:H-1:
Found C[6]-3:C[6]-3:O-2:
Found C[6]-3:C[6]-3:H-1:
Found C[6](C[6]CH)(C[6]CO)(H)
Found C[6](C[6]CH)2(OC)
COD finds the exact value 120
the sigma value 1.15
Target angle value : 120
Angle between C11(center) and C10 and H17
Atom1 C11 Its Cod class C[6](C[6]CH)(C[6]CO)(H) and Hashing 29
 Its codNBSymb C[6]-3:C[6]-3:H-1: its codNB2Symb 3:3:1:
Atom2 C10 Its Cod class C[6](C[6]CH)(C[6]CO)(H) and Hashing 29
 Its codNBSymb C[6]-3:C[6]-3:H-1: its codNB2Symb 3:3:1:
Atom3 H17 Its Cod class H(C[6]CC) and Hashing 887
 Its codNBSymb C[6]-3: its codNB2Symb 3:
Found 3:3:1:
Found 3:3:1:
Found 3:
Found C[6]-3:C[6]-3:H-1:
Found C[6]-3:C[6]-3:H-1:
Found C[6]-3:
Found C[6](C[6]CH)(C[6]CO)(H)
Found C[6](C[6]CH)(C[6]CO)(H)
COD finds the exact value 120
the sigma value 1.02
Target angle value : 120
Angle between C11(center) and C1 and H17
Atom1 C11 Its Cod class C[6](C[6]CH)(C[6]CO)(H) and Hashing 29
 Its codNBSymb C[6]-3:C[6]-3:H-1: its codNB2Symb 3:3:1:
Atom2 C1 Its Cod class C[6](C[6]CH)2(OC) and Hashing 29
 Its codNBSymb C[6]-3:C[6]-3:O-2: its codNB2Symb 3:3:2:
Atom3 H17 Its Cod class H(C[6]CC) and Hashing 887
 Its codNBSymb C[6]-3: its codNB2Symb 3:
Found 3:3:1:
Found 3:3:2:
Found 3:
Found C[6]-3:C[6]-3:H-1:
Found C[6]-3:C[6]-3:O-2:
Found C[6]-3:
Found C[6](C[6]CH)(C[6]CO)(H)
Found C[6](C[6]CH)2(OC)
COD finds the exact value 120
the sigma value 0.736
Target angle value : 120
Angle between C1(center) and O and C2
Atom1 C1 Its Cod class C[6](C[6]CH)2(OC) and Hashing 29
 Its codNBSymb C[6]-3:C[6]-3:O-2: its codNB2Symb 3:3:2:
Atom2 C2 Its Cod class C[6](C[6]CC)(C[6]CO)(H) and Hashing 29
 Its codNBSymb C[6]-3:C[6]-3:H-1: its codNB2Symb 3:3:1:
Atom3 O Its Cod class O(C[6]CC)(CH3) and Hashing 111
 Its codNBSymb C[6]-3:C-4: its codNB2Symb 3:4:
Found 3:3:2:
Found 3:3:1:
Found 3:4:
Found C[6]-3:C[6]-3:O-2:
Found C[6]-3:C[6]-3:H-1:
Found C[6]-3:C-4:
Found C[6](C[6]CH)2(OC)
Found C[6](C[6]CC)(C[6]CO)(H)
COD finds the exact value 120
the sigma value 3
Target angle value : 120
Angle between C1(center) and O and C11
Atom1 C1 Its Cod class C[6](C[6]CH)2(OC) and Hashing 29
 Its codNBSymb C[6]-3:C[6]-3:O-2: its codNB2Symb 3:3:2:
Atom2 C11 Its Cod class C[6](C[6]CH)(C[6]CO)(H) and Hashing 29
 Its codNBSymb C[6]-3:C[6]-3:H-1: its codNB2Symb 3:3:1:
Atom3 O Its Cod class O(C[6]CC)(CH3) and Hashing 111
 Its codNBSymb C[6]-3:C-4: its codNB2Symb 3:4:
Found 3:3:2:
Found 3:3:1:
Found 3:4:
Found C[6]-3:C[6]-3:O-2:
Found C[6]-3:C[6]-3:H-1:
Found C[6]-3:C-4:
Found C[6](C[6]CH)2(OC)
Found C[6](C[6]CH)(C[6]CO)(H)
COD finds the exact value 120
the sigma value 3
Target angle value : 120
Angle between C1(center) and C2 and C11
Atom1 C1 Its Cod class C[6](C[6]CH)2(OC) and Hashing 29
 Its codNBSymb C[6]-3:C[6]-3:O-2: its codNB2Symb 3:3:2:
Atom2 C2 Its Cod class C[6](C[6]CC)(C[6]CO)(H) and Hashing 29
 Its codNBSymb C[6]-3:C[6]-3:H-1: its codNB2Symb 3:3:1:
Atom3 C11 Its Cod class C[6](C[6]CH)(C[6]CO)(H) and Hashing 29
 Its codNBSymb C[6]-3:C[6]-3:H-1: its codNB2Symb 3:3:1:
Found 3:3:2:
Found 3:3:1:
Found 3:3:1:
Found C[6]-3:C[6]-3:O-2:
Found C[6]-3:C[6]-3:H-1:
Found C[6]-3:C[6]-3:H-1:
Found C[6](C[6]CH)2(OC)
Found C[6](C[6]CC)(C[6]CO)(H)
Target angle value : 120
Angle between O(center) and C and C1
Atom1 O Its Cod class O(C[6]CC)(CH3) and Hashing 111
 Its codNBSymb C[6]-3:C-4: its codNB2Symb 3:4:
Atom2 C1 Its Cod class C[6](C[6]CH)2(OC) and Hashing 29
 Its codNBSymb C[6]-3:C[6]-3:O-2: its codNB2Symb 3:3:2:
Atom3 C Its Cod class C(OC)(H)3 and Hashing 673
 Its codNBSymb O-2:H-1:H-1:H-1: its codNB2Symb 2:1:1:1:
Found 3:4:
Found 3:3:2:
Found 2:1:1:1:
Found C[6]-3:C-4:
Found C[6]-3:C[6]-3:O-2:
Found O-2:H-1:H-1:H-1:
Found O(C[6]CC)(CH3)
Found C[6](C[6]CH)2(OC)
COD finds the exact value 118
the sigma value 1.2
Target angle value : 118
Angle between C(center) and O and H
Atom1 C Its Cod class C(OC)(H)3 and Hashing 673
 Its codNBSymb O-2:H-1:H-1:H-1: its codNB2Symb 2:1:1:1:
Atom2 O Its Cod class O(C[6]CC)(CH3) and Hashing 111
 Its codNBSymb C[6]-3:C-4: its codNB2Symb 3:4:
Atom3 H Its Cod class H(CHHO) and Hashing 887
 Its codNBSymb C-4: its codNB2Symb 4:
Found 2:1:1:1:
Found 3:4:
Found 4:
Found O-2:H-1:H-1:H-1:
Found C[6]-3:C-4:
Found C-4:
Found C(OC)(H)3
Found O(C[6]CC)(CH3)
COD finds the exact value 109
the sigma value 1.47
Target angle value : 109
Angle between C(center) and O and H1
Atom1 C Its Cod class C(OC)(H)3 and Hashing 673
 Its codNBSymb O-2:H-1:H-1:H-1: its codNB2Symb 2:1:1:1:
Atom2 O Its Cod class O(C[6]CC)(CH3) and Hashing 111
 Its codNBSymb C[6]-3:C-4: its codNB2Symb 3:4:
Atom3 H1 Its Cod class H(CHHO) and Hashing 887
 Its codNBSymb C-4: its codNB2Symb 4:
Found 2:1:1:1:
Found 3:4:
Found 4:
Found O-2:H-1:H-1:H-1:
Found C[6]-3:C-4:
Found C-4:
Found C(OC)(H)3
Found O(C[6]CC)(CH3)
COD finds the exact value 109
the sigma value 1.47
Target angle value : 109
Angle between C(center) and O and H2
Atom1 C Its Cod class C(OC)(H)3 and Hashing 673
 Its codNBSymb O-2:H-1:H-1:H-1: its codNB2Symb 2:1:1:1:
Atom2 O Its Cod class O(C[6]CC)(CH3) and Hashing 111
 Its codNBSymb C[6]-3:C-4: its codNB2Symb 3:4:
Atom3 H2 Its Cod class H(CHHO) and Hashing 887
 Its codNBSymb C-4: its codNB2Symb 4:
Found 2:1:1:1:
Found 3:4:
Found 4:
Found O-2:H-1:H-1:H-1:
Found C[6]-3:C-4:
Found C-4:
Found C(OC)(H)3
Found O(C[6]CC)(CH3)
COD finds the exact value 109
the sigma value 1.47
Target angle value : 109
Angle between C(center) and H and H1
Atom1 C Its Cod class C(OC)(H)3 and Hashing 673
 Its codNBSymb O-2:H-1:H-1:H-1: its codNB2Symb 2:1:1:1:
Atom2 H Its Cod class H(CHHO) and Hashing 887
 Its codNBSymb C-4: its codNB2Symb 4:
Atom3 H1 Its Cod class H(CHHO) and Hashing 887
 Its codNBSymb C-4: its codNB2Symb 4:
Found 2:1:1:1:
Found 4:
Found 4:
Found O-2:H-1:H-1:H-1:
Found C-4:
Found C-4:
Found C(OC)(H)3
Found H(CHHO)
COD finds the exact value 110
the sigma value 2.23
Target angle value : 110
Angle between C(center) and H and H2
Atom1 C Its Cod class C(OC)(H)3 and Hashing 673
 Its codNBSymb O-2:H-1:H-1:H-1: its codNB2Symb 2:1:1:1:
Atom2 H Its Cod class H(CHHO) and Hashing 887
 Its codNBSymb C-4: its codNB2Symb 4:
Atom3 H2 Its Cod class H(CHHO) and Hashing 887
 Its codNBSymb C-4: its codNB2Symb 4:
Found 2:1:1:1:
Found 4:
Found 4:
Found O-2:H-1:H-1:H-1:
Found C-4:
Found C-4:
Found C(OC)(H)3
Found H(CHHO)
COD finds the exact value 110
the sigma value 2.23
Target angle value : 110
Angle between C(center) and H1 and H2
Atom1 C Its Cod class C(OC)(H)3 and Hashing 673
 Its codNBSymb O-2:H-1:H-1:H-1: its codNB2Symb 2:1:1:1:
Atom2 H1 Its Cod class H(CHHO) and Hashing 887
 Its codNBSymb C-4: its codNB2Symb 4:
Atom3 H2 Its Cod class H(CHHO) and Hashing 887
 Its codNBSymb C-4: its codNB2Symb 4:
Found 2:1:1:1:
Found 4:
Found 4:
Found O-2:H-1:H-1:H-1:
Found C-4:
Found C-4:
Found C(OC)(H)3
Found H(CHHO)
COD finds the exact value 110
the sigma value 2.23
Target angle value : 110
There are 1 rings 
These are: 
Ring C10C11C1C2C3C8.
Ring size:  6
Atom C3
Atom C2
Atom C8
Atom C10
Atom C11
Atom C1
Finish searching angles 
=========END OF PROCESS INFORMATION
 ==========
