
============ PROCESS INFORMATION =============
||=====================Job description====================================||
You will get an output cif file for a list of dictionary restraints
based on the input MOL/SDF file
Your input MOL/SDF file : ./inMol/DB00211.mol
Your monomer name : UNL
The output dictionary file(cif) : DB00211_fromMol_TMP/DB00211_fromMol_cod.rst
||========================================================================||
The work mode is 13
NBDepth	1
inSdfName	./inMol/DB00211.mol
libMolTabDir	/Applications/ccp4-6.4.0/share/acedrg/tables
monoRootName	UNL
userOutName	DB00211_fromMol_TMP/DB00211_fromMol_cod.rst
211
Mrv0541 02231214312D

18 18  0  0  1  0            999 V2000
3.0791    0.3630    0.0000 O   0  0  0  0  0  0  0  0  0  0  0  0
2.3645   -0.8745    0.0000 O   0  0  0  0  0  0  0  0  0  0  0  0
5.2224   -2.5246    0.0000 O   0  0  0  0  0  0  0  0  0  0  0  0
5.9370    1.1880    0.0000 O   0  0  0  0  0  0  0  0  0  0  0  0
4.5080    1.1880    0.0000 N   0  0  0  0  0  0  0  0  0  0  0  0
5.9370    2.8381    0.0000 N   0  0  0  0  0  0  0  0  0  0  0  0
3.7935   -0.0495    0.0000 C   0  0  0  0  0  0  0  0  0  0  0  0
3.7935   -0.8745    0.0000 C   0  0  0  0  0  0  0  0  0  0  0  0
4.5080    0.3630    0.0000 C   0  0  0  0  0  0  0  0  0  0  0  0
3.0791   -1.2870    0.0000 C   0  0  0  0  0  0  0  0  0  0  0  0
4.5080   -1.2870    0.0000 C   0  0  0  0  0  0  0  0  0  0  0  0
4.5080   -2.1120    0.0000 C   0  0  0  0  0  0  0  0  0  0  0  0
3.0791   -2.1120    0.0000 C   0  0  0  0  0  0  0  0  0  0  0  0
3.7935   -2.5246    0.0000 C   0  0  0  0  0  0  0  0  0  0  0  0
5.2224    1.6005    0.0000 C   0  0  0  0  0  0  0  0  0  0  0  0
5.2224    2.4256    0.0000 C   0  0  0  0  0  0  0  0  0  0  0  0
1.6500   -1.2870    0.0000 C   0  0  0  0  0  0  0  0  0  0  0  0
5.2224   -3.3496    0.0000 C   0  0  0  0  0  0  0  0  0  0  0  0
1  7  1  0  0  0  0
aBond.seriNum 0
2 10  1  0  0  0  0
aBond.seriNum 1
2 17  1  0  0  0  0
aBond.seriNum 2
3 12  1  0  0  0  0
aBond.seriNum 3
3 18  1  0  0  0  0
aBond.seriNum 4
4 15  2  0  0  0  0
aBond.seriNum 5
5  9  1  0  0  0  0
aBond.seriNum 6
5 15  1  0  0  0  0
aBond.seriNum 7
6 16  1  0  0  0  0
aBond.seriNum 8
7  8  1  0  0  0  0
aBond.seriNum 9
7  9  1  0  0  0  0
aBond.seriNum 10
8 10  2  0  0  0  0
aBond.seriNum 11
8 11  1  0  0  0  0
aBond.seriNum 12
10 13  1  0  0  0  0
aBond.seriNum 13
11 12  2  0  0  0  0
aBond.seriNum 14
12 14  1  0  0  0  0
aBond.seriNum 15
13 14  2  0  0  0  0
aBond.seriNum 16
15 16  1  0  0  0  0
aBond.seriNum 17
M  END

The property key word in SDF file is 
For atom O1
Total bond order is 1
formal charge is 0
1 H atom should be added to bind atom O1
1 H atoms have been added to bind atom O1
For atom O2
Total bond order is 2
formal charge is 0
For atom O3
Total bond order is 2
formal charge is 0
For atom O4
Total bond order is 2
formal charge is 0
For atom N1
Total bond order is 2
formal charge is 0
1 H atom should be added to bind atom N1
1 H atoms have been added to bind atom N1
For atom N2
Total bond order is 1
formal charge is 0
2 H atom should be added to bind atom N2
2 H atoms have been added to bind atom N2
For atom C1
Total bond order is 3
formal charge is 0
1 H atom should be added to bind atom C1
1 H atoms have been added to bind atom C1
For atom C2
Total bond order is 4
formal charge is 0
For atom C3
Total bond order is 2
formal charge is 0
2 H atom should be added to bind atom C3
2 H atoms have been added to bind atom C3
For atom C4
Total bond order is 4
formal charge is 0
For atom C5
Total bond order is 3
formal charge is 0
1 H atom should be added to bind atom C5
1 H atoms have been added to bind atom C5
For atom C6
Total bond order is 4
formal charge is 0
For atom C7
Total bond order is 3
formal charge is 0
1 H atom should be added to bind atom C7
1 H atoms have been added to bind atom C7
For atom C8
Total bond order is 3
formal charge is 0
1 H atom should be added to bind atom C8
1 H atoms have been added to bind atom C8
For atom C9
Total bond order is 4
formal charge is 0
For atom C10
Total bond order is 2
formal charge is 0
2 H atom should be added to bind atom C10
2 H atoms have been added to bind atom C10
For atom C11
Total bond order is 1
formal charge is 0
3 H atom should be added to bind atom C11
3 H atoms have been added to bind atom C11
For atom C12
Total bond order is 1
formal charge is 0
3 H atom should be added to bind atom C12
3 H atoms have been added to bind atom C12
set H atom H1 coords 
Tor is 180
atom1 C2 atom2 C1 atom3 O1 H atom added H1
check distance: 0.95
check angle: 120
set H atom H2 coords 
Tor is 180
atom1 C1 atom2 C3 atom3 N1 H atom added H2
check distance: 0.95
check angle: 120
Tor is 120
atom1 C9 atom2 C10 atom3 N2 H atom added H3
check distance 0.95
check angle: 109.5
Tor is 240
atom1 C9 atom2 C10 atom3 N2 H atom added H4
check distance 0.95
check angle: 109.5
Tor is 120
atom1 C4 atom2 C2 atom3 C1 H atom added H5
check distance 0.95
check angle: 109.5
Tor is 120
atom1 C9 atom2 N1 atom3 C3 H atom added H6
check distance 0.95
check angle: 109.5
Tor is -120
atom1 C9 atom2 N1 atom3 C3 H atom added H7
check distance 0.95
check angle: 109.5
set H atom H8 coords 
Tor is 180
atom1 C1 atom2 C2 atom3 C5 H atom added H8
check distance: 0.95
check angle: 120
set H atom H9 coords 
Tor is 180
atom1 O2 atom2 C4 atom3 C7 H atom added H9
check distance: 0.95
check angle: 120
set H atom H10 coords 
Tor is 180
atom1 O3 atom2 C6 atom3 C8 H atom added H10
check distance: 0.95
check angle: 120
Tor is 120
atom1 O4 atom2 C9 atom3 C10 H atom added H11
check distance 0.95
check angle: 109.5
Tor is -120
atom1 O4 atom2 C9 atom3 C10 H atom added H12
check distance 0.95
check angle: 109.5
Tor is 120
atom1 C4 atom2 O2 atom3 C11 H atom added H13
check distance 0.95
check angle: 109.5
Tor is 240
atom1 C4 atom2 O2 atom3 C11 H atom added H14
check distance 0.95
check angle: 109.5
Tor is -5.68434e-14
atom1 C4 atom2 O2 atom3 C11 H atom added H15
check distance 0.95
check angle: 109.5
Tor is 120
atom1 C6 atom2 O3 atom3 C12 H atom added H16
check distance 0.95
check angle: 109.5
Tor is 240
atom1 C6 atom2 O3 atom3 C12 H atom added H17
check distance 0.95
check angle: 109.5
Tor is 1.42109e-14
atom1 C6 atom2 O3 atom3 C12 H atom added H18
check distance 0.95
check angle: 109.5
There are 1 molecule(s) in the SDF file 
For Molecule No. 1 : 
Its header information is 
211
Mrv0541 02231214312D

The molecule has 36 atoms, including 18 newly added H atoms. 
These atoms are : 
atom 1	O id : O1	 charge 0
Coordinates : 3.0791	0.363	0
It connects to the following atoms: 
Atom C1
Atom H1
It bonds to 1H atoms 
Its is in 0 chirals 
atom 2	O id : O2	 charge 0
Coordinates : 2.3645	-0.8745	0
It connects to the following atoms: 
Atom C4
Atom C11
Its is in 0 chirals 
atom 3	O id : O3	 charge 0
Coordinates : 5.2224	-2.5246	0
It connects to the following atoms: 
Atom C6
Atom C12
Its is in 0 chirals 
atom 4	O id : O4	 charge 0
Coordinates : 5.937	1.188	0
It connects to the following atoms: 
Atom C9
Its is in 0 chirals 
atom 5	N id : N1	 charge 0
Coordinates : 4.508	1.188	0
It connects to the following atoms: 
Atom C3
Atom C9
Atom H2
It bonds to 1H atoms 
Its is in 0 chirals 
atom 6	N id : N2	 charge 0
Coordinates : 5.937	2.8381	0
It connects to the following atoms: 
Atom C10
Atom H3
Atom H4
It bonds to 2H atoms 
Its is in 0 chirals 
atom 7	C id : C1	 charge 0
Coordinates : 3.7935	-0.0495	0
It connects to the following atoms: 
Atom O1
Atom C2
Atom C3
Atom H5
It bonds to 1H atoms 
Its is in 1 chirals 
For chiral center 0
Its mutational table is 
atom 8	C id : C2	 charge 0
Coordinates : 3.7935	-0.8745	0
It connects to the following atoms: 
Atom C1
Atom C4
Atom C5
Its is in 0 chirals 
atom 9	C id : C3	 charge 0
Coordinates : 4.508	0.363	0
It connects to the following atoms: 
Atom N1
Atom C1
Atom H6
Atom H7
It bonds to 2H atoms 
Its is in 0 chirals 
atom 10	C id : C4	 charge 0
Coordinates : 3.0791	-1.287	0
It connects to the following atoms: 
Atom O2
Atom C2
Atom C7
Its is in 0 chirals 
atom 11	C id : C5	 charge 0
Coordinates : 4.508	-1.287	0
It connects to the following atoms: 
Atom C2
Atom C6
Atom H8
It bonds to 1H atoms 
Its is in 0 chirals 
atom 12	C id : C6	 charge 0
Coordinates : 4.508	-2.112	0
It connects to the following atoms: 
Atom O3
Atom C5
Atom C8
Its is in 0 chirals 
atom 13	C id : C7	 charge 0
Coordinates : 3.0791	-2.112	0
It connects to the following atoms: 
Atom C4
Atom C8
Atom H9
It bonds to 1H atoms 
Its is in 0 chirals 
atom 14	C id : C8	 charge 0
Coordinates : 3.7935	-2.5246	0
It connects to the following atoms: 
Atom C6
Atom C7
Atom H10
It bonds to 1H atoms 
Its is in 0 chirals 
atom 15	C id : C9	 charge 0
Coordinates : 5.2224	1.6005	0
It connects to the following atoms: 
Atom O4
Atom N1
Atom C10
Its is in 0 chirals 
atom 16	C id : C10	 charge 0
Coordinates : 5.2224	2.4256	0
It connects to the following atoms: 
Atom N2
Atom C9
Atom H11
Atom H12
It bonds to 2H atoms 
Its is in 0 chirals 
atom 17	C id : C11	 charge 0
Coordinates : 1.65	-1.287	0
It connects to the following atoms: 
Atom O2
Atom H13
Atom H14
Atom H15
It bonds to 3H atoms 
Its is in 0 chirals 
atom 18	C id : C12	 charge 0
Coordinates : 5.2224	-3.3496	0
It connects to the following atoms: 
Atom O3
Atom H16
Atom H17
Atom H18
It bonds to 3H atoms 
Its is in 0 chirals 
atom 19	H id : H1	 charge 0
Coordinates : 3.07914	1.313	0
It connects to the following atoms: 
Atom O1
Its is in 0 chirals 
atom 20	H id : H2	 charge 0
Coordinates : 5.33072	1.663	0
It connects to the following atoms: 
Atom N1
Its is in 0 chirals 
atom 21	H id : H3	 charge 0
Coordinates : 5.9878	3.38442	-0.775534
It connects to the following atoms: 
Atom N2
Its is in 0 chirals 
atom 22	H id : H4	 charge 0
Coordinates : 5.9878	3.38442	0.775534
It connects to the following atoms: 
Atom N2
Its is in 0 chirals 
atom 23	H id : H5	 charge 0
Coordinates : 4.24125	0.267617	0.775534
It connects to the following atoms: 
Atom C1
Its is in 0 chirals 
atom 24	H id : H6	 charge 0
Coordinates : 4.06025	0.0458835	0.775534
It connects to the following atoms: 
Atom C3
Its is in 0 chirals 
atom 25	H id : H7	 charge 0
Coordinates : 4.06025	0.0458835	-0.775534
It connects to the following atoms: 
Atom C3
Its is in 0 chirals 
atom 26	H id : H8	 charge 0
Coordinates : 4.50802	-2.237	0
It connects to the following atoms: 
Atom C5
Its is in 0 chirals 
atom 27	H id : H9	 charge 0
Coordinates : 3.90182	-2.587	0
It connects to the following atoms: 
Atom C7
Its is in 0 chirals 
atom 28	H id : H10	 charge 0
Coordinates : 2.97073	-2.04967	0
It connects to the following atoms: 
Atom C8
Its is in 0 chirals 
atom 29	H id : H11	 charge 0
Coordinates : 4.77465	2.74272	-0.775534
It connects to the following atoms: 
Atom C10
Its is in 0 chirals 
atom 30	H id : H12	 charge 0
Coordinates : 4.77465	2.74272	0.775534
It connects to the following atoms: 
Atom C10
Its is in 0 chirals 
atom 31	H id : H13	 charge 0
Coordinates : 1.1515	-1.05778	0.775534
It connects to the following atoms: 
Atom C11
Its is in 0 chirals 
atom 32	H id : H14	 charge 0
Coordinates : 1.1515	-1.05778	-0.775534
It connects to the following atoms: 
Atom C11
Its is in 0 chirals 
atom 33	H id : H15	 charge 0
Coordinates : 1.82311	-2.2211	0
It connects to the following atoms: 
Atom C11
Its is in 0 chirals 
atom 34	H id : H16	 charge 0
Coordinates : 5.67015	-3.66672	-0.775534
It connects to the following atoms: 
Atom C12
Its is in 0 chirals 
atom 35	H id : H17	 charge 0
Coordinates : 5.67015	-3.66672	0.775534
It connects to the following atoms: 
Atom C12
Its is in 0 chirals 
atom 36	H id : H18	 charge 0
Coordinates : 4.32689	-3.66672	0
It connects to the following atoms: 
Atom C12
Its is in 0 chirals 
There are 36 bonds in the molecule and they are :
bond 1
 between atom 1 and atom 7 of order single
bond 2
 between atom 2 and atom 10 of order single
bond 3
 between atom 2 and atom 17 of order single
bond 4
 between atom 3 and atom 12 of order single
bond 5
 between atom 3 and atom 18 of order single
bond 6
 between atom 4 and atom 15 of order double
bond 7
 between atom 5 and atom 9 of order single
bond 8
 between atom 5 and atom 15 of order single
bond 9
 between atom 6 and atom 16 of order single
bond 10
 between atom 7 and atom 8 of order single
bond 11
 between atom 7 and atom 9 of order single
bond 12
 between atom 8 and atom 10 of order double
bond 13
 between atom 8 and atom 11 of order single
bond 14
 between atom 10 and atom 13 of order single
bond 15
 between atom 11 and atom 12 of order double
bond 16
 between atom 12 and atom 14 of order single
bond 17
 between atom 13 and atom 14 of order double
bond 18
 between atom 15 and atom 16 of order single
bond 19
 between atom 1 and atom 19 of order single
bond 20
 between atom 5 and atom 20 of order single
bond 21
 between atom 6 and atom 21 of order single
bond 22
 between atom 6 and atom 22 of order single
bond 23
 between atom 7 and atom 23 of order single
bond 24
 between atom 9 and atom 24 of order single
bond 25
 between atom 9 and atom 25 of order single
bond 26
 between atom 11 and atom 26 of order single
bond 27
 between atom 13 and atom 27 of order single
bond 28
 between atom 14 and atom 28 of order single
bond 29
 between atom 16 and atom 29 of order single
bond 30
 between atom 16 and atom 30 of order single
bond 31
 between atom 17 and atom 31 of order single
bond 32
 between atom 17 and atom 32 of order single
bond 33
 between atom 17 and atom 33 of order single
bond 34
 between atom 18 and atom 34 of order single
bond 35
 between atom 18 and atom 35 of order single
bond 36
 between atom 18 and atom 36 of order single
Atom ID: O1
Atom chemType: O
Atom chemType of COD classes: o
Atom ID: O2
Atom chemType: O
Atom chemType of COD classes: o
Atom ID: O3
Atom chemType: O
Atom chemType of COD classes: o
Atom ID: O4
Atom chemType: O
Atom chemType of COD classes: O
Atom ID: N1
Atom chemType: N
Atom chemType of COD classes: n
Atom ID: N2
Atom chemType: N
Atom chemType of COD classes: N
Atom ID: C1
Atom chemType: C
Atom chemType of COD classes: C
Atom ID: C2
Atom chemType: C
Atom chemType of COD classes: c
Atom ID: C3
Atom chemType: C
Atom chemType of COD classes: C
Atom ID: C4
Atom chemType: C
Atom chemType of COD classes: c
Atom ID: C5
Atom chemType: C
Atom chemType of COD classes: c
Atom ID: C6
Atom chemType: C
Atom chemType of COD classes: c
Atom ID: C7
Atom chemType: C
Atom chemType of COD classes: c
Atom ID: C8
Atom chemType: C
Atom chemType of COD classes: c
Atom ID: C9
Atom chemType: C
Atom chemType of COD classes: c
Atom ID: C10
Atom chemType: C
Atom chemType of COD classes: C
Atom ID: C11
Atom chemType: C
Atom chemType of COD classes: C
Atom ID: C12
Atom chemType: C
Atom chemType of COD classes: C
Atom ID: H1
Atom chemType: H
Atom chemType of COD classes: H
Atom ID: H2
Atom chemType: H
Atom chemType of COD classes: H
Atom ID: H3
Atom chemType: H
Atom chemType of COD classes: H
Atom ID: H4
Atom chemType: H
Atom chemType of COD classes: H
Atom ID: H5
Atom chemType: H
Atom chemType of COD classes: H
Atom ID: H6
Atom chemType: H
Atom chemType of COD classes: H
Atom ID: H7
Atom chemType: H
Atom chemType of COD classes: H
Atom ID: H8
Atom chemType: H
Atom chemType of COD classes: H
Atom ID: H9
Atom chemType: H
Atom chemType of COD classes: H
Atom ID: H10
Atom chemType: H
Atom chemType of COD classes: H
Atom ID: H11
Atom chemType: H
Atom chemType of COD classes: H
Atom ID: H12
Atom chemType: H
Atom chemType of COD classes: H
Atom ID: H13
Atom chemType: H
Atom chemType of COD classes: H
Atom ID: H14
Atom chemType: H
Atom chemType of COD classes: H
Atom ID: H15
Atom chemType: H
Atom chemType of COD classes: H
Atom ID: H16
Atom chemType: H
Atom chemType of COD classes: H
Atom ID: H17
Atom chemType: H
Atom chemType of COD classes: H
Atom ID: H18
Atom chemType: H
Atom chemType of COD classes: H
O atom  charge 0
connections 2
Atom Name O1 bonding index 2
Its element type O

 Its ccp4 type OH1
O atom  charge 0
connections 2
Atom Name O2 bonding index 2
Its element type O

 Its ccp4 type O2
O atom  charge 0
connections 2
Atom Name O3 bonding index 2
Its element type O

 Its ccp4 type O2
Atom Name O4 bonding index 0
Its element type O

 Its ccp4 type O
Atom Name N1 bonding index 2
Its element type N

 Its ccp4 type NH1
Atom Name N2 bonding index 3
Its element type N

 Its ccp4 type NT2
Atom Name C1 bonding index 3
Its element type C

 Its ccp4 type CH1
Atom Name C2 bonding index 2
Its element type C

 Its ccp4 type CR6
Atom Name C3 bonding index 3
Its element type C

 Its ccp4 type CH2
Atom Name C4 bonding index 2
Its element type C

 Its ccp4 type CR6
Atom Name C5 bonding index 2
Its element type C

 Its ccp4 type CR16
Atom Name C6 bonding index 2
Its element type C

 Its ccp4 type CR6
Atom Name C7 bonding index 2
Its element type C

 Its ccp4 type CR16
Atom Name C8 bonding index 2
Its element type C

 Its ccp4 type CR16
Atom Name C9 bonding index 2
Its element type C

 Its ccp4 type C
Atom Name C10 bonding index 3
Its element type C

 Its ccp4 type CH2
Atom Name C11 bonding index 3
Its element type C

 Its ccp4 type CH3
Atom Name C12 bonding index 3
Its element type C

 Its ccp4 type CH3
Atom O1 Its sp idx 2 CCP4 atom type is OH1
Atom O2 Its sp idx 2 CCP4 atom type is O2
Atom O3 Its sp idx 2 CCP4 atom type is O2
Atom O4 Its sp idx 0 CCP4 atom type is O
Atom N1 Its sp idx 2 CCP4 atom type is NH1
Atom N2 Its sp idx 3 CCP4 atom type is NT2
Atom C1 Its sp idx 3 CCP4 atom type is CH1
Atom C2 Its sp idx 2 CCP4 atom type is CR6
Atom C3 Its sp idx 3 CCP4 atom type is CH2
Atom C4 Its sp idx 2 CCP4 atom type is CR6
Atom C5 Its sp idx 2 CCP4 atom type is CR16
Atom C6 Its sp idx 2 CCP4 atom type is CR6
Atom C7 Its sp idx 2 CCP4 atom type is CR16
Atom C8 Its sp idx 2 CCP4 atom type is CR16
Atom C9 Its sp idx 2 CCP4 atom type is C
Atom C10 Its sp idx 3 CCP4 atom type is CH2
Atom C11 Its sp idx 3 CCP4 atom type is CH3
Atom C12 Its sp idx 3 CCP4 atom type is CH3
Atom H1 Its sp idx 0 CCP4 atom type is H
Atom H2 Its sp idx 0 CCP4 atom type is H
Atom H3 Its sp idx 0 CCP4 atom type is H
Atom H4 Its sp idx 0 CCP4 atom type is H
Atom H5 Its sp idx 0 CCP4 atom type is H
Atom H6 Its sp idx 0 CCP4 atom type is H
Atom H7 Its sp idx 0 CCP4 atom type is H
Atom H8 Its sp idx 0 CCP4 atom type is H
Atom H9 Its sp idx 0 CCP4 atom type is H
Atom H10 Its sp idx 0 CCP4 atom type is H
Atom H11 Its sp idx 0 CCP4 atom type is H
Atom H12 Its sp idx 0 CCP4 atom type is H
Atom H13 Its sp idx 0 CCP4 atom type is H
Atom H14 Its sp idx 0 CCP4 atom type is H
Atom H15 Its sp idx 0 CCP4 atom type is H
Atom H16 Its sp idx 0 CCP4 atom type is H
Atom H17 Its sp idx 0 CCP4 atom type is H
Atom H18 Its sp idx 0 CCP4 atom type is H
Set torsion angles around the bond of atom C1 and O1
Set torsion angles around the bond of atom C4 and O2
Set torsion angles around the bond of atom C11 and O2
Set torsion angles around the bond of atom C6 and O3
Set torsion angles around the bond of atom C12 and O3
Set torsion angles around the bond of atom C3 and N1
Set torsion angles around the bond of atom C9 and N1
Set torsion angles around the bond of atom C10 and N2
Set torsion angles around the bond of atom C1 and C2
Set torsion angles around the bond of atom C1 and C3
Set torsion angles around the bond of atom C2 and C5
Set torsion angles around the bond of atom C10 and C9
All torsions have been setup 
Torsion angle 0
Its atoms are : 
atom C5
atom C2
atom C4
atom C7
Torsion angle 1
Its atoms are : 
atom C5
atom C2
atom C4
atom O2
Torsion angle 2
Its atoms are : 
atom C1
atom C2
atom C4
atom C7
Torsion angle 3
Its atoms are : 
atom C1
atom C2
atom C4
atom O2
Torsion angle 4
Its atoms are : 
atom C2
atom C4
atom C7
atom C8
Torsion angle 5
Its atoms are : 
atom C2
atom C4
atom C7
atom H9
Torsion angle 6
Its atoms are : 
atom O2
atom C4
atom C7
atom C8
Torsion angle 7
Its atoms are : 
atom O2
atom C4
atom C7
atom H9
Torsion angle 8
Its atoms are : 
atom C4
atom C7
atom C8
atom C6
Torsion angle 9
Its atoms are : 
atom C4
atom C7
atom C8
atom H10
Torsion angle 10
Its atoms are : 
atom H9
atom C7
atom C8
atom C6
Torsion angle 11
Its atoms are : 
atom H9
atom C7
atom C8
atom H10
Torsion angle 12
Its atoms are : 
atom C5
atom C6
atom C8
atom C7
Torsion angle 13
Its atoms are : 
atom C5
atom C6
atom C8
atom H10
Torsion angle 14
Its atoms are : 
atom O3
atom C6
atom C8
atom C7
Torsion angle 15
Its atoms are : 
atom O3
atom C6
atom C8
atom H10
Torsion angle 16
Its atoms are : 
atom C2
atom C5
atom C6
atom C8
Torsion angle 17
Its atoms are : 
atom C2
atom C5
atom C6
atom O3
Torsion angle 18
Its atoms are : 
atom H8
atom C5
atom C6
atom C8
Torsion angle 19
Its atoms are : 
atom H8
atom C5
atom C6
atom O3
Torsion angle 20
Its atoms are : 
atom C2
atom C1
atom O1
atom H1
Torsion angle 21
Its atoms are : 
atom C3
atom C1
atom O1
atom H1
Torsion angle 22
Its atoms are : 
atom H5
atom C1
atom O1
atom H1
Torsion angle 23
Its atoms are : 
atom C2
atom C4
atom O2
atom C11
Torsion angle 24
Its atoms are : 
atom C7
atom C4
atom O2
atom C11
Torsion angle 25
Its atoms are : 
atom O2
atom C11
atom O2
atom C4
Torsion angle 26
Its atoms are : 
atom H13
atom C11
atom O2
atom C4
Torsion angle 27
Its atoms are : 
atom H14
atom C11
atom O2
atom C4
Torsion angle 28
Its atoms are : 
atom H15
atom C11
atom O2
atom C4
Torsion angle 29
Its atoms are : 
atom C5
atom C6
atom O3
atom C12
Torsion angle 30
Its atoms are : 
atom C8
atom C6
atom O3
atom C12
Torsion angle 31
Its atoms are : 
atom O3
atom C12
atom O3
atom C6
Torsion angle 32
Its atoms are : 
atom H16
atom C12
atom O3
atom C6
Torsion angle 33
Its atoms are : 
atom H17
atom C12
atom O3
atom C6
Torsion angle 34
Its atoms are : 
atom H18
atom C12
atom O3
atom C6
Torsion angle 35
Its atoms are : 
atom C9
atom N1
atom C3
atom H6
Torsion angle 36
Its atoms are : 
atom C9
atom N1
atom C3
atom C1
Torsion angle 37
Its atoms are : 
atom C9
atom N1
atom C3
atom H7
Torsion angle 38
Its atoms are : 
atom H2
atom N1
atom C3
atom H6
Torsion angle 39
Its atoms are : 
atom H2
atom N1
atom C3
atom C1
Torsion angle 40
Its atoms are : 
atom H2
atom N1
atom C3
atom H7
Torsion angle 41
Its atoms are : 
atom C10
atom C9
atom N1
atom C3
Torsion angle 42
Its atoms are : 
atom C10
atom C9
atom N1
atom H2
Torsion angle 43
Its atoms are : 
atom O4
atom C9
atom N1
atom C3
Torsion angle 44
Its atoms are : 
atom O4
atom C9
atom N1
atom H2
Torsion angle 45
Its atoms are : 
atom C9
atom C10
atom N2
atom H3
Torsion angle 46
Its atoms are : 
atom C9
atom C10
atom N2
atom H4
Torsion angle 47
Its atoms are : 
atom H11
atom C10
atom N2
atom H3
Torsion angle 48
Its atoms are : 
atom H11
atom C10
atom N2
atom H4
Torsion angle 49
Its atoms are : 
atom H12
atom C10
atom N2
atom H3
Torsion angle 50
Its atoms are : 
atom H12
atom C10
atom N2
atom H4
Torsion angle 51
Its atoms are : 
atom C4
atom C2
atom C1
atom O1
Torsion angle 52
Its atoms are : 
atom C4
atom C2
atom C1
atom C3
Torsion angle 53
Its atoms are : 
atom C4
atom C2
atom C1
atom H5
Torsion angle 54
Its atoms are : 
atom C5
atom C2
atom C1
atom O1
Torsion angle 55
Its atoms are : 
atom C5
atom C2
atom C1
atom C3
Torsion angle 56
Its atoms are : 
atom C5
atom C2
atom C1
atom H5
Torsion angle 57
Its atoms are : 
atom O1
atom C1
atom C3
atom N1
Torsion angle 58
Its atoms are : 
atom O1
atom C1
atom C3
atom H6
Torsion angle 59
Its atoms are : 
atom O1
atom C1
atom C3
atom H7
Torsion angle 60
Its atoms are : 
atom C2
atom C1
atom C3
atom N1
Torsion angle 61
Its atoms are : 
atom C2
atom C1
atom C3
atom H6
Torsion angle 62
Its atoms are : 
atom C2
atom C1
atom C3
atom H7
Torsion angle 63
Its atoms are : 
atom H5
atom C1
atom C3
atom N1
Torsion angle 64
Its atoms are : 
atom H5
atom C1
atom C3
atom H6
Torsion angle 65
Its atoms are : 
atom H5
atom C1
atom C3
atom H7
Torsion angle 66
Its atoms are : 
atom C4
atom C2
atom C5
atom C6
Torsion angle 67
Its atoms are : 
atom C4
atom C2
atom C5
atom H8
Torsion angle 68
Its atoms are : 
atom C1
atom C2
atom C5
atom C6
Torsion angle 69
Its atoms are : 
atom C1
atom C2
atom C5
atom H8
Torsion angle 70
Its atoms are : 
atom O4
atom C9
atom C10
atom H11
Torsion angle 71
Its atoms are : 
atom O4
atom C9
atom C10
atom N2
Torsion angle 72
Its atoms are : 
atom O4
atom C9
atom C10
atom H12
Torsion angle 73
Its atoms are : 
atom N1
atom C9
atom C10
atom H11
Torsion angle 74
Its atoms are : 
atom N1
atom C9
atom C10
atom N2
Torsion angle 75
Its atoms are : 
atom N1
atom C9
atom C10
atom H12
O atom  charge 0
connections 2
Atom Name O1 bonding index 2
Its element type O

 Its ccp4 type OH1
O atom  charge 0
connections 2
Atom Name O2 bonding index 2
Its element type O

 Its ccp4 type O2
O atom  charge 0
connections 2
Atom Name O3 bonding index 2
Its element type O

 Its ccp4 type O2
Atom Name O4 bonding index 0
Its element type O

 Its ccp4 type O
Atom Name N1 bonding index 2
Its element type N

 Its ccp4 type NH1
Atom Name N2 bonding index 3
Its element type N

 Its ccp4 type NT2
Atom Name C1 bonding index 3
Its element type C

 Its ccp4 type CH1
Atom Name C2 bonding index 2
Its element type C

 Its ccp4 type CR6
Atom Name C3 bonding index 3
Its element type C

 Its ccp4 type CH2
Atom Name C4 bonding index 2
Its element type C

 Its ccp4 type CR6
Atom Name C5 bonding index 2
Its element type C

 Its ccp4 type CR16
Atom Name C6 bonding index 2
Its element type C

 Its ccp4 type CR6
Atom Name C7 bonding index 2
Its element type C

 Its ccp4 type CR16
Atom Name C8 bonding index 2
Its element type C

 Its ccp4 type CR16
Atom Name C9 bonding index 2
Its element type C

 Its ccp4 type C
Atom Name C10 bonding index 3
Its element type C

 Its ccp4 type CH2
Atom Name C11 bonding index 3
Its element type C

 Its ccp4 type CH3
Atom Name C12 bonding index 3
Its element type C

 Its ccp4 type CH3
Atom O1 Its sp idx 2 CCP4 atom type is OH1
Atom O2 Its sp idx 2 CCP4 atom type is O2
Atom O3 Its sp idx 2 CCP4 atom type is O2
Atom O4 Its sp idx 0 CCP4 atom type is O
Atom N1 Its sp idx 2 CCP4 atom type is NH1
Atom N2 Its sp idx 3 CCP4 atom type is NT2
Atom C1 Its sp idx 3 CCP4 atom type is CH1
Atom C2 Its sp idx 2 CCP4 atom type is CR6
Atom C3 Its sp idx 3 CCP4 atom type is CH2
Atom C4 Its sp idx 2 CCP4 atom type is CR6
Atom C5 Its sp idx 2 CCP4 atom type is CR16
Atom C6 Its sp idx 2 CCP4 atom type is CR6
Atom C7 Its sp idx 2 CCP4 atom type is CR16
Atom C8 Its sp idx 2 CCP4 atom type is CR16
Atom C9 Its sp idx 2 CCP4 atom type is C
Atom C10 Its sp idx 3 CCP4 atom type is CH2
Atom C11 Its sp idx 3 CCP4 atom type is CH3
Atom C12 Its sp idx 3 CCP4 atom type is CH3
Atom H1 Its sp idx 0 CCP4 atom type is H
Atom H2 Its sp idx 0 CCP4 atom type is H
Atom H3 Its sp idx 0 CCP4 atom type is H
Atom H4 Its sp idx 0 CCP4 atom type is H
Atom H5 Its sp idx 0 CCP4 atom type is H
Atom H6 Its sp idx 0 CCP4 atom type is H
Atom H7 Its sp idx 0 CCP4 atom type is H
Atom H8 Its sp idx 0 CCP4 atom type is H
Atom H9 Its sp idx 0 CCP4 atom type is H
Atom H10 Its sp idx 0 CCP4 atom type is H
Atom H11 Its sp idx 0 CCP4 atom type is H
Atom H12 Its sp idx 0 CCP4 atom type is H
Atom H13 Its sp idx 0 CCP4 atom type is H
Atom H14 Its sp idx 0 CCP4 atom type is H
Atom H15 Its sp idx 0 CCP4 atom type is H
Atom H16 Its sp idx 0 CCP4 atom type is H
Atom H17 Its sp idx 0 CCP4 atom type is H
Atom H18 Its sp idx 0 CCP4 atom type is H

Atom 0 : 
Its ID : O1
Its Chemical Type : O
Its bonding index : 2
Its CCP4 atom type : OH1
Its residue Name: 
Its connected atoms are : 
C1
H1

Atom 1 : 
Its ID : O2
Its Chemical Type : O
Its bonding index : 2
Its CCP4 atom type : O2
Its residue Name: 
Its connected atoms are : 
C4
C11

Atom 2 : 
Its ID : O3
Its Chemical Type : O
Its bonding index : 2
Its CCP4 atom type : O2
Its residue Name: 
Its connected atoms are : 
C6
C12

Atom 3 : 
Its ID : O4
Its Chemical Type : O
Its bonding index : 0
Its CCP4 atom type : O
Its residue Name: 
Its connected atoms are : 
C9

Atom 4 : 
Its ID : N1
Its Chemical Type : N
Its bonding index : 2
Its CCP4 atom type : NH1
Its residue Name: 
Its connected atoms are : 
C3
C9
H2

Atom 5 : 
Its ID : N2
Its Chemical Type : N
Its bonding index : 3
Its CCP4 atom type : NT2
Its residue Name: 
Its connected atoms are : 
C10
H3
H4

Atom 6 : 
Its ID : C1
Its Chemical Type : C
Its bonding index : 3
Its CCP4 atom type : CH1
Its residue Name: 
Its connected atoms are : 
O1
C2
C3
H5

Atom 7 : 
Its ID : C2
Its Chemical Type : C
Its bonding index : 2
Its CCP4 atom type : CR6
Its residue Name: 
Its connected atoms are : 
C1
C4
C5

Atom 8 : 
Its ID : C3
Its Chemical Type : C
Its bonding index : 3
Its CCP4 atom type : CH2
Its residue Name: 
Its connected atoms are : 
N1
C1
H6
H7

Atom 9 : 
Its ID : C4
Its Chemical Type : C
Its bonding index : 2
Its CCP4 atom type : CR6
Its residue Name: 
Its connected atoms are : 
O2
C2
C7

Atom 10 : 
Its ID : C5
Its Chemical Type : C
Its bonding index : 2
Its CCP4 atom type : CR16
Its residue Name: 
Its connected atoms are : 
C2
C6
H8

Atom 11 : 
Its ID : C6
Its Chemical Type : C
Its bonding index : 2
Its CCP4 atom type : CR6
Its residue Name: 
Its connected atoms are : 
O3
C5
C8

Atom 12 : 
Its ID : C7
Its Chemical Type : C
Its bonding index : 2
Its CCP4 atom type : CR16
Its residue Name: 
Its connected atoms are : 
C4
C8
H9

Atom 13 : 
Its ID : C8
Its Chemical Type : C
Its bonding index : 2
Its CCP4 atom type : CR16
Its residue Name: 
Its connected atoms are : 
C6
C7
H10

Atom 14 : 
Its ID : C9
Its Chemical Type : C
Its bonding index : 2
Its CCP4 atom type : C
Its residue Name: 
Its connected atoms are : 
O4
N1
C10

Atom 15 : 
Its ID : C10
Its Chemical Type : C
Its bonding index : 3
Its CCP4 atom type : CH2
Its residue Name: 
Its connected atoms are : 
N2
C9
H11
H12

Atom 16 : 
Its ID : C11
Its Chemical Type : C
Its bonding index : 3
Its CCP4 atom type : CH3
Its residue Name: 
Its connected atoms are : 
O2
H13
H14
H15

Atom 17 : 
Its ID : C12
Its Chemical Type : C
Its bonding index : 3
Its CCP4 atom type : CH3
Its residue Name: 
Its connected atoms are : 
O3
H16
H17
H18

Atom 18 : 
Its ID : H1
Its Chemical Type : H
Its bonding index : 0
Its CCP4 atom type : H
Its residue Name: 
Its connected atoms are : 
O1

Atom 19 : 
Its ID : H2
Its Chemical Type : H
Its bonding index : 0
Its CCP4 atom type : H
Its residue Name: 
Its connected atoms are : 
N1

Atom 20 : 
Its ID : H3
Its Chemical Type : H
Its bonding index : 0
Its CCP4 atom type : H
Its residue Name: 
Its connected atoms are : 
N2

Atom 21 : 
Its ID : H4
Its Chemical Type : H
Its bonding index : 0
Its CCP4 atom type : H
Its residue Name: 
Its connected atoms are : 
N2

Atom 22 : 
Its ID : H5
Its Chemical Type : H
Its bonding index : 0
Its CCP4 atom type : H
Its residue Name: 
Its connected atoms are : 
C1

Atom 23 : 
Its ID : H6
Its Chemical Type : H
Its bonding index : 0
Its CCP4 atom type : H
Its residue Name: 
Its connected atoms are : 
C3

Atom 24 : 
Its ID : H7
Its Chemical Type : H
Its bonding index : 0
Its CCP4 atom type : H
Its residue Name: 
Its connected atoms are : 
C3

Atom 25 : 
Its ID : H8
Its Chemical Type : H
Its bonding index : 0
Its CCP4 atom type : H
Its residue Name: 
Its connected atoms are : 
C5

Atom 26 : 
Its ID : H9
Its Chemical Type : H
Its bonding index : 0
Its CCP4 atom type : H
Its residue Name: 
Its connected atoms are : 
C7

Atom 27 : 
Its ID : H10
Its Chemical Type : H
Its bonding index : 0
Its CCP4 atom type : H
Its residue Name: 
Its connected atoms are : 
C8

Atom 28 : 
Its ID : H11
Its Chemical Type : H
Its bonding index : 0
Its CCP4 atom type : H
Its residue Name: 
Its connected atoms are : 
C10

Atom 29 : 
Its ID : H12
Its Chemical Type : H
Its bonding index : 0
Its CCP4 atom type : H
Its residue Name: 
Its connected atoms are : 
C10

Atom 30 : 
Its ID : H13
Its Chemical Type : H
Its bonding index : 0
Its CCP4 atom type : H
Its residue Name: 
Its connected atoms are : 
C11

Atom 31 : 
Its ID : H14
Its Chemical Type : H
Its bonding index : 0
Its CCP4 atom type : H
Its residue Name: 
Its connected atoms are : 
C11

Atom 32 : 
Its ID : H15
Its Chemical Type : H
Its bonding index : 0
Its CCP4 atom type : H
Its residue Name: 
Its connected atoms are : 
C11

Atom 33 : 
Its ID : H16
Its Chemical Type : H
Its bonding index : 0
Its CCP4 atom type : H
Its residue Name: 
Its connected atoms are : 
C12

Atom 34 : 
Its ID : H17
Its Chemical Type : H
Its bonding index : 0
Its CCP4 atom type : H
Its residue Name: 
Its connected atoms are : 
C12

Atom 35 : 
Its ID : H18
Its Chemical Type : H
Its bonding index : 0
Its CCP4 atom type : H
Its residue Name: 
Its connected atoms are : 
C12

For atom O1
class is O(CCCH)(H)

For atom O2
class is O(C[6]CC)(CH3)

For atom O3
class is O(C[6]CC)(CH3)

For atom O4
class is O(CCN)

For atom N1
class is N(CCHH)(CCO)(H)

For atom N2
class is N(CCHH)(H)2

For atom C1
class is C(C[6]CC)(CHHN)(OH)(H)

For atom C2
class is C[6](C[6]CH)(C[6]CO)(CCHO)

For atom C3
class is C(CCHO)(NCH)(H)2

For atom C4
class is C[6](C[6]CC)(C[6]CH)(OC)

For atom C5
class is C[6](C[6]CC)(C[6]CO)(H)

For atom C6
class is C[6](C[6]CH)2(OC)

For atom C7
class is C[6](C[6]CH)(C[6]CO)(H)

For atom C8
class is C[6](C[6]CH)(C[6]CO)(H)

For atom C9
class is C(CHHN)(NCH)(O)

For atom C10
class is C(CNO)(NHH)(H)2

For atom C11
class is C(OC)(H)3

For atom C12
class is C(OC)(H)3

For atom H1
class is H(OC)

For atom H2
class is H(NCC)

For atom H3
class is H(NCH)

For atom H4
class is H(NCH)

For atom H5
class is H(CCCO)

For atom H6
class is H(CCHN)

For atom H7
class is H(CCHN)

For atom H8
class is H(C[6]CC)

For atom H9
class is H(C[6]CC)

For atom H10
class is H(C[6]CC)

For atom H11
class is H(CCHN)

For atom H12
class is H(CCHN)

For atom H13
class is H(CHHO)

For atom H14
class is H(CHHO)

For atom H15
class is H(CHHO)

For atom H16
class is H(CHHO)

For atom H17
class is H(CHHO)

For atom H18
class is H(CHHO)
libmol table should be /Applications/ccp4-6.4.0/share/acedrg/tables
Clustering COD org bonds started at Tue Oct  7 11:28:24 2014
Finish clustering COD org bonds 
finished at Tue Oct  7 11:28:27 2014
it takes 3 seconds to finish group COD bonds 
Group COD bonds involving metal elements 
Bond between O1 and C1
 search a org-related bond c 
for target bond of atoms O1 and C1
chemType : C COD classes : C(C[6]CC)(CHHN)(OH)(H)
chemType : O COD classes : O(CCCH)(H)
ha1 111 ha2 673
 a1NB2 4:1: a2NB2 3:4:2:1:
 a1NB C-4:H-1: a2NB C[6]-3:C-4:O-2:H-1:
 a1C O(CCCH)(H) a2C C(C[6]CC)(CHHN)(OH)(H)
atom 1 CH1  atom 2 OH1
Found all hashing codes
find 4:1:
 find 3:4:2:1:
 find C-4:H-1:
 find C[6]-3:C-4:O-2:H-1:
 find O(CCCH)(H)
Found exact matches of atom cod-classes 
The final target bond value is 1.41
Bond between O2 and C4
 search a org-related bond c 
for target bond of atoms O2 and C4
chemType : C COD classes : C[6](C[6]CC)(C[6]CH)(OC)
chemType : O COD classes : O(C[6]CC)(CH3)
ha1 29 ha2 111
 a1NB2 3:3:2: a2NB2 3:4:
 a1NB C[6]-3:C[6]-3:O-2: a2NB C[6]-3:C-4:
 a1C C[6](C[6]CC)(C[6]CH)(OC) a2C O(C[6]CC)(CH3)
atom 1 CR6  atom 2 O2
Found all hashing codes
find 3:3:2:
 find 3:4:
 find C[6]-3:C[6]-3:O-2:
 find C[6]-3:C-4:
 find C[6](C[6]CC)(C[6]CH)(OC)
Found exact matches of atom cod-classes 
The final target bond value is 1.37
Bond between O2 and C11
 search a org-related bond c 
for target bond of atoms O2 and C11
chemType : C COD classes : C(OC)(H)3
chemType : O COD classes : O(C[6]CC)(CH3)
ha1 111 ha2 673
 a1NB2 3:4: a2NB2 2:1:1:1:
 a1NB C[6]-3:C-4: a2NB O-2:H-1:H-1:H-1:
 a1C O(C[6]CC)(CH3) a2C C(OC)(H)3
atom 1 CH3  atom 2 O2
Found all hashing codes
find 3:4:
 find 2:1:1:1:
 find C[6]-3:C-4:
 find O-2:H-1:H-1:H-1:
 find O(C[6]CC)(CH3)
Found exact matches of atom cod-classes 
The final target bond value is 1.42
Bond between O3 and C6
 search a org-related bond c 
for target bond of atoms O3 and C6
chemType : C COD classes : C[6](C[6]CH)2(OC)
chemType : O COD classes : O(C[6]CC)(CH3)
ha1 29 ha2 111
 a1NB2 3:3:2: a2NB2 3:4:
 a1NB C[6]-3:C[6]-3:O-2: a2NB C[6]-3:C-4:
 a1C C[6](C[6]CH)2(OC) a2C O(C[6]CC)(CH3)
atom 1 CR6  atom 2 O2
Found all hashing codes
find 3:3:2:
 find 3:4:
 find C[6]-3:C[6]-3:O-2:
 find C[6]-3:C-4:
 find C[6](C[6]CH)2(OC)
Found exact matches of atom cod-classes 
The final target bond value is 1.37
Bond between O3 and C12
 search a org-related bond c 
for target bond of atoms O3 and C12
chemType : C COD classes : C(OC)(H)3
chemType : O COD classes : O(C[6]CC)(CH3)
ha1 111 ha2 673
 a1NB2 3:4: a2NB2 2:1:1:1:
 a1NB C[6]-3:C-4: a2NB O-2:H-1:H-1:H-1:
 a1C O(C[6]CC)(CH3) a2C C(OC)(H)3
atom 1 CH3  atom 2 O2
Found all hashing codes
find 3:4:
 find 2:1:1:1:
 find C[6]-3:C-4:
 find O-2:H-1:H-1:H-1:
 find O(C[6]CC)(CH3)
Found exact matches of atom cod-classes 
The final target bond value is 1.42
Bond between O4 and C9
 search a org-related bond c 
for target bond of atoms O4 and C9
chemType : C COD classes : C(CHHN)(NCH)(O)
chemType : O COD classes : O(CCN)
ha1 157 ha2 699
 a1NB2 3: a2NB2 4:3:1:
 a1NB C-3: a2NB C-4:N-3:O-1:
 a1C O(CCN) a2C C(CHHN)(NCH)(O)
atom 1 C  atom 2 O
Found all hashing codes
find 3:
 find 4:3:1:
 find C-3:
 find C-4:N-3:O-1:
 find O(CCN)
Found exact matches of atom cod-classes 
The final target bond value is 1.23
Bond between N1 and C3
 search a org-related bond c 
for target bond of atoms N1 and C3
chemType : C COD classes : C(CCHO)(NCH)(H)2
chemType : N COD classes : N(CCHH)(CCO)(H)
ha1 673 ha2 981
 a1NB2 4:3:1:1: a2NB2 4:3:1:
 a1NB C-4:N-3:H-1:H-1: a2NB C-4:C-3:H-1:
 a1C C(CCHO)(NCH)(H)2 a2C N(CCHH)(CCO)(H)
atom 1 CH2  atom 2 NH1
Found all hashing codes
find 4:3:1:1:
 find 4:3:1:
 find C-4:N-3:H-1:H-1:
 find C-4:C-3:H-1:
 find C(CCHO)(NCH)(H)2
Found exact matches of atom cod-classes 
The final target bond value is 1.45
Bond between N1 and C9
 search a org-related bond c 
for target bond of atoms N1 and C9
chemType : C COD classes : C(CHHN)(NCH)(O)
chemType : N COD classes : N(CCHH)(CCO)(H)
ha1 699 ha2 981
 a1NB2 4:3:1: a2NB2 4:3:1:
 a1NB C-4:N-3:O-1: a2NB C-4:C-3:H-1:
 a1C C(CHHN)(NCH)(O) a2C N(CCHH)(CCO)(H)
atom 1 C  atom 2 NH1
Found all hashing codes
find 4:3:1:
 find 4:3:1:
 find C-4:N-3:O-1:
 find C-4:C-3:H-1:
 find C(CHHN)(NCH)(O)
Found exact matches of atom cod-classes 
The final target bond value is 1.33
Bond between N2 and C10
 search a org-related bond c 
for target bond of atoms N2 and C10
chemType : C COD classes : C(CNO)(NHH)(H)2
chemType : N COD classes : N(CCHH)(H)2
ha1 673 ha2 981
 a1NB2 3:3:1:1: a2NB2 4:1:1:
 a1NB C-3:N-3:H-1:H-1: a2NB C-4:H-1:H-1:
 a1C C(CNO)(NHH)(H)2 a2C N(CCHH)(H)2
atom 1 CH2  atom 2 NT2
Found all hashing codes
find 3:3:1:1:
 find 4:1:1:
iFind 3 D
The final target bond value is 1.52
Bond between C1 and C2
 search a org-related bond c 
for target bond of atoms C1 and C2
chemType : C COD classes : C(C[6]CC)(CHHN)(OH)(H)
chemType : C COD classes : C[6](C[6]CH)(C[6]CO)(CCHO)
ha1 29 ha2 673
 a1NB2 3:3:4: a2NB2 3:4:2:1:
 a1NB C[6]-3:C[6]-3:C-4: a2NB C[6]-3:C-4:O-2:H-1:
 a1C C[6](C[6]CH)(C[6]CO)(CCHO) a2C C(C[6]CC)(CHHN)(OH)(H)
atom 1 CH1  atom 2 CR6
Found all hashing codes
find 3:3:4:
 find 3:4:2:1:
 find C[6]-3:C[6]-3:C-4:
 find C[6]-3:C-4:O-2:H-1:
iFind 5
The final target bond value is 1.52
Bond between C1 and C3
 search a org-related bond c 
for target bond of atoms C1 and C3
chemType : C COD classes : C(C[6]CC)(CHHN)(OH)(H)
chemType : C COD classes : C(CCHO)(NCH)(H)2
ha1 673 ha2 673
 a1NB2 4:3:1:1: a2NB2 3:4:2:1:
 a1NB C-4:N-3:H-1:H-1: a2NB C[6]-3:C-4:O-2:H-1:
 a1C C(CCHO)(NCH)(H)2 a2C C(C[6]CC)(CHHN)(OH)(H)
atom 1 CH1  atom 2 CH2
Found all hashing codes
find 4:3:1:1:
 find 3:4:2:1:
 find C-4:N-3:H-1:H-1:
 find C[6]-3:C-4:O-2:H-1:
 find C(CCHO)(NCH)(H)2
Found exact matches of atom cod-classes 
The final target bond value is 1.52
Bond between C2 and C4
 search a org-related bond c 
for target bond of atoms C2 and C4
chemType : C COD classes : C[6](C[6]CH)(C[6]CO)(CCHO)
chemType : C COD classes : C[6](C[6]CC)(C[6]CH)(OC)
ha1 29 ha2 29
 a1NB2 3:3:2: a2NB2 3:3:4:
 a1NB C[6]-3:C[6]-3:O-2: a2NB C[6]-3:C[6]-3:C-4:
 a1C C[6](C[6]CC)(C[6]CH)(OC) a2C C[6](C[6]CH)(C[6]CO)(CCHO)
atom 1 CR6  atom 2 CR6
Found all hashing codes
find 3:3:2:
 find 3:3:4:
 find C[6]-3:C[6]-3:O-2:
 find C[6]-3:C[6]-3:C-4:
 find C[6](C[6]CC)(C[6]CH)(OC)
iFind 6
The final target bond value is 1.4
Bond between C2 and C5
 search a org-related bond c 
for target bond of atoms C2 and C5
chemType : C COD classes : C[6](C[6]CH)(C[6]CO)(CCHO)
chemType : C COD classes : C[6](C[6]CC)(C[6]CO)(H)
ha1 29 ha2 29
 a1NB2 3:3:1: a2NB2 3:3:4:
 a1NB C[6]-3:C[6]-3:H-1: a2NB C[6]-3:C[6]-3:C-4:
 a1C C[6](C[6]CC)(C[6]CO)(H) a2C C[6](C[6]CH)(C[6]CO)(CCHO)
atom 1 CR6  atom 2 CR16
Found all hashing codes
find 3:3:1:
 find 3:3:4:
 find C[6]-3:C[6]-3:H-1:
 find C[6]-3:C[6]-3:C-4:
 find C[6](C[6]CC)(C[6]CO)(H)
iFind 6
The final target bond value is 1.39
Bond between C4 and C7
 search a org-related bond c 
for target bond of atoms C4 and C7
chemType : C COD classes : C[6](C[6]CC)(C[6]CH)(OC)
chemType : C COD classes : C[6](C[6]CH)(C[6]CO)(H)
ha1 29 ha2 29
 a1NB2 3:3:1: a2NB2 3:3:2:
 a1NB C[6]-3:C[6]-3:H-1: a2NB C[6]-3:C[6]-3:O-2:
 a1C C[6](C[6]CH)(C[6]CO)(H) a2C C[6](C[6]CC)(C[6]CH)(OC)
atom 1 CR6  atom 2 CR16
Found all hashing codes
find 3:3:1:
 find 3:3:2:
 find C[6]-3:C[6]-3:H-1:
 find C[6]-3:C[6]-3:O-2:
 find C[6](C[6]CH)(C[6]CO)(H)
Found exact matches of atom cod-classes 
The final target bond value is 1.39
Bond between C5 and C6
 search a org-related bond c 
for target bond of atoms C5 and C6
chemType : C COD classes : C[6](C[6]CC)(C[6]CO)(H)
chemType : C COD classes : C[6](C[6]CH)2(OC)
ha1 29 ha2 29
 a1NB2 3:3:2: a2NB2 3:3:1:
 a1NB C[6]-3:C[6]-3:O-2: a2NB C[6]-3:C[6]-3:H-1:
 a1C C[6](C[6]CH)2(OC) a2C C[6](C[6]CC)(C[6]CO)(H)
atom 1 CR16  atom 2 CR6
Found all hashing codes
find 3:3:2:
 find 3:3:1:
 find C[6]-3:C[6]-3:O-2:
 find C[6]-3:C[6]-3:H-1:
 find C[6](C[6]CH)2(OC)
Found exact matches of atom cod-classes 
The final target bond value is 1.39
Bond between C6 and C8
 search a org-related bond c 
for target bond of atoms C6 and C8
chemType : C COD classes : C[6](C[6]CH)2(OC)
chemType : C COD classes : C[6](C[6]CH)(C[6]CO)(H)
ha1 29 ha2 29
 a1NB2 3:3:2: a2NB2 3:3:1:
 a1NB C[6]-3:C[6]-3:O-2: a2NB C[6]-3:C[6]-3:H-1:
 a1C C[6](C[6]CH)2(OC) a2C C[6](C[6]CH)(C[6]CO)(H)
atom 1 CR6  atom 2 CR16
Found all hashing codes
find 3:3:2:
 find 3:3:1:
 find C[6]-3:C[6]-3:O-2:
 find C[6]-3:C[6]-3:H-1:
 find C[6](C[6]CH)2(OC)
Found exact matches of atom cod-classes 
The final target bond value is 1.38
Bond between C7 and C8
 search a org-related bond c 
for target bond of atoms C7 and C8
chemType : C COD classes : C[6](C[6]CH)(C[6]CO)(H)
chemType : C COD classes : C[6](C[6]CH)(C[6]CO)(H)
ha1 29 ha2 29
 a1NB2 3:3:1: a2NB2 3:3:1:
 a1NB C[6]-3:C[6]-3:H-1: a2NB C[6]-3:C[6]-3:H-1:
 a1C C[6](C[6]CH)(C[6]CO)(H) a2C C[6](C[6]CH)(C[6]CO)(H)
atom 1 CR16  atom 2 CR16
Found all hashing codes
find 3:3:1:
 find 3:3:1:
 find C[6]-3:C[6]-3:H-1:
 find C[6]-3:C[6]-3:H-1:
 find C[6](C[6]CH)(C[6]CO)(H)
Found exact matches of atom cod-classes 
The final target bond value is 1.38
Bond between C9 and C10
 search a org-related bond c 
for target bond of atoms C9 and C10
chemType : C COD classes : C(CNO)(NHH)(H)2
chemType : C COD classes : C(CHHN)(NCH)(O)
ha1 673 ha2 699
 a1NB2 3:3:1:1: a2NB2 4:3:1:
 a1NB C-3:N-3:H-1:H-1: a2NB C-4:N-3:O-1:
 a1C C(CNO)(NHH)(H)2 a2C C(CHHN)(NCH)(O)
atom 1 CH2  atom 2 C
Found all hashing codes
find 3:3:1:1:
 find 4:3:1:
 find C-3:N-3:H-1:H-1:
 find C-4:N-3:O-1:
iFind 5
The final target bond value is 1.52
Bond between O1 and HO1
 search a org-related bond c 
for target bond of atoms O1 and HO1
chemType : H COD classes : H(OC)
chemType : O COD classes : O(CCCH)(H)
ha1 111 ha2 887
 a1NB2 4:1: a2NB2 2:
 a1NB C-4:H-1: a2NB O-2:
 a1C O(CCCH)(H) a2C H(OC)
atom 1 H  atom 2 OH1
Found all hashing codes
find 4:1:
 find 2:
 find C-4:H-1:
 find O-2:
 find O(CCCH)(H)
Found exact matches of atom cod-classes 
The final target bond value is 0.853
Bond between N1 and HN1
 search a org-related bond c 
for target bond of atoms N1 and HN1
chemType : H COD classes : H(NCC)
chemType : N COD classes : N(CCHH)(CCO)(H)
ha1 887 ha2 981
 a1NB2 3: a2NB2 4:3:1:
 a1NB N-3: a2NB C-4:C-3:H-1:
 a1C H(NCC) a2C N(CCHH)(CCO)(H)
atom 1 H  atom 2 NH1
Found all hashing codes
find 3:
 find 4:3:1:
 find N-3:
 find C-4:C-3:H-1:
 find H(NCC)
Found exact matches of atom cod-classes 
The final target bond value is 0.87
Bond between N2 and HN2
 search a org-related bond c 
for target bond of atoms N2 and HN2
chemType : H COD classes : H(NCH)
chemType : N COD classes : N(CCHH)(H)2
ha1 887 ha2 981
 a1NB2 3: a2NB2 4:1:1:
 a1NB N-3: a2NB C-4:H-1:H-1:
 a1C H(NCH) a2C N(CCHH)(H)2
atom 1 H  atom 2 NT2
Found all hashing codes
find 3:
 find 4:1:1:
 find N-3:
 find C-4:H-1:H-1:
 find H(NCH)
Found exact matches of atom cod-classes 
The final target bond value is 0.901
Bond between N2 and HN2
 search a org-related bond c 
for target bond of atoms N2 and HN2
chemType : H COD classes : H(NCH)
chemType : N COD classes : N(CCHH)(H)2
ha1 887 ha2 981
 a1NB2 3: a2NB2 4:1:1:
 a1NB N-3: a2NB C-4:H-1:H-1:
 a1C H(NCH) a2C N(CCHH)(H)2
atom 1 H  atom 2 NT2
Found all hashing codes
find 3:
 find 4:1:1:
 find N-3:
 find C-4:H-1:H-1:
 find H(NCH)
Found exact matches of atom cod-classes 
The final target bond value is 0.901
Bond between C1 and H11
 search a org-related bond c 
for target bond of atoms C1 and H11
chemType : C COD classes : C(C[6]CC)(CHHN)(OH)(H)
chemType : H COD classes : H(CCCO)
ha1 673 ha2 887
 a1NB2 3:4:2:1: a2NB2 4:
 a1NB C[6]-3:C-4:O-2:H-1: a2NB C-4:
 a1C C(C[6]CC)(CHHN)(OH)(H) a2C H(CCCO)
atom 1 CH1  atom 2 H
Found all hashing codes
find 3:4:2:1:
 find 4:
 find C[6]-3:C-4:O-2:H-1:
 find C-4:
 find C(C[6]CC)(CHHN)(OH)(H)
Found exact matches of atom cod-classes 
The final target bond value is 0.987
Bond between C3 and H31
 search a org-related bond c 
for target bond of atoms C3 and H31
chemType : C COD classes : C(CCHO)(NCH)(H)2
chemType : H COD classes : H(CCHN)
ha1 673 ha2 887
 a1NB2 4:3:1:1: a2NB2 4:
 a1NB C-4:N-3:H-1:H-1: a2NB C-4:
 a1C C(CCHO)(NCH)(H)2 a2C H(CCHN)
atom 1 CH2  atom 2 H
Found all hashing codes
find 4:3:1:1:
 find 4:
 find C-4:N-3:H-1:H-1:
 find C-4:
 find C(CCHO)(NCH)(H)2
Found exact matches of atom cod-classes 
The final target bond value is 0.976
Bond between C3 and H32
 search a org-related bond c 
for target bond of atoms C3 and H32
chemType : C COD classes : C(CCHO)(NCH)(H)2
chemType : H COD classes : H(CCHN)
ha1 673 ha2 887
 a1NB2 4:3:1:1: a2NB2 4:
 a1NB C-4:N-3:H-1:H-1: a2NB C-4:
 a1C C(CCHO)(NCH)(H)2 a2C H(CCHN)
atom 1 CH2  atom 2 H
Found all hashing codes
find 4:3:1:1:
 find 4:
 find C-4:N-3:H-1:H-1:
 find C-4:
 find C(CCHO)(NCH)(H)2
Found exact matches of atom cod-classes 
The final target bond value is 0.976
Bond between C5 and H51
 search a org-related bond c 
for target bond of atoms C5 and H51
chemType : C COD classes : C[6](C[6]CC)(C[6]CO)(H)
chemType : H COD classes : H(C[6]CC)
ha1 29 ha2 887
 a1NB2 3:3:1: a2NB2 3:
 a1NB C[6]-3:C[6]-3:H-1: a2NB C[6]-3:
 a1C C[6](C[6]CC)(C[6]CO)(H) a2C H(C[6]CC)
atom 1 CR16  atom 2 H
Found all hashing codes
find 3:3:1:
 find 3:
 find C[6]-3:C[6]-3:H-1:
 find C[6]-3:
 find C[6](C[6]CC)(C[6]CO)(H)
Found exact matches of atom cod-classes 
The final target bond value is 0.943
Bond between C7 and H71
 search a org-related bond c 
for target bond of atoms C7 and H71
chemType : C COD classes : C[6](C[6]CH)(C[6]CO)(H)
chemType : H COD classes : H(C[6]CC)
ha1 29 ha2 887
 a1NB2 3:3:1: a2NB2 3:
 a1NB C[6]-3:C[6]-3:H-1: a2NB C[6]-3:
 a1C C[6](C[6]CH)(C[6]CO)(H) a2C H(C[6]CC)
atom 1 CR16  atom 2 H
Found all hashing codes
find 3:3:1:
 find 3:
 find C[6]-3:C[6]-3:H-1:
 find C[6]-3:
 find C[6](C[6]CH)(C[6]CO)(H)
Found exact matches of atom cod-classes 
The final target bond value is 0.949
Bond between C8 and H81
 search a org-related bond c 
for target bond of atoms C8 and H81
chemType : C COD classes : C[6](C[6]CH)(C[6]CO)(H)
chemType : H COD classes : H(C[6]CC)
ha1 29 ha2 887
 a1NB2 3:3:1: a2NB2 3:
 a1NB C[6]-3:C[6]-3:H-1: a2NB C[6]-3:
 a1C C[6](C[6]CH)(C[6]CO)(H) a2C H(C[6]CC)
atom 1 CR16  atom 2 H
Found all hashing codes
find 3:3:1:
 find 3:
 find C[6]-3:C[6]-3:H-1:
 find C[6]-3:
 find C[6](C[6]CH)(C[6]CO)(H)
Found exact matches of atom cod-classes 
The final target bond value is 0.949
Bond between C10 and H101
 search a org-related bond c 
for target bond of atoms C10 and H101
chemType : C COD classes : C(CNO)(NHH)(H)2
chemType : H COD classes : H(CCHN)
ha1 673 ha2 887
 a1NB2 3:3:1:1: a2NB2 4:
 a1NB C-3:N-3:H-1:H-1: a2NB C-4:
 a1C C(CNO)(NHH)(H)2 a2C H(CCHN)
atom 1 CH2  atom 2 H
Found all hashing codes
find 3:3:1:1:
 find 4:
 find C-3:N-3:H-1:H-1:
 find C-4:
iFind 5
The final target bond value is 0.979
Bond between C10 and H102
 search a org-related bond c 
for target bond of atoms C10 and H102
chemType : C COD classes : C(CNO)(NHH)(H)2
chemType : H COD classes : H(CCHN)
ha1 673 ha2 887
 a1NB2 3:3:1:1: a2NB2 4:
 a1NB C-3:N-3:H-1:H-1: a2NB C-4:
 a1C C(CNO)(NHH)(H)2 a2C H(CCHN)
atom 1 CH2  atom 2 H
Found all hashing codes
find 3:3:1:1:
 find 4:
 find C-3:N-3:H-1:H-1:
 find C-4:
iFind 5
The final target bond value is 0.979
Bond between C11 and H111
 search a org-related bond c 
for target bond of atoms C11 and H111
chemType : C COD classes : C(OC)(H)3
chemType : H COD classes : H(CHHO)
ha1 673 ha2 887
 a1NB2 2:1:1:1: a2NB2 4:
 a1NB O-2:H-1:H-1:H-1: a2NB C-4:
 a1C C(OC)(H)3 a2C H(CHHO)
atom 1 CH3  atom 2 H
Found all hashing codes
find 2:1:1:1:
 find 4:
 find O-2:H-1:H-1:H-1:
 find C-4:
 find C(OC)(H)3
Found exact matches of atom cod-classes 
The final target bond value is 0.973
Bond between C11 and H112
 search a org-related bond c 
for target bond of atoms C11 and H112
chemType : C COD classes : C(OC)(H)3
chemType : H COD classes : H(CHHO)
ha1 673 ha2 887
 a1NB2 2:1:1:1: a2NB2 4:
 a1NB O-2:H-1:H-1:H-1: a2NB C-4:
 a1C C(OC)(H)3 a2C H(CHHO)
atom 1 CH3  atom 2 H
Found all hashing codes
find 2:1:1:1:
 find 4:
 find O-2:H-1:H-1:H-1:
 find C-4:
 find C(OC)(H)3
Found exact matches of atom cod-classes 
The final target bond value is 0.973
Bond between C11 and H113
 search a org-related bond c 
for target bond of atoms C11 and H113
chemType : C COD classes : C(OC)(H)3
chemType : H COD classes : H(CHHO)
ha1 673 ha2 887
 a1NB2 2:1:1:1: a2NB2 4:
 a1NB O-2:H-1:H-1:H-1: a2NB C-4:
 a1C C(OC)(H)3 a2C H(CHHO)
atom 1 CH3  atom 2 H
Found all hashing codes
find 2:1:1:1:
 find 4:
 find O-2:H-1:H-1:H-1:
 find C-4:
 find C(OC)(H)3
Found exact matches of atom cod-classes 
The final target bond value is 0.973
Bond between C12 and H121
 search a org-related bond c 
for target bond of atoms C12 and H121
chemType : C COD classes : C(OC)(H)3
chemType : H COD classes : H(CHHO)
ha1 673 ha2 887
 a1NB2 2:1:1:1: a2NB2 4:
 a1NB O-2:H-1:H-1:H-1: a2NB C-4:
 a1C C(OC)(H)3 a2C H(CHHO)
atom 1 CH3  atom 2 H
Found all hashing codes
find 2:1:1:1:
 find 4:
 find O-2:H-1:H-1:H-1:
 find C-4:
 find C(OC)(H)3
Found exact matches of atom cod-classes 
The final target bond value is 0.973
Bond between C12 and H122
 search a org-related bond c 
for target bond of atoms C12 and H122
chemType : C COD classes : C(OC)(H)3
chemType : H COD classes : H(CHHO)
ha1 673 ha2 887
 a1NB2 2:1:1:1: a2NB2 4:
 a1NB O-2:H-1:H-1:H-1: a2NB C-4:
 a1C C(OC)(H)3 a2C H(CHHO)
atom 1 CH3  atom 2 H
Found all hashing codes
find 2:1:1:1:
 find 4:
 find O-2:H-1:H-1:H-1:
 find C-4:
 find C(OC)(H)3
Found exact matches of atom cod-classes 
The final target bond value is 0.973
Bond between C12 and H123
 search a org-related bond c 
for target bond of atoms C12 and H123
chemType : C COD classes : C(OC)(H)3
chemType : H COD classes : H(CHHO)
ha1 673 ha2 887
 a1NB2 2:1:1:1: a2NB2 4:
 a1NB O-2:H-1:H-1:H-1: a2NB C-4:
 a1C C(OC)(H)3 a2C H(CHHO)
atom 1 CH3  atom 2 H
Found all hashing codes
find 2:1:1:1:
 find 4:
 find O-2:H-1:H-1:H-1:
 find C-4:
 find C(OC)(H)3
Found exact matches of atom cod-classes 
The final target bond value is 0.973
Number of Bonds to be found 36
Number of Bonds found 36
Finish setDefaultCoordGeos() 
Clustering all COD angles started at Tue Oct  7 11:28:28 2014
Clustering COD org angles finished at Tue Oct  7 11:28:34 2014
it takes 6 seconds to finish group COD angles 
Finish groupCodOrgAngles() 
Finish groupCodMetAngles() 
Finish groupCodAnglesWithNonCenteredMetal() 
Angle between O1(center) and C1 and H1
Atom1 O1 Its Cod class O(CCCH)(H) and Hashing 111
 Its codNBSymb C-4:H-1: its codNB2Symb 4:1:
Atom2 C1 Its Cod class C(C[6]CC)(CHHN)(OH)(H) and Hashing 673
 Its codNBSymb C[6]-3:C-4:O-2:H-1: its codNB2Symb 3:4:2:1:
Atom3 H1 Its Cod class H(OC) and Hashing 887
 Its codNBSymb O-2: its codNB2Symb 2:
Found 4:1:
Found 3:4:2:1:
Found 2:
Found C-4:H-1:
Found C[6]-3:C-4:O-2:H-1:
Found O-2:
Found O(CCCH)(H)
Found C(C[6]CC)(CHHN)(OH)(H)
COD finds the exact value 108
the sigma value 2.6
Target angle value : 108
Angle between O2(center) and C4 and C11
Atom1 O2 Its Cod class O(C[6]CC)(CH3) and Hashing 111
 Its codNBSymb C[6]-3:C-4: its codNB2Symb 3:4:
Atom2 C4 Its Cod class C[6](C[6]CC)(C[6]CH)(OC) and Hashing 29
 Its codNBSymb C[6]-3:C[6]-3:O-2: its codNB2Symb 3:3:2:
Atom3 C11 Its Cod class C(OC)(H)3 and Hashing 673
 Its codNBSymb O-2:H-1:H-1:H-1: its codNB2Symb 2:1:1:1:
Found 3:4:
Found 3:3:2:
Found 2:1:1:1:
Found C[6]-3:C-4:
Found C[6]-3:C[6]-3:O-2:
Found O-2:H-1:H-1:H-1:
Found O(C[6]CC)(CH3)
Found C[6](C[6]CC)(C[6]CH)(OC)
COD finds the exact value 118
the sigma value 1.22
Target angle value : 118
Angle between O3(center) and C6 and C12
Atom1 O3 Its Cod class O(C[6]CC)(CH3) and Hashing 111
 Its codNBSymb C[6]-3:C-4: its codNB2Symb 3:4:
Atom2 C6 Its Cod class C[6](C[6]CH)2(OC) and Hashing 29
 Its codNBSymb C[6]-3:C[6]-3:O-2: its codNB2Symb 3:3:2:
Atom3 C12 Its Cod class C(OC)(H)3 and Hashing 673
 Its codNBSymb O-2:H-1:H-1:H-1: its codNB2Symb 2:1:1:1:
Found 3:4:
Found 3:3:2:
Found 2:1:1:1:
Found C[6]-3:C-4:
Found C[6]-3:C[6]-3:O-2:
Found O-2:H-1:H-1:H-1:
Found O(C[6]CC)(CH3)
Found C[6](C[6]CH)2(OC)
COD finds the exact value 118
the sigma value 1.2
Target angle value : 118
Angle between N1(center) and C3 and C9
Atom1 N1 Its Cod class N(CCHH)(CCO)(H) and Hashing 981
 Its codNBSymb C-4:C-3:H-1: its codNB2Symb 4:3:1:
Atom2 C3 Its Cod class C(CCHO)(NCH)(H)2 and Hashing 673
 Its codNBSymb C-4:N-3:H-1:H-1: its codNB2Symb 4:3:1:1:
Atom3 C9 Its Cod class C(CHHN)(NCH)(O) and Hashing 699
 Its codNBSymb C-4:N-3:O-1: its codNB2Symb 4:3:1:
Found 4:3:1:
Found 4:3:1:1:
Found 4:3:1:
Found C-4:C-3:H-1:
Found C-4:N-3:H-1:H-1:
Found C-4:N-3:O-1:
Found N(CCHH)(CCO)(H)
Found C(CCHO)(NCH)(H)2
Target angle value : 123
Angle between N1(center) and C3 and H2
Atom1 N1 Its Cod class N(CCHH)(CCO)(H) and Hashing 981
 Its codNBSymb C-4:C-3:H-1: its codNB2Symb 4:3:1:
Atom2 C3 Its Cod class C(CCHO)(NCH)(H)2 and Hashing 673
 Its codNBSymb C-4:N-3:H-1:H-1: its codNB2Symb 4:3:1:1:
Atom3 H2 Its Cod class H(NCC) and Hashing 887
 Its codNBSymb N-3: its codNB2Symb 3:
Found 4:3:1:
Found 4:3:1:1:
Found 3:
Found C-4:C-3:H-1:
Found C-4:N-3:H-1:H-1:
Found N-3:
Found N(CCHH)(CCO)(H)
Found C(CCHO)(NCH)(H)2
COD finds the exact value 119
the sigma value 0.771
Target angle value : 119
Angle between N1(center) and C9 and H2
Atom1 N1 Its Cod class N(CCHH)(CCO)(H) and Hashing 981
 Its codNBSymb C-4:C-3:H-1: its codNB2Symb 4:3:1:
Atom2 C9 Its Cod class C(CHHN)(NCH)(O) and Hashing 699
 Its codNBSymb C-4:N-3:O-1: its codNB2Symb 4:3:1:
Atom3 H2 Its Cod class H(NCC) and Hashing 887
 Its codNBSymb N-3: its codNB2Symb 3:
Found 4:3:1:
Found 4:3:1:
Found 3:
Found C-4:C-3:H-1:
Found C-4:N-3:O-1:
Found N-3:
Found N(CCHH)(CCO)(H)
Found C(CHHN)(NCH)(O)
COD finds the exact value 119
the sigma value 1.18
Target angle value : 119
Angle between N2(center) and C10 and H3
Atom1 N2 Its Cod class N(CCHH)(H)2 and Hashing 981
 Its codNBSymb C-4:H-1:H-1: its codNB2Symb 4:1:1:
Atom2 C10 Its Cod class C(CNO)(NHH)(H)2 and Hashing 673
 Its codNBSymb C-3:N-3:H-1:H-1: its codNB2Symb 3:3:1:1:
Atom3 H3 Its Cod class H(NCH) and Hashing 887
 Its codNBSymb N-3: its codNB2Symb 3:
Found 4:1:1:
Found 3:3:1:1:
Found 3:
Found C-4:H-1:H-1:
not Found C-3:N-3:H-1:H-1: iFind5 
Target angle value : 113
Angle between N2(center) and C10 and H4
Atom1 N2 Its Cod class N(CCHH)(H)2 and Hashing 981
 Its codNBSymb C-4:H-1:H-1: its codNB2Symb 4:1:1:
Atom2 C10 Its Cod class C(CNO)(NHH)(H)2 and Hashing 673
 Its codNBSymb C-3:N-3:H-1:H-1: its codNB2Symb 3:3:1:1:
Atom3 H4 Its Cod class H(NCH) and Hashing 887
 Its codNBSymb N-3: its codNB2Symb 3:
Found 4:1:1:
Found 3:3:1:1:
Found 3:
Found C-4:H-1:H-1:
not Found C-3:N-3:H-1:H-1: iFind5 
Target angle value : 113
Angle between N2(center) and H3 and H4
Atom1 N2 Its Cod class N(CCHH)(H)2 and Hashing 981
 Its codNBSymb C-4:H-1:H-1: its codNB2Symb 4:1:1:
Atom2 H3 Its Cod class H(NCH) and Hashing 887
 Its codNBSymb N-3: its codNB2Symb 3:
Atom3 H4 Its Cod class H(NCH) and Hashing 887
 Its codNBSymb N-3: its codNB2Symb 3:
Found 4:1:1:
Found 3:
Found 3:
Found C-4:H-1:H-1:
Found N-3:
Found N-3:
Found N(CCHH)(H)2
Found H(NCH)
COD finds the exact value 110
the sigma value 3
Target angle value : 110
Angle between C1(center) and O1 and C2
Atom1 C1 Its Cod class C(C[6]CC)(CHHN)(OH)(H) and Hashing 673
 Its codNBSymb C[6]-3:C-4:O-2:H-1: its codNB2Symb 3:4:2:1:
Atom2 C2 Its Cod class C[6](C[6]CH)(C[6]CO)(CCHO) and Hashing 29
 Its codNBSymb C[6]-3:C[6]-3:C-4: its codNB2Symb 3:3:4:
Atom3 O1 Its Cod class O(CCCH)(H) and Hashing 111
 Its codNBSymb C-4:H-1: its codNB2Symb 4:1:
Found 3:4:2:1:
Found 3:3:4:
Found 4:1:
Found C[6]-3:C-4:O-2:H-1:
Found C[6]-3:C[6]-3:C-4:
Found C-4:H-1:
Found C(C[6]CC)(CHHN)(OH)(H)
not Found C[6](C[6]CH)(C[6]CO)(CCHO) iFind8 
Target angle value : 111
Angle between C1(center) and O1 and C3
Atom1 C1 Its Cod class C(C[6]CC)(CHHN)(OH)(H) and Hashing 673
 Its codNBSymb C[6]-3:C-4:O-2:H-1: its codNB2Symb 3:4:2:1:
Atom2 O1 Its Cod class O(CCCH)(H) and Hashing 111
 Its codNBSymb C-4:H-1: its codNB2Symb 4:1:
Atom3 C3 Its Cod class C(CCHO)(NCH)(H)2 and Hashing 673
 Its codNBSymb C-4:N-3:H-1:H-1: its codNB2Symb 4:3:1:1:
Found 3:4:2:1:
Found 4:1:
Found 4:3:1:1:
Found C[6]-3:C-4:O-2:H-1:
Found C-4:H-1:
Found C-4:N-3:H-1:H-1:
Found C(C[6]CC)(CHHN)(OH)(H)
Found O(CCCH)(H)
COD finds the exact value 109
the sigma value 2.37
Target angle value : 109
Angle between C1(center) and O1 and H5
Atom1 C1 Its Cod class C(C[6]CC)(CHHN)(OH)(H) and Hashing 673
 Its codNBSymb C[6]-3:C-4:O-2:H-1: its codNB2Symb 3:4:2:1:
Atom2 O1 Its Cod class O(CCCH)(H) and Hashing 111
 Its codNBSymb C-4:H-1: its codNB2Symb 4:1:
Atom3 H5 Its Cod class H(CCCO) and Hashing 887
 Its codNBSymb C-4: its codNB2Symb 4:
Found 3:4:2:1:
Found 4:1:
Found 4:
Found C[6]-3:C-4:O-2:H-1:
Found C-4:H-1:
Found C-4:
Found C(C[6]CC)(CHHN)(OH)(H)
Found O(CCCH)(H)
COD finds the exact value 109
the sigma value 1.16
Target angle value : 109
Angle between C1(center) and C2 and C3
Atom1 C1 Its Cod class C(C[6]CC)(CHHN)(OH)(H) and Hashing 673
 Its codNBSymb C[6]-3:C-4:O-2:H-1: its codNB2Symb 3:4:2:1:
Atom2 C2 Its Cod class C[6](C[6]CH)(C[6]CO)(CCHO) and Hashing 29
 Its codNBSymb C[6]-3:C[6]-3:C-4: its codNB2Symb 3:3:4:
Atom3 C3 Its Cod class C(CCHO)(NCH)(H)2 and Hashing 673
 Its codNBSymb C-4:N-3:H-1:H-1: its codNB2Symb 4:3:1:1:
Found 3:4:2:1:
Found 3:3:4:
Found 4:3:1:1:
Found C[6]-3:C-4:O-2:H-1:
Found C[6]-3:C[6]-3:C-4:
Found C-4:N-3:H-1:H-1:
Found C(C[6]CC)(CHHN)(OH)(H)
not Found C[6](C[6]CH)(C[6]CO)(CCHO) iFind8 
Target angle value : 110
Angle between C1(center) and C2 and H5
Atom1 C1 Its Cod class C(C[6]CC)(CHHN)(OH)(H) and Hashing 673
 Its codNBSymb C[6]-3:C-4:O-2:H-1: its codNB2Symb 3:4:2:1:
Atom2 C2 Its Cod class C[6](C[6]CH)(C[6]CO)(CCHO) and Hashing 29
 Its codNBSymb C[6]-3:C[6]-3:C-4: its codNB2Symb 3:3:4:
Atom3 H5 Its Cod class H(CCCO) and Hashing 887
 Its codNBSymb C-4: its codNB2Symb 4:
Found 3:4:2:1:
Found 3:3:4:
Found 4:
Found C[6]-3:C-4:O-2:H-1:
Found C[6]-3:C[6]-3:C-4:
Found C-4:
Found C(C[6]CC)(CHHN)(OH)(H)
not Found C[6](C[6]CH)(C[6]CO)(CCHO) iFind8 
Target angle value : 109
Angle between C1(center) and C3 and H5
Atom1 C1 Its Cod class C(C[6]CC)(CHHN)(OH)(H) and Hashing 673
 Its codNBSymb C[6]-3:C-4:O-2:H-1: its codNB2Symb 3:4:2:1:
Atom2 C3 Its Cod class C(CCHO)(NCH)(H)2 and Hashing 673
 Its codNBSymb C-4:N-3:H-1:H-1: its codNB2Symb 4:3:1:1:
Atom3 H5 Its Cod class H(CCCO) and Hashing 887
 Its codNBSymb C-4: its codNB2Symb 4:
Found 3:4:2:1:
Found 4:3:1:1:
Found 4:
Found C[6]-3:C-4:O-2:H-1:
Found C-4:N-3:H-1:H-1:
Found C-4:
Found C(C[6]CC)(CHHN)(OH)(H)
Found C(CCHO)(NCH)(H)2
COD finds the exact value 108
the sigma value 0.849
Target angle value : 108
Angle between C2(center) and C1 and C4
Atom1 C2 Its Cod class C[6](C[6]CH)(C[6]CO)(CCHO) and Hashing 29
 Its codNBSymb C[6]-3:C[6]-3:C-4: its codNB2Symb 3:3:4:
Atom2 C4 Its Cod class C[6](C[6]CC)(C[6]CH)(OC) and Hashing 29
 Its codNBSymb C[6]-3:C[6]-3:O-2: its codNB2Symb 3:3:2:
Atom3 C1 Its Cod class C(C[6]CC)(CHHN)(OH)(H) and Hashing 673
 Its codNBSymb C[6]-3:C-4:O-2:H-1: its codNB2Symb 3:4:2:1:
Found 3:3:4:
Found 3:3:2:
Found 3:4:2:1:
Found C[6]-3:C[6]-3:C-4:
Found C[6]-3:C[6]-3:O-2:
not Found C[6]-3:C-4:O-2:H-1: iFind6 
Target angle value : 120
Angle between C2(center) and C1 and C5
Atom1 C2 Its Cod class C[6](C[6]CH)(C[6]CO)(CCHO) and Hashing 29
 Its codNBSymb C[6]-3:C[6]-3:C-4: its codNB2Symb 3:3:4:
Atom2 C5 Its Cod class C[6](C[6]CC)(C[6]CO)(H) and Hashing 29
 Its codNBSymb C[6]-3:C[6]-3:H-1: its codNB2Symb 3:3:1:
Atom3 C1 Its Cod class C(C[6]CC)(CHHN)(OH)(H) and Hashing 673
 Its codNBSymb C[6]-3:C-4:O-2:H-1: its codNB2Symb 3:4:2:1:
Found 3:3:4:
Found 3:3:1:
Found 3:4:2:1:
Found C[6]-3:C[6]-3:C-4:
Found C[6]-3:C[6]-3:H-1:
Found C[6]-3:C-4:O-2:H-1:
not Found C[6](C[6]CH)(C[6]CO)(CCHO) iFind7 
Target angle value : 121
Angle between C2(center) and C4 and C5
Atom1 C2 Its Cod class C[6](C[6]CH)(C[6]CO)(CCHO) and Hashing 29
 Its codNBSymb C[6]-3:C[6]-3:C-4: its codNB2Symb 3:3:4:
Atom2 C5 Its Cod class C[6](C[6]CC)(C[6]CO)(H) and Hashing 29
 Its codNBSymb C[6]-3:C[6]-3:H-1: its codNB2Symb 3:3:1:
Atom3 C4 Its Cod class C[6](C[6]CC)(C[6]CH)(OC) and Hashing 29
 Its codNBSymb C[6]-3:C[6]-3:O-2: its codNB2Symb 3:3:2:
Found 3:3:4:
Found 3:3:1:
Found 3:3:2:
Found C[6]-3:C[6]-3:C-4:
Found C[6]-3:C[6]-3:H-1:
Found C[6]-3:C[6]-3:O-2:
Found C[6](C[6]CH)(C[6]CO)(CCHO)
not Found C[6](C[6]CC)(C[6]CO)(H) iFind8 
Target angle value : 118
Angle between C3(center) and N1 and C1
Atom1 C3 Its Cod class C(CCHO)(NCH)(H)2 and Hashing 673
 Its codNBSymb C-4:N-3:H-1:H-1: its codNB2Symb 4:3:1:1:
Atom2 C1 Its Cod class C(C[6]CC)(CHHN)(OH)(H) and Hashing 673
 Its codNBSymb C[6]-3:C-4:O-2:H-1: its codNB2Symb 3:4:2:1:
Atom3 N1 Its Cod class N(CCHH)(CCO)(H) and Hashing 981
 Its codNBSymb C-4:C-3:H-1: its codNB2Symb 4:3:1:
Found 4:3:1:1:
not Found 3:4:2:1: iFind2 
Target angle value : 112
Angle between C3(center) and N1 and H6
Atom1 C3 Its Cod class C(CCHO)(NCH)(H)2 and Hashing 673
 Its codNBSymb C-4:N-3:H-1:H-1: its codNB2Symb 4:3:1:1:
Atom2 H6 Its Cod class H(CCHN) and Hashing 887
 Its codNBSymb C-4: its codNB2Symb 4:
Atom3 N1 Its Cod class N(CCHH)(CCO)(H) and Hashing 981
 Its codNBSymb C-4:C-3:H-1: its codNB2Symb 4:3:1:
Found 4:3:1:1:
Found 4:
Found 4:3:1:
Found C-4:N-3:H-1:H-1:
Found C-4:
Found C-4:C-3:H-1:
Found C(CCHO)(NCH)(H)2
Found H(CCHN)
COD finds the exact value 109
the sigma value 0.342
Target angle value : 109
Angle between C3(center) and N1 and H7
Atom1 C3 Its Cod class C(CCHO)(NCH)(H)2 and Hashing 673
 Its codNBSymb C-4:N-3:H-1:H-1: its codNB2Symb 4:3:1:1:
Atom2 H7 Its Cod class H(CCHN) and Hashing 887
 Its codNBSymb C-4: its codNB2Symb 4:
Atom3 N1 Its Cod class N(CCHH)(CCO)(H) and Hashing 981
 Its codNBSymb C-4:C-3:H-1: its codNB2Symb 4:3:1:
Found 4:3:1:1:
Found 4:
Found 4:3:1:
Found C-4:N-3:H-1:H-1:
Found C-4:
Found C-4:C-3:H-1:
Found C(CCHO)(NCH)(H)2
Found H(CCHN)
COD finds the exact value 109
the sigma value 0.342
Target angle value : 109
Angle between C3(center) and C1 and H6
Atom1 C3 Its Cod class C(CCHO)(NCH)(H)2 and Hashing 673
 Its codNBSymb C-4:N-3:H-1:H-1: its codNB2Symb 4:3:1:1:
Atom2 C1 Its Cod class C(C[6]CC)(CHHN)(OH)(H) and Hashing 673
 Its codNBSymb C[6]-3:C-4:O-2:H-1: its codNB2Symb 3:4:2:1:
Atom3 H6 Its Cod class H(CCHN) and Hashing 887
 Its codNBSymb C-4: its codNB2Symb 4:
Found 4:3:1:1:
Found 3:4:2:1:
Found 4:
Found C-4:N-3:H-1:H-1:
Found C[6]-3:C-4:O-2:H-1:
Found C-4:
Found C(CCHO)(NCH)(H)2
Found C(C[6]CC)(CHHN)(OH)(H)
COD finds the exact value 109
the sigma value 0.985
Target angle value : 109
Angle between C3(center) and C1 and H7
Atom1 C3 Its Cod class C(CCHO)(NCH)(H)2 and Hashing 673
 Its codNBSymb C-4:N-3:H-1:H-1: its codNB2Symb 4:3:1:1:
Atom2 C1 Its Cod class C(C[6]CC)(CHHN)(OH)(H) and Hashing 673
 Its codNBSymb C[6]-3:C-4:O-2:H-1: its codNB2Symb 3:4:2:1:
Atom3 H7 Its Cod class H(CCHN) and Hashing 887
 Its codNBSymb C-4: its codNB2Symb 4:
Found 4:3:1:1:
Found 3:4:2:1:
Found 4:
Found C-4:N-3:H-1:H-1:
Found C[6]-3:C-4:O-2:H-1:
Found C-4:
Found C(CCHO)(NCH)(H)2
Found C(C[6]CC)(CHHN)(OH)(H)
COD finds the exact value 109
the sigma value 0.985
Target angle value : 109
Angle between C3(center) and H6 and H7
Atom1 C3 Its Cod class C(CCHO)(NCH)(H)2 and Hashing 673
 Its codNBSymb C-4:N-3:H-1:H-1: its codNB2Symb 4:3:1:1:
Atom2 H6 Its Cod class H(CCHN) and Hashing 887
 Its codNBSymb C-4: its codNB2Symb 4:
Atom3 H7 Its Cod class H(CCHN) and Hashing 887
 Its codNBSymb C-4: its codNB2Symb 4:
Found 4:3:1:1:
Found 4:
Found 4:
Found C-4:N-3:H-1:H-1:
Found C-4:
Found C-4:
Found C(CCHO)(NCH)(H)2
Found H(CCHN)
COD finds the exact value 108
the sigma value 0.744
Target angle value : 108
Angle between C4(center) and O2 and C2
Atom1 C4 Its Cod class C[6](C[6]CC)(C[6]CH)(OC) and Hashing 29
 Its codNBSymb C[6]-3:C[6]-3:O-2: its codNB2Symb 3:3:2:
Atom2 C2 Its Cod class C[6](C[6]CH)(C[6]CO)(CCHO) and Hashing 29
 Its codNBSymb C[6]-3:C[6]-3:C-4: its codNB2Symb 3:3:4:
Atom3 O2 Its Cod class O(C[6]CC)(CH3) and Hashing 111
 Its codNBSymb C[6]-3:C-4: its codNB2Symb 3:4:
Found 3:3:2:
Found 3:3:4:
Found 3:4:
Found C[6]-3:C[6]-3:O-2:
Found C[6]-3:C[6]-3:C-4:
Found C[6]-3:C-4:
Found C[6](C[6]CC)(C[6]CH)(OC)
not Found C[6](C[6]CH)(C[6]CO)(CCHO) iFind8 
Target angle value : 118
Angle between C4(center) and O2 and C7
Atom1 C4 Its Cod class C[6](C[6]CC)(C[6]CH)(OC) and Hashing 29
 Its codNBSymb C[6]-3:C[6]-3:O-2: its codNB2Symb 3:3:2:
Atom2 C7 Its Cod class C[6](C[6]CH)(C[6]CO)(H) and Hashing 29
 Its codNBSymb C[6]-3:C[6]-3:H-1: its codNB2Symb 3:3:1:
Atom3 O2 Its Cod class O(C[6]CC)(CH3) and Hashing 111
 Its codNBSymb C[6]-3:C-4: its codNB2Symb 3:4:
Found 3:3:2:
Found 3:3:1:
Found 3:4:
Found C[6]-3:C[6]-3:O-2:
Found C[6]-3:C[6]-3:H-1:
Found C[6]-3:C-4:
Found C[6](C[6]CC)(C[6]CH)(OC)
Found C[6](C[6]CH)(C[6]CO)(H)
COD finds the exact value 124
the sigma value 1.04
Target angle value : 124
Angle between C4(center) and C2 and C7
Atom1 C4 Its Cod class C[6](C[6]CC)(C[6]CH)(OC) and Hashing 29
 Its codNBSymb C[6]-3:C[6]-3:O-2: its codNB2Symb 3:3:2:
Atom2 C7 Its Cod class C[6](C[6]CH)(C[6]CO)(H) and Hashing 29
 Its codNBSymb C[6]-3:C[6]-3:H-1: its codNB2Symb 3:3:1:
Atom3 C2 Its Cod class C[6](C[6]CH)(C[6]CO)(CCHO) and Hashing 29
 Its codNBSymb C[6]-3:C[6]-3:C-4: its codNB2Symb 3:3:4:
Found 3:3:2:
Found 3:3:1:
Found 3:3:4:
Found C[6]-3:C[6]-3:O-2:
Found C[6]-3:C[6]-3:H-1:
Found C[6]-3:C[6]-3:C-4:
Found C[6](C[6]CC)(C[6]CH)(OC)
Found C[6](C[6]CH)(C[6]CO)(H)
Target angle value : 121
Angle between C5(center) and C2 and C6
Atom1 C5 Its Cod class C[6](C[6]CC)(C[6]CO)(H) and Hashing 29
 Its codNBSymb C[6]-3:C[6]-3:H-1: its codNB2Symb 3:3:1:
Atom2 C6 Its Cod class C[6](C[6]CH)2(OC) and Hashing 29
 Its codNBSymb C[6]-3:C[6]-3:O-2: its codNB2Symb 3:3:2:
Atom3 C2 Its Cod class C[6](C[6]CH)(C[6]CO)(CCHO) and Hashing 29
 Its codNBSymb C[6]-3:C[6]-3:C-4: its codNB2Symb 3:3:4:
Found 3:3:1:
Found 3:3:2:
Found 3:3:4:
Found C[6]-3:C[6]-3:H-1:
Found C[6]-3:C[6]-3:O-2:
Found C[6]-3:C[6]-3:C-4:
Found C[6](C[6]CC)(C[6]CO)(H)
Found C[6](C[6]CH)2(OC)
Target angle value : 121
Angle between C5(center) and C2 and H8
Atom1 C5 Its Cod class C[6](C[6]CC)(C[6]CO)(H) and Hashing 29
 Its codNBSymb C[6]-3:C[6]-3:H-1: its codNB2Symb 3:3:1:
Atom2 C2 Its Cod class C[6](C[6]CH)(C[6]CO)(CCHO) and Hashing 29
 Its codNBSymb C[6]-3:C[6]-3:C-4: its codNB2Symb 3:3:4:
Atom3 H8 Its Cod class H(C[6]CC) and Hashing 887
 Its codNBSymb C[6]-3: its codNB2Symb 3:
Found 3:3:1:
Found 3:3:4:
Found 3:
Found C[6]-3:C[6]-3:H-1:
Found C[6]-3:C[6]-3:C-4:
Found C[6]-3:
Found C[6](C[6]CC)(C[6]CO)(H)
not Found C[6](C[6]CH)(C[6]CO)(CCHO) iFind8 
Target angle value : 119
Angle between C5(center) and C6 and H8
Atom1 C5 Its Cod class C[6](C[6]CC)(C[6]CO)(H) and Hashing 29
 Its codNBSymb C[6]-3:C[6]-3:H-1: its codNB2Symb 3:3:1:
Atom2 C6 Its Cod class C[6](C[6]CH)2(OC) and Hashing 29
 Its codNBSymb C[6]-3:C[6]-3:O-2: its codNB2Symb 3:3:2:
Atom3 H8 Its Cod class H(C[6]CC) and Hashing 887
 Its codNBSymb C[6]-3: its codNB2Symb 3:
Found 3:3:1:
Found 3:3:2:
Found 3:
Found C[6]-3:C[6]-3:H-1:
Found C[6]-3:C[6]-3:O-2:
Found C[6]-3:
Found C[6](C[6]CC)(C[6]CO)(H)
Found C[6](C[6]CH)2(OC)
COD finds the exact value 120
the sigma value 0.688
Target angle value : 120
Angle between C6(center) and O3 and C5
Atom1 C6 Its Cod class C[6](C[6]CH)2(OC) and Hashing 29
 Its codNBSymb C[6]-3:C[6]-3:O-2: its codNB2Symb 3:3:2:
Atom2 C5 Its Cod class C[6](C[6]CC)(C[6]CO)(H) and Hashing 29
 Its codNBSymb C[6]-3:C[6]-3:H-1: its codNB2Symb 3:3:1:
Atom3 O3 Its Cod class O(C[6]CC)(CH3) and Hashing 111
 Its codNBSymb C[6]-3:C-4: its codNB2Symb 3:4:
Found 3:3:2:
Found 3:3:1:
Found 3:4:
Found C[6]-3:C[6]-3:O-2:
Found C[6]-3:C[6]-3:H-1:
Found C[6]-3:C-4:
Found C[6](C[6]CH)2(OC)
Found C[6](C[6]CC)(C[6]CO)(H)
COD finds the exact value 120
the sigma value 3
Target angle value : 120
Angle between C6(center) and O3 and C8
Atom1 C6 Its Cod class C[6](C[6]CH)2(OC) and Hashing 29
 Its codNBSymb C[6]-3:C[6]-3:O-2: its codNB2Symb 3:3:2:
Atom2 C8 Its Cod class C[6](C[6]CH)(C[6]CO)(H) and Hashing 29
 Its codNBSymb C[6]-3:C[6]-3:H-1: its codNB2Symb 3:3:1:
Atom3 O3 Its Cod class O(C[6]CC)(CH3) and Hashing 111
 Its codNBSymb C[6]-3:C-4: its codNB2Symb 3:4:
Found 3:3:2:
Found 3:3:1:
Found 3:4:
Found C[6]-3:C[6]-3:O-2:
Found C[6]-3:C[6]-3:H-1:
Found C[6]-3:C-4:
Found C[6](C[6]CH)2(OC)
Found C[6](C[6]CH)(C[6]CO)(H)
COD finds the exact value 120
the sigma value 3
Target angle value : 120
Angle between C6(center) and C5 and C8
Atom1 C6 Its Cod class C[6](C[6]CH)2(OC) and Hashing 29
 Its codNBSymb C[6]-3:C[6]-3:O-2: its codNB2Symb 3:3:2:
Atom2 C5 Its Cod class C[6](C[6]CC)(C[6]CO)(H) and Hashing 29
 Its codNBSymb C[6]-3:C[6]-3:H-1: its codNB2Symb 3:3:1:
Atom3 C8 Its Cod class C[6](C[6]CH)(C[6]CO)(H) and Hashing 29
 Its codNBSymb C[6]-3:C[6]-3:H-1: its codNB2Symb 3:3:1:
Found 3:3:2:
Found 3:3:1:
Found 3:3:1:
Found C[6]-3:C[6]-3:O-2:
Found C[6]-3:C[6]-3:H-1:
Found C[6]-3:C[6]-3:H-1:
Found C[6](C[6]CH)2(OC)
Found C[6](C[6]CC)(C[6]CO)(H)
Target angle value : 120
Angle between C7(center) and C4 and C8
Atom1 C7 Its Cod class C[6](C[6]CH)(C[6]CO)(H) and Hashing 29
 Its codNBSymb C[6]-3:C[6]-3:H-1: its codNB2Symb 3:3:1:
Atom2 C8 Its Cod class C[6](C[6]CH)(C[6]CO)(H) and Hashing 29
 Its codNBSymb C[6]-3:C[6]-3:H-1: its codNB2Symb 3:3:1:
Atom3 C4 Its Cod class C[6](C[6]CC)(C[6]CH)(OC) and Hashing 29
 Its codNBSymb C[6]-3:C[6]-3:O-2: its codNB2Symb 3:3:2:
Found 3:3:1:
Found 3:3:1:
Found 3:3:2:
Found C[6]-3:C[6]-3:H-1:
Found C[6]-3:C[6]-3:H-1:
Found C[6]-3:C[6]-3:O-2:
Found C[6](C[6]CH)(C[6]CO)(H)
Found C[6](C[6]CH)(C[6]CO)(H)
COD finds the exact value 120
the sigma value 0.946
Target angle value : 120
Angle between C7(center) and C4 and H9
Atom1 C7 Its Cod class C[6](C[6]CH)(C[6]CO)(H) and Hashing 29
 Its codNBSymb C[6]-3:C[6]-3:H-1: its codNB2Symb 3:3:1:
Atom2 C4 Its Cod class C[6](C[6]CC)(C[6]CH)(OC) and Hashing 29
 Its codNBSymb C[6]-3:C[6]-3:O-2: its codNB2Symb 3:3:2:
Atom3 H9 Its Cod class H(C[6]CC) and Hashing 887
 Its codNBSymb C[6]-3: its codNB2Symb 3:
Found 3:3:1:
Found 3:3:2:
Found 3:
Found C[6]-3:C[6]-3:H-1:
Found C[6]-3:C[6]-3:O-2:
Found C[6]-3:
Found C[6](C[6]CH)(C[6]CO)(H)
Found C[6](C[6]CC)(C[6]CH)(OC)
COD finds the exact value 120
the sigma value 0.665
Target angle value : 120
Angle between C7(center) and C8 and H9
Atom1 C7 Its Cod class C[6](C[6]CH)(C[6]CO)(H) and Hashing 29
 Its codNBSymb C[6]-3:C[6]-3:H-1: its codNB2Symb 3:3:1:
Atom2 C8 Its Cod class C[6](C[6]CH)(C[6]CO)(H) and Hashing 29
 Its codNBSymb C[6]-3:C[6]-3:H-1: its codNB2Symb 3:3:1:
Atom3 H9 Its Cod class H(C[6]CC) and Hashing 887
 Its codNBSymb C[6]-3: its codNB2Symb 3:
Found 3:3:1:
Found 3:3:1:
Found 3:
Found C[6]-3:C[6]-3:H-1:
Found C[6]-3:C[6]-3:H-1:
Found C[6]-3:
Found C[6](C[6]CH)(C[6]CO)(H)
Found C[6](C[6]CH)(C[6]CO)(H)
COD finds the exact value 120
the sigma value 1.02
Target angle value : 120
Angle between C8(center) and C6 and C7
Atom1 C8 Its Cod class C[6](C[6]CH)(C[6]CO)(H) and Hashing 29
 Its codNBSymb C[6]-3:C[6]-3:H-1: its codNB2Symb 3:3:1:
Atom2 C6 Its Cod class C[6](C[6]CH)2(OC) and Hashing 29
 Its codNBSymb C[6]-3:C[6]-3:O-2: its codNB2Symb 3:3:2:
Atom3 C7 Its Cod class C[6](C[6]CH)(C[6]CO)(H) and Hashing 29
 Its codNBSymb C[6]-3:C[6]-3:H-1: its codNB2Symb 3:3:1:
Found 3:3:1:
Found 3:3:2:
Found 3:3:1:
Found C[6]-3:C[6]-3:H-1:
Found C[6]-3:C[6]-3:O-2:
Found C[6]-3:C[6]-3:H-1:
Found C[6](C[6]CH)(C[6]CO)(H)
Found C[6](C[6]CH)2(OC)
COD finds the exact value 120
the sigma value 1.15
Target angle value : 120
Angle between C8(center) and C6 and H10
Atom1 C8 Its Cod class C[6](C[6]CH)(C[6]CO)(H) and Hashing 29
 Its codNBSymb C[6]-3:C[6]-3:H-1: its codNB2Symb 3:3:1:
Atom2 C6 Its Cod class C[6](C[6]CH)2(OC) and Hashing 29
 Its codNBSymb C[6]-3:C[6]-3:O-2: its codNB2Symb 3:3:2:
Atom3 H10 Its Cod class H(C[6]CC) and Hashing 887
 Its codNBSymb C[6]-3: its codNB2Symb 3:
Found 3:3:1:
Found 3:3:2:
Found 3:
Found C[6]-3:C[6]-3:H-1:
Found C[6]-3:C[6]-3:O-2:
Found C[6]-3:
Found C[6](C[6]CH)(C[6]CO)(H)
Found C[6](C[6]CH)2(OC)
COD finds the exact value 120
the sigma value 0.736
Target angle value : 120
Angle between C8(center) and C7 and H10
Atom1 C8 Its Cod class C[6](C[6]CH)(C[6]CO)(H) and Hashing 29
 Its codNBSymb C[6]-3:C[6]-3:H-1: its codNB2Symb 3:3:1:
Atom2 C7 Its Cod class C[6](C[6]CH)(C[6]CO)(H) and Hashing 29
 Its codNBSymb C[6]-3:C[6]-3:H-1: its codNB2Symb 3:3:1:
Atom3 H10 Its Cod class H(C[6]CC) and Hashing 887
 Its codNBSymb C[6]-3: its codNB2Symb 3:
Found 3:3:1:
Found 3:3:1:
Found 3:
Found C[6]-3:C[6]-3:H-1:
Found C[6]-3:C[6]-3:H-1:
Found C[6]-3:
Found C[6](C[6]CH)(C[6]CO)(H)
Found C[6](C[6]CH)(C[6]CO)(H)
COD finds the exact value 120
the sigma value 1.02
Target angle value : 120
Angle between C9(center) and O4 and N1
Atom1 C9 Its Cod class C(CHHN)(NCH)(O) and Hashing 699
 Its codNBSymb C-4:N-3:O-1: its codNB2Symb 4:3:1:
Atom2 O4 Its Cod class O(CCN) and Hashing 157
 Its codNBSymb C-3: its codNB2Symb 3:
Atom3 N1 Its Cod class N(CCHH)(CCO)(H) and Hashing 981
 Its codNBSymb C-4:C-3:H-1: its codNB2Symb 4:3:1:
Found 4:3:1:
Found 3:
Found 4:3:1:
Found C-4:N-3:O-1:
Found C-3:
Found C-4:C-3:H-1:
Found C(CHHN)(NCH)(O)
Found O(CCN)
COD finds the exact value 123
the sigma value 0.945
Target angle value : 123
Angle between C9(center) and O4 and C10
Atom1 C9 Its Cod class C(CHHN)(NCH)(O) and Hashing 699
 Its codNBSymb C-4:N-3:O-1: its codNB2Symb 4:3:1:
Atom2 O4 Its Cod class O(CCN) and Hashing 157
 Its codNBSymb C-3: its codNB2Symb 3:
Atom3 C10 Its Cod class C(CNO)(NHH)(H)2 and Hashing 673
 Its codNBSymb C-3:N-3:H-1:H-1: its codNB2Symb 3:3:1:1:
Found 4:3:1:
Found 3:
Found 3:3:1:1:
Found C-4:N-3:O-1:
Found C-3:
Found C-3:N-3:H-1:H-1:
Found C(CHHN)(NCH)(O)
Found O(CCN)
Target angle value : 121
Angle between C9(center) and N1 and C10
Atom1 C9 Its Cod class C(CHHN)(NCH)(O) and Hashing 699
 Its codNBSymb C-4:N-3:O-1: its codNB2Symb 4:3:1:
Atom2 C10 Its Cod class C(CNO)(NHH)(H)2 and Hashing 673
 Its codNBSymb C-3:N-3:H-1:H-1: its codNB2Symb 3:3:1:1:
Atom3 N1 Its Cod class N(CCHH)(CCO)(H) and Hashing 981
 Its codNBSymb C-4:C-3:H-1: its codNB2Symb 4:3:1:
Found 4:3:1:
Found 3:3:1:1:
Found 4:3:1:
Found C-4:N-3:O-1:
Found C-3:N-3:H-1:H-1:
Found C-4:C-3:H-1:
Found C(CHHN)(NCH)(O)
not Found C(CNO)(NHH)(H)2 iFind8 
Target angle value : 116
Angle between C10(center) and N2 and C9
Atom1 C10 Its Cod class C(CNO)(NHH)(H)2 and Hashing 673
 Its codNBSymb C-3:N-3:H-1:H-1: its codNB2Symb 3:3:1:1:
Atom2 C9 Its Cod class C(CHHN)(NCH)(O) and Hashing 699
 Its codNBSymb C-4:N-3:O-1: its codNB2Symb 4:3:1:
Atom3 N2 Its Cod class N(CCHH)(H)2 and Hashing 981
 Its codNBSymb C-4:H-1:H-1: its codNB2Symb 4:1:1:
Found 3:3:1:1:
Found 4:3:1:
not Found 4:1:1: iFind3 
Target angle value : 111
Angle between C10(center) and N2 and H11
Atom1 C10 Its Cod class C(CNO)(NHH)(H)2 and Hashing 673
 Its codNBSymb C-3:N-3:H-1:H-1: its codNB2Symb 3:3:1:1:
Atom2 H11 Its Cod class H(CCHN) and Hashing 887
 Its codNBSymb C-4: its codNB2Symb 4:
Atom3 N2 Its Cod class N(CCHH)(H)2 and Hashing 981
 Its codNBSymb C-4:H-1:H-1: its codNB2Symb 4:1:1:
Found 3:3:1:1:
Found 4:
Found 4:1:1:
not Found C-3:N-3:H-1:H-1: iFind4 
Target angle value : 108
Angle between C10(center) and N2 and H12
Atom1 C10 Its Cod class C(CNO)(NHH)(H)2 and Hashing 673
 Its codNBSymb C-3:N-3:H-1:H-1: its codNB2Symb 3:3:1:1:
Atom2 H12 Its Cod class H(CCHN) and Hashing 887
 Its codNBSymb C-4: its codNB2Symb 4:
Atom3 N2 Its Cod class N(CCHH)(H)2 and Hashing 981
 Its codNBSymb C-4:H-1:H-1: its codNB2Symb 4:1:1:
Found 3:3:1:1:
Found 4:
Found 4:1:1:
not Found C-3:N-3:H-1:H-1: iFind4 
Target angle value : 108
Angle between C10(center) and C9 and H11
Atom1 C10 Its Cod class C(CNO)(NHH)(H)2 and Hashing 673
 Its codNBSymb C-3:N-3:H-1:H-1: its codNB2Symb 3:3:1:1:
Atom2 C9 Its Cod class C(CHHN)(NCH)(O) and Hashing 699
 Its codNBSymb C-4:N-3:O-1: its codNB2Symb 4:3:1:
Atom3 H11 Its Cod class H(CCHN) and Hashing 887
 Its codNBSymb C-4: its codNB2Symb 4:
Found 3:3:1:1:
Found 4:3:1:
Found 4:
Found C-3:N-3:H-1:H-1:
Found C-4:N-3:O-1:
Found C-4:
not Found C(CNO)(NHH)(H)2 iFind7 
Target angle value : 109
Angle between C10(center) and C9 and H12
Atom1 C10 Its Cod class C(CNO)(NHH)(H)2 and Hashing 673
 Its codNBSymb C-3:N-3:H-1:H-1: its codNB2Symb 3:3:1:1:
Atom2 C9 Its Cod class C(CHHN)(NCH)(O) and Hashing 699
 Its codNBSymb C-4:N-3:O-1: its codNB2Symb 4:3:1:
Atom3 H12 Its Cod class H(CCHN) and Hashing 887
 Its codNBSymb C-4: its codNB2Symb 4:
Found 3:3:1:1:
Found 4:3:1:
Found 4:
Found C-3:N-3:H-1:H-1:
Found C-4:N-3:O-1:
Found C-4:
not Found C(CNO)(NHH)(H)2 iFind7 
Target angle value : 109
Angle between C10(center) and H11 and H12
Atom1 C10 Its Cod class C(CNO)(NHH)(H)2 and Hashing 673
 Its codNBSymb C-3:N-3:H-1:H-1: its codNB2Symb 3:3:1:1:
Atom2 H11 Its Cod class H(CCHN) and Hashing 887
 Its codNBSymb C-4: its codNB2Symb 4:
Atom3 H12 Its Cod class H(CCHN) and Hashing 887
 Its codNBSymb C-4: its codNB2Symb 4:
Found 3:3:1:1:
Found 4:
Found 4:
Found C-3:N-3:H-1:H-1:
Found C-4:
Found C-4:
not Found C(CNO)(NHH)(H)2 iFind7 
Target angle value : 108
Angle between C11(center) and O2 and H13
Atom1 C11 Its Cod class C(OC)(H)3 and Hashing 673
 Its codNBSymb O-2:H-1:H-1:H-1: its codNB2Symb 2:1:1:1:
Atom2 O2 Its Cod class O(C[6]CC)(CH3) and Hashing 111
 Its codNBSymb C[6]-3:C-4: its codNB2Symb 3:4:
Atom3 H13 Its Cod class H(CHHO) and Hashing 887
 Its codNBSymb C-4: its codNB2Symb 4:
Found 2:1:1:1:
Found 3:4:
Found 4:
Found O-2:H-1:H-1:H-1:
Found C[6]-3:C-4:
Found C-4:
Found C(OC)(H)3
Found O(C[6]CC)(CH3)
COD finds the exact value 109
the sigma value 1.47
Target angle value : 109
Angle between C11(center) and O2 and H14
Atom1 C11 Its Cod class C(OC)(H)3 and Hashing 673
 Its codNBSymb O-2:H-1:H-1:H-1: its codNB2Symb 2:1:1:1:
Atom2 O2 Its Cod class O(C[6]CC)(CH3) and Hashing 111
 Its codNBSymb C[6]-3:C-4: its codNB2Symb 3:4:
Atom3 H14 Its Cod class H(CHHO) and Hashing 887
 Its codNBSymb C-4: its codNB2Symb 4:
Found 2:1:1:1:
Found 3:4:
Found 4:
Found O-2:H-1:H-1:H-1:
Found C[6]-3:C-4:
Found C-4:
Found C(OC)(H)3
Found O(C[6]CC)(CH3)
COD finds the exact value 109
the sigma value 1.47
Target angle value : 109
Angle between C11(center) and O2 and H15
Atom1 C11 Its Cod class C(OC)(H)3 and Hashing 673
 Its codNBSymb O-2:H-1:H-1:H-1: its codNB2Symb 2:1:1:1:
Atom2 O2 Its Cod class O(C[6]CC)(CH3) and Hashing 111
 Its codNBSymb C[6]-3:C-4: its codNB2Symb 3:4:
Atom3 H15 Its Cod class H(CHHO) and Hashing 887
 Its codNBSymb C-4: its codNB2Symb 4:
Found 2:1:1:1:
Found 3:4:
Found 4:
Found O-2:H-1:H-1:H-1:
Found C[6]-3:C-4:
Found C-4:
Found C(OC)(H)3
Found O(C[6]CC)(CH3)
COD finds the exact value 109
the sigma value 1.47
Target angle value : 109
Angle between C11(center) and H13 and H14
Atom1 C11 Its Cod class C(OC)(H)3 and Hashing 673
 Its codNBSymb O-2:H-1:H-1:H-1: its codNB2Symb 2:1:1:1:
Atom2 H13 Its Cod class H(CHHO) and Hashing 887
 Its codNBSymb C-4: its codNB2Symb 4:
Atom3 H14 Its Cod class H(CHHO) and Hashing 887
 Its codNBSymb C-4: its codNB2Symb 4:
Found 2:1:1:1:
Found 4:
Found 4:
Found O-2:H-1:H-1:H-1:
Found C-4:
Found C-4:
Found C(OC)(H)3
Found H(CHHO)
COD finds the exact value 110
the sigma value 2.23
Target angle value : 110
Angle between C11(center) and H13 and H15
Atom1 C11 Its Cod class C(OC)(H)3 and Hashing 673
 Its codNBSymb O-2:H-1:H-1:H-1: its codNB2Symb 2:1:1:1:
Atom2 H13 Its Cod class H(CHHO) and Hashing 887
 Its codNBSymb C-4: its codNB2Symb 4:
Atom3 H15 Its Cod class H(CHHO) and Hashing 887
 Its codNBSymb C-4: its codNB2Symb 4:
Found 2:1:1:1:
Found 4:
Found 4:
Found O-2:H-1:H-1:H-1:
Found C-4:
Found C-4:
Found C(OC)(H)3
Found H(CHHO)
COD finds the exact value 110
the sigma value 2.23
Target angle value : 110
Angle between C11(center) and H14 and H15
Atom1 C11 Its Cod class C(OC)(H)3 and Hashing 673
 Its codNBSymb O-2:H-1:H-1:H-1: its codNB2Symb 2:1:1:1:
Atom2 H14 Its Cod class H(CHHO) and Hashing 887
 Its codNBSymb C-4: its codNB2Symb 4:
Atom3 H15 Its Cod class H(CHHO) and Hashing 887
 Its codNBSymb C-4: its codNB2Symb 4:
Found 2:1:1:1:
Found 4:
Found 4:
Found O-2:H-1:H-1:H-1:
Found C-4:
Found C-4:
Found C(OC)(H)3
Found H(CHHO)
COD finds the exact value 110
the sigma value 2.23
Target angle value : 110
Angle between C12(center) and O3 and H16
Atom1 C12 Its Cod class C(OC)(H)3 and Hashing 673
 Its codNBSymb O-2:H-1:H-1:H-1: its codNB2Symb 2:1:1:1:
Atom2 O3 Its Cod class O(C[6]CC)(CH3) and Hashing 111
 Its codNBSymb C[6]-3:C-4: its codNB2Symb 3:4:
Atom3 H16 Its Cod class H(CHHO) and Hashing 887
 Its codNBSymb C-4: its codNB2Symb 4:
Found 2:1:1:1:
Found 3:4:
Found 4:
Found O-2:H-1:H-1:H-1:
Found C[6]-3:C-4:
Found C-4:
Found C(OC)(H)3
Found O(C[6]CC)(CH3)
COD finds the exact value 109
the sigma value 1.47
Target angle value : 109
Angle between C12(center) and O3 and H17
Atom1 C12 Its Cod class C(OC)(H)3 and Hashing 673
 Its codNBSymb O-2:H-1:H-1:H-1: its codNB2Symb 2:1:1:1:
Atom2 O3 Its Cod class O(C[6]CC)(CH3) and Hashing 111
 Its codNBSymb C[6]-3:C-4: its codNB2Symb 3:4:
Atom3 H17 Its Cod class H(CHHO) and Hashing 887
 Its codNBSymb C-4: its codNB2Symb 4:
Found 2:1:1:1:
Found 3:4:
Found 4:
Found O-2:H-1:H-1:H-1:
Found C[6]-3:C-4:
Found C-4:
Found C(OC)(H)3
Found O(C[6]CC)(CH3)
COD finds the exact value 109
the sigma value 1.47
Target angle value : 109
Angle between C12(center) and O3 and H18
Atom1 C12 Its Cod class C(OC)(H)3 and Hashing 673
 Its codNBSymb O-2:H-1:H-1:H-1: its codNB2Symb 2:1:1:1:
Atom2 O3 Its Cod class O(C[6]CC)(CH3) and Hashing 111
 Its codNBSymb C[6]-3:C-4: its codNB2Symb 3:4:
Atom3 H18 Its Cod class H(CHHO) and Hashing 887
 Its codNBSymb C-4: its codNB2Symb 4:
Found 2:1:1:1:
Found 3:4:
Found 4:
Found O-2:H-1:H-1:H-1:
Found C[6]-3:C-4:
Found C-4:
Found C(OC)(H)3
Found O(C[6]CC)(CH3)
COD finds the exact value 109
the sigma value 1.47
Target angle value : 109
Angle between C12(center) and H16 and H17
Atom1 C12 Its Cod class C(OC)(H)3 and Hashing 673
 Its codNBSymb O-2:H-1:H-1:H-1: its codNB2Symb 2:1:1:1:
Atom2 H16 Its Cod class H(CHHO) and Hashing 887
 Its codNBSymb C-4: its codNB2Symb 4:
Atom3 H17 Its Cod class H(CHHO) and Hashing 887
 Its codNBSymb C-4: its codNB2Symb 4:
Found 2:1:1:1:
Found 4:
Found 4:
Found O-2:H-1:H-1:H-1:
Found C-4:
Found C-4:
Found C(OC)(H)3
Found H(CHHO)
COD finds the exact value 110
the sigma value 2.23
Target angle value : 110
Angle between C12(center) and H16 and H18
Atom1 C12 Its Cod class C(OC)(H)3 and Hashing 673
 Its codNBSymb O-2:H-1:H-1:H-1: its codNB2Symb 2:1:1:1:
Atom2 H16 Its Cod class H(CHHO) and Hashing 887
 Its codNBSymb C-4: its codNB2Symb 4:
Atom3 H18 Its Cod class H(CHHO) and Hashing 887
 Its codNBSymb C-4: its codNB2Symb 4:
Found 2:1:1:1:
Found 4:
Found 4:
Found O-2:H-1:H-1:H-1:
Found C-4:
Found C-4:
Found C(OC)(H)3
Found H(CHHO)
COD finds the exact value 110
the sigma value 2.23
Target angle value : 110
Angle between C12(center) and H17 and H18
Atom1 C12 Its Cod class C(OC)(H)3 and Hashing 673
 Its codNBSymb O-2:H-1:H-1:H-1: its codNB2Symb 2:1:1:1:
Atom2 H17 Its Cod class H(CHHO) and Hashing 887
 Its codNBSymb C-4: its codNB2Symb 4:
Atom3 H18 Its Cod class H(CHHO) and Hashing 887
 Its codNBSymb C-4: its codNB2Symb 4:
Found 2:1:1:1:
Found 4:
Found 4:
Found O-2:H-1:H-1:H-1:
Found C-4:
Found C-4:
Found C(OC)(H)3
Found H(CHHO)
COD finds the exact value 110
the sigma value 2.23
Target angle value : 110
There are 1 rings 
These are: 
Ring C2C4C5C6C7C8.
Ring size:  6
Atom C2
Atom C4
Atom C5
Atom C6
Atom C7
Atom C8
Finish searching angles 
The system for global optimization is initiated
Geometrical optimization started at Tue Oct  7 11:28:36 2014
 Not found start atom under the first atom 
Atom C1 is the starting atom 
Atom C1 has a child O1
Atom O1 has parent C1
Atom C1 has a child C2
Atom C2 has parent C1
Atom C2 has a child C4
Atom C4 has parent C2
Atom C4 has a child C7
Atom C7 has parent C4
Atom C7 has a child C8
Atom C8 has parent C7
Atom C1 has a child C3
Atom C3 has parent C1
Atom C3 has a child N1
Atom N1 has parent C3
Atom N1 has a child C9
Atom C9 has parent N1
Atom C2 has a child C5
Atom C5 has parent C2
Atom C5 has a child C6
Atom C6 has parent C5
Atom C6 has a child O3
Atom O3 has parent C6
Atom O3 has a child C12
Atom C12 has parent O3
Atom C9 has a child C10
Atom C10 has parent C9
Atom C10 has a child N2
Atom N2 has parent C10
Atom C4 has a child O2
Atom O2 has parent C4
Atom O2 has a child C11
Atom C11 has parent O2
Atom C9 has a child O4
Atom O4 has parent C9
Atom C12 has a child H17
Atom H17 has parent C12
Atom N1 has a child H2
Atom H2 has parent N1
Atom N2 has a child H3
Atom H3 has parent N2
Atom C11 has a child H13
Atom H13 has parent C11
Atom C11 has a child H15
Atom H15 has parent C11
Atom C7 has a child H9
Atom H9 has parent C7
Atom C8 has a child H10
Atom H10 has parent C8
Atom C3 has a child H7
Atom H7 has parent C3
Atom C5 has a child H8
Atom H8 has parent C5
Atom C12 has a child H16
Atom H16 has parent C12
Atom C12 has a child H18
Atom H18 has parent C12
Atom C10 has a child H11
Atom H11 has parent C10
Atom C10 has a child H12
Atom H12 has parent C10
Atom N2 has a child H4
Atom H4 has parent N2
Atom C11 has a child H14
Atom H14 has parent C11
Atom C1 has a child H5
Atom H5 has parent C1
Atom C3 has a child H6
Atom H6 has parent C3
Atom O1 has a child H1
Atom H1 has parent O1
******* Tree structure for all atoms 
O1	C1	H1
O2	C4	C11
O3	C6	C12
O4	C9	END
N1	C3	C9
N1	C3	H2
N2	C10	H3
N2	C10	H4
C1	BEGIN	O1
C1	BEGIN	C2
C1	BEGIN	C3
C1	BEGIN	H5
C2	C1	C4
C2	C1	C5
C3	C1	N1
C3	C1	H7
C3	C1	H6
C4	C2	C7
C4	C2	O2
C5	C2	C6
C5	C2	H8
C6	C5	O3
C7	C4	C8
C7	C4	H9
C8	C7	H10
C9	N1	C10
C9	N1	O4
C10	C9	N2
C10	C9	H11
C10	C9	H12
C11	O2	H13
C11	O2	H15
C11	O2	H14
C12	O3	H17
C12	O3	H16
C12	O3	H18
H1	O1	END
H2	N1	END
H3	N2	END
H4	N2	END
H5	C1	END
H6	C3	END
H7	C3	END
H8	C5	END
H9	C7	END
H10	C8	END
H11	C10	END
H12	C10	END
H13	C11	END
H14	C11	END
H15	C11	END
H16	C12	END
H17	C12	END
H18	C12	END
number of atoms in start pack 2
atom in startPack 
atom O1
atom C2
The tree starts on atom C1 has 4 branches 
branch atoms are C2 and C1 and O1
branch atoms are O1 and C1 and C2
branch atoms are O1 and C1 and C3
branch atoms are O1 and C1 and H5
atom id O1
Its tree bond 1.41	Its tree angle 1.94	Its tree torsion -2.62
atom id O2
Its tree bond 1.37	Its tree angle 2.04	Its tree torsion -0
atom id O3
Its tree bond 1.37	Its tree angle 2.09	Its tree torsion -3.14
atom id O4
Its tree bond 1.23	Its tree angle 2.15	Its tree torsion 0
atom id N1
Its tree bond 1.45	Its tree angle 1.95	Its tree torsion -3.14
atom id N2
Its tree bond 1.52	Its tree angle 1.95	Its tree torsion 1.05
atom id C1
Its tree bond 0	Its tree angle 0	Its tree torsion 0
atom id C2
Its tree bond 1.52	Its tree angle 1.94	Its tree torsion 3.14
atom id C3
Its tree bond 1.52	Its tree angle 1.9	Its tree torsion -1.05
atom id C4
Its tree bond 1.4	Its tree angle 2.11	Its tree torsion 2.62
atom id C5
Its tree bond 1.39	Its tree angle 2.11	Its tree torsion -0.524
atom id C6
Its tree bond 1.39	Its tree angle 2.11	Its tree torsion -3.14
atom id C7
Its tree bond 1.39	Its tree angle 2.11	Its tree torsion -3.14
atom id C8
Its tree bond 1.38	Its tree angle 2.1	Its tree torsion -0
atom id C9
Its tree bond 1.33	Its tree angle 2.14	Its tree torsion 2.09
atom id C10
Its tree bond 1.52	Its tree angle 2.02	Its tree torsion 3.14
atom id C11
Its tree bond 1.42	Its tree angle 2.06	Its tree torsion -3.14
atom id C12
Its tree bond 1.42	Its tree angle 2.05	Its tree torsion -3.14
atom id H1
Its tree bond 0.853	Its tree angle 1.89	Its tree torsion -3.14
atom id H2
Its tree bond 0.87	Its tree angle 2.07	Its tree torsion -1.05
atom id H3
Its tree bond 0.901	Its tree angle 1.96	Its tree torsion -3.14
atom id H4
Its tree bond 0.901	Its tree angle 1.96	Its tree torsion 1.05
atom id H5
Its tree bond 0.987	Its tree angle 1.9	Its tree torsion 1.05
atom id H6
Its tree bond 0.976	Its tree angle 1.9	Its tree torsion 1.05
atom id H7
Its tree bond 0.976	Its tree angle 1.9	Its tree torsion -1.05
atom id H8
Its tree bond 0.943	Its tree angle 2.08	Its tree torsion -0
atom id H9
Its tree bond 0.949	Its tree angle 2.09	Its tree torsion -3.14
atom id H10
Its tree bond 0.949	Its tree angle 2.09	Its tree torsion -3.14
atom id H11
Its tree bond 0.979	Its tree angle 1.9	Its tree torsion -3.14
atom id H12
Its tree bond 0.979	Its tree angle 1.9	Its tree torsion -1.05
atom id H13
Its tree bond 0.973	Its tree angle 1.91	Its tree torsion -1.05
atom id H14
Its tree bond 0.973	Its tree angle 1.91	Its tree torsion 1.05
atom id H15
Its tree bond 0.973	Its tree angle 1.91	Its tree torsion 3.14
atom id H16
Its tree bond 0.973	Its tree angle 1.91	Its tree torsion -1.05
atom id H17
Its tree bond 0.973	Its tree angle 1.91	Its tree torsion 1.05
atom id H18
Its tree bond 0.973	Its tree angle 1.91	Its tree torsion 3.14
C5 done22 
Use input 
Current set: 
6
7
9
Use input 
Current set: 
7
9
12
Use input 
Current set: 
9
12
13
Use input 
Current set: 
12
13
11
Use input 
Current set: 
13
11
10
Use input 
Current set: 
11
10
7
Atom C7is in doneList 
Atom C8is in doneList 
Atom H9is in doneList 
Atom O2is in doneList 
H14 done21 
H15 done21 
Atom H15is in doneList 
Atom H14is in doneList 
Atom C5is in doneList 
Atom C6is in doneList 
H16 done21 
H18 done21 
Atom H16is in doneList 
Atom H18is in doneList 
Atom H8is in doneList 
H6 done21 
H7 done21 
H2 done22 
O4 done22 
H11 done21 
H12 done21 
H4 done21 
Atom H4is in doneList 
Atom H11is in doneList 
Atom H12is in doneList 
Atom O4is in doneList 
Atom H2is in doneList 
Atom H7is in doneList 
Atom H6is in doneList 
Global min stage starts 
number of local min to be found 10
We have 0 optimal sets 
number of local min found 1
We have 1 optimal sets 
The 3the OptimSet is stored 
Its curObjValue 8.36
number of local min found 3
We have 3 optimal sets 
The 5the OptimSet is stored 
Its curObjValue 7.78
number of local min found 5
We have 5 optimal sets 
number of local min found 6
We have 6 optimal sets 
The 8the OptimSet is stored 
Its curObjValue 6.71
number of local min found 8
We have 8 optimal sets 
The 10the OptimSet is stored 
Its curObjValue 4.99
number of local min found 10
The following are optimized sets 
Set objective value 4.99
Set objective value 4.99
Set objective value 6.71
Set objective value 6.71
Set objective value 7.78
Set objective value 7.78
Set objective value 8.36
Set objective value 8.36
Set objective value 10.4
Set objective value 12.1
 Geometrical optimization finished at Tue Oct  7 11:28:43 2014
it takes 7 seconds
O1
O1
O2
O2
O3
O3
O4
O4
N1
N1
N2
N2
C1
C1
C2
C2
C3
C3
C4
C4
C5
C5
C6
C6
C7
C7
C8
C8
C9
C9
C10
C10
C11
C11
C12
C12
H1
H1
H2
H2
H3
H3
H4
H4
H5
H5
H6
H6
H7
H7
H8
H8
H9
H9
H10
H10
H11
H11
H12
H12
H13
H13
H14
H14
H15
H15
H16
H16
H17
H17
H18
H18
=========END OF PROCESS INFORMATION
 ==========
