
============ PROCESS INFORMATION =============
||=====================Job description====================================||
You will get an output cif file for a list of dictionary restraints
based on the input cif file
Your input cif file : DB00221_fromSmiles_TMP/DB00221_fromSmiles_libcheck.lib
Your monomer name : UNL
The output dictionary file(cif) : DB00221_fromSmiles_TMP/DB00221_fromSmiles_cod.rst
||========================================================================||
The work mode is 11
NBDepth	1
inCifName	DB00221_fromSmiles_TMP/DB00221_fromSmiles_libcheck.lib
libMolTabDir	/Applications/ccp4-6.4.0/share/acedrg/tables
monoRootName	UNL
userOutName	DB00221_fromSmiles_TMP/DB00221_fromSmiles_cod.rst

Atom 0 : 
Its ID : O2
Its Chemical Type : O
Its CCP4 chemical type OH1
Its bonding index : 2
Its residue Name: SMILE
Its connected atoms are : 
C10
H18
The coords for the atom are : 
0
0
0

Atom 1 : 
Its ID : H18
Its Chemical Type : H
Its CCP4 chemical type H
Its bonding index : 0
Its residue Name: SMILE
Its connected atoms are : 
O2
The coords for the atom are : 
-0.028
-0.946
-0.218

Atom 2 : 
Its ID : C10
Its Chemical Type : C
Its CCP4 chemical type CR6
Its bonding index : 2
Its residue Name: SMILE
Its connected atoms are : 
C9
O2
C11
The coords for the atom are : 
1.337
0.442
0.064

Atom 3 : 
Its ID : C9
Its Chemical Type : C
Its CCP4 chemical type CR6
Its bonding index : 2
Its residue Name: SMILE
Its connected atoms are : 
C8
O1
C10
The coords for the atom are : 
1.436
-0.079
-1.37

Atom 4 : 
Its ID : O1
Its Chemical Type : O
Its CCP4 chemical type OH1
Its bonding index : 2
Its residue Name: SMILE
Its connected atoms are : 
C9
H17
The coords for the atom are : 
2.484
-0.239
-2.16

Atom 5 : 
Its ID : H17
Its Chemical Type : H
Its CCP4 chemical type H
Its bonding index : 0
Its residue Name: SMILE
Its connected atoms are : 
O1
The coords for the atom are : 
2.187
-0.593
-3.007

Atom 6 : 
Its ID : C8
Its Chemical Type : C
Its CCP4 chemical type CR16
Its bonding index : 2
Its residue Name: SMILE
Its connected atoms are : 
C7
C9
H16
The coords for the atom are : 
-0.022
0.003
-1.504

Atom 7 : 
Its ID : H16
Its Chemical Type : H
Its CCP4 chemical type H
Its bonding index : 0
Its residue Name: SMILE
Its connected atoms are : 
C8
The coords for the atom are : 
-0.482
-0.593
-2.282

Atom 8 : 
Its ID : C11
Its Chemical Type : C
Its CCP4 chemical type CR16
Its bonding index : 2
Its residue Name: SMILE
Its connected atoms are : 
C10
C12
H19
The coords for the atom are : 
1.119
1.786
0.381

Atom 9 : 
Its ID : H19
Its Chemical Type : H
Its CCP4 chemical type H
Its bonding index : 0
Its residue Name: SMILE
Its connected atoms are : 
C11
The coords for the atom are : 
1.8
2.481
0.856

Atom 10 : 
Its ID : C12
Its Chemical Type : C
Its CCP4 chemical type CR16
Its bonding index : 2
Its residue Name: SMILE
Its connected atoms are : 
C11
C7
H20
The coords for the atom are : 
-0.231
2.025
-0.075

Atom 11 : 
Its ID : H20
Its Chemical Type : H
Its CCP4 chemical type H
Its bonding index : 0
Its residue Name: SMILE
Its connected atoms are : 
C12
The coords for the atom are : 
-0.679
3.009
-0.019

Atom 12 : 
Its ID : C7
Its Chemical Type : C
Its CCP4 chemical type CR6
Its bonding index : 2
Its residue Name: SMILE
Its connected atoms are : 
C6
C8
C12
The coords for the atom are : 
-0.97
0.877
-0.617

Atom 13 : 
Its ID : C6
Its Chemical Type : C
Its CCP4 chemical type CH1
Its bonding index : 3
Its residue Name: SMILE
Its connected atoms are : 
C2
O
C7
H14
The coords for the atom are : 
-2.111
0.456
0.151

Atom 14 : 
Its ID : H14
Its Chemical Type : H
Its CCP4 chemical type H
Its bonding index : 0
Its residue Name: SMILE
Its connected atoms are : 
C6
The coords for the atom are : 
-2.433
-0.334
-0.543

Atom 15 : 
Its ID : O
Its Chemical Type : O
Its CCP4 chemical type OH1
Its bonding index : 2
Its residue Name: SMILE
Its connected atoms are : 
C6
H15
The coords for the atom are : 
-1.694
-0.393
1.153

Atom 16 : 
Its ID : H15
Its Chemical Type : H
Its CCP4 chemical type H
Its bonding index : 0
Its residue Name: SMILE
Its connected atoms are : 
O
The coords for the atom are : 
-2.462
-0.671
1.663

Atom 17 : 
Its ID : C2
Its Chemical Type : C
Its CCP4 chemical type CH1
Its bonding index : 3
Its residue Name: SMILE
Its connected atoms are : 
C1
N
C6
H5
The coords for the atom are : 
-3.399
0.912
0.463

Atom 18 : 
Its ID : H5
Its Chemical Type : H
Its CCP4 chemical type H
Its bonding index : 0
Its residue Name: SMILE
Its connected atoms are : 
C2
The coords for the atom are : 
-3.673
1.784
-0.148

Atom 19 : 
Its ID : C1
Its Chemical Type : C
Its CCP4 chemical type CH2
Its bonding index : 3
Its residue Name: SMILE
Its connected atoms are : 
C
C2
H3
H4
The coords for the atom are : 
-3.83
1.097
1.915

Atom 20 : 
Its ID : H3
Its Chemical Type : H
Its CCP4 chemical type H
Its bonding index : 0
Its residue Name: SMILE
Its connected atoms are : 
C1
The coords for the atom are : 
-3.37
2.061
2.14

Atom 21 : 
Its ID : H4
Its Chemical Type : H
Its CCP4 chemical type H
Its bonding index : 0
Its residue Name: SMILE
Its connected atoms are : 
C1
The coords for the atom are : 
-3.259
0.301
2.397

Atom 22 : 
Its ID : C
Its Chemical Type : C
Its CCP4 chemical type CH3
Its bonding index : 3
Its residue Name: SMILE
Its connected atoms are : 
C1
H
H1
H2
The coords for the atom are : 
-5.319
1.082
2.453

Atom 23 : 
Its ID : H2
Its Chemical Type : H
Its CCP4 chemical type H
Its bonding index : 0
Its residue Name: SMILE
Its connected atoms are : 
C
The coords for the atom are : 
-5.887
1.854
1.99

Atom 24 : 
Its ID : H1
Its Chemical Type : H
Its CCP4 chemical type H
Its bonding index : 0
Its residue Name: SMILE
Its connected atoms are : 
C
The coords for the atom are : 
-5.78
0.146
2.239

Atom 25 : 
Its ID : H
Its Chemical Type : H
Its CCP4 chemical type H
Its bonding index : 0
Its residue Name: SMILE
Its connected atoms are : 
C
The coords for the atom are : 
-5.333
1.234
3.506

Atom 26 : 
Its ID : N
Its Chemical Type : N
Its CCP4 chemical type NT1
Its bonding index : 3
Its residue Name: SMILE
Its connected atoms are : 
C2
C3
H6
The coords for the atom are : 
-4.266
-0.297
0.123

Atom 27 : 
Its ID : H6
Its Chemical Type : H
Its CCP4 chemical type H
Its bonding index : 0
Its residue Name: SMILE
Its connected atoms are : 
N
The coords for the atom are : 
-3.78
-0.885
-0.573

Atom 28 : 
Its ID : C3
Its Chemical Type : C
Its CCP4 chemical type CH1
Its bonding index : 3
Its residue Name: SMILE
Its connected atoms are : 
N
C4
C5
H7
The coords for the atom are : 
-5.614
-0.925
0.472

Atom 29 : 
Its ID : H7
Its Chemical Type : H
Its CCP4 chemical type H
Its bonding index : 0
Its residue Name: SMILE
Its connected atoms are : 
C3
The coords for the atom are : 
-5.765
-0.787
1.551

Atom 30 : 
Its ID : C5
Its Chemical Type : C
Its CCP4 chemical type CH3
Its bonding index : 3
Its residue Name: SMILE
Its connected atoms are : 
C3
H11
H12
H13
The coords for the atom are : 
-6.724
-0.159
-0.236

Atom 31 : 
Its ID : H13
Its Chemical Type : H
Its CCP4 chemical type H
Its bonding index : 0
Its residue Name: SMILE
Its connected atoms are : 
C5
The coords for the atom are : 
-6.711
0.852
0.079

Atom 32 : 
Its ID : H12
Its Chemical Type : H
Its CCP4 chemical type H
Its bonding index : 0
Its residue Name: SMILE
Its connected atoms are : 
C5
The coords for the atom are : 
-6.571
-0.204
-1.283

Atom 33 : 
Its ID : H11
Its Chemical Type : H
Its CCP4 chemical type H
Its bonding index : 0
Its residue Name: SMILE
Its connected atoms are : 
C5
The coords for the atom are : 
-7.66
-0.592
0.003

Atom 34 : 
Its ID : C4
Its Chemical Type : C
Its CCP4 chemical type CH3
Its bonding index : 3
Its residue Name: SMILE
Its connected atoms are : 
C3
H8
H9
H10
The coords for the atom are : 
-5.852
-2.453
0.161

Atom 35 : 
Its ID : H10
Its Chemical Type : H
Its CCP4 chemical type H
Its bonding index : 0
Its residue Name: SMILE
Its connected atoms are : 
C4
The coords for the atom are : 
-5.744
-2.636
-0.881

Atom 36 : 
Its ID : H9
Its Chemical Type : H
Its CCP4 chemical type H
Its bonding index : 0
Its residue Name: SMILE
Its connected atoms are : 
C4
The coords for the atom are : 
-5.146
-3.048
0.689

Atom 37 : 
Its ID : H8
Its Chemical Type : H
Its CCP4 chemical type H
Its bonding index : 0
Its residue Name: SMILE
Its connected atoms are : 
C4
The coords for the atom are : 
-6.832
-2.738
0.459
For Bond : 0
It is in Residue: SMILE
Its component atom1 C
Its component atom2 C1
For Bond : 1
It is in Residue: SMILE
Its component atom1 C1
Its component atom2 C2
For Bond : 2
It is in Residue: SMILE
Its component atom1 N
Its component atom2 C2
For Bond : 3
It is in Residue: SMILE
Its component atom1 C3
Its component atom2 N
For Bond : 4
It is in Residue: SMILE
Its component atom1 C4
Its component atom2 C3
For Bond : 5
It is in Residue: SMILE
Its component atom1 C5
Its component atom2 C3
For Bond : 6
It is in Residue: SMILE
Its component atom1 C2
Its component atom2 C6
For Bond : 7
It is in Residue: SMILE
Its component atom1 O
Its component atom2 C6
For Bond : 8
It is in Residue: SMILE
Its component atom1 C6
Its component atom2 C7
For Bond : 9
It is in Residue: SMILE
Its component atom1 C7
Its component atom2 C8
For Bond : 10
It is in Residue: SMILE
Its component atom1 C8
Its component atom2 C9
For Bond : 11
It is in Residue: SMILE
Its component atom1 O1
Its component atom2 C9
For Bond : 12
It is in Residue: SMILE
Its component atom1 C9
Its component atom2 C10
For Bond : 13
It is in Residue: SMILE
Its component atom1 C10
Its component atom2 O2
For Bond : 14
It is in Residue: SMILE
Its component atom1 C11
Its component atom2 C10
For Bond : 15
It is in Residue: SMILE
Its component atom1 C12
Its component atom2 C11
For Bond : 16
It is in Residue: SMILE
Its component atom1 C7
Its component atom2 C12
For Bond : 17
It is in Residue: SMILE
Its component atom1 H
Its component atom2 C
For Bond : 18
It is in Residue: SMILE
Its component atom1 H1
Its component atom2 C
For Bond : 19
It is in Residue: SMILE
Its component atom1 H2
Its component atom2 C
For Bond : 20
It is in Residue: SMILE
Its component atom1 H3
Its component atom2 C1
For Bond : 21
It is in Residue: SMILE
Its component atom1 H4
Its component atom2 C1
For Bond : 22
It is in Residue: SMILE
Its component atom1 H5
Its component atom2 C2
For Bond : 23
It is in Residue: SMILE
Its component atom1 H6
Its component atom2 N
For Bond : 24
It is in Residue: SMILE
Its component atom1 H7
Its component atom2 C3
For Bond : 25
It is in Residue: SMILE
Its component atom1 H8
Its component atom2 C4
For Bond : 26
It is in Residue: SMILE
Its component atom1 H9
Its component atom2 C4
For Bond : 27
It is in Residue: SMILE
Its component atom1 H10
Its component atom2 C4
For Bond : 28
It is in Residue: SMILE
Its component atom1 H11
Its component atom2 C5
For Bond : 29
It is in Residue: SMILE
Its component atom1 H12
Its component atom2 C5
For Bond : 30
It is in Residue: SMILE
Its component atom1 H13
Its component atom2 C5
For Bond : 31
It is in Residue: SMILE
Its component atom1 H14
Its component atom2 C6
For Bond : 32
It is in Residue: SMILE
Its component atom1 H15
Its component atom2 O
For Bond : 33
It is in Residue: SMILE
Its component atom1 H16
Its component atom2 C8
For Bond : 34
It is in Residue: SMILE
Its component atom1 H17
Its component atom2 O1
For Bond : 35
It is in Residue: SMILE
Its component atom1 H18
Its component atom2 O2
For Bond : 36
It is in Residue: SMILE
Its component atom1 H19
Its component atom2 C11
For Bond : 37
It is in Residue: SMILE
Its component atom1 H20
Its component atom2 C12
Atom ID: O2
Atom chemType: O
Atom chemType of COD classes: o
Atom ID: H18
Atom chemType: H
Atom chemType of COD classes: H
Atom ID: C10
Atom chemType: C
Atom chemType of COD classes: c
Atom ID: C9
Atom chemType: C
Atom chemType of COD classes: c
Atom ID: O1
Atom chemType: O
Atom chemType of COD classes: o
Atom ID: H17
Atom chemType: H
Atom chemType of COD classes: H
Atom ID: C8
Atom chemType: C
Atom chemType of COD classes: c
Atom ID: H16
Atom chemType: H
Atom chemType of COD classes: H
Atom ID: C11
Atom chemType: C
Atom chemType of COD classes: c
Atom ID: H19
Atom chemType: H
Atom chemType of COD classes: H
Atom ID: C12
Atom chemType: C
Atom chemType of COD classes: c
Atom ID: H20
Atom chemType: H
Atom chemType of COD classes: H
Atom ID: C7
Atom chemType: C
Atom chemType of COD classes: c
Atom ID: C6
Atom chemType: C
Atom chemType of COD classes: C
Atom ID: H14
Atom chemType: H
Atom chemType of COD classes: H
Atom ID: O
Atom chemType: O
Atom chemType of COD classes: o
Atom ID: H15
Atom chemType: H
Atom chemType of COD classes: H
Atom ID: C2
Atom chemType: C
Atom chemType of COD classes: C
Atom ID: H5
Atom chemType: H
Atom chemType of COD classes: H
Atom ID: C1
Atom chemType: C
Atom chemType of COD classes: C
Atom ID: H3
Atom chemType: H
Atom chemType of COD classes: H
Atom ID: H4
Atom chemType: H
Atom chemType of COD classes: H
Atom ID: C
Atom chemType: C
Atom chemType of COD classes: C
Atom ID: H2
Atom chemType: H
Atom chemType of COD classes: H
Atom ID: H1
Atom chemType: H
Atom chemType of COD classes: H
Atom ID: H
Atom chemType: H
Atom chemType of COD classes: H
Atom ID: N
Atom chemType: N
Atom chemType of COD classes: N
Atom ID: H6
Atom chemType: H
Atom chemType of COD classes: H
Atom ID: C3
Atom chemType: C
Atom chemType of COD classes: C
Atom ID: H7
Atom chemType: H
Atom chemType of COD classes: H
Atom ID: C5
Atom chemType: C
Atom chemType of COD classes: C
Atom ID: H13
Atom chemType: H
Atom chemType of COD classes: H
Atom ID: H12
Atom chemType: H
Atom chemType of COD classes: H
Atom ID: H11
Atom chemType: H
Atom chemType of COD classes: H
Atom ID: C4
Atom chemType: C
Atom chemType of COD classes: C
Atom ID: H10
Atom chemType: H
Atom chemType of COD classes: H
Atom ID: H9
Atom chemType: H
Atom chemType of COD classes: H
Atom ID: H8
Atom chemType: H
Atom chemType of COD classes: H
Set torsion angles around the bond of atom C and C1
Set torsion angles around the bond of atom C1 and C2
Set torsion angles around the bond of atom C2 and N
Set torsion angles around the bond of atom C3 and N
Set torsion angles around the bond of atom C3 and C4
Set torsion angles around the bond of atom C3 and C5
Set torsion angles around the bond of atom C2 and C6
Set torsion angles around the bond of atom C6 and O
Set torsion angles around the bond of atom C6 and C7
Set torsion angles around the bond of atom C9 and O1
Set torsion angles around the bond of atom C10 and O2
Set torsion angles around the bond of atom C10 and C11
All torsions have been setup 
Torsion angle 0
Its atoms are : 
atom C11
atom C10
atom C9
atom C8
Torsion angle 1
Its atoms are : 
atom C11
atom C10
atom C9
atom O1
Torsion angle 2
Its atoms are : 
atom O2
atom C10
atom C9
atom C8
Torsion angle 3
Its atoms are : 
atom O2
atom C10
atom C9
atom O1
Torsion angle 4
Its atoms are : 
atom C7
atom C8
atom C9
atom C10
Torsion angle 5
Its atoms are : 
atom C7
atom C8
atom C9
atom O1
Torsion angle 6
Its atoms are : 
atom H16
atom C8
atom C9
atom C10
Torsion angle 7
Its atoms are : 
atom H16
atom C8
atom C9
atom O1
Torsion angle 8
Its atoms are : 
atom C12
atom C7
atom C8
atom C9
Torsion angle 9
Its atoms are : 
atom C12
atom C7
atom C8
atom H16
Torsion angle 10
Its atoms are : 
atom C6
atom C7
atom C8
atom C9
Torsion angle 11
Its atoms are : 
atom C6
atom C7
atom C8
atom H16
Torsion angle 12
Its atoms are : 
atom C11
atom C12
atom C7
atom C8
Torsion angle 13
Its atoms are : 
atom C11
atom C12
atom C7
atom C6
Torsion angle 14
Its atoms are : 
atom H20
atom C12
atom C7
atom C8
Torsion angle 15
Its atoms are : 
atom H20
atom C12
atom C7
atom C6
Torsion angle 16
Its atoms are : 
atom C10
atom C11
atom C12
atom C7
Torsion angle 17
Its atoms are : 
atom C10
atom C11
atom C12
atom H20
Torsion angle 18
Its atoms are : 
atom H19
atom C11
atom C12
atom C7
Torsion angle 19
Its atoms are : 
atom H19
atom C11
atom C12
atom H20
Torsion angle 20
Its atoms are : 
atom H
atom C
atom C1
atom C2
Torsion angle 21
Its atoms are : 
atom H
atom C
atom C1
atom H3
Torsion angle 22
Its atoms are : 
atom H
atom C
atom C1
atom H4
Torsion angle 23
Its atoms are : 
atom H1
atom C
atom C1
atom C2
Torsion angle 24
Its atoms are : 
atom H1
atom C
atom C1
atom H3
Torsion angle 25
Its atoms are : 
atom H1
atom C
atom C1
atom H4
Torsion angle 26
Its atoms are : 
atom H2
atom C
atom C1
atom C2
Torsion angle 27
Its atoms are : 
atom H2
atom C
atom C1
atom H3
Torsion angle 28
Its atoms are : 
atom H2
atom C
atom C1
atom H4
Torsion angle 29
Its atoms are : 
atom C
atom C1
atom C2
atom C6
Torsion angle 30
Its atoms are : 
atom C
atom C1
atom C2
atom N
Torsion angle 31
Its atoms are : 
atom C
atom C1
atom C2
atom H5
Torsion angle 32
Its atoms are : 
atom H3
atom C1
atom C2
atom C6
Torsion angle 33
Its atoms are : 
atom H3
atom C1
atom C2
atom N
Torsion angle 34
Its atoms are : 
atom H3
atom C1
atom C2
atom H5
Torsion angle 35
Its atoms are : 
atom H4
atom C1
atom C2
atom C6
Torsion angle 36
Its atoms are : 
atom H4
atom C1
atom C2
atom N
Torsion angle 37
Its atoms are : 
atom H4
atom C1
atom C2
atom H5
Torsion angle 38
Its atoms are : 
atom C1
atom C2
atom N
atom C3
Torsion angle 39
Its atoms are : 
atom C1
atom C2
atom N
atom H6
Torsion angle 40
Its atoms are : 
atom C6
atom C2
atom N
atom C3
Torsion angle 41
Its atoms are : 
atom C6
atom C2
atom N
atom H6
Torsion angle 42
Its atoms are : 
atom H5
atom C2
atom N
atom C3
Torsion angle 43
Its atoms are : 
atom H5
atom C2
atom N
atom H6
Torsion angle 44
Its atoms are : 
atom C5
atom C3
atom N
atom C2
Torsion angle 45
Its atoms are : 
atom C5
atom C3
atom N
atom H6
Torsion angle 46
Its atoms are : 
atom C4
atom C3
atom N
atom C2
Torsion angle 47
Its atoms are : 
atom C4
atom C3
atom N
atom H6
Torsion angle 48
Its atoms are : 
atom H7
atom C3
atom N
atom C2
Torsion angle 49
Its atoms are : 
atom H7
atom C3
atom N
atom H6
Torsion angle 50
Its atoms are : 
atom N
atom C3
atom C4
atom H8
Torsion angle 51
Its atoms are : 
atom N
atom C3
atom C4
atom H9
Torsion angle 52
Its atoms are : 
atom N
atom C3
atom C4
atom H10
Torsion angle 53
Its atoms are : 
atom C5
atom C3
atom C4
atom H8
Torsion angle 54
Its atoms are : 
atom C5
atom C3
atom C4
atom H9
Torsion angle 55
Its atoms are : 
atom C5
atom C3
atom C4
atom H10
Torsion angle 56
Its atoms are : 
atom H7
atom C3
atom C4
atom H8
Torsion angle 57
Its atoms are : 
atom H7
atom C3
atom C4
atom H9
Torsion angle 58
Its atoms are : 
atom H7
atom C3
atom C4
atom H10
Torsion angle 59
Its atoms are : 
atom C4
atom C3
atom C5
atom H11
Torsion angle 60
Its atoms are : 
atom C4
atom C3
atom C5
atom H12
Torsion angle 61
Its atoms are : 
atom C4
atom C3
atom C5
atom H13
Torsion angle 62
Its atoms are : 
atom N
atom C3
atom C5
atom H11
Torsion angle 63
Its atoms are : 
atom N
atom C3
atom C5
atom H12
Torsion angle 64
Its atoms are : 
atom N
atom C3
atom C5
atom H13
Torsion angle 65
Its atoms are : 
atom H7
atom C3
atom C5
atom H11
Torsion angle 66
Its atoms are : 
atom H7
atom C3
atom C5
atom H12
Torsion angle 67
Its atoms are : 
atom H7
atom C3
atom C5
atom H13
Torsion angle 68
Its atoms are : 
atom N
atom C2
atom C6
atom C7
Torsion angle 69
Its atoms are : 
atom N
atom C2
atom C6
atom O
Torsion angle 70
Its atoms are : 
atom N
atom C2
atom C6
atom H14
Torsion angle 71
Its atoms are : 
atom C1
atom C2
atom C6
atom C7
Torsion angle 72
Its atoms are : 
atom C1
atom C2
atom C6
atom O
Torsion angle 73
Its atoms are : 
atom C1
atom C2
atom C6
atom H14
Torsion angle 74
Its atoms are : 
atom H5
atom C2
atom C6
atom C7
Torsion angle 75
Its atoms are : 
atom H5
atom C2
atom C6
atom O
Torsion angle 76
Its atoms are : 
atom H5
atom C2
atom C6
atom H14
Torsion angle 77
Its atoms are : 
atom C2
atom C6
atom O
atom H15
Torsion angle 78
Its atoms are : 
atom C7
atom C6
atom O
atom H15
Torsion angle 79
Its atoms are : 
atom H14
atom C6
atom O
atom H15
Torsion angle 80
Its atoms are : 
atom C8
atom C7
atom C6
atom O
Torsion angle 81
Its atoms are : 
atom C8
atom C7
atom C6
atom C2
Torsion angle 82
Its atoms are : 
atom C8
atom C7
atom C6
atom H14
Torsion angle 83
Its atoms are : 
atom C12
atom C7
atom C6
atom O
Torsion angle 84
Its atoms are : 
atom C12
atom C7
atom C6
atom C2
Torsion angle 85
Its atoms are : 
atom C12
atom C7
atom C6
atom H14
Torsion angle 86
Its atoms are : 
atom C8
atom C9
atom O1
atom H17
Torsion angle 87
Its atoms are : 
atom C10
atom C9
atom O1
atom H17
Torsion angle 88
Its atoms are : 
atom C9
atom C10
atom O2
atom H18
Torsion angle 89
Its atoms are : 
atom C11
atom C10
atom O2
atom H18
Torsion angle 90
Its atoms are : 
atom C9
atom C10
atom C11
atom C12
Torsion angle 91
Its atoms are : 
atom C9
atom C10
atom C11
atom H19
Torsion angle 92
Its atoms are : 
atom O2
atom C10
atom C11
atom C12
Torsion angle 93
Its atoms are : 
atom O2
atom C10
atom C11
atom H19

Atom 0 : 
Its ID : O2
Its Chemical Type : O
Its bonding index : 2
Its CCP4 atom type : OH1
Its residue Name: SMILE
Its connected atoms are : 
C10
H18

Atom 1 : 
Its ID : H18
Its Chemical Type : H
Its bonding index : 0
Its CCP4 atom type : H
Its residue Name: SMILE
Its connected atoms are : 
O2

Atom 2 : 
Its ID : C10
Its Chemical Type : C
Its bonding index : 2
Its CCP4 atom type : CR6
Its residue Name: SMILE
Its connected atoms are : 
C9
O2
C11

Atom 3 : 
Its ID : C9
Its Chemical Type : C
Its bonding index : 2
Its CCP4 atom type : CR6
Its residue Name: SMILE
Its connected atoms are : 
C8
O1
C10

Atom 4 : 
Its ID : O1
Its Chemical Type : O
Its bonding index : 2
Its CCP4 atom type : OH1
Its residue Name: SMILE
Its connected atoms are : 
C9
H17

Atom 5 : 
Its ID : H17
Its Chemical Type : H
Its bonding index : 0
Its CCP4 atom type : H
Its residue Name: SMILE
Its connected atoms are : 
O1

Atom 6 : 
Its ID : C8
Its Chemical Type : C
Its bonding index : 2
Its CCP4 atom type : CR16
Its residue Name: SMILE
Its connected atoms are : 
C7
C9
H16

Atom 7 : 
Its ID : H16
Its Chemical Type : H
Its bonding index : 0
Its CCP4 atom type : H
Its residue Name: SMILE
Its connected atoms are : 
C8

Atom 8 : 
Its ID : C11
Its Chemical Type : C
Its bonding index : 2
Its CCP4 atom type : CR16
Its residue Name: SMILE
Its connected atoms are : 
C10
C12
H19

Atom 9 : 
Its ID : H19
Its Chemical Type : H
Its bonding index : 0
Its CCP4 atom type : H
Its residue Name: SMILE
Its connected atoms are : 
C11

Atom 10 : 
Its ID : C12
Its Chemical Type : C
Its bonding index : 2
Its CCP4 atom type : CR16
Its residue Name: SMILE
Its connected atoms are : 
C11
C7
H20

Atom 11 : 
Its ID : H20
Its Chemical Type : H
Its bonding index : 0
Its CCP4 atom type : H
Its residue Name: SMILE
Its connected atoms are : 
C12

Atom 12 : 
Its ID : C7
Its Chemical Type : C
Its bonding index : 2
Its CCP4 atom type : CR6
Its residue Name: SMILE
Its connected atoms are : 
C6
C8
C12

Atom 13 : 
Its ID : C6
Its Chemical Type : C
Its bonding index : 3
Its CCP4 atom type : CH1
Its residue Name: SMILE
Its connected atoms are : 
C2
O
C7
H14

Atom 14 : 
Its ID : H14
Its Chemical Type : H
Its bonding index : 0
Its CCP4 atom type : H
Its residue Name: SMILE
Its connected atoms are : 
C6

Atom 15 : 
Its ID : O
Its Chemical Type : O
Its bonding index : 2
Its CCP4 atom type : OH1
Its residue Name: SMILE
Its connected atoms are : 
C6
H15

Atom 16 : 
Its ID : H15
Its Chemical Type : H
Its bonding index : 0
Its CCP4 atom type : H
Its residue Name: SMILE
Its connected atoms are : 
O

Atom 17 : 
Its ID : C2
Its Chemical Type : C
Its bonding index : 3
Its CCP4 atom type : CH1
Its residue Name: SMILE
Its connected atoms are : 
C1
N
C6
H5

Atom 18 : 
Its ID : H5
Its Chemical Type : H
Its bonding index : 0
Its CCP4 atom type : H
Its residue Name: SMILE
Its connected atoms are : 
C2

Atom 19 : 
Its ID : C1
Its Chemical Type : C
Its bonding index : 3
Its CCP4 atom type : CH2
Its residue Name: SMILE
Its connected atoms are : 
C
C2
H3
H4

Atom 20 : 
Its ID : H3
Its Chemical Type : H
Its bonding index : 0
Its CCP4 atom type : H
Its residue Name: SMILE
Its connected atoms are : 
C1

Atom 21 : 
Its ID : H4
Its Chemical Type : H
Its bonding index : 0
Its CCP4 atom type : H
Its residue Name: SMILE
Its connected atoms are : 
C1

Atom 22 : 
Its ID : C
Its Chemical Type : C
Its bonding index : 3
Its CCP4 atom type : CH3
Its residue Name: SMILE
Its connected atoms are : 
C1
H
H1
H2

Atom 23 : 
Its ID : H2
Its Chemical Type : H
Its bonding index : 0
Its CCP4 atom type : H
Its residue Name: SMILE
Its connected atoms are : 
C

Atom 24 : 
Its ID : H1
Its Chemical Type : H
Its bonding index : 0
Its CCP4 atom type : H
Its residue Name: SMILE
Its connected atoms are : 
C

Atom 25 : 
Its ID : H
Its Chemical Type : H
Its bonding index : 0
Its CCP4 atom type : H
Its residue Name: SMILE
Its connected atoms are : 
C

Atom 26 : 
Its ID : N
Its Chemical Type : N
Its bonding index : 3
Its CCP4 atom type : NT1
Its residue Name: SMILE
Its connected atoms are : 
C2
C3
H6

Atom 27 : 
Its ID : H6
Its Chemical Type : H
Its bonding index : 0
Its CCP4 atom type : H
Its residue Name: SMILE
Its connected atoms are : 
N

Atom 28 : 
Its ID : C3
Its Chemical Type : C
Its bonding index : 3
Its CCP4 atom type : CH1
Its residue Name: SMILE
Its connected atoms are : 
N
C4
C5
H7

Atom 29 : 
Its ID : H7
Its Chemical Type : H
Its bonding index : 0
Its CCP4 atom type : H
Its residue Name: SMILE
Its connected atoms are : 
C3

Atom 30 : 
Its ID : C5
Its Chemical Type : C
Its bonding index : 3
Its CCP4 atom type : CH3
Its residue Name: SMILE
Its connected atoms are : 
C3
H11
H12
H13

Atom 31 : 
Its ID : H13
Its Chemical Type : H
Its bonding index : 0
Its CCP4 atom type : H
Its residue Name: SMILE
Its connected atoms are : 
C5

Atom 32 : 
Its ID : H12
Its Chemical Type : H
Its bonding index : 0
Its CCP4 atom type : H
Its residue Name: SMILE
Its connected atoms are : 
C5

Atom 33 : 
Its ID : H11
Its Chemical Type : H
Its bonding index : 0
Its CCP4 atom type : H
Its residue Name: SMILE
Its connected atoms are : 
C5

Atom 34 : 
Its ID : C4
Its Chemical Type : C
Its bonding index : 3
Its CCP4 atom type : CH3
Its residue Name: SMILE
Its connected atoms are : 
C3
H8
H9
H10

Atom 35 : 
Its ID : H10
Its Chemical Type : H
Its bonding index : 0
Its CCP4 atom type : H
Its residue Name: SMILE
Its connected atoms are : 
C4

Atom 36 : 
Its ID : H9
Its Chemical Type : H
Its bonding index : 0
Its CCP4 atom type : H
Its residue Name: SMILE
Its connected atoms are : 
C4

Atom 37 : 
Its ID : H8
Its Chemical Type : H
Its bonding index : 0
Its CCP4 atom type : H
Its residue Name: SMILE
Its connected atoms are : 
C4

For atom O2
class is O(C[6]CC)(H)

For atom H18
class is H(OC)

For atom C10
class is C[6](C[6]CH)(C[6]CO)(OH)

For atom C9
class is C[6](C[6]CH)(C[6]CO)(OH)

For atom O1
class is O(C[6]CC)(H)

For atom H17
class is H(OC)

For atom C8
class is C[6](C[6]CC)(C[6]CO)(H)

For atom H16
class is H(C[6]CC)

For atom C11
class is C[6](C[6]CH)(C[6]CO)(H)

For atom H19
class is H(C[6]CC)

For atom C12
class is C[6](C[6]CC)(C[6]CH)(H)

For atom H20
class is H(C[6]CC)

For atom C7
class is C[6](C[6]CH)2(CCHO)

For atom C6
class is C(C[6]CC)(CCHN)(OH)(H)

For atom H14
class is H(CCCO)

For atom O
class is O(CCCH)(H)

For atom H15
class is H(OC)

For atom C2
class is C(CCHH)(CCHO)(NCH)(H)

For atom H5
class is H(CCCN)

For atom C1
class is C(CCHN)(CH3)(H)2

For atom H3
class is H(CCCH)

For atom H4
class is H(CCCH)

For atom C
class is C(CCHH)(H)3

For atom H2
class is H(CCHH)

For atom H1
class is H(CCHH)

For atom H
class is H(CCHH)

For atom N
class is N(CCCH)2(H)

For atom H6
class is H(NCC)

For atom C3
class is C(CH3)2(NCH)(H)

For atom H7
class is H(CCCN)

For atom C5
class is C(CCHN)(H)3

For atom H13
class is H(CCHH)

For atom H12
class is H(CCHH)

For atom H11
class is H(CCHH)

For atom C4
class is C(CCHN)(H)3

For atom H10
class is H(CCHH)

For atom H9
class is H(CCHH)

For atom H8
class is H(CCHH)
libmol table should be /Applications/ccp4-6.4.0/share/acedrg/tables
Clustering COD org bonds started at Fri Sep 12 13:57:23 2014
Finish clustering COD org bonds 
finished at Fri Sep 12 13:57:25 2014
it takes 2 seconds to finish group COD bonds 
Group COD bonds involving metal elements 
Bond between C and C1
 search a org-related bond c 
for target bond of atoms C and C1
chemType : C COD classes : C(CCHH)(H)3
chemType : C COD classes : C(CCHN)(CH3)(H)2
ha1 673 ha2 673
 a1NB2 4:1:1:1: a2NB2 4:4:1:1:
 a1NB C-4:H-1:H-1:H-1: a2NB C-4:C-4:H-1:H-1:
 a1C C(CCHH)(H)3 a2C C(CCHN)(CH3)(H)2
atom 1 CH3  atom 2 CH2
Found all hashing codes
find 4:1:1:1:
 find 4:4:1:1:
 find C-4:H-1:H-1:H-1:
 find C-4:C-4:H-1:H-1:
 find C(CCHH)(H)3
Found exact matches of atom cod-classes 
The final target bond value is 1.51
Bond between C1 and C2
 search a org-related bond c 
for target bond of atoms C1 and C2
chemType : C COD classes : C(CCHN)(CH3)(H)2
chemType : C COD classes : C(CCHH)(CCHO)(NCH)(H)
ha1 673 ha2 673
 a1NB2 4:4:1:1: a2NB2 4:4:3:1:
 a1NB C-4:C-4:H-1:H-1: a2NB C-4:C-4:N-3:H-1:
 a1C C(CCHN)(CH3)(H)2 a2C C(CCHH)(CCHO)(NCH)(H)
atom 1 CH2  atom 2 CH1
Found all hashing codes
find 4:4:1:1:
 find 4:4:3:1:
 find C-4:C-4:H-1:H-1:
 find C-4:C-4:N-3:H-1:
 find C(CCHN)(CH3)(H)2
iFind 6
The final target bond value is 1.52
Bond between N and C2
 search a org-related bond c 
for target bond of atoms N and C2
chemType : C COD classes : C(CCHH)(CCHO)(NCH)(H)
chemType : N COD classes : N(CCCH)2(H)
ha1 673 ha2 981
 a1NB2 4:4:3:1: a2NB2 4:4:1:
 a1NB C-4:C-4:N-3:H-1: a2NB C-4:C-4:H-1:
 a1C C(CCHH)(CCHO)(NCH)(H) a2C N(CCCH)2(H)
atom 1 CH1  atom 2 NT1
Found all hashing codes
find 4:4:3:1:
 find 4:4:1:
 find C-4:C-4:N-3:H-1:
 find C-4:C-4:H-1:
iFind 5
The final target bond value is 1.48
Bond between C3 and N
 search a org-related bond c 
for target bond of atoms C3 and N
chemType : C COD classes : C(CH3)2(NCH)(H)
chemType : N COD classes : N(CCCH)2(H)
ha1 673 ha2 981
 a1NB2 4:4:3:1: a2NB2 4:4:1:
 a1NB C-4:C-4:N-3:H-1: a2NB C-4:C-4:H-1:
 a1C C(CH3)2(NCH)(H) a2C N(CCCH)2(H)
atom 1 CH1  atom 2 NT1
Found all hashing codes
find 4:4:3:1:
 find 4:4:1:
 find C-4:C-4:N-3:H-1:
 find C-4:C-4:H-1:
 find C(CH3)2(NCH)(H)
iFind 6
The final target bond value is 1.48
Bond between C4 and C3
 search a org-related bond c 
for target bond of atoms C4 and C3
chemType : C COD classes : C(CH3)2(NCH)(H)
chemType : C COD classes : C(CCHN)(H)3
ha1 673 ha2 673
 a1NB2 4:1:1:1: a2NB2 4:4:3:1:
 a1NB C-4:H-1:H-1:H-1: a2NB C-4:C-4:N-3:H-1:
 a1C C(CCHN)(H)3 a2C C(CH3)2(NCH)(H)
atom 1 CH1  atom 2 CH3
Found all hashing codes
find 4:1:1:1:
 find 4:4:3:1:
 find C-4:H-1:H-1:H-1:
 find C-4:C-4:N-3:H-1:
 find C(CCHN)(H)3
Found exact matches of atom cod-classes 
The final target bond value is 1.51
Bond between C5 and C3
 search a org-related bond c 
for target bond of atoms C5 and C3
chemType : C COD classes : C(CH3)2(NCH)(H)
chemType : C COD classes : C(CCHN)(H)3
ha1 673 ha2 673
 a1NB2 4:1:1:1: a2NB2 4:4:3:1:
 a1NB C-4:H-1:H-1:H-1: a2NB C-4:C-4:N-3:H-1:
 a1C C(CCHN)(H)3 a2C C(CH3)2(NCH)(H)
atom 1 CH1  atom 2 CH3
Found all hashing codes
find 4:1:1:1:
 find 4:4:3:1:
 find C-4:H-1:H-1:H-1:
 find C-4:C-4:N-3:H-1:
 find C(CCHN)(H)3
Found exact matches of atom cod-classes 
The final target bond value is 1.51
Bond between C2 and C6
 search a org-related bond c 
for target bond of atoms C2 and C6
chemType : C COD classes : C(CCHH)(CCHO)(NCH)(H)
chemType : C COD classes : C(C[6]CC)(CCHN)(OH)(H)
ha1 673 ha2 673
 a1NB2 4:4:3:1: a2NB2 3:4:2:1:
 a1NB C-4:C-4:N-3:H-1: a2NB C[6]-3:C-4:O-2:H-1:
 a1C C(CCHH)(CCHO)(NCH)(H) a2C C(C[6]CC)(CCHN)(OH)(H)
atom 1 CH1  atom 2 CH1
Found all hashing codes
find 4:4:3:1:
 find 3:4:2:1:
 find C-4:C-4:N-3:H-1:
 find C[6]-3:C-4:O-2:H-1:
iFind 5
The final target bond value is 1.54
Bond between O and C6
 search a org-related bond c 
for target bond of atoms O and C6
chemType : C COD classes : C(C[6]CC)(CCHN)(OH)(H)
chemType : O COD classes : O(CCCH)(H)
ha1 111 ha2 673
 a1NB2 4:1: a2NB2 3:4:2:1:
 a1NB C-4:H-1: a2NB C[6]-3:C-4:O-2:H-1:
 a1C O(CCCH)(H) a2C C(C[6]CC)(CCHN)(OH)(H)
atom 1 CH1  atom 2 OH1
Found all hashing codes
find 4:1:
 find 3:4:2:1:
 find C-4:H-1:
 find C[6]-3:C-4:O-2:H-1:
 find O(CCCH)(H)
Found exact matches of atom cod-classes 
The final target bond value is 1.42
Bond between C6 and C7
 search a org-related bond c 
for target bond of atoms C6 and C7
chemType : C COD classes : C(C[6]CC)(CCHN)(OH)(H)
chemType : C COD classes : C[6](C[6]CH)2(CCHO)
ha1 29 ha2 673
 a1NB2 3:3:4: a2NB2 3:4:2:1:
 a1NB C[6]-3:C[6]-3:C-4: a2NB C[6]-3:C-4:O-2:H-1:
 a1C C[6](C[6]CH)2(CCHO) a2C C(C[6]CC)(CCHN)(OH)(H)
atom 1 CH1  atom 2 CR6
Found all hashing codes
find 3:3:4:
 find 3:4:2:1:
 find C[6]-3:C[6]-3:C-4:
 find C[6]-3:C-4:O-2:H-1:
 find C[6](C[6]CH)2(CCHO)
Found exact matches of atom cod-classes 
The final target bond value is 1.52
Bond between C7 and C8
 search a org-related bond c 
for target bond of atoms C7 and C8
chemType : C COD classes : C[6](C[6]CH)2(CCHO)
chemType : C COD classes : C[6](C[6]CC)(C[6]CO)(H)
ha1 29 ha2 29
 a1NB2 3:3:4: a2NB2 3:3:1:
 a1NB C[6]-3:C[6]-3:C-4: a2NB C[6]-3:C[6]-3:H-1:
 a1C C[6](C[6]CH)2(CCHO) a2C C[6](C[6]CC)(C[6]CO)(H)
atom 1 CR6  atom 2 CR16
Found all hashing codes
find 3:3:4:
 find 3:3:1:
 find C[6]-3:C[6]-3:C-4:
 find C[6]-3:C[6]-3:H-1:
 find C[6](C[6]CH)2(CCHO)
Found exact matches of atom cod-classes 
The final target bond value is 1.39
Bond between C8 and C9
 search a org-related bond c 
for target bond of atoms C8 and C9
chemType : C COD classes : C[6](C[6]CC)(C[6]CO)(H)
chemType : C COD classes : C[6](C[6]CH)(C[6]CO)(OH)
ha1 29 ha2 29
 a1NB2 3:3:1: a2NB2 3:3:2:
 a1NB C[6]-3:C[6]-3:H-1: a2NB C[6]-3:C[6]-3:O-2:
 a1C C[6](C[6]CC)(C[6]CO)(H) a2C C[6](C[6]CH)(C[6]CO)(OH)
atom 1 CR16  atom 2 CR6
Found all hashing codes
find 3:3:1:
 find 3:3:2:
 find C[6]-3:C[6]-3:H-1:
 find C[6]-3:C[6]-3:O-2:
 find C[6](C[6]CC)(C[6]CO)(H)
Found exact matches of atom cod-classes 
The final target bond value is 1.38
Bond between O1 and C9
 search a org-related bond c 
for target bond of atoms O1 and C9
chemType : C COD classes : C[6](C[6]CH)(C[6]CO)(OH)
chemType : O COD classes : O(C[6]CC)(H)
ha1 29 ha2 111
 a1NB2 3:3:2: a2NB2 3:1:
 a1NB C[6]-3:C[6]-3:O-2: a2NB C[6]-3:H-1:
 a1C C[6](C[6]CH)(C[6]CO)(OH) a2C O(C[6]CC)(H)
atom 1 CR6  atom 2 OH1
Found all hashing codes
find 3:3:2:
 find 3:1:
 find C[6]-3:C[6]-3:O-2:
 find C[6]-3:H-1:
 find C[6](C[6]CH)(C[6]CO)(OH)
Found exact matches of atom cod-classes 
The final target bond value is 1.36
Bond between C9 and C10
 search a org-related bond c 
for target bond of atoms C9 and C10
chemType : C COD classes : C[6](C[6]CH)(C[6]CO)(OH)
chemType : C COD classes : C[6](C[6]CH)(C[6]CO)(OH)
ha1 29 ha2 29
 a1NB2 3:3:2: a2NB2 3:3:2:
 a1NB C[6]-3:C[6]-3:O-2: a2NB C[6]-3:C[6]-3:O-2:
 a1C C[6](C[6]CH)(C[6]CO)(OH) a2C C[6](C[6]CH)(C[6]CO)(OH)
atom 1 CR6  atom 2 CR6
Found all hashing codes
find 3:3:2:
 find 3:3:2:
 find C[6]-3:C[6]-3:O-2:
 find C[6]-3:C[6]-3:O-2:
 find C[6](C[6]CH)(C[6]CO)(OH)
Found exact matches of atom cod-classes 
The final target bond value is 1.4
Bond between C10 and O2
 search a org-related bond c 
for target bond of atoms C10 and O2
chemType : C COD classes : C[6](C[6]CH)(C[6]CO)(OH)
chemType : O COD classes : O(C[6]CC)(H)
ha1 29 ha2 111
 a1NB2 3:3:2: a2NB2 3:1:
 a1NB C[6]-3:C[6]-3:O-2: a2NB C[6]-3:H-1:
 a1C C[6](C[6]CH)(C[6]CO)(OH) a2C O(C[6]CC)(H)
atom 1 CR6  atom 2 OH1
Found all hashing codes
find 3:3:2:
 find 3:1:
 find C[6]-3:C[6]-3:O-2:
 find C[6]-3:H-1:
 find C[6](C[6]CH)(C[6]CO)(OH)
Found exact matches of atom cod-classes 
The final target bond value is 1.36
Bond between C11 and C10
 search a org-related bond c 
for target bond of atoms C11 and C10
chemType : C COD classes : C[6](C[6]CH)(C[6]CO)(OH)
chemType : C COD classes : C[6](C[6]CH)(C[6]CO)(H)
ha1 29 ha2 29
 a1NB2 3:3:1: a2NB2 3:3:2:
 a1NB C[6]-3:C[6]-3:H-1: a2NB C[6]-3:C[6]-3:O-2:
 a1C C[6](C[6]CH)(C[6]CO)(H) a2C C[6](C[6]CH)(C[6]CO)(OH)
atom 1 CR6  atom 2 CR16
Found all hashing codes
find 3:3:1:
 find 3:3:2:
 find C[6]-3:C[6]-3:H-1:
 find C[6]-3:C[6]-3:O-2:
 find C[6](C[6]CH)(C[6]CO)(H)
Found exact matches of atom cod-classes 
The final target bond value is 1.38
Bond between C12 and C11
 search a org-related bond c 
for target bond of atoms C12 and C11
chemType : C COD classes : C[6](C[6]CH)(C[6]CO)(H)
chemType : C COD classes : C[6](C[6]CC)(C[6]CH)(H)
ha1 29 ha2 29
 a1NB2 3:3:1: a2NB2 3:3:1:
 a1NB C[6]-3:C[6]-3:H-1: a2NB C[6]-3:C[6]-3:H-1:
 a1C C[6](C[6]CH)(C[6]CO)(H) a2C C[6](C[6]CC)(C[6]CH)(H)
atom 1 CR16  atom 2 CR16
Found all hashing codes
find 3:3:1:
 find 3:3:1:
 find C[6]-3:C[6]-3:H-1:
 find C[6]-3:C[6]-3:H-1:
 find C[6](C[6]CH)(C[6]CO)(H)
iFind 6
The final target bond value is 1.38
Bond between C7 and C12
 search a org-related bond c 
for target bond of atoms C7 and C12
chemType : C COD classes : C[6](C[6]CC)(C[6]CH)(H)
chemType : C COD classes : C[6](C[6]CH)2(CCHO)
ha1 29 ha2 29
 a1NB2 3:3:4: a2NB2 3:3:1:
 a1NB C[6]-3:C[6]-3:C-4: a2NB C[6]-3:C[6]-3:H-1:
 a1C C[6](C[6]CH)2(CCHO) a2C C[6](C[6]CC)(C[6]CH)(H)
atom 1 CR16  atom 2 CR6
Found all hashing codes
find 3:3:4:
 find 3:3:1:
 find C[6]-3:C[6]-3:C-4:
 find C[6]-3:C[6]-3:H-1:
 find C[6](C[6]CH)2(CCHO)
Found exact matches of atom cod-classes 
The final target bond value is 1.39
Bond between H and C
 search a org-related bond c 
for target bond of atoms H and C
chemType : C COD classes : C(CCHH)(H)3
chemType : H COD classes : H(CCHH)
ha1 673 ha2 887
 a1NB2 4:1:1:1: a2NB2 4:
 a1NB C-4:H-1:H-1:H-1: a2NB C-4:
 a1C C(CCHH)(H)3 a2C H(CCHH)
atom 1 CH3  atom 2 H
Found all hashing codes
find 4:1:1:1:
 find 4:
 find C-4:H-1:H-1:H-1:
 find C-4:
 find C(CCHH)(H)3
Found exact matches of atom cod-classes 
The final target bond value is 0.972
Bond between H1 and C
 search a org-related bond c 
for target bond of atoms H1 and C
chemType : C COD classes : C(CCHH)(H)3
chemType : H COD classes : H(CCHH)
ha1 673 ha2 887
 a1NB2 4:1:1:1: a2NB2 4:
 a1NB C-4:H-1:H-1:H-1: a2NB C-4:
 a1C C(CCHH)(H)3 a2C H(CCHH)
atom 1 CH3  atom 2 H
Found all hashing codes
find 4:1:1:1:
 find 4:
 find C-4:H-1:H-1:H-1:
 find C-4:
 find C(CCHH)(H)3
Found exact matches of atom cod-classes 
The final target bond value is 0.972
Bond between H2 and C
 search a org-related bond c 
for target bond of atoms H2 and C
chemType : C COD classes : C(CCHH)(H)3
chemType : H COD classes : H(CCHH)
ha1 673 ha2 887
 a1NB2 4:1:1:1: a2NB2 4:
 a1NB C-4:H-1:H-1:H-1: a2NB C-4:
 a1C C(CCHH)(H)3 a2C H(CCHH)
atom 1 CH3  atom 2 H
Found all hashing codes
find 4:1:1:1:
 find 4:
 find C-4:H-1:H-1:H-1:
 find C-4:
 find C(CCHH)(H)3
Found exact matches of atom cod-classes 
The final target bond value is 0.972
Bond between H3 and C1
 search a org-related bond c 
for target bond of atoms H3 and C1
chemType : C COD classes : C(CCHN)(CH3)(H)2
chemType : H COD classes : H(CCCH)
ha1 673 ha2 887
 a1NB2 4:4:1:1: a2NB2 4:
 a1NB C-4:C-4:H-1:H-1: a2NB C-4:
 a1C C(CCHN)(CH3)(H)2 a2C H(CCCH)
atom 1 CH2  atom 2 H
Found all hashing codes
find 4:4:1:1:
 find 4:
 find C-4:C-4:H-1:H-1:
 find C-4:
 find C(CCHN)(CH3)(H)2
Found exact matches of atom cod-classes 
The final target bond value is 0.976
Bond between H4 and C1
 search a org-related bond c 
for target bond of atoms H4 and C1
chemType : C COD classes : C(CCHN)(CH3)(H)2
chemType : H COD classes : H(CCCH)
ha1 673 ha2 887
 a1NB2 4:4:1:1: a2NB2 4:
 a1NB C-4:C-4:H-1:H-1: a2NB C-4:
 a1C C(CCHN)(CH3)(H)2 a2C H(CCCH)
atom 1 CH2  atom 2 H
Found all hashing codes
find 4:4:1:1:
 find 4:
 find C-4:C-4:H-1:H-1:
 find C-4:
 find C(CCHN)(CH3)(H)2
Found exact matches of atom cod-classes 
The final target bond value is 0.976
Bond between H5 and C2
 search a org-related bond c 
for target bond of atoms H5 and C2
chemType : C COD classes : C(CCHH)(CCHO)(NCH)(H)
chemType : H COD classes : H(CCCN)
ha1 673 ha2 887
 a1NB2 4:4:3:1: a2NB2 4:
 a1NB C-4:C-4:N-3:H-1: a2NB C-4:
 a1C C(CCHH)(CCHO)(NCH)(H) a2C H(CCCN)
atom 1 CH1  atom 2 H
Found all hashing codes
find 4:4:3:1:
 find 4:
 find C-4:C-4:N-3:H-1:
 find C-4:
 find C(CCHH)(CCHO)(NCH)(H)
Found exact matches of atom cod-classes 
The final target bond value is 0.991
Bond between H6 and N
 search a org-related bond c 
for target bond of atoms H6 and N
chemType : H COD classes : H(NCC)
chemType : N COD classes : N(CCCH)2(H)
ha1 887 ha2 981
 a1NB2 3: a2NB2 4:4:1:
 a1NB N-3: a2NB C-4:C-4:H-1:
 a1C H(NCC) a2C N(CCCH)2(H)
atom 1 H  atom 2 NT1
Found all hashing codes
find 3:
 find 4:4:1:
 find N-3:
 find C-4:C-4:H-1:
 find H(NCC)
Found exact matches of atom cod-classes 
The final target bond value is 0.883
Bond between H7 and C3
 search a org-related bond c 
for target bond of atoms H7 and C3
chemType : C COD classes : C(CH3)2(NCH)(H)
chemType : H COD classes : H(CCCN)
ha1 673 ha2 887
 a1NB2 4:4:3:1: a2NB2 4:
 a1NB C-4:C-4:N-3:H-1: a2NB C-4:
 a1C C(CH3)2(NCH)(H) a2C H(CCCN)
atom 1 CH1  atom 2 H
Found all hashing codes
find 4:4:3:1:
 find 4:
 find C-4:C-4:N-3:H-1:
 find C-4:
 find C(CH3)2(NCH)(H)
Found exact matches of atom cod-classes 
The final target bond value is 0.986
Bond between H8 and C4
 search a org-related bond c 
for target bond of atoms H8 and C4
chemType : C COD classes : C(CCHN)(H)3
chemType : H COD classes : H(CCHH)
ha1 673 ha2 887
 a1NB2 4:1:1:1: a2NB2 4:
 a1NB C-4:H-1:H-1:H-1: a2NB C-4:
 a1C C(CCHN)(H)3 a2C H(CCHH)
atom 1 CH3  atom 2 H
Found all hashing codes
find 4:1:1:1:
 find 4:
 find C-4:H-1:H-1:H-1:
 find C-4:
 find C(CCHN)(H)3
Found exact matches of atom cod-classes 
The final target bond value is 0.971
Bond between H9 and C4
 search a org-related bond c 
for target bond of atoms H9 and C4
chemType : C COD classes : C(CCHN)(H)3
chemType : H COD classes : H(CCHH)
ha1 673 ha2 887
 a1NB2 4:1:1:1: a2NB2 4:
 a1NB C-4:H-1:H-1:H-1: a2NB C-4:
 a1C C(CCHN)(H)3 a2C H(CCHH)
atom 1 CH3  atom 2 H
Found all hashing codes
find 4:1:1:1:
 find 4:
 find C-4:H-1:H-1:H-1:
 find C-4:
 find C(CCHN)(H)3
Found exact matches of atom cod-classes 
The final target bond value is 0.971
Bond between H10 and C4
 search a org-related bond c 
for target bond of atoms H10 and C4
chemType : C COD classes : C(CCHN)(H)3
chemType : H COD classes : H(CCHH)
ha1 673 ha2 887
 a1NB2 4:1:1:1: a2NB2 4:
 a1NB C-4:H-1:H-1:H-1: a2NB C-4:
 a1C C(CCHN)(H)3 a2C H(CCHH)
atom 1 CH3  atom 2 H
Found all hashing codes
find 4:1:1:1:
 find 4:
 find C-4:H-1:H-1:H-1:
 find C-4:
 find C(CCHN)(H)3
Found exact matches of atom cod-classes 
The final target bond value is 0.971
Bond between H11 and C5
 search a org-related bond c 
for target bond of atoms H11 and C5
chemType : C COD classes : C(CCHN)(H)3
chemType : H COD classes : H(CCHH)
ha1 673 ha2 887
 a1NB2 4:1:1:1: a2NB2 4:
 a1NB C-4:H-1:H-1:H-1: a2NB C-4:
 a1C C(CCHN)(H)3 a2C H(CCHH)
atom 1 CH3  atom 2 H
Found all hashing codes
find 4:1:1:1:
 find 4:
 find C-4:H-1:H-1:H-1:
 find C-4:
 find C(CCHN)(H)3
Found exact matches of atom cod-classes 
The final target bond value is 0.971
Bond between H12 and C5
 search a org-related bond c 
for target bond of atoms H12 and C5
chemType : C COD classes : C(CCHN)(H)3
chemType : H COD classes : H(CCHH)
ha1 673 ha2 887
 a1NB2 4:1:1:1: a2NB2 4:
 a1NB C-4:H-1:H-1:H-1: a2NB C-4:
 a1C C(CCHN)(H)3 a2C H(CCHH)
atom 1 CH3  atom 2 H
Found all hashing codes
find 4:1:1:1:
 find 4:
 find C-4:H-1:H-1:H-1:
 find C-4:
 find C(CCHN)(H)3
Found exact matches of atom cod-classes 
The final target bond value is 0.971
Bond between H13 and C5
 search a org-related bond c 
for target bond of atoms H13 and C5
chemType : C COD classes : C(CCHN)(H)3
chemType : H COD classes : H(CCHH)
ha1 673 ha2 887
 a1NB2 4:1:1:1: a2NB2 4:
 a1NB C-4:H-1:H-1:H-1: a2NB C-4:
 a1C C(CCHN)(H)3 a2C H(CCHH)
atom 1 CH3  atom 2 H
Found all hashing codes
find 4:1:1:1:
 find 4:
 find C-4:H-1:H-1:H-1:
 find C-4:
 find C(CCHN)(H)3
Found exact matches of atom cod-classes 
The final target bond value is 0.971
Bond between H14 and C6
 search a org-related bond c 
for target bond of atoms H14 and C6
chemType : C COD classes : C(C[6]CC)(CCHN)(OH)(H)
chemType : H COD classes : H(CCCO)
ha1 673 ha2 887
 a1NB2 3:4:2:1: a2NB2 4:
 a1NB C[6]-3:C-4:O-2:H-1: a2NB C-4:
 a1C C(C[6]CC)(CCHN)(OH)(H) a2C H(CCCO)
atom 1 CH1  atom 2 H
Found all hashing codes
find 3:4:2:1:
 find 4:
 find C[6]-3:C-4:O-2:H-1:
 find C-4:
 find C(C[6]CC)(CCHN)(OH)(H)
Found exact matches of atom cod-classes 
The final target bond value is 0.994
Bond between H15 and O
 search a org-related bond c 
for target bond of atoms H15 and O
chemType : H COD classes : H(OC)
chemType : O COD classes : O(CCCH)(H)
ha1 111 ha2 887
 a1NB2 4:1: a2NB2 2:
 a1NB C-4:H-1: a2NB O-2:
 a1C O(CCCH)(H) a2C H(OC)
atom 1 H  atom 2 OH1
Found all hashing codes
find 4:1:
 find 2:
 find C-4:H-1:
 find O-2:
 find O(CCCH)(H)
Found exact matches of atom cod-classes 
The final target bond value is 0.853
Bond between H16 and C8
 search a org-related bond c 
for target bond of atoms H16 and C8
chemType : C COD classes : C[6](C[6]CC)(C[6]CO)(H)
chemType : H COD classes : H(C[6]CC)
ha1 29 ha2 887
 a1NB2 3:3:1: a2NB2 3:
 a1NB C[6]-3:C[6]-3:H-1: a2NB C[6]-3:
 a1C C[6](C[6]CC)(C[6]CO)(H) a2C H(C[6]CC)
atom 1 CR16  atom 2 H
Found all hashing codes
find 3:3:1:
 find 3:
 find C[6]-3:C[6]-3:H-1:
 find C[6]-3:
 find C[6](C[6]CC)(C[6]CO)(H)
Found exact matches of atom cod-classes 
The final target bond value is 0.943
Bond between H17 and O1
 search a org-related bond c 
for target bond of atoms H17 and O1
chemType : H COD classes : H(OC)
chemType : O COD classes : O(C[6]CC)(H)
ha1 111 ha2 887
 a1NB2 3:1: a2NB2 2:
 a1NB C[6]-3:H-1: a2NB O-2:
 a1C O(C[6]CC)(H) a2C H(OC)
atom 1 H  atom 2 OH1
Found all hashing codes
find 3:1:
 find 2:
 find C[6]-3:H-1:
 find O-2:
 find O(C[6]CC)(H)
Found exact matches of atom cod-classes 
The final target bond value is 0.868
Bond between H18 and O2
 search a org-related bond c 
for target bond of atoms H18 and O2
chemType : H COD classes : H(OC)
chemType : O COD classes : O(C[6]CC)(H)
ha1 111 ha2 887
 a1NB2 3:1: a2NB2 2:
 a1NB C[6]-3:H-1: a2NB O-2:
 a1C O(C[6]CC)(H) a2C H(OC)
atom 1 H  atom 2 OH1
Found all hashing codes
find 3:1:
 find 2:
 find C[6]-3:H-1:
 find O-2:
 find O(C[6]CC)(H)
Found exact matches of atom cod-classes 
The final target bond value is 0.868
Bond between H19 and C11
 search a org-related bond c 
for target bond of atoms H19 and C11
chemType : C COD classes : C[6](C[6]CH)(C[6]CO)(H)
chemType : H COD classes : H(C[6]CC)
ha1 29 ha2 887
 a1NB2 3:3:1: a2NB2 3:
 a1NB C[6]-3:C[6]-3:H-1: a2NB C[6]-3:
 a1C C[6](C[6]CH)(C[6]CO)(H) a2C H(C[6]CC)
atom 1 CR16  atom 2 H
Found all hashing codes
find 3:3:1:
 find 3:
 find C[6]-3:C[6]-3:H-1:
 find C[6]-3:
 find C[6](C[6]CH)(C[6]CO)(H)
Found exact matches of atom cod-classes 
The final target bond value is 0.949
Bond between H20 and C12
 search a org-related bond c 
for target bond of atoms H20 and C12
chemType : C COD classes : C[6](C[6]CC)(C[6]CH)(H)
chemType : H COD classes : H(C[6]CC)
ha1 29 ha2 887
 a1NB2 3:3:1: a2NB2 3:
 a1NB C[6]-3:C[6]-3:H-1: a2NB C[6]-3:
 a1C C[6](C[6]CC)(C[6]CH)(H) a2C H(C[6]CC)
atom 1 CR16  atom 2 H
Found all hashing codes
find 3:3:1:
 find 3:
 find C[6]-3:C[6]-3:H-1:
 find C[6]-3:
 find C[6](C[6]CC)(C[6]CH)(H)
Found exact matches of atom cod-classes 
The final target bond value is 0.955
Number of Bonds to be found 38
Number of Bonds found 38
Finish setDefaultCoordGeos() 
Clustering all COD angles started at Fri Sep 12 13:57:26 2014
Clustering COD org angles finished at Fri Sep 12 13:57:33 2014
it takes 7 seconds to finish group COD angles 
Finish groupCodOrgAngles() 
Finish groupCodMetAngles() 
Finish groupCodAnglesWithNonCenteredMetal() 
Angle between O2(center) and C10 and H18
Atom1 O2 Its Cod class O(C[6]CC)(H) and Hashing 111
 Its codNBSymb C[6]-3:H-1: its codNB2Symb 3:1:
Atom2 C10 Its Cod class C[6](C[6]CH)(C[6]CO)(OH) and Hashing 29
 Its codNBSymb C[6]-3:C[6]-3:O-2: its codNB2Symb 3:3:2:
Atom3 H18 Its Cod class H(OC) and Hashing 887
 Its codNBSymb O-2: its codNB2Symb 2:
Found 3:1:
Found 3:3:2:
Found 2:
Found C[6]-3:H-1:
Found C[6]-3:C[6]-3:O-2:
Found O-2:
Found O(C[6]CC)(H)
Found C[6](C[6]CH)(C[6]CO)(OH)
COD finds the exact value 110
the sigma value 2.74
Target angle value : 110
Angle between C10(center) and C9 and O2
Atom1 C10 Its Cod class C[6](C[6]CH)(C[6]CO)(OH) and Hashing 29
 Its codNBSymb C[6]-3:C[6]-3:O-2: its codNB2Symb 3:3:2:
Atom2 C9 Its Cod class C[6](C[6]CH)(C[6]CO)(OH) and Hashing 29
 Its codNBSymb C[6]-3:C[6]-3:O-2: its codNB2Symb 3:3:2:
Atom3 O2 Its Cod class O(C[6]CC)(H) and Hashing 111
 Its codNBSymb C[6]-3:H-1: its codNB2Symb 3:1:
Found 3:3:2:
Found 3:3:2:
Found 3:1:
Found C[6]-3:C[6]-3:O-2:
Found C[6]-3:C[6]-3:O-2:
Found C[6]-3:H-1:
Found C[6](C[6]CH)(C[6]CO)(OH)
Found C[6](C[6]CH)(C[6]CO)(OH)
COD finds the exact value 118
the sigma value 2.38
Target angle value : 118
Angle between C10(center) and C9 and C11
Atom1 C10 Its Cod class C[6](C[6]CH)(C[6]CO)(OH) and Hashing 29
 Its codNBSymb C[6]-3:C[6]-3:O-2: its codNB2Symb 3:3:2:
Atom2 C11 Its Cod class C[6](C[6]CH)(C[6]CO)(H) and Hashing 29
 Its codNBSymb C[6]-3:C[6]-3:H-1: its codNB2Symb 3:3:1:
Atom3 C9 Its Cod class C[6](C[6]CH)(C[6]CO)(OH) and Hashing 29
 Its codNBSymb C[6]-3:C[6]-3:O-2: its codNB2Symb 3:3:2:
Found 3:3:2:
Found 3:3:1:
Found 3:3:2:
Found C[6]-3:C[6]-3:O-2:
Found C[6]-3:C[6]-3:H-1:
Found C[6]-3:C[6]-3:O-2:
Found C[6](C[6]CH)(C[6]CO)(OH)
Found C[6](C[6]CH)(C[6]CO)(H)
COD finds the exact value 119
the sigma value 0.593
Target angle value : 119
Angle between C10(center) and O2 and C11
Atom1 C10 Its Cod class C[6](C[6]CH)(C[6]CO)(OH) and Hashing 29
 Its codNBSymb C[6]-3:C[6]-3:O-2: its codNB2Symb 3:3:2:
Atom2 C11 Its Cod class C[6](C[6]CH)(C[6]CO)(H) and Hashing 29
 Its codNBSymb C[6]-3:C[6]-3:H-1: its codNB2Symb 3:3:1:
Atom3 O2 Its Cod class O(C[6]CC)(H) and Hashing 111
 Its codNBSymb C[6]-3:H-1: its codNB2Symb 3:1:
Found 3:3:2:
Found 3:3:1:
Found 3:1:
Found C[6]-3:C[6]-3:O-2:
Found C[6]-3:C[6]-3:H-1:
Found C[6]-3:H-1:
Found C[6](C[6]CH)(C[6]CO)(OH)
Found C[6](C[6]CH)(C[6]CO)(H)
COD finds the exact value 121
the sigma value 2.41
Target angle value : 121
Angle between C9(center) and C8 and O1
Atom1 C9 Its Cod class C[6](C[6]CH)(C[6]CO)(OH) and Hashing 29
 Its codNBSymb C[6]-3:C[6]-3:O-2: its codNB2Symb 3:3:2:
Atom2 C8 Its Cod class C[6](C[6]CC)(C[6]CO)(H) and Hashing 29
 Its codNBSymb C[6]-3:C[6]-3:H-1: its codNB2Symb 3:3:1:
Atom3 O1 Its Cod class O(C[6]CC)(H) and Hashing 111
 Its codNBSymb C[6]-3:H-1: its codNB2Symb 3:1:
Found 3:3:2:
Found 3:3:1:
Found 3:1:
Found C[6]-3:C[6]-3:O-2:
Found C[6]-3:C[6]-3:H-1:
Found C[6]-3:H-1:
Found C[6](C[6]CH)(C[6]CO)(OH)
Found C[6](C[6]CC)(C[6]CO)(H)
COD finds the exact value 121
the sigma value 2.51
Target angle value : 121
Angle between C9(center) and C8 and C10
Atom1 C9 Its Cod class C[6](C[6]CH)(C[6]CO)(OH) and Hashing 29
 Its codNBSymb C[6]-3:C[6]-3:O-2: its codNB2Symb 3:3:2:
Atom2 C8 Its Cod class C[6](C[6]CC)(C[6]CO)(H) and Hashing 29
 Its codNBSymb C[6]-3:C[6]-3:H-1: its codNB2Symb 3:3:1:
Atom3 C10 Its Cod class C[6](C[6]CH)(C[6]CO)(OH) and Hashing 29
 Its codNBSymb C[6]-3:C[6]-3:O-2: its codNB2Symb 3:3:2:
Found 3:3:2:
Found 3:3:1:
Found 3:3:2:
Found C[6]-3:C[6]-3:O-2:
Found C[6]-3:C[6]-3:H-1:
Found C[6]-3:C[6]-3:O-2:
Found C[6](C[6]CH)(C[6]CO)(OH)
Found C[6](C[6]CC)(C[6]CO)(H)
COD finds the exact value 120
the sigma value 0.628
Target angle value : 120
Angle between C9(center) and O1 and C10
Atom1 C9 Its Cod class C[6](C[6]CH)(C[6]CO)(OH) and Hashing 29
 Its codNBSymb C[6]-3:C[6]-3:O-2: its codNB2Symb 3:3:2:
Atom2 C10 Its Cod class C[6](C[6]CH)(C[6]CO)(OH) and Hashing 29
 Its codNBSymb C[6]-3:C[6]-3:O-2: its codNB2Symb 3:3:2:
Atom3 O1 Its Cod class O(C[6]CC)(H) and Hashing 111
 Its codNBSymb C[6]-3:H-1: its codNB2Symb 3:1:
Found 3:3:2:
Found 3:3:2:
Found 3:1:
Found C[6]-3:C[6]-3:O-2:
Found C[6]-3:C[6]-3:O-2:
Found C[6]-3:H-1:
Found C[6](C[6]CH)(C[6]CO)(OH)
Found C[6](C[6]CH)(C[6]CO)(OH)
COD finds the exact value 118
the sigma value 2.38
Target angle value : 118
Angle between O1(center) and C9 and H17
Atom1 O1 Its Cod class O(C[6]CC)(H) and Hashing 111
 Its codNBSymb C[6]-3:H-1: its codNB2Symb 3:1:
Atom2 C9 Its Cod class C[6](C[6]CH)(C[6]CO)(OH) and Hashing 29
 Its codNBSymb C[6]-3:C[6]-3:O-2: its codNB2Symb 3:3:2:
Atom3 H17 Its Cod class H(OC) and Hashing 887
 Its codNBSymb O-2: its codNB2Symb 2:
Found 3:1:
Found 3:3:2:
Found 2:
Found C[6]-3:H-1:
Found C[6]-3:C[6]-3:O-2:
Found O-2:
Found O(C[6]CC)(H)
Found C[6](C[6]CH)(C[6]CO)(OH)
COD finds the exact value 110
the sigma value 2.74
Target angle value : 110
Angle between C8(center) and C7 and C9
Atom1 C8 Its Cod class C[6](C[6]CC)(C[6]CO)(H) and Hashing 29
 Its codNBSymb C[6]-3:C[6]-3:H-1: its codNB2Symb 3:3:1:
Atom2 C7 Its Cod class C[6](C[6]CH)2(CCHO) and Hashing 29
 Its codNBSymb C[6]-3:C[6]-3:C-4: its codNB2Symb 3:3:4:
Atom3 C9 Its Cod class C[6](C[6]CH)(C[6]CO)(OH) and Hashing 29
 Its codNBSymb C[6]-3:C[6]-3:O-2: its codNB2Symb 3:3:2:
Found 3:3:1:
Found 3:3:4:
Found 3:3:2:
Found C[6]-3:C[6]-3:H-1:
Found C[6]-3:C[6]-3:C-4:
Found C[6]-3:C[6]-3:O-2:
Found C[6](C[6]CC)(C[6]CO)(H)
Found C[6](C[6]CH)2(CCHO)
Target angle value : 121
Angle between C8(center) and C7 and H16
Atom1 C8 Its Cod class C[6](C[6]CC)(C[6]CO)(H) and Hashing 29
 Its codNBSymb C[6]-3:C[6]-3:H-1: its codNB2Symb 3:3:1:
Atom2 C7 Its Cod class C[6](C[6]CH)2(CCHO) and Hashing 29
 Its codNBSymb C[6]-3:C[6]-3:C-4: its codNB2Symb 3:3:4:
Atom3 H16 Its Cod class H(C[6]CC) and Hashing 887
 Its codNBSymb C[6]-3: its codNB2Symb 3:
Found 3:3:1:
Found 3:3:4:
Found 3:
Found C[6]-3:C[6]-3:H-1:
Found C[6]-3:C[6]-3:C-4:
Found C[6]-3:
Found C[6](C[6]CC)(C[6]CO)(H)
Found C[6](C[6]CH)2(CCHO)
COD finds the exact value 120
the sigma value 0.584
Target angle value : 120
Angle between C8(center) and C9 and H16
Atom1 C8 Its Cod class C[6](C[6]CC)(C[6]CO)(H) and Hashing 29
 Its codNBSymb C[6]-3:C[6]-3:H-1: its codNB2Symb 3:3:1:
Atom2 C9 Its Cod class C[6](C[6]CH)(C[6]CO)(OH) and Hashing 29
 Its codNBSymb C[6]-3:C[6]-3:O-2: its codNB2Symb 3:3:2:
Atom3 H16 Its Cod class H(C[6]CC) and Hashing 887
 Its codNBSymb C[6]-3: its codNB2Symb 3:
Found 3:3:1:
Found 3:3:2:
Found 3:
Found C[6]-3:C[6]-3:H-1:
Found C[6]-3:C[6]-3:O-2:
Found C[6]-3:
Found C[6](C[6]CC)(C[6]CO)(H)
Found C[6](C[6]CH)(C[6]CO)(OH)
COD finds the exact value 120
the sigma value 0.625
Target angle value : 120
Angle between C11(center) and C10 and C12
Atom1 C11 Its Cod class C[6](C[6]CH)(C[6]CO)(H) and Hashing 29
 Its codNBSymb C[6]-3:C[6]-3:H-1: its codNB2Symb 3:3:1:
Atom2 C12 Its Cod class C[6](C[6]CC)(C[6]CH)(H) and Hashing 29
 Its codNBSymb C[6]-3:C[6]-3:H-1: its codNB2Symb 3:3:1:
Atom3 C10 Its Cod class C[6](C[6]CH)(C[6]CO)(OH) and Hashing 29
 Its codNBSymb C[6]-3:C[6]-3:O-2: its codNB2Symb 3:3:2:
Found 3:3:1:
Found 3:3:1:
Found 3:3:2:
Found C[6]-3:C[6]-3:H-1:
Found C[6]-3:C[6]-3:H-1:
Found C[6]-3:C[6]-3:O-2:
Found C[6](C[6]CH)(C[6]CO)(H)
Found C[6](C[6]CC)(C[6]CH)(H)
COD finds the exact value 120
the sigma value 0.587
Target angle value : 120
Angle between C11(center) and C10 and H19
Atom1 C11 Its Cod class C[6](C[6]CH)(C[6]CO)(H) and Hashing 29
 Its codNBSymb C[6]-3:C[6]-3:H-1: its codNB2Symb 3:3:1:
Atom2 C10 Its Cod class C[6](C[6]CH)(C[6]CO)(OH) and Hashing 29
 Its codNBSymb C[6]-3:C[6]-3:O-2: its codNB2Symb 3:3:2:
Atom3 H19 Its Cod class H(C[6]CC) and Hashing 887
 Its codNBSymb C[6]-3: its codNB2Symb 3:
Found 3:3:1:
Found 3:3:2:
Found 3:
Found C[6]-3:C[6]-3:H-1:
Found C[6]-3:C[6]-3:O-2:
Found C[6]-3:
Found C[6](C[6]CH)(C[6]CO)(H)
Found C[6](C[6]CH)(C[6]CO)(OH)
COD finds the exact value 120
the sigma value 0.721
Target angle value : 120
Angle between C11(center) and C12 and H19
Atom1 C11 Its Cod class C[6](C[6]CH)(C[6]CO)(H) and Hashing 29
 Its codNBSymb C[6]-3:C[6]-3:H-1: its codNB2Symb 3:3:1:
Atom2 C12 Its Cod class C[6](C[6]CC)(C[6]CH)(H) and Hashing 29
 Its codNBSymb C[6]-3:C[6]-3:H-1: its codNB2Symb 3:3:1:
Atom3 H19 Its Cod class H(C[6]CC) and Hashing 887
 Its codNBSymb C[6]-3: its codNB2Symb 3:
Found 3:3:1:
Found 3:3:1:
Found 3:
Found C[6]-3:C[6]-3:H-1:
Found C[6]-3:C[6]-3:H-1:
Found C[6]-3:
Found C[6](C[6]CH)(C[6]CO)(H)
Found C[6](C[6]CC)(C[6]CH)(H)
COD finds the exact value 120
the sigma value 0.673
Target angle value : 120
Angle between C12(center) and C11 and C7
Atom1 C12 Its Cod class C[6](C[6]CC)(C[6]CH)(H) and Hashing 29
 Its codNBSymb C[6]-3:C[6]-3:H-1: its codNB2Symb 3:3:1:
Atom2 C7 Its Cod class C[6](C[6]CH)2(CCHO) and Hashing 29
 Its codNBSymb C[6]-3:C[6]-3:C-4: its codNB2Symb 3:3:4:
Atom3 C11 Its Cod class C[6](C[6]CH)(C[6]CO)(H) and Hashing 29
 Its codNBSymb C[6]-3:C[6]-3:H-1: its codNB2Symb 3:3:1:
Found 3:3:1:
Found 3:3:4:
Found 3:3:1:
Found C[6]-3:C[6]-3:H-1:
Found C[6]-3:C[6]-3:C-4:
Found C[6]-3:C[6]-3:H-1:
Found C[6](C[6]CC)(C[6]CH)(H)
Found C[6](C[6]CH)2(CCHO)
COD finds the exact value 121
the sigma value 0.594
Target angle value : 121
Angle between C12(center) and C11 and H20
Atom1 C12 Its Cod class C[6](C[6]CC)(C[6]CH)(H) and Hashing 29
 Its codNBSymb C[6]-3:C[6]-3:H-1: its codNB2Symb 3:3:1:
Atom2 C11 Its Cod class C[6](C[6]CH)(C[6]CO)(H) and Hashing 29
 Its codNBSymb C[6]-3:C[6]-3:H-1: its codNB2Symb 3:3:1:
Atom3 H20 Its Cod class H(C[6]CC) and Hashing 887
 Its codNBSymb C[6]-3: its codNB2Symb 3:
Found 3:3:1:
Found 3:3:1:
Found 3:
Found C[6]-3:C[6]-3:H-1:
Found C[6]-3:C[6]-3:H-1:
Found C[6]-3:
Found C[6](C[6]CC)(C[6]CH)(H)
Found C[6](C[6]CH)(C[6]CO)(H)
COD finds the exact value 119
the sigma value 0.744
Target angle value : 119
Angle between C12(center) and C7 and H20
Atom1 C12 Its Cod class C[6](C[6]CC)(C[6]CH)(H) and Hashing 29
 Its codNBSymb C[6]-3:C[6]-3:H-1: its codNB2Symb 3:3:1:
Atom2 C7 Its Cod class C[6](C[6]CH)2(CCHO) and Hashing 29
 Its codNBSymb C[6]-3:C[6]-3:C-4: its codNB2Symb 3:3:4:
Atom3 H20 Its Cod class H(C[6]CC) and Hashing 887
 Its codNBSymb C[6]-3: its codNB2Symb 3:
Found 3:3:1:
Found 3:3:4:
Found 3:
Found C[6]-3:C[6]-3:H-1:
Found C[6]-3:C[6]-3:C-4:
Found C[6]-3:
Found C[6](C[6]CC)(C[6]CH)(H)
Found C[6](C[6]CH)2(CCHO)
COD finds the exact value 120
the sigma value 0.956
Target angle value : 120
Angle between C7(center) and C6 and C8
Atom1 C7 Its Cod class C[6](C[6]CH)2(CCHO) and Hashing 29
 Its codNBSymb C[6]-3:C[6]-3:C-4: its codNB2Symb 3:3:4:
Atom2 C8 Its Cod class C[6](C[6]CC)(C[6]CO)(H) and Hashing 29
 Its codNBSymb C[6]-3:C[6]-3:H-1: its codNB2Symb 3:3:1:
Atom3 C6 Its Cod class C(C[6]CC)(CCHN)(OH)(H) and Hashing 673
 Its codNBSymb C[6]-3:C-4:O-2:H-1: its codNB2Symb 3:4:2:1:
Found 3:3:4:
Found 3:3:1:
Found 3:4:2:1:
Found C[6]-3:C[6]-3:C-4:
Found C[6]-3:C[6]-3:H-1:
Found C[6]-3:C-4:O-2:H-1:
Found C[6](C[6]CH)2(CCHO)
Found C[6](C[6]CC)(C[6]CO)(H)
Target angle value : 121
Angle between C7(center) and C6 and C12
Atom1 C7 Its Cod class C[6](C[6]CH)2(CCHO) and Hashing 29
 Its codNBSymb C[6]-3:C[6]-3:C-4: its codNB2Symb 3:3:4:
Atom2 C12 Its Cod class C[6](C[6]CC)(C[6]CH)(H) and Hashing 29
 Its codNBSymb C[6]-3:C[6]-3:H-1: its codNB2Symb 3:3:1:
Atom3 C6 Its Cod class C(C[6]CC)(CCHN)(OH)(H) and Hashing 673
 Its codNBSymb C[6]-3:C-4:O-2:H-1: its codNB2Symb 3:4:2:1:
Found 3:3:4:
Found 3:3:1:
Found 3:4:2:1:
Found C[6]-3:C[6]-3:C-4:
Found C[6]-3:C[6]-3:H-1:
Found C[6]-3:C-4:O-2:H-1:
Found C[6](C[6]CH)2(CCHO)
Found C[6](C[6]CC)(C[6]CH)(H)
COD finds the exact value 121
the sigma value 1.16
Target angle value : 121
Angle between C7(center) and C8 and C12
Atom1 C7 Its Cod class C[6](C[6]CH)2(CCHO) and Hashing 29
 Its codNBSymb C[6]-3:C[6]-3:C-4: its codNB2Symb 3:3:4:
Atom2 C8 Its Cod class C[6](C[6]CC)(C[6]CO)(H) and Hashing 29
 Its codNBSymb C[6]-3:C[6]-3:H-1: its codNB2Symb 3:3:1:
Atom3 C12 Its Cod class C[6](C[6]CC)(C[6]CH)(H) and Hashing 29
 Its codNBSymb C[6]-3:C[6]-3:H-1: its codNB2Symb 3:3:1:
Found 3:3:4:
Found 3:3:1:
Found 3:3:1:
Found C[6]-3:C[6]-3:C-4:
Found C[6]-3:C[6]-3:H-1:
Found C[6]-3:C[6]-3:H-1:
Found C[6](C[6]CH)2(CCHO)
Found C[6](C[6]CC)(C[6]CO)(H)
COD finds the exact value 119
the sigma value 0.519
Target angle value : 119
Angle between C6(center) and C2 and O
Atom1 C6 Its Cod class C(C[6]CC)(CCHN)(OH)(H) and Hashing 673
 Its codNBSymb C[6]-3:C-4:O-2:H-1: its codNB2Symb 3:4:2:1:
Atom2 O Its Cod class O(CCCH)(H) and Hashing 111
 Its codNBSymb C-4:H-1: its codNB2Symb 4:1:
Atom3 C2 Its Cod class C(CCHH)(CCHO)(NCH)(H) and Hashing 673
 Its codNBSymb C-4:C-4:N-3:H-1: its codNB2Symb 4:4:3:1:
Found 3:4:2:1:
Found 4:1:
Found 4:4:3:1:
Found C[6]-3:C-4:O-2:H-1:
Found C-4:H-1:
Found C-4:C-4:N-3:H-1:
Found C(C[6]CC)(CCHN)(OH)(H)
Found O(CCCH)(H)
Target angle value : 109
Angle between C6(center) and C2 and C7
Atom1 C6 Its Cod class C(C[6]CC)(CCHN)(OH)(H) and Hashing 673
 Its codNBSymb C[6]-3:C-4:O-2:H-1: its codNB2Symb 3:4:2:1:
Atom2 C7 Its Cod class C[6](C[6]CH)2(CCHO) and Hashing 29
 Its codNBSymb C[6]-3:C[6]-3:C-4: its codNB2Symb 3:3:4:
Atom3 C2 Its Cod class C(CCHH)(CCHO)(NCH)(H) and Hashing 673
 Its codNBSymb C-4:C-4:N-3:H-1: its codNB2Symb 4:4:3:1:
Found 3:4:2:1:
Found 3:3:4:
Found 4:4:3:1:
Found C[6]-3:C-4:O-2:H-1:
Found C[6]-3:C[6]-3:C-4:
Found C-4:C-4:N-3:H-1:
Found C(C[6]CC)(CCHN)(OH)(H)
Found C[6](C[6]CH)2(CCHO)
Target angle value : 112
Angle between C6(center) and C2 and H14
Atom1 C6 Its Cod class C(C[6]CC)(CCHN)(OH)(H) and Hashing 673
 Its codNBSymb C[6]-3:C-4:O-2:H-1: its codNB2Symb 3:4:2:1:
Atom2 C2 Its Cod class C(CCHH)(CCHO)(NCH)(H) and Hashing 673
 Its codNBSymb C-4:C-4:N-3:H-1: its codNB2Symb 4:4:3:1:
Atom3 H14 Its Cod class H(CCCO) and Hashing 887
 Its codNBSymb C-4: its codNB2Symb 4:
Found 3:4:2:1:
Found 4:4:3:1:
Found 4:
Found C[6]-3:C-4:O-2:H-1:
Found C-4:C-4:N-3:H-1:
Found C-4:
Found C(C[6]CC)(CCHN)(OH)(H)
not Found C(CCHH)(CCHO)(NCH)(H) iFind8 
Target angle value : 108
Angle between C6(center) and O and C7
Atom1 C6 Its Cod class C(C[6]CC)(CCHN)(OH)(H) and Hashing 673
 Its codNBSymb C[6]-3:C-4:O-2:H-1: its codNB2Symb 3:4:2:1:
Atom2 C7 Its Cod class C[6](C[6]CH)2(CCHO) and Hashing 29
 Its codNBSymb C[6]-3:C[6]-3:C-4: its codNB2Symb 3:3:4:
Atom3 O Its Cod class O(CCCH)(H) and Hashing 111
 Its codNBSymb C-4:H-1: its codNB2Symb 4:1:
Found 3:4:2:1:
Found 3:3:4:
Found 4:1:
Found C[6]-3:C-4:O-2:H-1:
Found C[6]-3:C[6]-3:C-4:
Found C-4:H-1:
Found C(C[6]CC)(CCHN)(OH)(H)
Found C[6](C[6]CH)2(CCHO)
COD finds the exact value 112
the sigma value 1.62
Target angle value : 112
Angle between C6(center) and O and H14
Atom1 C6 Its Cod class C(C[6]CC)(CCHN)(OH)(H) and Hashing 673
 Its codNBSymb C[6]-3:C-4:O-2:H-1: its codNB2Symb 3:4:2:1:
Atom2 O Its Cod class O(CCCH)(H) and Hashing 111
 Its codNBSymb C-4:H-1: its codNB2Symb 4:1:
Atom3 H14 Its Cod class H(CCCO) and Hashing 887
 Its codNBSymb C-4: its codNB2Symb 4:
Found 3:4:2:1:
Found 4:1:
Found 4:
Found C[6]-3:C-4:O-2:H-1:
Found C-4:H-1:
Found C-4:
Found C(C[6]CC)(CCHN)(OH)(H)
Found O(CCCH)(H)
COD finds the exact value 109
the sigma value 1.13
Target angle value : 109
Angle between C6(center) and C7 and H14
Atom1 C6 Its Cod class C(C[6]CC)(CCHN)(OH)(H) and Hashing 673
 Its codNBSymb C[6]-3:C-4:O-2:H-1: its codNB2Symb 3:4:2:1:
Atom2 C7 Its Cod class C[6](C[6]CH)2(CCHO) and Hashing 29
 Its codNBSymb C[6]-3:C[6]-3:C-4: its codNB2Symb 3:3:4:
Atom3 H14 Its Cod class H(CCCO) and Hashing 887
 Its codNBSymb C-4: its codNB2Symb 4:
Found 3:4:2:1:
Found 3:3:4:
Found 4:
Found C[6]-3:C-4:O-2:H-1:
Found C[6]-3:C[6]-3:C-4:
Found C-4:
Found C(C[6]CC)(CCHN)(OH)(H)
Found C[6](C[6]CH)2(CCHO)
COD finds the exact value 109
the sigma value 1.04
Target angle value : 109
Angle between O(center) and C6 and H15
Atom1 O Its Cod class O(CCCH)(H) and Hashing 111
 Its codNBSymb C-4:H-1: its codNB2Symb 4:1:
Atom2 C6 Its Cod class C(C[6]CC)(CCHN)(OH)(H) and Hashing 673
 Its codNBSymb C[6]-3:C-4:O-2:H-1: its codNB2Symb 3:4:2:1:
Atom3 H15 Its Cod class H(OC) and Hashing 887
 Its codNBSymb O-2: its codNB2Symb 2:
Found 4:1:
Found 3:4:2:1:
Found 2:
Found C-4:H-1:
Found C[6]-3:C-4:O-2:H-1:
Found O-2:
Found O(CCCH)(H)
Found C(C[6]CC)(CCHN)(OH)(H)
COD finds the exact value 108
the sigma value 3
Target angle value : 108
Angle between C2(center) and C1 and N
Atom1 C2 Its Cod class C(CCHH)(CCHO)(NCH)(H) and Hashing 673
 Its codNBSymb C-4:C-4:N-3:H-1: its codNB2Symb 4:4:3:1:
Atom2 C1 Its Cod class C(CCHN)(CH3)(H)2 and Hashing 673
 Its codNBSymb C-4:C-4:H-1:H-1: its codNB2Symb 4:4:1:1:
Atom3 N Its Cod class N(CCCH)2(H) and Hashing 981
 Its codNBSymb C-4:C-4:H-1: its codNB2Symb 4:4:1:
Found 4:4:3:1:
Found 4:4:1:1:
Found 4:4:1:
Found C-4:C-4:N-3:H-1:
Found C-4:C-4:H-1:H-1:
Found C-4:C-4:H-1:
not Found C(CCHH)(CCHO)(NCH)(H) iFind7 
Target angle value : 111
Angle between C2(center) and C1 and C6
Atom1 C2 Its Cod class C(CCHH)(CCHO)(NCH)(H) and Hashing 673
 Its codNBSymb C-4:C-4:N-3:H-1: its codNB2Symb 4:4:3:1:
Atom2 C1 Its Cod class C(CCHN)(CH3)(H)2 and Hashing 673
 Its codNBSymb C-4:C-4:H-1:H-1: its codNB2Symb 4:4:1:1:
Atom3 C6 Its Cod class C(C[6]CC)(CCHN)(OH)(H) and Hashing 673
 Its codNBSymb C[6]-3:C-4:O-2:H-1: its codNB2Symb 3:4:2:1:
Found 4:4:3:1:
Found 4:4:1:1:
not Found 3:4:2:1: iFind3 
Target angle value : 111
Angle between C2(center) and C1 and H5
Atom1 C2 Its Cod class C(CCHH)(CCHO)(NCH)(H) and Hashing 673
 Its codNBSymb C-4:C-4:N-3:H-1: its codNB2Symb 4:4:3:1:
Atom2 C1 Its Cod class C(CCHN)(CH3)(H)2 and Hashing 673
 Its codNBSymb C-4:C-4:H-1:H-1: its codNB2Symb 4:4:1:1:
Atom3 H5 Its Cod class H(CCCN) and Hashing 887
 Its codNBSymb C-4: its codNB2Symb 4:
Found 4:4:3:1:
Found 4:4:1:1:
Found 4:
Found C-4:C-4:N-3:H-1:
Found C-4:C-4:H-1:H-1:
Found C-4:
not Found C(CCHH)(CCHO)(NCH)(H) iFind7 
Target angle value : 108
Angle between C2(center) and N and C6
Atom1 C2 Its Cod class C(CCHH)(CCHO)(NCH)(H) and Hashing 673
 Its codNBSymb C-4:C-4:N-3:H-1: its codNB2Symb 4:4:3:1:
Atom2 C6 Its Cod class C(C[6]CC)(CCHN)(OH)(H) and Hashing 673
 Its codNBSymb C[6]-3:C-4:O-2:H-1: its codNB2Symb 3:4:2:1:
Atom3 N Its Cod class N(CCCH)2(H) and Hashing 981
 Its codNBSymb C-4:C-4:H-1: its codNB2Symb 4:4:1:
Found 4:4:3:1:
Found 3:4:2:1:
not Found 4:4:1: iFind3 
Target angle value : 112
Angle between C2(center) and N and H5
Atom1 C2 Its Cod class C(CCHH)(CCHO)(NCH)(H) and Hashing 673
 Its codNBSymb C-4:C-4:N-3:H-1: its codNB2Symb 4:4:3:1:
Atom2 H5 Its Cod class H(CCCN) and Hashing 887
 Its codNBSymb C-4: its codNB2Symb 4:
Atom3 N Its Cod class N(CCCH)2(H) and Hashing 981
 Its codNBSymb C-4:C-4:H-1: its codNB2Symb 4:4:1:
Found 4:4:3:1:
Found 4:
Found 4:4:1:
Found C-4:C-4:N-3:H-1:
Found C-4:
Found C-4:C-4:H-1:
not Found C(CCHH)(CCHO)(NCH)(H) iFind7 
Target angle value : 108
Angle between C2(center) and C6 and H5
Atom1 C2 Its Cod class C(CCHH)(CCHO)(NCH)(H) and Hashing 673
 Its codNBSymb C-4:C-4:N-3:H-1: its codNB2Symb 4:4:3:1:
Atom2 C6 Its Cod class C(C[6]CC)(CCHN)(OH)(H) and Hashing 673
 Its codNBSymb C[6]-3:C-4:O-2:H-1: its codNB2Symb 3:4:2:1:
Atom3 H5 Its Cod class H(CCCN) and Hashing 887
 Its codNBSymb C-4: its codNB2Symb 4:
Found 4:4:3:1:
Found 3:4:2:1:
Found 4:
Found C-4:C-4:N-3:H-1:
Found C[6]-3:C-4:O-2:H-1:
Found C-4:
not Found C(CCHH)(CCHO)(NCH)(H) iFind7 
Target angle value : 107
Angle between C1(center) and C and C2
Atom1 C1 Its Cod class C(CCHN)(CH3)(H)2 and Hashing 673
 Its codNBSymb C-4:C-4:H-1:H-1: its codNB2Symb 4:4:1:1:
Atom2 C Its Cod class C(CCHH)(H)3 and Hashing 673
 Its codNBSymb C-4:H-1:H-1:H-1: its codNB2Symb 4:1:1:1:
Atom3 C2 Its Cod class C(CCHH)(CCHO)(NCH)(H) and Hashing 673
 Its codNBSymb C-4:C-4:N-3:H-1: its codNB2Symb 4:4:3:1:
Found 4:4:1:1:
Found 4:1:1:1:
Found 4:4:3:1:
Found C-4:C-4:H-1:H-1:
Found C-4:H-1:H-1:H-1:
Found C-4:C-4:N-3:H-1:
Found C(CCHN)(CH3)(H)2
Found C(CCHH)(H)3
Target angle value : 114
Angle between C1(center) and C and H3
Atom1 C1 Its Cod class C(CCHN)(CH3)(H)2 and Hashing 673
 Its codNBSymb C-4:C-4:H-1:H-1: its codNB2Symb 4:4:1:1:
Atom2 C Its Cod class C(CCHH)(H)3 and Hashing 673
 Its codNBSymb C-4:H-1:H-1:H-1: its codNB2Symb 4:1:1:1:
Atom3 H3 Its Cod class H(CCCH) and Hashing 887
 Its codNBSymb C-4: its codNB2Symb 4:
Found 4:4:1:1:
Found 4:1:1:1:
Found 4:
Found C-4:C-4:H-1:H-1:
Found C-4:H-1:H-1:H-1:
Found C-4:
Found C(CCHN)(CH3)(H)2
Found C(CCHH)(H)3
COD finds the exact value 109
the sigma value 0.97
Target angle value : 109
Angle between C1(center) and C and H4
Atom1 C1 Its Cod class C(CCHN)(CH3)(H)2 and Hashing 673
 Its codNBSymb C-4:C-4:H-1:H-1: its codNB2Symb 4:4:1:1:
Atom2 C Its Cod class C(CCHH)(H)3 and Hashing 673
 Its codNBSymb C-4:H-1:H-1:H-1: its codNB2Symb 4:1:1:1:
Atom3 H4 Its Cod class H(CCCH) and Hashing 887
 Its codNBSymb C-4: its codNB2Symb 4:
Found 4:4:1:1:
Found 4:1:1:1:
Found 4:
Found C-4:C-4:H-1:H-1:
Found C-4:H-1:H-1:H-1:
Found C-4:
Found C(CCHN)(CH3)(H)2
Found C(CCHH)(H)3
COD finds the exact value 109
the sigma value 0.97
Target angle value : 109
Angle between C1(center) and C2 and H3
Atom1 C1 Its Cod class C(CCHN)(CH3)(H)2 and Hashing 673
 Its codNBSymb C-4:C-4:H-1:H-1: its codNB2Symb 4:4:1:1:
Atom2 C2 Its Cod class C(CCHH)(CCHO)(NCH)(H) and Hashing 673
 Its codNBSymb C-4:C-4:N-3:H-1: its codNB2Symb 4:4:3:1:
Atom3 H3 Its Cod class H(CCCH) and Hashing 887
 Its codNBSymb C-4: its codNB2Symb 4:
Found 4:4:1:1:
Found 4:4:3:1:
Found 4:
Found C-4:C-4:H-1:H-1:
Found C-4:C-4:N-3:H-1:
Found C-4:
Found C(CCHN)(CH3)(H)2
not Found C(CCHH)(CCHO)(NCH)(H) iFind8 
Target angle value : 108
Angle between C1(center) and C2 and H4
Atom1 C1 Its Cod class C(CCHN)(CH3)(H)2 and Hashing 673
 Its codNBSymb C-4:C-4:H-1:H-1: its codNB2Symb 4:4:1:1:
Atom2 C2 Its Cod class C(CCHH)(CCHO)(NCH)(H) and Hashing 673
 Its codNBSymb C-4:C-4:N-3:H-1: its codNB2Symb 4:4:3:1:
Atom3 H4 Its Cod class H(CCCH) and Hashing 887
 Its codNBSymb C-4: its codNB2Symb 4:
Found 4:4:1:1:
Found 4:4:3:1:
Found 4:
Found C-4:C-4:H-1:H-1:
Found C-4:C-4:N-3:H-1:
Found C-4:
Found C(CCHN)(CH3)(H)2
not Found C(CCHH)(CCHO)(NCH)(H) iFind8 
Target angle value : 108
Angle between C1(center) and H3 and H4
Atom1 C1 Its Cod class C(CCHN)(CH3)(H)2 and Hashing 673
 Its codNBSymb C-4:C-4:H-1:H-1: its codNB2Symb 4:4:1:1:
Atom2 H3 Its Cod class H(CCCH) and Hashing 887
 Its codNBSymb C-4: its codNB2Symb 4:
Atom3 H4 Its Cod class H(CCCH) and Hashing 887
 Its codNBSymb C-4: its codNB2Symb 4:
Found 4:4:1:1:
Found 4:
Found 4:
Found C-4:C-4:H-1:H-1:
Found C-4:
Found C-4:
Found C(CCHN)(CH3)(H)2
Found H(CCCH)
COD finds the exact value 108
the sigma value 0.91
Target angle value : 108
Angle between C(center) and C1 and H
Atom1 C Its Cod class C(CCHH)(H)3 and Hashing 673
 Its codNBSymb C-4:H-1:H-1:H-1: its codNB2Symb 4:1:1:1:
Atom2 C1 Its Cod class C(CCHN)(CH3)(H)2 and Hashing 673
 Its codNBSymb C-4:C-4:H-1:H-1: its codNB2Symb 4:4:1:1:
Atom3 H Its Cod class H(CCHH) and Hashing 887
 Its codNBSymb C-4: its codNB2Symb 4:
Found 4:1:1:1:
Found 4:4:1:1:
Found 4:
Found C-4:H-1:H-1:H-1:
Found C-4:C-4:H-1:H-1:
Found C-4:
Found C(CCHH)(H)3
Found C(CCHN)(CH3)(H)2
COD finds the exact value 109
the sigma value 0.738
Target angle value : 109
Angle between C(center) and C1 and H1
Atom1 C Its Cod class C(CCHH)(H)3 and Hashing 673
 Its codNBSymb C-4:H-1:H-1:H-1: its codNB2Symb 4:1:1:1:
Atom2 C1 Its Cod class C(CCHN)(CH3)(H)2 and Hashing 673
 Its codNBSymb C-4:C-4:H-1:H-1: its codNB2Symb 4:4:1:1:
Atom3 H1 Its Cod class H(CCHH) and Hashing 887
 Its codNBSymb C-4: its codNB2Symb 4:
Found 4:1:1:1:
Found 4:4:1:1:
Found 4:
Found C-4:H-1:H-1:H-1:
Found C-4:C-4:H-1:H-1:
Found C-4:
Found C(CCHH)(H)3
Found C(CCHN)(CH3)(H)2
COD finds the exact value 109
the sigma value 0.738
Target angle value : 109
Angle between C(center) and C1 and H2
Atom1 C Its Cod class C(CCHH)(H)3 and Hashing 673
 Its codNBSymb C-4:H-1:H-1:H-1: its codNB2Symb 4:1:1:1:
Atom2 C1 Its Cod class C(CCHN)(CH3)(H)2 and Hashing 673
 Its codNBSymb C-4:C-4:H-1:H-1: its codNB2Symb 4:4:1:1:
Atom3 H2 Its Cod class H(CCHH) and Hashing 887
 Its codNBSymb C-4: its codNB2Symb 4:
Found 4:1:1:1:
Found 4:4:1:1:
Found 4:
Found C-4:H-1:H-1:H-1:
Found C-4:C-4:H-1:H-1:
Found C-4:
Found C(CCHH)(H)3
Found C(CCHN)(CH3)(H)2
COD finds the exact value 109
the sigma value 0.738
Target angle value : 109
Angle between C(center) and H and H1
Atom1 C Its Cod class C(CCHH)(H)3 and Hashing 673
 Its codNBSymb C-4:H-1:H-1:H-1: its codNB2Symb 4:1:1:1:
Atom2 H Its Cod class H(CCHH) and Hashing 887
 Its codNBSymb C-4: its codNB2Symb 4:
Atom3 H1 Its Cod class H(CCHH) and Hashing 887
 Its codNBSymb C-4: its codNB2Symb 4:
Found 4:1:1:1:
Found 4:
Found 4:
Found C-4:H-1:H-1:H-1:
Found C-4:
Found C-4:
Found C(CCHH)(H)3
Found H(CCHH)
COD finds the exact value 109
the sigma value 1.56
Target angle value : 109
Angle between C(center) and H and H2
Atom1 C Its Cod class C(CCHH)(H)3 and Hashing 673
 Its codNBSymb C-4:H-1:H-1:H-1: its codNB2Symb 4:1:1:1:
Atom2 H Its Cod class H(CCHH) and Hashing 887
 Its codNBSymb C-4: its codNB2Symb 4:
Atom3 H2 Its Cod class H(CCHH) and Hashing 887
 Its codNBSymb C-4: its codNB2Symb 4:
Found 4:1:1:1:
Found 4:
Found 4:
Found C-4:H-1:H-1:H-1:
Found C-4:
Found C-4:
Found C(CCHH)(H)3
Found H(CCHH)
COD finds the exact value 109
the sigma value 1.56
Target angle value : 109
Angle between C(center) and H1 and H2
Atom1 C Its Cod class C(CCHH)(H)3 and Hashing 673
 Its codNBSymb C-4:H-1:H-1:H-1: its codNB2Symb 4:1:1:1:
Atom2 H1 Its Cod class H(CCHH) and Hashing 887
 Its codNBSymb C-4: its codNB2Symb 4:
Atom3 H2 Its Cod class H(CCHH) and Hashing 887
 Its codNBSymb C-4: its codNB2Symb 4:
Found 4:1:1:1:
Found 4:
Found 4:
Found C-4:H-1:H-1:H-1:
Found C-4:
Found C-4:
Found C(CCHH)(H)3
Found H(CCHH)
COD finds the exact value 109
the sigma value 1.56
Target angle value : 109
Angle between N(center) and C2 and C3
Atom1 N Its Cod class N(CCCH)2(H) and Hashing 981
 Its codNBSymb C-4:C-4:H-1: its codNB2Symb 4:4:1:
Atom2 C3 Its Cod class C(CH3)2(NCH)(H) and Hashing 673
 Its codNBSymb C-4:C-4:N-3:H-1: its codNB2Symb 4:4:3:1:
Atom3 C2 Its Cod class C(CCHH)(CCHO)(NCH)(H) and Hashing 673
 Its codNBSymb C-4:C-4:N-3:H-1: its codNB2Symb 4:4:3:1:
Found 4:4:1:
Found 4:4:3:1:
Found 4:4:3:1:
Found C-4:C-4:H-1:
Found C-4:C-4:N-3:H-1:
Found C-4:C-4:N-3:H-1:
Found N(CCCH)2(H)
not Found C(CH3)2(NCH)(H) iFind8 
Target angle value : 115
Angle between N(center) and C2 and H6
Atom1 N Its Cod class N(CCCH)2(H) and Hashing 981
 Its codNBSymb C-4:C-4:H-1: its codNB2Symb 4:4:1:
Atom2 C2 Its Cod class C(CCHH)(CCHO)(NCH)(H) and Hashing 673
 Its codNBSymb C-4:C-4:N-3:H-1: its codNB2Symb 4:4:3:1:
Atom3 H6 Its Cod class H(NCC) and Hashing 887
 Its codNBSymb N-3: its codNB2Symb 3:
Found 4:4:1:
Found 4:4:3:1:
Found 3:
Found C-4:C-4:H-1:
Found C-4:C-4:N-3:H-1:
Found N-3:
Found N(CCCH)2(H)
not Found C(CCHH)(CCHO)(NCH)(H) iFind8 
Target angle value : 108
Angle between N(center) and C3 and H6
Atom1 N Its Cod class N(CCCH)2(H) and Hashing 981
 Its codNBSymb C-4:C-4:H-1: its codNB2Symb 4:4:1:
Atom2 C3 Its Cod class C(CH3)2(NCH)(H) and Hashing 673
 Its codNBSymb C-4:C-4:N-3:H-1: its codNB2Symb 4:4:3:1:
Atom3 H6 Its Cod class H(NCC) and Hashing 887
 Its codNBSymb N-3: its codNB2Symb 3:
Found 4:4:1:
Found 4:4:3:1:
Found 3:
Found C-4:C-4:H-1:
Found C-4:C-4:N-3:H-1:
Found N-3:
Found N(CCCH)2(H)
not Found C(CH3)2(NCH)(H) iFind8 
Target angle value : 108
Angle between C3(center) and N and C4
Atom1 C3 Its Cod class C(CH3)2(NCH)(H) and Hashing 673
 Its codNBSymb C-4:C-4:N-3:H-1: its codNB2Symb 4:4:3:1:
Atom2 C4 Its Cod class C(CCHN)(H)3 and Hashing 673
 Its codNBSymb C-4:H-1:H-1:H-1: its codNB2Symb 4:1:1:1:
Atom3 N Its Cod class N(CCCH)2(H) and Hashing 981
 Its codNBSymb C-4:C-4:H-1: its codNB2Symb 4:4:1:
Found 4:4:3:1:
Found 4:1:1:1:
Found 4:4:1:
Found C-4:C-4:N-3:H-1:
Found C-4:H-1:H-1:H-1:
Found C-4:C-4:H-1:
Found C(CH3)2(NCH)(H)
Found C(CCHN)(H)3
Target angle value : 111
Angle between C3(center) and N and C5
Atom1 C3 Its Cod class C(CH3)2(NCH)(H) and Hashing 673
 Its codNBSymb C-4:C-4:N-3:H-1: its codNB2Symb 4:4:3:1:
Atom2 C5 Its Cod class C(CCHN)(H)3 and Hashing 673
 Its codNBSymb C-4:H-1:H-1:H-1: its codNB2Symb 4:1:1:1:
Atom3 N Its Cod class N(CCCH)2(H) and Hashing 981
 Its codNBSymb C-4:C-4:H-1: its codNB2Symb 4:4:1:
Found 4:4:3:1:
Found 4:1:1:1:
Found 4:4:1:
Found C-4:C-4:N-3:H-1:
Found C-4:H-1:H-1:H-1:
Found C-4:C-4:H-1:
Found C(CH3)2(NCH)(H)
Found C(CCHN)(H)3
Target angle value : 111
Angle between C3(center) and N and H7
Atom1 C3 Its Cod class C(CH3)2(NCH)(H) and Hashing 673
 Its codNBSymb C-4:C-4:N-3:H-1: its codNB2Symb 4:4:3:1:
Atom2 H7 Its Cod class H(CCCN) and Hashing 887
 Its codNBSymb C-4: its codNB2Symb 4:
Atom3 N Its Cod class N(CCCH)2(H) and Hashing 981
 Its codNBSymb C-4:C-4:H-1: its codNB2Symb 4:4:1:
Found 4:4:3:1:
Found 4:
Found 4:4:1:
Found C-4:C-4:N-3:H-1:
Found C-4:
Found C-4:C-4:H-1:
Found C(CH3)2(NCH)(H)
Found H(CCCN)
Target angle value : 108
Angle between C3(center) and C4 and C5
Atom1 C3 Its Cod class C(CH3)2(NCH)(H) and Hashing 673
 Its codNBSymb C-4:C-4:N-3:H-1: its codNB2Symb 4:4:3:1:
Atom2 C4 Its Cod class C(CCHN)(H)3 and Hashing 673
 Its codNBSymb C-4:H-1:H-1:H-1: its codNB2Symb 4:1:1:1:
Atom3 C5 Its Cod class C(CCHN)(H)3 and Hashing 673
 Its codNBSymb C-4:H-1:H-1:H-1: its codNB2Symb 4:1:1:1:
Found 4:4:3:1:
Found 4:1:1:1:
Found 4:1:1:1:
Found C-4:C-4:N-3:H-1:
Found C-4:H-1:H-1:H-1:
Found C-4:H-1:H-1:H-1:
Found C(CH3)2(NCH)(H)
Found C(CCHN)(H)3
COD finds the exact value 112
the sigma value 1.43
Target angle value : 112
Angle between C3(center) and C4 and H7
Atom1 C3 Its Cod class C(CH3)2(NCH)(H) and Hashing 673
 Its codNBSymb C-4:C-4:N-3:H-1: its codNB2Symb 4:4:3:1:
Atom2 C4 Its Cod class C(CCHN)(H)3 and Hashing 673
 Its codNBSymb C-4:H-1:H-1:H-1: its codNB2Symb 4:1:1:1:
Atom3 H7 Its Cod class H(CCCN) and Hashing 887
 Its codNBSymb C-4: its codNB2Symb 4:
Found 4:4:3:1:
Found 4:1:1:1:
Found 4:
Found C-4:C-4:N-3:H-1:
Found C-4:H-1:H-1:H-1:
Found C-4:
Found C(CH3)2(NCH)(H)
Found C(CCHN)(H)3
COD finds the exact value 108
the sigma value 0.933
Target angle value : 108
Angle between C3(center) and C5 and H7
Atom1 C3 Its Cod class C(CH3)2(NCH)(H) and Hashing 673
 Its codNBSymb C-4:C-4:N-3:H-1: its codNB2Symb 4:4:3:1:
Atom2 C5 Its Cod class C(CCHN)(H)3 and Hashing 673
 Its codNBSymb C-4:H-1:H-1:H-1: its codNB2Symb 4:1:1:1:
Atom3 H7 Its Cod class H(CCCN) and Hashing 887
 Its codNBSymb C-4: its codNB2Symb 4:
Found 4:4:3:1:
Found 4:1:1:1:
Found 4:
Found C-4:C-4:N-3:H-1:
Found C-4:H-1:H-1:H-1:
Found C-4:
Found C(CH3)2(NCH)(H)
Found C(CCHN)(H)3
COD finds the exact value 108
the sigma value 0.933
Target angle value : 108
Angle between C5(center) and C3 and H11
Atom1 C5 Its Cod class C(CCHN)(H)3 and Hashing 673
 Its codNBSymb C-4:H-1:H-1:H-1: its codNB2Symb 4:1:1:1:
Atom2 C3 Its Cod class C(CH3)2(NCH)(H) and Hashing 673
 Its codNBSymb C-4:C-4:N-3:H-1: its codNB2Symb 4:4:3:1:
Atom3 H11 Its Cod class H(CCHH) and Hashing 887
 Its codNBSymb C-4: its codNB2Symb 4:
Found 4:1:1:1:
Found 4:4:3:1:
Found 4:
Found C-4:H-1:H-1:H-1:
Found C-4:C-4:N-3:H-1:
Found C-4:
Found C(CCHN)(H)3
Found C(CH3)2(NCH)(H)
COD finds the exact value 109
the sigma value 0.711
Target angle value : 109
Angle between C5(center) and C3 and H12
Atom1 C5 Its Cod class C(CCHN)(H)3 and Hashing 673
 Its codNBSymb C-4:H-1:H-1:H-1: its codNB2Symb 4:1:1:1:
Atom2 C3 Its Cod class C(CH3)2(NCH)(H) and Hashing 673
 Its codNBSymb C-4:C-4:N-3:H-1: its codNB2Symb 4:4:3:1:
Atom3 H12 Its Cod class H(CCHH) and Hashing 887
 Its codNBSymb C-4: its codNB2Symb 4:
Found 4:1:1:1:
Found 4:4:3:1:
Found 4:
Found C-4:H-1:H-1:H-1:
Found C-4:C-4:N-3:H-1:
Found C-4:
Found C(CCHN)(H)3
Found C(CH3)2(NCH)(H)
COD finds the exact value 109
the sigma value 0.711
Target angle value : 109
Angle between C5(center) and C3 and H13
Atom1 C5 Its Cod class C(CCHN)(H)3 and Hashing 673
 Its codNBSymb C-4:H-1:H-1:H-1: its codNB2Symb 4:1:1:1:
Atom2 C3 Its Cod class C(CH3)2(NCH)(H) and Hashing 673
 Its codNBSymb C-4:C-4:N-3:H-1: its codNB2Symb 4:4:3:1:
Atom3 H13 Its Cod class H(CCHH) and Hashing 887
 Its codNBSymb C-4: its codNB2Symb 4:
Found 4:1:1:1:
Found 4:4:3:1:
Found 4:
Found C-4:H-1:H-1:H-1:
Found C-4:C-4:N-3:H-1:
Found C-4:
Found C(CCHN)(H)3
Found C(CH3)2(NCH)(H)
COD finds the exact value 109
the sigma value 0.711
Target angle value : 109
Angle between C5(center) and H11 and H12
Atom1 C5 Its Cod class C(CCHN)(H)3 and Hashing 673
 Its codNBSymb C-4:H-1:H-1:H-1: its codNB2Symb 4:1:1:1:
Atom2 H11 Its Cod class H(CCHH) and Hashing 887
 Its codNBSymb C-4: its codNB2Symb 4:
Atom3 H12 Its Cod class H(CCHH) and Hashing 887
 Its codNBSymb C-4: its codNB2Symb 4:
Found 4:1:1:1:
Found 4:
Found 4:
Found C-4:H-1:H-1:H-1:
Found C-4:
Found C-4:
Found C(CCHN)(H)3
Found H(CCHH)
COD finds the exact value 109
the sigma value 1.43
Target angle value : 109
Angle between C5(center) and H11 and H13
Atom1 C5 Its Cod class C(CCHN)(H)3 and Hashing 673
 Its codNBSymb C-4:H-1:H-1:H-1: its codNB2Symb 4:1:1:1:
Atom2 H11 Its Cod class H(CCHH) and Hashing 887
 Its codNBSymb C-4: its codNB2Symb 4:
Atom3 H13 Its Cod class H(CCHH) and Hashing 887
 Its codNBSymb C-4: its codNB2Symb 4:
Found 4:1:1:1:
Found 4:
Found 4:
Found C-4:H-1:H-1:H-1:
Found C-4:
Found C-4:
Found C(CCHN)(H)3
Found H(CCHH)
COD finds the exact value 109
the sigma value 1.43
Target angle value : 109
Angle between C5(center) and H12 and H13
Atom1 C5 Its Cod class C(CCHN)(H)3 and Hashing 673
 Its codNBSymb C-4:H-1:H-1:H-1: its codNB2Symb 4:1:1:1:
Atom2 H12 Its Cod class H(CCHH) and Hashing 887
 Its codNBSymb C-4: its codNB2Symb 4:
Atom3 H13 Its Cod class H(CCHH) and Hashing 887
 Its codNBSymb C-4: its codNB2Symb 4:
Found 4:1:1:1:
Found 4:
Found 4:
Found C-4:H-1:H-1:H-1:
Found C-4:
Found C-4:
Found C(CCHN)(H)3
Found H(CCHH)
COD finds the exact value 109
the sigma value 1.43
Target angle value : 109
Angle between C4(center) and C3 and H8
Atom1 C4 Its Cod class C(CCHN)(H)3 and Hashing 673
 Its codNBSymb C-4:H-1:H-1:H-1: its codNB2Symb 4:1:1:1:
Atom2 C3 Its Cod class C(CH3)2(NCH)(H) and Hashing 673
 Its codNBSymb C-4:C-4:N-3:H-1: its codNB2Symb 4:4:3:1:
Atom3 H8 Its Cod class H(CCHH) and Hashing 887
 Its codNBSymb C-4: its codNB2Symb 4:
Found 4:1:1:1:
Found 4:4:3:1:
Found 4:
Found C-4:H-1:H-1:H-1:
Found C-4:C-4:N-3:H-1:
Found C-4:
Found C(CCHN)(H)3
Found C(CH3)2(NCH)(H)
COD finds the exact value 109
the sigma value 0.711
Target angle value : 109
Angle between C4(center) and C3 and H9
Atom1 C4 Its Cod class C(CCHN)(H)3 and Hashing 673
 Its codNBSymb C-4:H-1:H-1:H-1: its codNB2Symb 4:1:1:1:
Atom2 C3 Its Cod class C(CH3)2(NCH)(H) and Hashing 673
 Its codNBSymb C-4:C-4:N-3:H-1: its codNB2Symb 4:4:3:1:
Atom3 H9 Its Cod class H(CCHH) and Hashing 887
 Its codNBSymb C-4: its codNB2Symb 4:
Found 4:1:1:1:
Found 4:4:3:1:
Found 4:
Found C-4:H-1:H-1:H-1:
Found C-4:C-4:N-3:H-1:
Found C-4:
Found C(CCHN)(H)3
Found C(CH3)2(NCH)(H)
COD finds the exact value 109
the sigma value 0.711
Target angle value : 109
Angle between C4(center) and C3 and H10
Atom1 C4 Its Cod class C(CCHN)(H)3 and Hashing 673
 Its codNBSymb C-4:H-1:H-1:H-1: its codNB2Symb 4:1:1:1:
Atom2 C3 Its Cod class C(CH3)2(NCH)(H) and Hashing 673
 Its codNBSymb C-4:C-4:N-3:H-1: its codNB2Symb 4:4:3:1:
Atom3 H10 Its Cod class H(CCHH) and Hashing 887
 Its codNBSymb C-4: its codNB2Symb 4:
Found 4:1:1:1:
Found 4:4:3:1:
Found 4:
Found C-4:H-1:H-1:H-1:
Found C-4:C-4:N-3:H-1:
Found C-4:
Found C(CCHN)(H)3
Found C(CH3)2(NCH)(H)
COD finds the exact value 109
the sigma value 0.711
Target angle value : 109
Angle between C4(center) and H8 and H9
Atom1 C4 Its Cod class C(CCHN)(H)3 and Hashing 673
 Its codNBSymb C-4:H-1:H-1:H-1: its codNB2Symb 4:1:1:1:
Atom2 H8 Its Cod class H(CCHH) and Hashing 887
 Its codNBSymb C-4: its codNB2Symb 4:
Atom3 H9 Its Cod class H(CCHH) and Hashing 887
 Its codNBSymb C-4: its codNB2Symb 4:
Found 4:1:1:1:
Found 4:
Found 4:
Found C-4:H-1:H-1:H-1:
Found C-4:
Found C-4:
Found C(CCHN)(H)3
Found H(CCHH)
COD finds the exact value 109
the sigma value 1.43
Target angle value : 109
Angle between C4(center) and H8 and H10
Atom1 C4 Its Cod class C(CCHN)(H)3 and Hashing 673
 Its codNBSymb C-4:H-1:H-1:H-1: its codNB2Symb 4:1:1:1:
Atom2 H8 Its Cod class H(CCHH) and Hashing 887
 Its codNBSymb C-4: its codNB2Symb 4:
Atom3 H10 Its Cod class H(CCHH) and Hashing 887
 Its codNBSymb C-4: its codNB2Symb 4:
Found 4:1:1:1:
Found 4:
Found 4:
Found C-4:H-1:H-1:H-1:
Found C-4:
Found C-4:
Found C(CCHN)(H)3
Found H(CCHH)
COD finds the exact value 109
the sigma value 1.43
Target angle value : 109
Angle between C4(center) and H9 and H10
Atom1 C4 Its Cod class C(CCHN)(H)3 and Hashing 673
 Its codNBSymb C-4:H-1:H-1:H-1: its codNB2Symb 4:1:1:1:
Atom2 H9 Its Cod class H(CCHH) and Hashing 887
 Its codNBSymb C-4: its codNB2Symb 4:
Atom3 H10 Its Cod class H(CCHH) and Hashing 887
 Its codNBSymb C-4: its codNB2Symb 4:
Found 4:1:1:1:
Found 4:
Found 4:
Found C-4:H-1:H-1:H-1:
Found C-4:
Found C-4:
Found C(CCHN)(H)3
Found H(CCHH)
COD finds the exact value 109
the sigma value 1.43
Target angle value : 109
There are 1 rings 
These are: 
Ring C10C11C12C7C8C9.
Ring size:  6
Atom C10
Atom C9
Atom C8
Atom C11
Atom C12
Atom C7
Finish searching angles 
=========END OF PROCESS INFORMATION
 ==========
