
============ PROCESS INFORMATION =============
||=====================Job description====================================||
You will get an output cif file for a list of dictionary restraints
based on the input cif file
Your input cif file : inMmcif/DDI.cif
Your monomer name : DDI
The output dictionary file(cif) : DDI_cod3_TMP/DDI_cod3_cod.rst
||========================================================================||
The work mode is 11
NBDepth	1
inCifName	inMmcif/DDI.cif
libMolTabDir	/Applications/ccp4-6.4.0/share/acedrg/tables
monoRootName	DDI
userOutName	DDI_cod3_TMP/DDI_cod3_cod.rst

Atom 0 : 
Its ID : O1
Its Chemical Type : O
Its CCP4 chemical type O
Its bonding index : 0
Its residue Name: DDI
Its connected atoms are : 
C8
The coords for the atom are : 
0
0
0

Atom 1 : 
Its ID : C8
Its Chemical Type : C
Its CCP4 chemical type C
Its bonding index : 2
Its residue Name: DDI
Its connected atoms are : 
C9
C7
O1
The coords for the atom are : 
-0.422
0.409
1.056

Atom 2 : 
Its ID : C7
Its Chemical Type : C
Its CCP4 chemical type CH2
Its bonding index : 3
Its residue Name: DDI
Its connected atoms are : 
C6
C8
H7A
H7B
The coords for the atom are : 
0.437
1.247
1.984

Atom 3 : 
Its ID : H7A
Its Chemical Type : H
Its CCP4 chemical type H
Its bonding index : 0
Its residue Name: DDI
Its connected atoms are : 
C7
The coords for the atom are : 
1.431
1.389
1.556

Atom 4 : 
Its ID : H7B
Its Chemical Type : H
Its CCP4 chemical type H
Its bonding index : 0
Its residue Name: DDI
Its connected atoms are : 
C7
The coords for the atom are : 
0.527
0.762
2.958

Atom 5 : 
Its ID : C6
Its Chemical Type : C
Its CCP4 chemical type CH2
Its bonding index : 3
Its residue Name: DDI
Its connected atoms are : 
C5
C7
H6A
H6B
The coords for the atom are : 
-0.246
2.602
2.149

Atom 6 : 
Its ID : H6A
Its Chemical Type : H
Its CCP4 chemical type H
Its bonding index : 0
Its residue Name: DDI
Its connected atoms are : 
C6
The coords for the atom are : 
-0.127
3.163
1.22

Atom 7 : 
Its ID : H6B
Its Chemical Type : H
Its CCP4 chemical type H
Its bonding index : 0
Its residue Name: DDI
Its connected atoms are : 
C6
The coords for the atom are : 
0.247
3.138
2.963

Atom 8 : 
Its ID : C5
Its Chemical Type : C
Its CCP4 chemical type CR6
Its bonding index : 2
Its residue Name: DDI
Its connected atoms are : 
C10
C4
C6
The coords for the atom are : 
-1.711
2.45
2.461

Atom 9 : 
Its ID : C4
Its Chemical Type : C
Its CCP4 chemical type CR16
Its bonding index : 2
Its residue Name: DDI
Its connected atoms are : 
C3
C5
H4
The coords for the atom are : 
-2.342
3.523
3.082

Atom 10 : 
Its ID : H4
Its Chemical Type : H
Its CCP4 chemical type H
Its bonding index : 0
Its residue Name: DDI
Its connected atoms are : 
C4
The coords for the atom are : 
-1.771
4.41
3.327

Atom 11 : 
Its ID : C3
Its Chemical Type : C
Its CCP4 chemical type CR16
Its bonding index : 2
Its residue Name: DDI
Its connected atoms are : 
C2
C4
H3
The coords for the atom are : 
-3.684
3.47
3.39

Atom 12 : 
Its ID : H3
Its Chemical Type : H
Its CCP4 chemical type H
Its bonding index : 0
Its residue Name: DDI
Its connected atoms are : 
C3
The coords for the atom are : 
-4.164
4.311
3.876

Atom 13 : 
Its ID : C2
Its Chemical Type : C
Its CCP4 chemical type CR16
Its bonding index : 2
Its residue Name: DDI
Its connected atoms are : 
C1
C3
H2
The coords for the atom are : 
-4.416
2.339
3.077

Atom 14 : 
Its ID : H2
Its Chemical Type : H
Its CCP4 chemical type H
Its bonding index : 0
Its residue Name: DDI
Its connected atoms are : 
C2
The coords for the atom are : 
-5.473
2.293
3.309

Atom 15 : 
Its ID : C1
Its Chemical Type : C
Its CCP4 chemical type CR16
Its bonding index : 2
Its residue Name: DDI
Its connected atoms are : 
C10
C2
H1
The coords for the atom are : 
-3.793
1.271
2.467

Atom 16 : 
Its ID : H1
Its Chemical Type : H
Its CCP4 chemical type H
Its bonding index : 0
Its residue Name: DDI
Its connected atoms are : 
C1
The coords for the atom are : 
-4.366
0.384
2.224

Atom 17 : 
Its ID : C10
Its Chemical Type : C
Its CCP4 chemical type CR6
Its bonding index : 2
Its residue Name: DDI
Its connected atoms are : 
C9
C1
C5
The coords for the atom are : 
-2.439
1.32
2.16

Atom 18 : 
Its ID : C9
Its Chemical Type : C
Its CCP4 chemical type CT
Its bonding index : 3
Its residue Name: DDI
Its connected atoms are : 
C25
C11
C10
C8
The coords for the atom are : 
-1.824
0.112
1.513

Atom 19 : 
Its ID : C25
Its Chemical Type : C
Its CCP4 chemical type CH1
Its bonding index : 3
Its residue Name: DDI
Its connected atoms are : 
O3
C24
C9
H25
The coords for the atom are : 
-2.674
-0.354
0.313

Atom 20 : 
Its ID : H25
Its Chemical Type : H
Its CCP4 chemical type H
Its bonding index : 0
Its residue Name: DDI
Its connected atoms are : 
C25
The coords for the atom are : 
-3.746
-0.255
0.534

Atom 21 : 
Its ID : O3
Its Chemical Type : O
Its CCP4 chemical type O2
Its bonding index : 2
Its residue Name: DDI
Its connected atoms are : 
C26
C25
The coords for the atom are : 
-2.33
0.376
-0.867

Atom 22 : 
Its ID : C26
Its Chemical Type : C
Its CCP4 chemical type CH1
Its bonding index : 3
Its residue Name: DDI
Its connected atoms are : 
C27
O7
O3
H26
The coords for the atom are : 
-3.493
0.391
-1.697

Atom 23 : 
Its ID : H26
Its Chemical Type : H
Its CCP4 chemical type H
Its bonding index : 0
Its residue Name: DDI
Its connected atoms are : 
C26
The coords for the atom are : 
-4.342
0.796
-1.128

Atom 24 : 
Its ID : O7
Its Chemical Type : O
Its CCP4 chemical type O2
Its bonding index : 2
Its residue Name: DDI
Its connected atoms are : 
C30
C26
The coords for the atom are : 
-3.795
-0.939
-2.114

Atom 25 : 
Its ID : C30
Its Chemical Type : C
Its CCP4 chemical type CH1
Its bonding index : 3
Its residue Name: DDI
Its connected atoms are : 
C29
C31
O7
H30
The coords for the atom are : 
-5.053
-0.907
-2.786

Atom 26 : 
Its ID : H30
Its Chemical Type : H
Its CCP4 chemical type H
Its bonding index : 0
Its residue Name: DDI
Its connected atoms are : 
C30
The coords for the atom are : 
-5.798
-0.414
-2.145

Atom 27 : 
Its ID : C31
Its Chemical Type : C
Its CCP4 chemical type CH2
Its bonding index : 3
Its residue Name: DDI
Its connected atoms are : 
C30
O6
H31A
H31B
The coords for the atom are : 
-5.505
-2.338
-3.084

Atom 28 : 
Its ID : H31A
Its Chemical Type : H
Its CCP4 chemical type H
Its bonding index : 0
Its residue Name: DDI
Its connected atoms are : 
C31
The coords for the atom are : 
-4.727
-2.855
-3.648

Atom 29 : 
Its ID : H31B
Its Chemical Type : H
Its CCP4 chemical type H
Its bonding index : 0
Its residue Name: DDI
Its connected atoms are : 
C31
The coords for the atom are : 
-6.425
-2.314
-3.672

Atom 30 : 
Its ID : O6
Its Chemical Type : O
Its CCP4 chemical type OH1
Its bonding index : 2
Its residue Name: DDI
Its connected atoms are : 
C31
HO6
The coords for the atom are : 
-5.742
-3.028
-1.855

Atom 31 : 
Its ID : HO6
Its Chemical Type : H
Its CCP4 chemical type H
Its bonding index : 0
Its residue Name: DDI
Its connected atoms are : 
O6
The coords for the atom are : 
-6.028
-3.932
-2.044

Atom 32 : 
Its ID : C29
Its Chemical Type : C
Its CCP4 chemical type CH1
Its bonding index : 3
Its residue Name: DDI
Its connected atoms are : 
C28
O5
C30
H29
The coords for the atom are : 
-4.92
-0.132
-4.099

Atom 33 : 
Its ID : H29
Its Chemical Type : H
Its CCP4 chemical type H
Its bonding index : 0
Its residue Name: DDI
Its connected atoms are : 
C29
The coords for the atom are : 
-4.159
-0.61
-4.732

Atom 34 : 
Its ID : O5
Its Chemical Type : O
Its CCP4 chemical type OH1
Its bonding index : 2
Its residue Name: DDI
Its connected atoms are : 
C29
HO5
The coords for the atom are : 
-6.175
-0.126
-4.782

Atom 35 : 
Its ID : HO5
Its Chemical Type : H
Its CCP4 chemical type H
Its bonding index : 0
Its residue Name: DDI
Its connected atoms are : 
O5
The coords for the atom are : 
-6.439
-1.035
-4.978

Atom 36 : 
Its ID : C28
Its Chemical Type : C
Its CCP4 chemical type CH1
Its bonding index : 3
Its residue Name: DDI
Its connected atoms are : 
C27
O4
C29
H28
The coords for the atom are : 
-4.498
1.308
-3.789

Atom 37 : 
Its ID : H28
Its Chemical Type : H
Its CCP4 chemical type H
Its bonding index : 0
Its residue Name: DDI
Its connected atoms are : 
C28
The coords for the atom are : 
-5.305
1.819
-3.245

Atom 38 : 
Its ID : O4
Its Chemical Type : O
Its CCP4 chemical type OH1
Its bonding index : 2
Its residue Name: DDI
Its connected atoms are : 
C28
HO4
The coords for the atom are : 
-4.223
2.004
-5.006

Atom 39 : 
Its ID : HO4
Its Chemical Type : H
Its CCP4 chemical type H
Its bonding index : 0
Its residue Name: DDI
Its connected atoms are : 
O4
The coords for the atom are : 
-5.021
2.026
-5.552

Atom 40 : 
Its ID : C27
Its Chemical Type : C
Its CCP4 chemical type CH1
Its bonding index : 3
Its residue Name: DDI
Its connected atoms are : 
N
C28
C26
H27
The coords for the atom are : 
-3.235
1.273
-2.921

Atom 41 : 
Its ID : H27
Its Chemical Type : H
Its CCP4 chemical type H
Its bonding index : 0
Its residue Name: DDI
Its connected atoms are : 
C27
The coords for the atom are : 
-2.4
0.859
-3.503

Atom 42 : 
Its ID : N
Its Chemical Type : N
Its CCP4 chemical type NH2
Its bonding index : 3
Its residue Name: DDI
Its connected atoms are : 
C27
HN1
HN2
The coords for the atom are : 
-2.9
2.635
-2.483

Atom 43 : 
Its ID : HN2
Its Chemical Type : H
Its CCP4 chemical type H
Its bonding index : 0
Its residue Name: DDI
Its connected atoms are : 
N
The coords for the atom are : 
-3.476
3.419
-2.766

Atom 44 : 
Its ID : HN1
Its Chemical Type : H
Its CCP4 chemical type H
Its bonding index : 0
Its residue Name: DDI
Its connected atoms are : 
N
The coords for the atom are : 
-2.092
2.799
-1.895

Atom 45 : 
Its ID : C11
Its Chemical Type : C
Its CCP4 chemical type CH1
Its bonding index : 3
Its residue Name: DDI
Its connected atoms are : 
C12
C23
C9
H11
The coords for the atom are : 
-1.829
-1.083
2.482

Atom 46 : 
Its ID : H11
Its Chemical Type : H
Its CCP4 chemical type H
Its bonding index : 0
Its residue Name: DDI
Its connected atoms are : 
C11
The coords for the atom are : 
-0.875
-1.169
3.021

Atom 47 : 
Its ID : C23
Its Chemical Type : C
Its CCP4 chemical type CR6
Its bonding index : 2
Its residue Name: DDI
Its connected atoms are : 
C11
C22
C14
The coords for the atom are : 
-2.995
-0.954
3.433

Atom 48 : 
Its ID : C14
Its Chemical Type : C
Its CCP4 chemical type CR6
Its bonding index : 2
Its residue Name: DDI
Its connected atoms are : 
C23
C15
C13
The coords for the atom are : 
-3.9
-2.007
3.213

Atom 49 : 
Its ID : C13
Its Chemical Type : C
Its CCP4 chemical type C
Its bonding index : 2
Its residue Name: DDI
Its connected atoms are : 
C12
C14
O2
The coords for the atom are : 
-3.417
-2.896
2.122

Atom 50 : 
Its ID : O2
Its Chemical Type : O
Its CCP4 chemical type O
Its bonding index : 0
Its residue Name: DDI
Its connected atoms are : 
C13
The coords for the atom are : 
-3.982
-3.888
1.711

Atom 51 : 
Its ID : C12
Its Chemical Type : C
Its CCP4 chemical type CH1
Its bonding index : 3
Its residue Name: DDI
Its connected atoms are : 
C24
C11
C13
H12
The coords for the atom are : 
-2.11
-2.335
1.625

Atom 52 : 
Its ID : H12
Its Chemical Type : H
Its CCP4 chemical type H
Its bonding index : 0
Its residue Name: DDI
Its connected atoms are : 
C12
The coords for the atom are : 
-1.298
-3.071
1.71

Atom 53 : 
Its ID : C24
Its Chemical Type : C
Its CCP4 chemical type CH2
Its bonding index : 3
Its residue Name: DDI
Its connected atoms are : 
C25
C12
H24A
H24B
The coords for the atom are : 
-2.278
-1.846
0.172

Atom 54 : 
Its ID : H24B
Its Chemical Type : H
Its CCP4 chemical type H
Its bonding index : 0
Its residue Name: DDI
Its connected atoms are : 
C24
The coords for the atom are : 
-3.07
-2.386
-0.351

Atom 55 : 
Its ID : H24A
Its Chemical Type : H
Its CCP4 chemical type H
Its bonding index : 0
Its residue Name: DDI
Its connected atoms are : 
C24
The coords for the atom are : 
-1.349
-1.925
-0.395

Atom 56 : 
Its ID : C15
Its Chemical Type : C
Its CCP4 chemical type CR16
Its bonding index : 2
Its residue Name: DDI
Its connected atoms are : 
C16
C14
H15
The coords for the atom are : 
-5.06
-2.106
3.981

Atom 57 : 
Its ID : H15
Its Chemical Type : H
Its CCP4 chemical type H
Its bonding index : 0
Its residue Name: DDI
Its connected atoms are : 
C15
The coords for the atom are : 
-5.756
-2.918
3.812

Atom 58 : 
Its ID : C16
Its Chemical Type : C
Its CCP4 chemical type CR66
Its bonding index : 2
Its residue Name: DDI
Its connected atoms are : 
C21
C17
C15
The coords for the atom are : 
-5.322
-1.151
4.97

Atom 59 : 
Its ID : C21
Its Chemical Type : C
Its CCP4 chemical type CR66
Its bonding index : 2
Its residue Name: DDI
Its connected atoms are : 
C22
C20
C16
The coords for the atom are : 
-4.403
-0.089
5.176

Atom 60 : 
Its ID : C22
Its Chemical Type : C
Its CCP4 chemical type CR16
Its bonding index : 2
Its residue Name: DDI
Its connected atoms are : 
C23
C21
H22
The coords for the atom are : 
-3.241
-0.016
4.389

Atom 61 : 
Its ID : H22
Its Chemical Type : H
Its CCP4 chemical type H
Its bonding index : 0
Its residue Name: DDI
Its connected atoms are : 
C22
The coords for the atom are : 
-2.536
0.792
4.543

Atom 62 : 
Its ID : C17
Its Chemical Type : C
Its CCP4 chemical type CR16
Its bonding index : 2
Its residue Name: DDI
Its connected atoms are : 
C18
C16
H17
The coords for the atom are : 
-6.481
-1.224
5.765

Atom 63 : 
Its ID : H17
Its Chemical Type : H
Its CCP4 chemical type H
Its bonding index : 0
Its residue Name: DDI
Its connected atoms are : 
C17
The coords for the atom are : 
-7.189
-2.031
5.622

Atom 64 : 
Its ID : C18
Its Chemical Type : C
Its CCP4 chemical type CR16
Its bonding index : 2
Its residue Name: DDI
Its connected atoms are : 
C19
C17
H18
The coords for the atom are : 
-6.707
-0.275
6.714

Atom 65 : 
Its ID : H18
Its Chemical Type : H
Its CCP4 chemical type H
Its bonding index : 0
Its residue Name: DDI
Its connected atoms are : 
C18
The coords for the atom are : 
-7.6
-0.333
7.324

Atom 66 : 
Its ID : C19
Its Chemical Type : C
Its CCP4 chemical type CR16
Its bonding index : 2
Its residue Name: DDI
Its connected atoms are : 
C20
C18
H19
The coords for the atom are : 
-5.806
0.769
6.913

Atom 67 : 
Its ID : H19
Its Chemical Type : H
Its CCP4 chemical type H
Its bonding index : 0
Its residue Name: DDI
Its connected atoms are : 
C19
The coords for the atom are : 
-6.01
1.511
7.675

Atom 68 : 
Its ID : C20
Its Chemical Type : C
Its CCP4 chemical type CR16
Its bonding index : 2
Its residue Name: DDI
Its connected atoms are : 
C21
C19
H20
The coords for the atom are : 
-4.673
0.87
6.164

Atom 69 : 
Its ID : H20
Its Chemical Type : H
Its CCP4 chemical type H
Its bonding index : 0
Its residue Name: DDI
Its connected atoms are : 
C20
The coords for the atom are : 
-3.983
1.688
6.33
For Bond : 0
It is in Residue: DDI
Its component atom1 N
Its component atom2 C27
For Bond : 1
It is in Residue: DDI
Its component atom1 HN1
Its component atom2 N
For Bond : 2
It is in Residue: DDI
Its component atom1 HN2
Its component atom2 N
For Bond : 3
It is in Residue: DDI
Its component atom1 C27
Its component atom2 C28
For Bond : 4
It is in Residue: DDI
Its component atom1 C27
Its component atom2 C26
For Bond : 5
It is in Residue: DDI
Its component atom1 H27
Its component atom2 C27
For Bond : 6
It is in Residue: DDI
Its component atom1 O4
Its component atom2 C28
For Bond : 7
It is in Residue: DDI
Its component atom1 C28
Its component atom2 C29
For Bond : 8
It is in Residue: DDI
Its component atom1 H28
Its component atom2 C28
For Bond : 9
It is in Residue: DDI
Its component atom1 HO4
Its component atom2 O4
For Bond : 10
It is in Residue: DDI
Its component atom1 O5
Its component atom2 C29
For Bond : 11
It is in Residue: DDI
Its component atom1 C29
Its component atom2 C30
For Bond : 12
It is in Residue: DDI
Its component atom1 H29
Its component atom2 C29
For Bond : 13
It is in Residue: DDI
Its component atom1 HO5
Its component atom2 O5
For Bond : 14
It is in Residue: DDI
Its component atom1 C31
Its component atom2 C30
For Bond : 15
It is in Residue: DDI
Its component atom1 C30
Its component atom2 O7
For Bond : 16
It is in Residue: DDI
Its component atom1 H30
Its component atom2 C30
For Bond : 17
It is in Residue: DDI
Its component atom1 O6
Its component atom2 C31
For Bond : 18
It is in Residue: DDI
Its component atom1 H31A
Its component atom2 C31
For Bond : 19
It is in Residue: DDI
Its component atom1 H31B
Its component atom2 C31
For Bond : 20
It is in Residue: DDI
Its component atom1 HO6
Its component atom2 O6
For Bond : 21
It is in Residue: DDI
Its component atom1 O7
Its component atom2 C26
For Bond : 22
It is in Residue: DDI
Its component atom1 C26
Its component atom2 O3
For Bond : 23
It is in Residue: DDI
Its component atom1 H26
Its component atom2 C26
For Bond : 24
It is in Residue: DDI
Its component atom1 O3
Its component atom2 C25
For Bond : 25
It is in Residue: DDI
Its component atom1 C25
Its component atom2 C24
For Bond : 26
It is in Residue: DDI
Its component atom1 C25
Its component atom2 C9
For Bond : 27
It is in Residue: DDI
Its component atom1 H25
Its component atom2 C25
For Bond : 28
It is in Residue: DDI
Its component atom1 C24
Its component atom2 C12
For Bond : 29
It is in Residue: DDI
Its component atom1 H24A
Its component atom2 C24
For Bond : 30
It is in Residue: DDI
Its component atom1 H24B
Its component atom2 C24
For Bond : 31
It is in Residue: DDI
Its component atom1 C12
Its component atom2 C11
For Bond : 32
It is in Residue: DDI
Its component atom1 C12
Its component atom2 C13
For Bond : 33
It is in Residue: DDI
Its component atom1 H12
Its component atom2 C12
For Bond : 34
It is in Residue: DDI
Its component atom1 C23
Its component atom2 C11
For Bond : 35
It is in Residue: DDI
Its component atom1 C11
Its component atom2 C9
For Bond : 36
It is in Residue: DDI
Its component atom1 H11
Its component atom2 C11
For Bond : 37
It is in Residue: DDI
Its component atom1 C23
Its component atom2 C22
For Bond : 38
It is in Residue: DDI
Its component atom1 C14
Its component atom2 C23
For Bond : 39
It is in Residue: DDI
Its component atom1 C22
Its component atom2 C21
For Bond : 40
It is in Residue: DDI
Its component atom1 H22
Its component atom2 C22
For Bond : 41
It is in Residue: DDI
Its component atom1 C21
Its component atom2 C20
For Bond : 42
It is in Residue: DDI
Its component atom1 C21
Its component atom2 C16
For Bond : 43
It is in Residue: DDI
Its component atom1 C20
Its component atom2 C19
For Bond : 44
It is in Residue: DDI
Its component atom1 H20
Its component atom2 C20
For Bond : 45
It is in Residue: DDI
Its component atom1 C19
Its component atom2 C18
For Bond : 46
It is in Residue: DDI
Its component atom1 H19
Its component atom2 C19
For Bond : 47
It is in Residue: DDI
Its component atom1 C18
Its component atom2 C17
For Bond : 48
It is in Residue: DDI
Its component atom1 H18
Its component atom2 C18
For Bond : 49
It is in Residue: DDI
Its component atom1 C17
Its component atom2 C16
For Bond : 50
It is in Residue: DDI
Its component atom1 H17
Its component atom2 C17
For Bond : 51
It is in Residue: DDI
Its component atom1 C16
Its component atom2 C15
For Bond : 52
It is in Residue: DDI
Its component atom1 C15
Its component atom2 C14
For Bond : 53
It is in Residue: DDI
Its component atom1 H15
Its component atom2 C15
For Bond : 54
It is in Residue: DDI
Its component atom1 C13
Its component atom2 C14
For Bond : 55
It is in Residue: DDI
Its component atom1 O2
Its component atom2 C13
For Bond : 56
It is in Residue: DDI
Its component atom1 C9
Its component atom2 C10
For Bond : 57
It is in Residue: DDI
Its component atom1 C9
Its component atom2 C8
For Bond : 58
It is in Residue: DDI
Its component atom1 C10
Its component atom2 C1
For Bond : 59
It is in Residue: DDI
Its component atom1 C10
Its component atom2 C5
For Bond : 60
It is in Residue: DDI
Its component atom1 C1
Its component atom2 C2
For Bond : 61
It is in Residue: DDI
Its component atom1 H1
Its component atom2 C1
For Bond : 62
It is in Residue: DDI
Its component atom1 C2
Its component atom2 C3
For Bond : 63
It is in Residue: DDI
Its component atom1 H2
Its component atom2 C2
For Bond : 64
It is in Residue: DDI
Its component atom1 C3
Its component atom2 C4
For Bond : 65
It is in Residue: DDI
Its component atom1 H3
Its component atom2 C3
For Bond : 66
It is in Residue: DDI
Its component atom1 C4
Its component atom2 C5
For Bond : 67
It is in Residue: DDI
Its component atom1 H4
Its component atom2 C4
For Bond : 68
It is in Residue: DDI
Its component atom1 C5
Its component atom2 C6
For Bond : 69
It is in Residue: DDI
Its component atom1 C6
Its component atom2 C7
For Bond : 70
It is in Residue: DDI
Its component atom1 H6A
Its component atom2 C6
For Bond : 71
It is in Residue: DDI
Its component atom1 H6B
Its component atom2 C6
For Bond : 72
It is in Residue: DDI
Its component atom1 C7
Its component atom2 C8
For Bond : 73
It is in Residue: DDI
Its component atom1 H7A
Its component atom2 C7
For Bond : 74
It is in Residue: DDI
Its component atom1 H7B
Its component atom2 C7
For Bond : 75
It is in Residue: DDI
Its component atom1 C8
Its component atom2 O1
Atom ID: O1
Atom chemType: O
Atom chemType of COD classes: O
Atom ID: C8
Atom chemType: C
Atom chemType of COD classes: c
Atom ID: C7
Atom chemType: C
Atom chemType of COD classes: C
Atom ID: H7A
Atom chemType: H
Atom chemType of COD classes: H
Atom ID: H7B
Atom chemType: H
Atom chemType of COD classes: H
Atom ID: C6
Atom chemType: C
Atom chemType of COD classes: C
Atom ID: H6A
Atom chemType: H
Atom chemType of COD classes: H
Atom ID: H6B
Atom chemType: H
Atom chemType of COD classes: H
Atom ID: C5
Atom chemType: C
Atom chemType of COD classes: c
Atom ID: C4
Atom chemType: C
Atom chemType of COD classes: c
Atom ID: H4
Atom chemType: H
Atom chemType of COD classes: H
Atom ID: C3
Atom chemType: C
Atom chemType of COD classes: c
Atom ID: H3
Atom chemType: H
Atom chemType of COD classes: H
Atom ID: C2
Atom chemType: C
Atom chemType of COD classes: c
Atom ID: H2
Atom chemType: H
Atom chemType of COD classes: H
Atom ID: C1
Atom chemType: C
Atom chemType of COD classes: c
Atom ID: H1
Atom chemType: H
Atom chemType of COD classes: H
Atom ID: C10
Atom chemType: C
Atom chemType of COD classes: c
Atom ID: C9
Atom chemType: C
Atom chemType of COD classes: C
Atom ID: C25
Atom chemType: C
Atom chemType of COD classes: C
Atom ID: H25
Atom chemType: H
Atom chemType of COD classes: H
Atom ID: O3
Atom chemType: O
Atom chemType of COD classes: o
Atom ID: C26
Atom chemType: C
Atom chemType of COD classes: C
Atom ID: H26
Atom chemType: H
Atom chemType of COD classes: H
Atom ID: O7
Atom chemType: O
Atom chemType of COD classes: o
Atom ID: C30
Atom chemType: C
Atom chemType of COD classes: C
Atom ID: H30
Atom chemType: H
Atom chemType of COD classes: H
Atom ID: C31
Atom chemType: C
Atom chemType of COD classes: C
Atom ID: H31A
Atom chemType: H
Atom chemType of COD classes: H
Atom ID: H31B
Atom chemType: H
Atom chemType of COD classes: H
Atom ID: O6
Atom chemType: O
Atom chemType of COD classes: o
Atom ID: HO6
Atom chemType: H
Atom chemType of COD classes: H
Atom ID: C29
Atom chemType: C
Atom chemType of COD classes: C
Atom ID: H29
Atom chemType: H
Atom chemType of COD classes: H
Atom ID: O5
Atom chemType: O
Atom chemType of COD classes: o
Atom ID: HO5
Atom chemType: H
Atom chemType of COD classes: H
Atom ID: C28
Atom chemType: C
Atom chemType of COD classes: C
Atom ID: H28
Atom chemType: H
Atom chemType of COD classes: H
Atom ID: O4
Atom chemType: O
Atom chemType of COD classes: o
Atom ID: HO4
Atom chemType: H
Atom chemType of COD classes: H
Atom ID: C27
Atom chemType: C
Atom chemType of COD classes: C
Atom ID: H27
Atom chemType: H
Atom chemType of COD classes: H
Atom ID: N
Atom chemType: N
Atom chemType of COD classes: N
Atom ID: HN2
Atom chemType: H
Atom chemType of COD classes: H
Atom ID: HN1
Atom chemType: H
Atom chemType of COD classes: H
Atom ID: C11
Atom chemType: C
Atom chemType of COD classes: C
Atom ID: H11
Atom chemType: H
Atom chemType of COD classes: H
Atom ID: C23
Atom chemType: C
Atom chemType of COD classes: c
Atom ID: C14
Atom chemType: C
Atom chemType of COD classes: c
Atom ID: C13
Atom chemType: C
Atom chemType of COD classes: c
Atom ID: O2
Atom chemType: O
Atom chemType of COD classes: O
Atom ID: C12
Atom chemType: C
Atom chemType of COD classes: C
Atom ID: H12
Atom chemType: H
Atom chemType of COD classes: H
Atom ID: C24
Atom chemType: C
Atom chemType of COD classes: C
Atom ID: H24B
Atom chemType: H
Atom chemType of COD classes: H
Atom ID: H24A
Atom chemType: H
Atom chemType of COD classes: H
Atom ID: C15
Atom chemType: C
Atom chemType of COD classes: c
Atom ID: H15
Atom chemType: H
Atom chemType of COD classes: H
Atom ID: C16
Atom chemType: C
Atom chemType of COD classes: c
Atom ID: C21
Atom chemType: C
Atom chemType of COD classes: c
Atom ID: C22
Atom chemType: C
Atom chemType of COD classes: c
Atom ID: H22
Atom chemType: H
Atom chemType of COD classes: H
Atom ID: C17
Atom chemType: C
Atom chemType of COD classes: c
Atom ID: H17
Atom chemType: H
Atom chemType of COD classes: H
Atom ID: C18
Atom chemType: C
Atom chemType of COD classes: c
Atom ID: H18
Atom chemType: H
Atom chemType of COD classes: H
Atom ID: C19
Atom chemType: C
Atom chemType of COD classes: c
Atom ID: H19
Atom chemType: H
Atom chemType of COD classes: H
Atom ID: C20
Atom chemType: C
Atom chemType of COD classes: c
Atom ID: H20
Atom chemType: H
Atom chemType of COD classes: H
Set torsion angles around the bond of atom C27 and N
Set torsion angles around the bond of atom C28 and O4
Set torsion angles around the bond of atom C29 and O5
Set torsion angles around the bond of atom C30 and C31
Set torsion angles around the bond of atom C31 and O6
Set torsion angles around the bond of atom C26 and O7
Set torsion angles around the bond of atom C26 and O3
Set torsion angles around the bond of atom C25 and O3
Set torsion angles around the bond of atom C11 and C23
Set torsion angles around the bond of atom C11 and C9
Set torsion angles around the bond of atom C16 and C17
Set torsion angles around the bond of atom C4 and C5
Set torsion angles around the bond of atom C7 and C8
All torsions have been setup 
Torsion angle 0
Its atoms are : 
atom C9
atom C10
atom C5
atom C6
Torsion angle 1
Its atoms are : 
atom C9
atom C10
atom C5
atom C4
Torsion angle 2
Its atoms are : 
atom C1
atom C10
atom C5
atom C6
Torsion angle 3
Its atoms are : 
atom C1
atom C10
atom C5
atom C4
Torsion angle 4
Its atoms are : 
atom C2
atom C1
atom C10
atom C5
Torsion angle 5
Its atoms are : 
atom C2
atom C1
atom C10
atom C9
Torsion angle 6
Its atoms are : 
atom H1
atom C1
atom C10
atom C5
Torsion angle 7
Its atoms are : 
atom H1
atom C1
atom C10
atom C9
Torsion angle 8
Its atoms are : 
atom C10
atom C1
atom C2
atom C3
Torsion angle 9
Its atoms are : 
atom C10
atom C1
atom C2
atom H2
Torsion angle 10
Its atoms are : 
atom H1
atom C1
atom C2
atom C3
Torsion angle 11
Its atoms are : 
atom H1
atom C1
atom C2
atom H2
Torsion angle 12
Its atoms are : 
atom C1
atom C2
atom C3
atom C4
Torsion angle 13
Its atoms are : 
atom C1
atom C2
atom C3
atom H3
Torsion angle 14
Its atoms are : 
atom H2
atom C2
atom C3
atom C4
Torsion angle 15
Its atoms are : 
atom H2
atom C2
atom C3
atom H3
Torsion angle 16
Its atoms are : 
atom C2
atom C3
atom C4
atom C5
Torsion angle 17
Its atoms are : 
atom C2
atom C3
atom C4
atom H4
Torsion angle 18
Its atoms are : 
atom H3
atom C3
atom C4
atom C5
Torsion angle 19
Its atoms are : 
atom H3
atom C3
atom C4
atom H4
Torsion angle 20
Its atoms are : 
atom C7
atom C8
atom C9
atom C10
Torsion angle 21
Its atoms are : 
atom C7
atom C8
atom C9
atom C25
Torsion angle 22
Its atoms are : 
atom C7
atom C8
atom C9
atom C11
Torsion angle 23
Its atoms are : 
atom O1
atom C8
atom C9
atom C10
Torsion angle 24
Its atoms are : 
atom O1
atom C8
atom C9
atom C25
Torsion angle 25
Its atoms are : 
atom O1
atom C8
atom C9
atom C11
Torsion angle 26
Its atoms are : 
atom C5
atom C10
atom C9
atom C8
Torsion angle 27
Its atoms are : 
atom C5
atom C10
atom C9
atom C11
Torsion angle 28
Its atoms are : 
atom C5
atom C10
atom C9
atom C25
Torsion angle 29
Its atoms are : 
atom C1
atom C10
atom C9
atom C8
Torsion angle 30
Its atoms are : 
atom C1
atom C10
atom C9
atom C11
Torsion angle 31
Its atoms are : 
atom C1
atom C10
atom C9
atom C25
Torsion angle 32
Its atoms are : 
atom C9
atom C10
atom C5
atom C6
Torsion angle 33
Its atoms are : 
atom C9
atom C10
atom C5
atom C4
Torsion angle 34
Its atoms are : 
atom C1
atom C10
atom C5
atom C6
Torsion angle 35
Its atoms are : 
atom C1
atom C10
atom C5
atom C4
Torsion angle 36
Its atoms are : 
atom C10
atom C5
atom C6
atom C7
Torsion angle 37
Its atoms are : 
atom C10
atom C5
atom C6
atom H6A
Torsion angle 38
Its atoms are : 
atom C10
atom C5
atom C6
atom H6B
Torsion angle 39
Its atoms are : 
atom C4
atom C5
atom C6
atom C7
Torsion angle 40
Its atoms are : 
atom C4
atom C5
atom C6
atom H6A
Torsion angle 41
Its atoms are : 
atom C4
atom C5
atom C6
atom H6B
Torsion angle 42
Its atoms are : 
atom C5
atom C6
atom C7
atom C8
Torsion angle 43
Its atoms are : 
atom C5
atom C6
atom C7
atom H7A
Torsion angle 44
Its atoms are : 
atom C5
atom C6
atom C7
atom H7B
Torsion angle 45
Its atoms are : 
atom H6A
atom C6
atom C7
atom C8
Torsion angle 46
Its atoms are : 
atom H6A
atom C6
atom C7
atom H7A
Torsion angle 47
Its atoms are : 
atom H6A
atom C6
atom C7
atom H7B
Torsion angle 48
Its atoms are : 
atom H6B
atom C6
atom C7
atom C8
Torsion angle 49
Its atoms are : 
atom H6B
atom C6
atom C7
atom H7A
Torsion angle 50
Its atoms are : 
atom H6B
atom C6
atom C7
atom H7B
Torsion angle 51
Its atoms are : 
atom C23
atom C11
atom C12
atom C13
Torsion angle 52
Its atoms are : 
atom C23
atom C11
atom C12
atom C24
Torsion angle 53
Its atoms are : 
atom C23
atom C11
atom C12
atom H12
Torsion angle 54
Its atoms are : 
atom H11
atom C11
atom C12
atom C13
Torsion angle 55
Its atoms are : 
atom H11
atom C11
atom C12
atom C24
Torsion angle 56
Its atoms are : 
atom H11
atom C11
atom C12
atom H12
Torsion angle 57
Its atoms are : 
atom C9
atom C11
atom C12
atom C13
Torsion angle 58
Its atoms are : 
atom C9
atom C11
atom C12
atom C24
Torsion angle 59
Its atoms are : 
atom C9
atom C11
atom C12
atom H12
Torsion angle 60
Its atoms are : 
atom C14
atom C13
atom C12
atom C11
Torsion angle 61
Its atoms are : 
atom C14
atom C13
atom C12
atom H12
Torsion angle 62
Its atoms are : 
atom C14
atom C13
atom C12
atom C24
Torsion angle 63
Its atoms are : 
atom O2
atom C13
atom C12
atom C11
Torsion angle 64
Its atoms are : 
atom O2
atom C13
atom C12
atom H12
Torsion angle 65
Its atoms are : 
atom O2
atom C13
atom C12
atom C24
Torsion angle 66
Its atoms are : 
atom C12
atom C13
atom C14
atom C23
Torsion angle 67
Its atoms are : 
atom C12
atom C13
atom C14
atom C15
Torsion angle 68
Its atoms are : 
atom O2
atom C13
atom C14
atom C23
Torsion angle 69
Its atoms are : 
atom O2
atom C13
atom C14
atom C15
Torsion angle 70
Its atoms are : 
atom C15
atom C14
atom C23
atom C22
Torsion angle 71
Its atoms are : 
atom C15
atom C14
atom C23
atom C11
Torsion angle 72
Its atoms are : 
atom C13
atom C14
atom C23
atom C22
Torsion angle 73
Its atoms are : 
atom C13
atom C14
atom C23
atom C11
Torsion angle 74
Its atoms are : 
atom C24
atom C25
atom C9
atom C11
Torsion angle 75
Its atoms are : 
atom C24
atom C25
atom C9
atom C8
Torsion angle 76
Its atoms are : 
atom C24
atom C25
atom C9
atom C10
Torsion angle 77
Its atoms are : 
atom H25
atom C25
atom C9
atom C11
Torsion angle 78
Its atoms are : 
atom H25
atom C25
atom C9
atom C8
Torsion angle 79
Its atoms are : 
atom H25
atom C25
atom C9
atom C10
Torsion angle 80
Its atoms are : 
atom O3
atom C25
atom C9
atom C11
Torsion angle 81
Its atoms are : 
atom O3
atom C25
atom C9
atom C8
Torsion angle 82
Its atoms are : 
atom O3
atom C25
atom C9
atom C10
Torsion angle 83
Its atoms are : 
atom C12
atom C24
atom C25
atom C9
Torsion angle 84
Its atoms are : 
atom C12
atom C24
atom C25
atom O3
Torsion angle 85
Its atoms are : 
atom C12
atom C24
atom C25
atom H25
Torsion angle 86
Its atoms are : 
atom H24A
atom C24
atom C25
atom C9
Torsion angle 87
Its atoms are : 
atom H24A
atom C24
atom C25
atom O3
Torsion angle 88
Its atoms are : 
atom H24A
atom C24
atom C25
atom H25
Torsion angle 89
Its atoms are : 
atom H24B
atom C24
atom C25
atom C9
Torsion angle 90
Its atoms are : 
atom H24B
atom C24
atom C25
atom O3
Torsion angle 91
Its atoms are : 
atom H24B
atom C24
atom C25
atom H25
Torsion angle 92
Its atoms are : 
atom C11
atom C12
atom C24
atom C25
Torsion angle 93
Its atoms are : 
atom C11
atom C12
atom C24
atom H24A
Torsion angle 94
Its atoms are : 
atom C11
atom C12
atom C24
atom H24B
Torsion angle 95
Its atoms are : 
atom C13
atom C12
atom C24
atom C25
Torsion angle 96
Its atoms are : 
atom C13
atom C12
atom C24
atom H24A
Torsion angle 97
Its atoms are : 
atom C13
atom C12
atom C24
atom H24B
Torsion angle 98
Its atoms are : 
atom H12
atom C12
atom C24
atom C25
Torsion angle 99
Its atoms are : 
atom H12
atom C12
atom C24
atom H24A
Torsion angle 100
Its atoms are : 
atom H12
atom C12
atom C24
atom H24B
Torsion angle 101
Its atoms are : 
atom C23
atom C11
atom C12
atom C13
Torsion angle 102
Its atoms are : 
atom C23
atom C11
atom C12
atom C24
Torsion angle 103
Its atoms are : 
atom C23
atom C11
atom C12
atom H12
Torsion angle 104
Its atoms are : 
atom H11
atom C11
atom C12
atom C13
Torsion angle 105
Its atoms are : 
atom H11
atom C11
atom C12
atom C24
Torsion angle 106
Its atoms are : 
atom H11
atom C11
atom C12
atom H12
Torsion angle 107
Its atoms are : 
atom C9
atom C11
atom C12
atom C13
Torsion angle 108
Its atoms are : 
atom C9
atom C11
atom C12
atom C24
Torsion angle 109
Its atoms are : 
atom C9
atom C11
atom C12
atom H12
Torsion angle 110
Its atoms are : 
atom C21
atom C22
atom C23
atom C14
Torsion angle 111
Its atoms are : 
atom C21
atom C22
atom C23
atom C11
Torsion angle 112
Its atoms are : 
atom H22
atom C22
atom C23
atom C14
Torsion angle 113
Its atoms are : 
atom H22
atom C22
atom C23
atom C11
Torsion angle 114
Its atoms are : 
atom C16
atom C21
atom C22
atom C23
Torsion angle 115
Its atoms are : 
atom C16
atom C21
atom C22
atom H22
Torsion angle 116
Its atoms are : 
atom C20
atom C21
atom C22
atom C23
Torsion angle 117
Its atoms are : 
atom C20
atom C21
atom C22
atom H22
Torsion angle 118
Its atoms are : 
atom C17
atom C16
atom C21
atom C20
Torsion angle 119
Its atoms are : 
atom C17
atom C16
atom C21
atom C22
Torsion angle 120
Its atoms are : 
atom C15
atom C16
atom C21
atom C20
Torsion angle 121
Its atoms are : 
atom C15
atom C16
atom C21
atom C22
Torsion angle 122
Its atoms are : 
atom C14
atom C15
atom C16
atom C21
Torsion angle 123
Its atoms are : 
atom C14
atom C15
atom C16
atom C17
Torsion angle 124
Its atoms are : 
atom H15
atom C15
atom C16
atom C21
Torsion angle 125
Its atoms are : 
atom H15
atom C15
atom C16
atom C17
Torsion angle 126
Its atoms are : 
atom C23
atom C14
atom C15
atom C16
Torsion angle 127
Its atoms are : 
atom C23
atom C14
atom C15
atom H15
Torsion angle 128
Its atoms are : 
atom C13
atom C14
atom C15
atom C16
Torsion angle 129
Its atoms are : 
atom C13
atom C14
atom C15
atom H15
Torsion angle 130
Its atoms are : 
atom C17
atom C16
atom C21
atom C20
Torsion angle 131
Its atoms are : 
atom C17
atom C16
atom C21
atom C22
Torsion angle 132
Its atoms are : 
atom C15
atom C16
atom C21
atom C20
Torsion angle 133
Its atoms are : 
atom C15
atom C16
atom C21
atom C22
Torsion angle 134
Its atoms are : 
atom C19
atom C20
atom C21
atom C16
Torsion angle 135
Its atoms are : 
atom C19
atom C20
atom C21
atom C22
Torsion angle 136
Its atoms are : 
atom H20
atom C20
atom C21
atom C16
Torsion angle 137
Its atoms are : 
atom H20
atom C20
atom C21
atom C22
Torsion angle 138
Its atoms are : 
atom C18
atom C19
atom C20
atom C21
Torsion angle 139
Its atoms are : 
atom C18
atom C19
atom C20
atom H20
Torsion angle 140
Its atoms are : 
atom H19
atom C19
atom C20
atom C21
Torsion angle 141
Its atoms are : 
atom H19
atom C19
atom C20
atom H20
Torsion angle 142
Its atoms are : 
atom C17
atom C18
atom C19
atom C20
Torsion angle 143
Its atoms are : 
atom C17
atom C18
atom C19
atom H19
Torsion angle 144
Its atoms are : 
atom H18
atom C18
atom C19
atom C20
Torsion angle 145
Its atoms are : 
atom H18
atom C18
atom C19
atom H19
Torsion angle 146
Its atoms are : 
atom C16
atom C17
atom C18
atom C19
Torsion angle 147
Its atoms are : 
atom C16
atom C17
atom C18
atom H18
Torsion angle 148
Its atoms are : 
atom H17
atom C17
atom C18
atom C19
Torsion angle 149
Its atoms are : 
atom H17
atom C17
atom C18
atom H18
Torsion angle 150
Its atoms are : 
atom O7
atom C26
atom C27
atom C28
Torsion angle 151
Its atoms are : 
atom O7
atom C26
atom C27
atom N
Torsion angle 152
Its atoms are : 
atom O7
atom C26
atom C27
atom H27
Torsion angle 153
Its atoms are : 
atom O3
atom C26
atom C27
atom C28
Torsion angle 154
Its atoms are : 
atom O3
atom C26
atom C27
atom N
Torsion angle 155
Its atoms are : 
atom O3
atom C26
atom C27
atom H27
Torsion angle 156
Its atoms are : 
atom H26
atom C26
atom C27
atom C28
Torsion angle 157
Its atoms are : 
atom H26
atom C26
atom C27
atom N
Torsion angle 158
Its atoms are : 
atom H26
atom C26
atom C27
atom H27
Torsion angle 159
Its atoms are : 
atom C26
atom C27
atom C28
atom C29
Torsion angle 160
Its atoms are : 
atom C26
atom C27
atom C28
atom H28
Torsion angle 161
Its atoms are : 
atom C26
atom C27
atom C28
atom O4
Torsion angle 162
Its atoms are : 
atom H27
atom C27
atom C28
atom C29
Torsion angle 163
Its atoms are : 
atom H27
atom C27
atom C28
atom H28
Torsion angle 164
Its atoms are : 
atom H27
atom C27
atom C28
atom O4
Torsion angle 165
Its atoms are : 
atom N
atom C27
atom C28
atom C29
Torsion angle 166
Its atoms are : 
atom N
atom C27
atom C28
atom H28
Torsion angle 167
Its atoms are : 
atom N
atom C27
atom C28
atom O4
Torsion angle 168
Its atoms are : 
atom C27
atom C28
atom C29
atom C30
Torsion angle 169
Its atoms are : 
atom C27
atom C28
atom C29
atom O5
Torsion angle 170
Its atoms are : 
atom C27
atom C28
atom C29
atom H29
Torsion angle 171
Its atoms are : 
atom O4
atom C28
atom C29
atom C30
Torsion angle 172
Its atoms are : 
atom O4
atom C28
atom C29
atom O5
Torsion angle 173
Its atoms are : 
atom O4
atom C28
atom C29
atom H29
Torsion angle 174
Its atoms are : 
atom H28
atom C28
atom C29
atom C30
Torsion angle 175
Its atoms are : 
atom H28
atom C28
atom C29
atom O5
Torsion angle 176
Its atoms are : 
atom H28
atom C28
atom C29
atom H29
Torsion angle 177
Its atoms are : 
atom C28
atom C29
atom C30
atom O7
Torsion angle 178
Its atoms are : 
atom C28
atom C29
atom C30
atom H30
Torsion angle 179
Its atoms are : 
atom C28
atom C29
atom C30
atom C31
Torsion angle 180
Its atoms are : 
atom H29
atom C29
atom C30
atom O7
Torsion angle 181
Its atoms are : 
atom H29
atom C29
atom C30
atom H30
Torsion angle 182
Its atoms are : 
atom H29
atom C29
atom C30
atom C31
Torsion angle 183
Its atoms are : 
atom O5
atom C29
atom C30
atom O7
Torsion angle 184
Its atoms are : 
atom O5
atom C29
atom C30
atom H30
Torsion angle 185
Its atoms are : 
atom O5
atom C29
atom C30
atom C31
Torsion angle 186
Its atoms are : 
atom C29
atom C30
atom O7
atom C26
Torsion angle 187
Its atoms are : 
atom C31
atom C30
atom O7
atom C26
Torsion angle 188
Its atoms are : 
atom H30
atom C30
atom O7
atom C26
Torsion angle 189
Its atoms are : 
atom C26
atom C27
atom N
atom HN1
Torsion angle 190
Its atoms are : 
atom C26
atom C27
atom N
atom HN2
Torsion angle 191
Its atoms are : 
atom C28
atom C27
atom N
atom HN1
Torsion angle 192
Its atoms are : 
atom C28
atom C27
atom N
atom HN2
Torsion angle 193
Its atoms are : 
atom H27
atom C27
atom N
atom HN1
Torsion angle 194
Its atoms are : 
atom H27
atom C27
atom N
atom HN2
Torsion angle 195
Its atoms are : 
atom C27
atom C28
atom O4
atom HO4
Torsion angle 196
Its atoms are : 
atom H28
atom C28
atom O4
atom HO4
Torsion angle 197
Its atoms are : 
atom C29
atom C28
atom O4
atom HO4
Torsion angle 198
Its atoms are : 
atom C28
atom C29
atom O5
atom HO5
Torsion angle 199
Its atoms are : 
atom C30
atom C29
atom O5
atom HO5
Torsion angle 200
Its atoms are : 
atom H29
atom C29
atom O5
atom HO5
Torsion angle 201
Its atoms are : 
atom O7
atom C30
atom C31
atom O6
Torsion angle 202
Its atoms are : 
atom O7
atom C30
atom C31
atom H31A
Torsion angle 203
Its atoms are : 
atom O7
atom C30
atom C31
atom H31B
Torsion angle 204
Its atoms are : 
atom C29
atom C30
atom C31
atom O6
Torsion angle 205
Its atoms are : 
atom C29
atom C30
atom C31
atom H31A
Torsion angle 206
Its atoms are : 
atom C29
atom C30
atom C31
atom H31B
Torsion angle 207
Its atoms are : 
atom H30
atom C30
atom C31
atom O6
Torsion angle 208
Its atoms are : 
atom H30
atom C30
atom C31
atom H31A
Torsion angle 209
Its atoms are : 
atom H30
atom C30
atom C31
atom H31B
Torsion angle 210
Its atoms are : 
atom C30
atom C31
atom O6
atom HO6
Torsion angle 211
Its atoms are : 
atom H31A
atom C31
atom O6
atom HO6
Torsion angle 212
Its atoms are : 
atom H31B
atom C31
atom O6
atom HO6
Torsion angle 213
Its atoms are : 
atom C27
atom C26
atom O7
atom C30
Torsion angle 214
Its atoms are : 
atom H26
atom C26
atom O7
atom C30
Torsion angle 215
Its atoms are : 
atom O3
atom C26
atom O7
atom C30
Torsion angle 216
Its atoms are : 
atom C27
atom C26
atom O3
atom C25
Torsion angle 217
Its atoms are : 
atom O7
atom C26
atom O3
atom C25
Torsion angle 218
Its atoms are : 
atom H26
atom C26
atom O3
atom C25
Torsion angle 219
Its atoms are : 
atom C24
atom C25
atom O3
atom C26
Torsion angle 220
Its atoms are : 
atom C9
atom C25
atom O3
atom C26
Torsion angle 221
Its atoms are : 
atom H25
atom C25
atom O3
atom C26
Torsion angle 222
Its atoms are : 
atom C14
atom C23
atom C11
atom C12
Torsion angle 223
Its atoms are : 
atom C14
atom C23
atom C11
atom C9
Torsion angle 224
Its atoms are : 
atom C14
atom C23
atom C11
atom H11
Torsion angle 225
Its atoms are : 
atom C22
atom C23
atom C11
atom C12
Torsion angle 226
Its atoms are : 
atom C22
atom C23
atom C11
atom C9
Torsion angle 227
Its atoms are : 
atom C22
atom C23
atom C11
atom H11
Torsion angle 228
Its atoms are : 
atom C12
atom C11
atom C9
atom C25
Torsion angle 229
Its atoms are : 
atom C12
atom C11
atom C9
atom C10
Torsion angle 230
Its atoms are : 
atom C12
atom C11
atom C9
atom C8
Torsion angle 231
Its atoms are : 
atom H11
atom C11
atom C9
atom C25
Torsion angle 232
Its atoms are : 
atom H11
atom C11
atom C9
atom C10
Torsion angle 233
Its atoms are : 
atom H11
atom C11
atom C9
atom C8
Torsion angle 234
Its atoms are : 
atom C23
atom C11
atom C9
atom C25
Torsion angle 235
Its atoms are : 
atom C23
atom C11
atom C9
atom C10
Torsion angle 236
Its atoms are : 
atom C23
atom C11
atom C9
atom C8
Torsion angle 237
Its atoms are : 
atom C21
atom C16
atom C17
atom C18
Torsion angle 238
Its atoms are : 
atom C21
atom C16
atom C17
atom H17
Torsion angle 239
Its atoms are : 
atom C15
atom C16
atom C17
atom C18
Torsion angle 240
Its atoms are : 
atom C15
atom C16
atom C17
atom H17
Torsion angle 241
Its atoms are : 
atom C3
atom C4
atom C5
atom C10
Torsion angle 242
Its atoms are : 
atom C3
atom C4
atom C5
atom C6
Torsion angle 243
Its atoms are : 
atom H4
atom C4
atom C5
atom C10
Torsion angle 244
Its atoms are : 
atom H4
atom C4
atom C5
atom C6
Torsion angle 245
Its atoms are : 
atom C9
atom C8
atom C7
atom C6
Torsion angle 246
Its atoms are : 
atom C9
atom C8
atom C7
atom H7A
Torsion angle 247
Its atoms are : 
atom C9
atom C8
atom C7
atom H7B
Torsion angle 248
Its atoms are : 
atom O1
atom C8
atom C7
atom C6
Torsion angle 249
Its atoms are : 
atom O1
atom C8
atom C7
atom H7A
Torsion angle 250
Its atoms are : 
atom O1
atom C8
atom C7
atom H7B

Atom 0 : 
Its ID : O1
Its Chemical Type : O
Its bonding index : 0
Its CCP4 atom type : O
Its residue Name: DDI
Its connected atoms are : 
C8

Atom 1 : 
Its ID : C8
Its Chemical Type : C
Its bonding index : 2
Its CCP4 atom type : C
Its residue Name: DDI
Its connected atoms are : 
C9
C7
O1

Atom 2 : 
Its ID : C7
Its Chemical Type : C
Its bonding index : 3
Its CCP4 atom type : CH2
Its residue Name: DDI
Its connected atoms are : 
C6
C8
H7A
H7B

Atom 3 : 
Its ID : H7A
Its Chemical Type : H
Its bonding index : 0
Its CCP4 atom type : H
Its residue Name: DDI
Its connected atoms are : 
C7

Atom 4 : 
Its ID : H7B
Its Chemical Type : H
Its bonding index : 0
Its CCP4 atom type : H
Its residue Name: DDI
Its connected atoms are : 
C7

Atom 5 : 
Its ID : C6
Its Chemical Type : C
Its bonding index : 3
Its CCP4 atom type : CH2
Its residue Name: DDI
Its connected atoms are : 
C5
C7
H6A
H6B

Atom 6 : 
Its ID : H6A
Its Chemical Type : H
Its bonding index : 0
Its CCP4 atom type : H
Its residue Name: DDI
Its connected atoms are : 
C6

Atom 7 : 
Its ID : H6B
Its Chemical Type : H
Its bonding index : 0
Its CCP4 atom type : H
Its residue Name: DDI
Its connected atoms are : 
C6

Atom 8 : 
Its ID : C5
Its Chemical Type : C
Its bonding index : 2
Its CCP4 atom type : CR6
Its residue Name: DDI
Its connected atoms are : 
C10
C4
C6

Atom 9 : 
Its ID : C4
Its Chemical Type : C
Its bonding index : 2
Its CCP4 atom type : CR16
Its residue Name: DDI
Its connected atoms are : 
C3
C5
H4

Atom 10 : 
Its ID : H4
Its Chemical Type : H
Its bonding index : 0
Its CCP4 atom type : H
Its residue Name: DDI
Its connected atoms are : 
C4

Atom 11 : 
Its ID : C3
Its Chemical Type : C
Its bonding index : 2
Its CCP4 atom type : CR16
Its residue Name: DDI
Its connected atoms are : 
C2
C4
H3

Atom 12 : 
Its ID : H3
Its Chemical Type : H
Its bonding index : 0
Its CCP4 atom type : H
Its residue Name: DDI
Its connected atoms are : 
C3

Atom 13 : 
Its ID : C2
Its Chemical Type : C
Its bonding index : 2
Its CCP4 atom type : CR16
Its residue Name: DDI
Its connected atoms are : 
C1
C3
H2

Atom 14 : 
Its ID : H2
Its Chemical Type : H
Its bonding index : 0
Its CCP4 atom type : H
Its residue Name: DDI
Its connected atoms are : 
C2

Atom 15 : 
Its ID : C1
Its Chemical Type : C
Its bonding index : 2
Its CCP4 atom type : CR16
Its residue Name: DDI
Its connected atoms are : 
C10
C2
H1

Atom 16 : 
Its ID : H1
Its Chemical Type : H
Its bonding index : 0
Its CCP4 atom type : H
Its residue Name: DDI
Its connected atoms are : 
C1

Atom 17 : 
Its ID : C10
Its Chemical Type : C
Its bonding index : 2
Its CCP4 atom type : CR6
Its residue Name: DDI
Its connected atoms are : 
C9
C1
C5

Atom 18 : 
Its ID : C9
Its Chemical Type : C
Its bonding index : 3
Its CCP4 atom type : CT
Its residue Name: DDI
Its connected atoms are : 
C25
C11
C10
C8

Atom 19 : 
Its ID : C25
Its Chemical Type : C
Its bonding index : 3
Its CCP4 atom type : CH1
Its residue Name: DDI
Its connected atoms are : 
O3
C24
C9
H25

Atom 20 : 
Its ID : H25
Its Chemical Type : H
Its bonding index : 0
Its CCP4 atom type : H
Its residue Name: DDI
Its connected atoms are : 
C25

Atom 21 : 
Its ID : O3
Its Chemical Type : O
Its bonding index : 2
Its CCP4 atom type : O2
Its residue Name: DDI
Its connected atoms are : 
C26
C25

Atom 22 : 
Its ID : C26
Its Chemical Type : C
Its bonding index : 3
Its CCP4 atom type : CH1
Its residue Name: DDI
Its connected atoms are : 
C27
O7
O3
H26

Atom 23 : 
Its ID : H26
Its Chemical Type : H
Its bonding index : 0
Its CCP4 atom type : H
Its residue Name: DDI
Its connected atoms are : 
C26

Atom 24 : 
Its ID : O7
Its Chemical Type : O
Its bonding index : 2
Its CCP4 atom type : O2
Its residue Name: DDI
Its connected atoms are : 
C30
C26

Atom 25 : 
Its ID : C30
Its Chemical Type : C
Its bonding index : 3
Its CCP4 atom type : CH1
Its residue Name: DDI
Its connected atoms are : 
C29
C31
O7
H30

Atom 26 : 
Its ID : H30
Its Chemical Type : H
Its bonding index : 0
Its CCP4 atom type : H
Its residue Name: DDI
Its connected atoms are : 
C30

Atom 27 : 
Its ID : C31
Its Chemical Type : C
Its bonding index : 3
Its CCP4 atom type : CH2
Its residue Name: DDI
Its connected atoms are : 
C30
O6
H31A
H31B

Atom 28 : 
Its ID : H31A
Its Chemical Type : H
Its bonding index : 0
Its CCP4 atom type : H
Its residue Name: DDI
Its connected atoms are : 
C31

Atom 29 : 
Its ID : H31B
Its Chemical Type : H
Its bonding index : 0
Its CCP4 atom type : H
Its residue Name: DDI
Its connected atoms are : 
C31

Atom 30 : 
Its ID : O6
Its Chemical Type : O
Its bonding index : 2
Its CCP4 atom type : OH1
Its residue Name: DDI
Its connected atoms are : 
C31
HO6

Atom 31 : 
Its ID : HO6
Its Chemical Type : H
Its bonding index : 0
Its CCP4 atom type : H
Its residue Name: DDI
Its connected atoms are : 
O6

Atom 32 : 
Its ID : C29
Its Chemical Type : C
Its bonding index : 3
Its CCP4 atom type : CH1
Its residue Name: DDI
Its connected atoms are : 
C28
O5
C30
H29

Atom 33 : 
Its ID : H29
Its Chemical Type : H
Its bonding index : 0
Its CCP4 atom type : H
Its residue Name: DDI
Its connected atoms are : 
C29

Atom 34 : 
Its ID : O5
Its Chemical Type : O
Its bonding index : 2
Its CCP4 atom type : OH1
Its residue Name: DDI
Its connected atoms are : 
C29
HO5

Atom 35 : 
Its ID : HO5
Its Chemical Type : H
Its bonding index : 0
Its CCP4 atom type : H
Its residue Name: DDI
Its connected atoms are : 
O5

Atom 36 : 
Its ID : C28
Its Chemical Type : C
Its bonding index : 3
Its CCP4 atom type : CH1
Its residue Name: DDI
Its connected atoms are : 
C27
O4
C29
H28

Atom 37 : 
Its ID : H28
Its Chemical Type : H
Its bonding index : 0
Its CCP4 atom type : H
Its residue Name: DDI
Its connected atoms are : 
C28

Atom 38 : 
Its ID : O4
Its Chemical Type : O
Its bonding index : 2
Its CCP4 atom type : OH1
Its residue Name: DDI
Its connected atoms are : 
C28
HO4

Atom 39 : 
Its ID : HO4
Its Chemical Type : H
Its bonding index : 0
Its CCP4 atom type : H
Its residue Name: DDI
Its connected atoms are : 
O4

Atom 40 : 
Its ID : C27
Its Chemical Type : C
Its bonding index : 3
Its CCP4 atom type : CH1
Its residue Name: DDI
Its connected atoms are : 
N
C28
C26
H27

Atom 41 : 
Its ID : H27
Its Chemical Type : H
Its bonding index : 0
Its CCP4 atom type : H
Its residue Name: DDI
Its connected atoms are : 
C27

Atom 42 : 
Its ID : N
Its Chemical Type : N
Its bonding index : 3
Its CCP4 atom type : NH2
Its residue Name: DDI
Its connected atoms are : 
C27
HN1
HN2

Atom 43 : 
Its ID : HN2
Its Chemical Type : H
Its bonding index : 0
Its CCP4 atom type : H
Its residue Name: DDI
Its connected atoms are : 
N

Atom 44 : 
Its ID : HN1
Its Chemical Type : H
Its bonding index : 0
Its CCP4 atom type : H
Its residue Name: DDI
Its connected atoms are : 
N

Atom 45 : 
Its ID : C11
Its Chemical Type : C
Its bonding index : 3
Its CCP4 atom type : CH1
Its residue Name: DDI
Its connected atoms are : 
C12
C23
C9
H11

Atom 46 : 
Its ID : H11
Its Chemical Type : H
Its bonding index : 0
Its CCP4 atom type : H
Its residue Name: DDI
Its connected atoms are : 
C11

Atom 47 : 
Its ID : C23
Its Chemical Type : C
Its bonding index : 2
Its CCP4 atom type : CR6
Its residue Name: DDI
Its connected atoms are : 
C11
C22
C14

Atom 48 : 
Its ID : C14
Its Chemical Type : C
Its bonding index : 2
Its CCP4 atom type : CR6
Its residue Name: DDI
Its connected atoms are : 
C23
C15
C13

Atom 49 : 
Its ID : C13
Its Chemical Type : C
Its bonding index : 2
Its CCP4 atom type : C
Its residue Name: DDI
Its connected atoms are : 
C12
C14
O2

Atom 50 : 
Its ID : O2
Its Chemical Type : O
Its bonding index : 0
Its CCP4 atom type : O
Its residue Name: DDI
Its connected atoms are : 
C13

Atom 51 : 
Its ID : C12
Its Chemical Type : C
Its bonding index : 3
Its CCP4 atom type : CH1
Its residue Name: DDI
Its connected atoms are : 
C24
C11
C13
H12

Atom 52 : 
Its ID : H12
Its Chemical Type : H
Its bonding index : 0
Its CCP4 atom type : H
Its residue Name: DDI
Its connected atoms are : 
C12

Atom 53 : 
Its ID : C24
Its Chemical Type : C
Its bonding index : 3
Its CCP4 atom type : CH2
Its residue Name: DDI
Its connected atoms are : 
C25
C12
H24A
H24B

Atom 54 : 
Its ID : H24B
Its Chemical Type : H
Its bonding index : 0
Its CCP4 atom type : H
Its residue Name: DDI
Its connected atoms are : 
C24

Atom 55 : 
Its ID : H24A
Its Chemical Type : H
Its bonding index : 0
Its CCP4 atom type : H
Its residue Name: DDI
Its connected atoms are : 
C24

Atom 56 : 
Its ID : C15
Its Chemical Type : C
Its bonding index : 2
Its CCP4 atom type : CR16
Its residue Name: DDI
Its connected atoms are : 
C16
C14
H15

Atom 57 : 
Its ID : H15
Its Chemical Type : H
Its bonding index : 0
Its CCP4 atom type : H
Its residue Name: DDI
Its connected atoms are : 
C15

Atom 58 : 
Its ID : C16
Its Chemical Type : C
Its bonding index : 2
Its CCP4 atom type : CR66
Its residue Name: DDI
Its connected atoms are : 
C21
C17
C15

Atom 59 : 
Its ID : C21
Its Chemical Type : C
Its bonding index : 2
Its CCP4 atom type : CR66
Its residue Name: DDI
Its connected atoms are : 
C22
C20
C16

Atom 60 : 
Its ID : C22
Its Chemical Type : C
Its bonding index : 2
Its CCP4 atom type : CR16
Its residue Name: DDI
Its connected atoms are : 
C23
C21
H22

Atom 61 : 
Its ID : H22
Its Chemical Type : H
Its bonding index : 0
Its CCP4 atom type : H
Its residue Name: DDI
Its connected atoms are : 
C22

Atom 62 : 
Its ID : C17
Its Chemical Type : C
Its bonding index : 2
Its CCP4 atom type : CR16
Its residue Name: DDI
Its connected atoms are : 
C18
C16
H17

Atom 63 : 
Its ID : H17
Its Chemical Type : H
Its bonding index : 0
Its CCP4 atom type : H
Its residue Name: DDI
Its connected atoms are : 
C17

Atom 64 : 
Its ID : C18
Its Chemical Type : C
Its bonding index : 2
Its CCP4 atom type : CR16
Its residue Name: DDI
Its connected atoms are : 
C19
C17
H18

Atom 65 : 
Its ID : H18
Its Chemical Type : H
Its bonding index : 0
Its CCP4 atom type : H
Its residue Name: DDI
Its connected atoms are : 
C18

Atom 66 : 
Its ID : C19
Its Chemical Type : C
Its bonding index : 2
Its CCP4 atom type : CR16
Its residue Name: DDI
Its connected atoms are : 
C20
C18
H19

Atom 67 : 
Its ID : H19
Its Chemical Type : H
Its bonding index : 0
Its CCP4 atom type : H
Its residue Name: DDI
Its connected atoms are : 
C19

Atom 68 : 
Its ID : C20
Its Chemical Type : C
Its bonding index : 2
Its CCP4 atom type : CR16
Its residue Name: DDI
Its connected atoms are : 
C21
C19
H20

Atom 69 : 
Its ID : H20
Its Chemical Type : H
Its bonding index : 0
Its CCP4 atom type : H
Its residue Name: DDI
Its connected atoms are : 
C20

For atom O1
class is O(C[6]CC)

For atom C8
class is C[6](C[5,6]C3)(C[6]CHH)(O)

For atom C7
class is C[6](C[6]CHH)(C[6]CO)(H)2

For atom H7A
class is H(C[6]CCH)

For atom H7B
class is H(C[6]CCH)

For atom C6
class is C[6](C[6,6]CC)(C[6]CHH)(H)2

For atom H6A
class is H(C[6]CCH)

For atom H6B
class is H(C[6]CCH)

For atom C5
class is C[6,6](C[6,6]CC)(C[6]CHH)(C[6]CH)

For atom C4
class is C[6](C[6,6]CC)(C[6]CH)(H)

For atom H4
class is H(C[6]CC)

For atom C3
class is C[6](C[6]CH)2(H)

For atom H3
class is H(C[6]CC)

For atom C2
class is C[6](C[6]CH)2(H)

For atom H2
class is H(C[6]CC)

For atom C1
class is C[6](C[6,6]CC)(C[6]CH)(H)

For atom H1
class is H(C[6]CC)

For atom C10
class is C[6,6](C[5,6]C3)(C[6,6]CC)(C[6]CH)

For atom C9
class is C[5,6](C[5,5]CCH)(C[6,6]CC)(C[5]CHO)(C[6]CO)

For atom C25
class is C[5](C[5,6]C3)(C[5]CHH)(OC)(H)

For atom H25
class is H(C[5]CCO)

For atom O3
class is O(C[5]CCH)(C[6]CHO)

For atom C26
class is C[6](C[6]CHN)(O[6]C)(OC)(H)

For atom H26
class is H(C[6]COO)

For atom O7
class is O[6](C[6]CCH)(C[6]CHO)

For atom C30
class is C[6](C[6]CHO)(O[6]C)(CHHO)(H)

For atom H30
class is H(C[6]CCO)

For atom C31
class is C(C[6]CHO)(OH)(H)2

For atom H31A
class is H(CCHO)

For atom H31B
class is H(CCHO)

For atom O6
class is O(CCHH)(H)

For atom HO6
class is H(OC)

For atom C29
class is C[6](C[6]CHO)2(OH)(H)

For atom H29
class is H(C[6]CCO)

For atom O5
class is O(C[6]CCH)(H)

For atom HO5
class is H(OC)

For atom C28
class is C[6](C[6]CHN)(C[6]CHO)(OH)(H)

For atom H28
class is H(C[6]CCO)

For atom O4
class is O(C[6]CCH)(H)

For atom HO4
class is H(OC)

For atom C27
class is C[6](C[6]CHO)(C[6]HOO)(NHH)(H)

For atom H27
class is H(C[6]CCN)

For atom N
class is N(C[6]CCH)(H)2

For atom HN2
class is H(NCH)

For atom HN1
class is H(NCH)

For atom C11
class is C[5,5](C[5,5]CCH)(C[5,6]C3)(C[5,6]CC)(H)

For atom H11
class is H(C[5,5]C3)

For atom C23
class is C[5,6](C[5,5]CCH)(C[5,6]CC)(C[6]CH)

For atom C14
class is C[5,6](C[5,6]CC)(C[5]CO)(C[6]CH)

For atom C13
class is C[5](C[5,5]CCH)(C[5,6]CC)(O)

For atom O2
class is O(C[5]CC)

For atom C12
class is C[5,5](C[5,5]CCH)(C[5]CHH)(C[5]CO)(H)

For atom H12
class is H(C[5,5]C3)

For atom C24
class is C[5](C[5,5]CCH)(C[5]CHO)(H)2

For atom H24B
class is H(C[5]CCH)

For atom H24A
class is H(C[5]CCH)

For atom C15
class is C[6](C[5,6]CC)(C[6,6]CC)(H)

For atom H15
class is H(C[6]CC)

For atom C16
class is C[6,6](C[6,6]CC)(C[6]CH)2

For atom C21
class is C[6,6](C[6,6]CC)(C[6]CH)2

For atom C22
class is C[6](C[5,6]CC)(C[6,6]CC)(H)

For atom H22
class is H(C[6]CC)

For atom C17
class is C[6](C[6,6]CC)(C[6]CH)(H)

For atom H17
class is H(C[6]CC)

For atom C18
class is C[6](C[6]CH)2(H)

For atom H18
class is H(C[6]CC)

For atom C19
class is C[6](C[6]CH)2(H)

For atom H19
class is H(C[6]CC)

For atom C20
class is C[6](C[6,6]CC)(C[6]CH)(H)

For atom H20
class is H(C[6]CC)
Is ring, C10C1C2C3C4C5, a planar ring? Yes
Is ring, C10C5C6C7C8C9, a planar ring? No
Is ring, C11C12C13C14C23, a planar ring? No
Is ring, C11C12C24C25C9, a planar ring? No
Is ring, C14C15C16C21C22C23, a planar ring? Yes
Is ring, C16C17C18C19C20C21, a planar ring? Yes
Is ring, C26C27C28C29C30O7, a planar ring? No
Number of rings 7
Number of merged atom rings 1
Atoms in a merged ring : 
C23
C14
C15
C16
C21
C22
C17
C18
C19
C20
=========END OF PROCESS INFORMATION
 ==========
